0x5c00000000000007 0x2000000034000000           ILD_SGV                   r3.xyz         ,lid            
0x5c00000000000006 0x0000000004000000           ILD_SGV                   r0.x           ,grpid          
0x5c00000000000007 0x0000000014000000           ILD_SGV                   r1.x           ,lid            
0x5c00000000000003 0x000000006c000000           ILD_SGV.e                 r6.x           ,gidwarp0       
0x0940c00000010005 0x0000005000000000           IMULI.s.b32               r5             ,1              ,r5             
0x4800000000001800 0x0000002000000000           MOV                       r2             ,cb[r0]         
0x0744000000040005 0x0000004000000000           IADD.s                    r4             ,r4             ,r5             
0x3940000000010002 0x00000f8000000000           ICMPI.s.gt                p8             ,1              ,r2             
0xcb002800001300f8 0x0000400000000000    @p1    BA.ikeep.ds5              .LABEL_0       ,p8             
0x0744000000010006 0x0000000000000000               IADD.s                r0             ,r1             ,r6             
0x0940c00000100004 0x0000001000000000               IMULI.s.b32           r1             ,16             ,r4             
0x0744000000030001 0x0000001000000000               IADD.s                r1             ,r3             ,r1             
0x48000000000080f8 0x00000f7000000000               MOV                   p7             ,~p8            
0x48000000000000f8 0x00000f6000000000               MOV                   p6             ,p8             
0x48000000000000f7 0x00000f8000000000           MOV                       p8             ,p7             
0x3940400000000002 0x00020f9000000000    @p8    ICMPI.s.eq                p9             ,0              ,r2             
0x2f00000000f900f8 0x00000fa000000000           AND                       p10            ,p9             ,p8             
0xcb001800001600fa 0x0000400000000000    @p1    BA.ikeep.ds3              .LABEL_1       ,p10            
0x4b00000000000000 0x00000f7000000000               MOVIMM                p7             ,0x0            
0x2f00000000f880f9 0x00020f7000000000        @p8    AND                   p7             ,p8             ,~p9            
0x2f00000000f800f9 0x00020f3000000000        @p8    AND                   p3             ,p8             ,p9             
0x3940400000010002 0x0001cf8000000000    @p7    ICMPI.s.eq                p8             ,1              ,r2             
0x2f00000000f700f8 0x0001cf5000000000    @p7    AND                       p5             ,p7             ,p8             
0x0a40000400000000 0x1001400000000000    @p5    IADDI.s.rp1               r0             ,0              ,r0 << 4        
0x8600000000010000 0x30014000100d0010    @p5    LD.llc                    r1.xyzw        ,[r1.x]         ,void           ,u[1]           
0x8200000000000001 0x30014000000c0020    @p5    ST.llc                    void           ,[r0.x]         ,r1.xyzw        ,u[2]           
0xcb000000001700f7 0x0000400000000000    @p1    BA.ikeep                  .LABEL_2       ,p7             
__________________    .LABEL_0:
0x3940400000020002 0x00018f7000000000    @p6    ICMPI.s.eq                p7             ,2              ,r2             
0x2f00000000f700f6 0x00000f8000000000           AND                       p8             ,p7             ,p6             
0xcb001800001100f8 0x0000400000000000    @p1    BA.ikeep.ds3              .LABEL_3       ,p8             
0x4b00000000000000 0x00000f5000000000               MOVIMM                p5             ,0x0            
0x2f00000000f680f7 0x00018f5000000000        @p6    AND                   p5             ,p6             ,~p7            
0x2f00000000f600f7 0x00018f2000000000        @p6    AND                   p2             ,p6             ,p7             
0x3940400000030002 0x00014f6000000000    @p5    ICMPI.s.eq                p6             ,3              ,r2             
0x2f00000000f500f6 0x00014f4000000000    @p5    AND                       p4             ,p5             ,p6             
0x9400000000010000 0x0001000010f00000    @p4    SMP_LD                    r1.xyzw        ,[r1.crp0]      ,t[0]           ,theap[0]       
0x0a40000400000000 0x0001000000000000    @p4    IADDI.s                   r0             ,0              ,r0 << 4        
0x8200000000000001 0x30010000000c0020    @p4    ST.llc                    void           ,[r0.x]         ,r1.xyzw        ,u[2]           
0xcb000000000b00f5 0x0000400000000000    @p1    BA.ikeep                  .LABEL_2       ,p5             
__________________    .LABEL_1:
0x4b00000000000001 0x0000c00000000000    @p3    MOVIMM                    r0             ,0x1            
0x4b00000000000000 0x0000c01000000000    @p3    MOVIMM                    r1             ,0x0            
0x8000000000010000 0x0000c00000000030    @p3    ATM.add                   r0             ,[r1.x]         ,r0.x           ,u[3]           
0x0a40000400000000 0x0000c04000000000    @p3    IADDI.s                   r4             ,0              ,r0 << 4        
0x4800000000002000 0x2000c01000000000    @p3    MOV.rp2                   r1             ,r0.rp0         
0x8200000000040000 0x3000c000000c0020    @p3    ST.llc                    void           ,[r4.x]         ,r0.xyzw        ,u[2]           
0xcb000000000400f3 0x0000400000000000    @p1    BA.ikeep                  .LABEL_2       ,p3             
__________________    .LABEL_3:
0x8600000000010000 0x30008000100d0000    @p2    LD.llc                    r1.xyzw        ,[r1.x]         ,void           ,u[0]           
0x0a40000400000000 0x0000800000000000    @p2    IADDI.s                   r0             ,0              ,r0 << 4        
0x8200000000000001 0x30008000000c0020    @p2    ST.llc                    void           ,[r0.x]         ,r1.xyzw        ,u[2]           
__________________    .LABEL_2:
0xc300000000000000 0x0000000000000000           JUMP                      0              

