0x5c00000000000007 0x0000000034000000           ILD_SGV                   r3.x           ,lid            
0x4800000000001006 0x1000006000000000           MOV.rp1                   r6             ,cb6            
0x4b00000000000003 0x0000005000000000           MOVIMM                    r5             ,0x3            
0x4b00000000000002 0x0000002000000000           MOVIMM                    r2             ,0x2            
0x3940400000001001 0x00000f2000000000           ICMPI.s.eq                p2             ,0              ,cb1            
0x48000000000080f2 0x00000f2000000000           MOV                       p2             ,~p2            
0x0a40000000400003 0x0000004000000000           IADDI.s                   r4             ,64             ,r3             
0x0a40000200000003 0x0000000000000000           IADDI.s                   r0             ,0              ,r3 << 2        
0x0a40000201000003 0x0000001000000000           IADDI.s                   r1             ,256            ,r3 << 2        
0x7000000000031000 0x0000000ffc080000           SMATM.b32.swp             void           ,[r3]           ,cb0.x          
0x7000000000031001 0x0000000ffc040000           SMATM.b32.umin            void           ,[r3]           ,cb1.x          
0x7000000000031002 0x0000000ffc030000           SMATM.b32.umax            void           ,[r3]           ,cb2.x          
0x7000000000031003 0x0000000ffc050000           SMATM.b32.and             void           ,[r3]           ,cb3.x          
0x7000000000031004 0x0000000ffc060000           SMATM.b32.or              void           ,[r3]           ,cb4.x          
0x7000000000031005 0x0000000ffc070000           SMATM.b32.xor             void           ,[r3]           ,cb5.x          
0x7000000000030006 0x0000000ffc090000           SMATM.b32.cas             void           ,[r3]           ,r6.xy          
0x7000000000040005 0x0000000ffc080000           SMATM.b32.swp             void           ,[r4]           ,r5.x           
0x70000000000408f8 0x0000000ffc020000           SMATM.b32.imin            void           ,[r4]           ,PDC_1I.x       
0x7000000000040002 0x0000000ffc010000           SMATM.b32.imax            void           ,[r4]           ,r2.x           
0x70000000000408f8 0x0000000ffc050000           SMATM.b32.and             void           ,[r4]           ,PDC_1I.x       
0x0a00003e00000001 0x0000806000000000    @p2    IADDI                     r6             ,0x0            ,r1 >> 2        
0x4b00000000000007 0x0000803000000000    @p2    MOVIMM                    r3             ,0x7            
0x7000000000060005 0x0000800ffc060000    @p2    SMATM.b32.or              void           ,[r6]           ,r5.x           
0x70000000000608f8 0x0000800ffc070000    @p2    SMATM.b32.xor             void           ,[r6]           ,PDC_1I.x       
0x7000000000060002 0x0000800ffc090000    @p2    SMATM.b32.cas             void           ,[r6]           ,r2.xy          
0x5c00000000000007 0x000000002c000000           ILD_SGV.e                 r2.x           ,lid            
0x7400000000020000 0x000000002c000000           SMRD.b32                  r2.x           ,[r2]           ,void           
0x7400000000040000 0x000000003c000000           SMRD.b32                  r3.x           ,[r4]           ,void           
0x8200000000000002 0x00000000000c0000           ST.llc                    void           ,[r0.x]         ,r2.x           ,u[0]           
0x8200000000010003 0x00000000000c0000           ST.llc                    void           ,[r1.x]         ,r3.x           ,u[0]           
0xc300000000000000 0x0000000000000000           JUMP                      0              

