0x4b000000c0400000 0x0000000000000000           MOVIMM                    r0             ,0xc0400000     
0x4b00000000000009 0x0000003000000000           MOVIMM                    r3             ,0x9            
0x4b000000fffffff9 0x0000002000000000           MOVIMM                    r2             ,0xfffffff9     
0x16c0c02000000000 0x0000006000000000           FP2FX.sat.s.rz            r6.32.0        ,r0             
0x48000000000008f8 0x0000007000000000           MOV                       r7             ,PDC_1I         
0x4b000000c1100000 0x0000001000000000           MOVIMM                    r1             ,0xc1100000     
0x4b00000000000004 0x000000a000000000           MOVIMM                    r10            ,0x4            
0x4b00000000000003 0x0000009000000000           MOVIMM                    r9             ,0x3            
0x4b00000000000002 0x0000008000000000           MOVIMM                    r8             ,0x2            
0x4800000000000002 0x1000004000000000           MOV.rp1                   r4             ,r2             
0x39405000fffd0006 0x00000f3000000000           ICMPI.s.ne                p3             ,-3             ,r6             
0x7300000000000000 0x100000000c000000           SMWRI.b32                 void           ,[0x0]          ,r0.xy          
0x7300000000020007 0x300000000c000000           SMWRI.b32                 void           ,[0x2]          ,r7.xyzw        
0x7300000000080002 0x300000000c000000           SMWRI.b32                 void           ,[0x8]          ,r2.xyzw        
0x48000000000008f0 0x00000f2000000000           MOV                       p2             ,PDC_0          
0x48000000000080f3 0x00000f3000000000           MOV                       p3             ,~p3            
0x7500000000020000 0x3000c0000c000000    @p3    SMRDI.b32                 r0.xyzw        ,[0x2]          ,void           
0x3940400000040003 0x0000cf4000000000    @p3    ICMPI.s.eq                p4             ,4              ,r3             
0x3940400000030002 0x0000cf5000000000    @p3    ICMPI.s.eq                p5             ,3              ,r2             
0x2f00000000f500f4 0x0000cf4000000000    @p3    AND                       p4             ,p5             ,p4             
0x3940400000020001 0x0000cf5000000000    @p3    ICMPI.s.eq                p5             ,2              ,r1             
0x2f00000000f500f4 0x0000cf4000000000    @p3    AND                       p4             ,p5             ,p4             
0x3940400000010000 0x0000cf5000000000    @p3    ICMPI.s.eq                p5             ,1              ,r0             
0x2f00000000f500f4 0x0000cf4000000000    @p3    AND                       p4             ,p5             ,p4             
0x48000000000000f4 0x0000cf2000000000    @p3    MOV                       p2             ,p4             
0x7500000000080000 0x300000000c000000           SMRDI.b32                 r0.xyzw        ,[0x8]          ,void           
0x3940400000090003 0x00000f3000000000           ICMPI.s.eq                p3             ,9              ,r3             
0x39404000fff90002 0x00000f4000000000           ICMPI.s.eq                p4             ,-7             ,r2             
0x2f00000000f400f3 0x00000f3000000000           AND                       p3             ,p4             ,p3             
0x3940400000090001 0x00000f4000000000           ICMPI.s.eq                p4             ,9              ,r1             
0x2f00000000f400f3 0x00000f3000000000           AND                       p3             ,p4             ,p3             
0x39404000fff90000 0x00000f4000000000           ICMPI.s.eq                p4             ,-7             ,r0             
0x2f00000000f400f3 0x00000f3000000000           AND                       p3             ,p4             ,p3             
0x2f00000000f300f2 0x00000f2000000000           AND                       p2             ,p3             ,p2             
0x35000000000100f2 0x00000f2000000000           XORI                      p2             ,0x1            ,p2             
0x48000000000080f2 0x00000f2000000000           MOV                       p2             ,~p2            
0x4b00000000000000 0x0000800000000000    @p2    MOVIMM                    r0             ,0x0            
0x8600000080000000 0x00008000100d0000    @p2    LD.llc                    r1.x           ,[r0.x.nlk]     ,void           ,u[0]           
0x0a40000000010001 0x0000801000000000    @p2    IADDI.s                   r1             ,1              ,r1             
0x8200000000000001 0x00008000000c0000    @p2    ST.llc                    void           ,[r0.x]         ,r1.x           ,u[0]           
0xc300000000000000 0x0000000000000000           JUMP                      0              

