0x0300000008f4c004 0x8a200ff000000000           FADD                      void           ,PDC_1F         ,-|r4|          
                                               +SQRT                      r0             ,fwd            
0x0300000008f4c005 0x8a200ff010000000           FADD                      void           ,PDC_1F         ,-|r5|          
                                               +SQRT                      r1             ,fwd            
0x4b0000003da68d87 0x0000002000000000           MOVIMM                    r2             ,0x3da68d87     
0x4b000000bcc19a5f 0x0000003000000000           MOVIMM                    r3             ,0xbcc19a5f     
0x4b000000be5bc094 0x0000006000000000           MOVIMM                    r6             ,0xbe5bc094     
0x0120000200034004 0x0000007000000000           MAD.crf3                  r7             ,r2             ,r3             ,|r4|           
0x0120000200034005 0x0000002000000000           MAD.crf3                  r2             ,r2             ,r3             ,|r5|           
0x4b0000003fc90fdb 0x0000003000000000           MOVIMM                    r3             ,0x3fc90fdb     
0x0120000600074004 0x0000007000000000           MAD.crf3                  r7             ,r6             ,r7             ,|r4|           
0x2800000008f00004 0x00000f2000000000           FCMP.gt                   p2             ,PDC_0          ,r4             
0x2800200008f00004 0x00000f3000000000           FCMP.lt                   p3             ,PDC_0          ,r4             
0x0120000600024005 0x0000002000000000           MAD.crf3                  r2             ,r6             ,r2             ,|r5|           
0x2800000008f00005 0x00000f4000000000           FCMP.gt                   p4             ,PDC_0          ,r5             
0x208000f208f408f0 0x0000006000000000           SEL.fp                    r6             ,p2             ,PDC_1F         ,PDC_0          
0x2800200008f00005 0x00000f2000000000           FCMP.lt                   p2             ,PDC_0          ,r5             
0x208000f308f408f0 0x0000008000000000           SEL.fp                    r8             ,p3             ,PDC_1F         ,PDC_0          
0x0120000300074004 0x0000004000000000           MAD.crf3                  r4             ,r3             ,r7             ,|r4|           
0x208000f408f408f0 0x0000007000000000           SEL.fp                    r7             ,p4             ,PDC_1F         ,PDC_0          
0x208000f208f408f0 0x0000009000000000           SEL.fp                    r9             ,p2             ,PDC_1F         ,PDC_0          
0x0120000300024005 0x0000002000000000           MAD.crf3                  r2             ,r3             ,r2             ,|r5|           
0x0304000080060008 0x0000005000000000           FADD                      r5             ,-r6            ,r8             
0x0120000300048000 0x0000000000000000           MAD.crf3                  r0             ,r3             ,r4             ,-r0            
0x0304000080070009 0x0000004000000000           FADD                      r4             ,-r7            ,r9             
0x0120000300028001 0x0000001000000000           MAD.crf3                  r1             ,r3             ,r2             ,-r1            
0x0120000300000005 0x86000ff004000000           MAD.crf3                  void           ,r3             ,r0             ,r5             
                                               +EMITF                     vso[0].x       ,fwd            
0x0120000300010004 0x86000ff00d000000           MAD.crf3                  void           ,r3             ,r1             ,r4             
                                               +EMITF.ve                  vso[0].y       ,fwd            
0xc300000000000000 0x0000000000000000           JUMP                      0              

