0x0204000000080008 0x1000000000000000           FMUL.rp1                  r0             ,r8             ,r8             
0x0300000008f40000 0x8a200ff000000000           FADD                      void           ,PDC_1F         ,r0             
                                               +SQRT                      r0             ,fwd            
0x0300000008f40001 0x8a200ff010000000           FADD                      void           ,PDC_1F         ,r1             
                                               +SQRT                      r1             ,fwd            
0x010008f400040004 0x8a200ff020000000           MAD                       void           ,PDC_1F         ,r4             ,r4             
                                               +SQRT                      r2             ,fwd            
0x2800000008f00008 0x00000f2000000000           FCMP.gt                   p2             ,PDC_0          ,r8             
0x2800200008f00008 0x00000f3000000000           FCMP.lt                   p3             ,PDC_0          ,r8             
0x4b0000003f317218 0x0000003000000000           MOVIMM                    r3             ,0x3f317218     
0x2800000008f00009 0x00000f4000000000           FCMP.gt                   p4             ,PDC_0          ,r9             
0x0300000000004008 0x8a300ff000000000           FADD                      void           ,r0             ,|r8|           
                                               +LOG                       r0             ,fwd            
0x0300000000014009 0x8a300ff010000000           FADD                      void           ,r1             ,|r9|           
                                               +LOG                       r1             ,fwd            
0x0300000000024004 0x8a300ff020000000           FADD                      void           ,r2             ,|r4|           
                                               +LOG                       r2             ,fwd            
0x208000f208f408f0 0x0000005000000000           SEL.fp                    r5             ,p2             ,PDC_1F         ,PDC_0          
0x2800200008f00009 0x00000f2000000000           FCMP.lt                   p2             ,PDC_0          ,r9             
0x208000f308f408f0 0x0000006000000000           SEL.fp                    r6             ,p3             ,PDC_1F         ,PDC_0          
0x2800000008f00004 0x00000f3000000000           FCMP.gt                   p3             ,PDC_0          ,r4             
0x2800200008f00004 0x00000f5000000000           FCMP.lt                   p5             ,PDC_0          ,r4             
0x208000f408f408f0 0x0000004000000000           SEL.fp                    r4             ,p4             ,PDC_1F         ,PDC_0          
0x208000f208f408f0 0x0000007000000000           SEL.fp                    r7             ,p2             ,PDC_1F         ,PDC_0          
0x208000f308f408f0 0x0000008000000000           SEL.fp                    r8             ,p3             ,PDC_1F         ,PDC_0          
0x208000f508f408f0 0x0000009000000000           SEL.fp                    r9             ,p5             ,PDC_1F         ,PDC_0          
0x0304000080060005 0x0000005000000000           FADD                      r5             ,-r6            ,r5             
0x0204000020030000 0x2000000000000000           FMUL.rp2                  r0             ,r3.rp0         ,r0             
0x0304000080070004 0x0000004000000000           FADD                      r4             ,-r7            ,r4             
0x0304000080090008 0x0000006000000000           FADD                      r6             ,-r9            ,r8             
0x0200000000000005 0x86000ff004000000           FMUL                      void           ,r0             ,r5             
                                               +EMITF                     vso[0].x       ,fwd            
0x0200000000010004 0x86000ff005000000           FMUL                      void           ,r1             ,r4             
                                               +EMITF                     vso[0].y       ,fwd            
0x0200000000020006 0x86000ff00c000001           FMUL                      void           ,r2             ,r6             
                                               +EMITF.ve                  vso[1].x       ,fwd            
0xc300000000000000 0x0000000000000000           JUMP                      0              

