0x0300000008f4c008 0x8a200ff000000000           FADD                      void           ,PDC_1F         ,-|r8|          
                                               +SQRT                      r0             ,fwd            
0x4b0000003db149e5 0x0000001000000000           MOVIMM                    r1             ,0x3db149e5     
0x4b000000bcfe31af 0x0000002000000000           MOVIMM                    r2             ,0xbcfe31af     
0x0300000008f4c009 0x8a200ff030000000           FADD                      void           ,PDC_1F         ,-|r9|          
                                               +SQRT                      r3             ,fwd            
0x0300000008f4c004 0x8a200ff050000000           FADD                      void           ,PDC_1F         ,-|r4|          
                                               +SQRT                      r5             ,fwd            
0x4b000000be5bc094 0x0000006000000000           MOVIMM                    r6             ,0xbe5bc094     
0x0120000100024008 0x0000007000000000           MAD.crf3                  r7             ,r1             ,r2             ,|r8|           
0x0120000100024009 0x000000a000000000           MAD.crf3                  r10            ,r1             ,r2             ,|r9|           
0x4b0000003fc90fdb 0x000000b000000000           MOVIMM                    r11            ,0x3fc90fdb     
0x0120000100024004 0x0000001000000000           MAD.crf3                  r1             ,r1             ,r2             ,|r4|           
0x0120000600074008 0x0000002000000000           MAD.crf3                  r2             ,r6             ,r7             ,|r8|           
0x2800000008f00008 0x00000f2000000000           FCMP.gt                   p2             ,PDC_0          ,r8             
0x2800200008f00008 0x00000f3000000000           FCMP.lt                   p3             ,PDC_0          ,r8             
0x01200006000a4009 0x0000007000000000           MAD.crf3                  r7             ,r6             ,r10            ,|r9|           
0x2800000008f00009 0x00000f4000000000           FCMP.gt                   p4             ,PDC_0          ,r9             
0x0120000600014004 0x0000001000000000           MAD.crf3                  r1             ,r6             ,r1             ,|r4|           
0x208000f208f408f0 0x0000006000000000           SEL.fp                    r6             ,p2             ,PDC_1F         ,PDC_0          
0x2800200008f00009 0x00000f2000000000           FCMP.lt                   p2             ,PDC_0          ,r9             
0x208000f308f408f0 0x000000a000000000           SEL.fp                    r10            ,p3             ,PDC_1F         ,PDC_0          
0x0120000b00024008 0x0000002000000000           MAD.crf3                  r2             ,r11            ,r2             ,|r8|           
0x2800000008f00004 0x00000f3000000000           FCMP.gt                   p3             ,PDC_0          ,r4             
0x2800200008f00004 0x00000f5000000000           FCMP.lt                   p5             ,PDC_0          ,r4             
0x208000f408f408f0 0x0000008000000000           SEL.fp                    r8             ,p4             ,PDC_1F         ,PDC_0          
0x208000f208f408f0 0x000000c000000000           SEL.fp                    r12            ,p2             ,PDC_1F         ,PDC_0          
0x0120000b00074009 0x0000007000000000           MAD.crf3                  r7             ,r11            ,r7             ,|r9|           
0x208000f308f408f0 0x0000009000000000           SEL.fp                    r9             ,p3             ,PDC_1F         ,PDC_0          
0x208000f508f408f0 0x000000d000000000           SEL.fp                    r13            ,p5             ,PDC_1F         ,PDC_0          
0x0120000b00014004 0x0000001000000000           MAD.crf3                  r1             ,r11            ,r1             ,|r4|           
0x03040000800a0006 0x0000004000000000           FADD                      r4             ,-r10           ,r6             
0x0120000b00028000 0x0000000000000000           MAD.crf3                  r0             ,r11            ,r2             ,-r0            
0x03040000800c0008 0x0000002000000000           FADD                      r2             ,-r12           ,r8             
0x0120000b00078003 0x0000003000000000           MAD.crf3                  r3             ,r11            ,r7             ,-r3            
0x03040000800d0009 0x0000006000000000           FADD                      r6             ,-r13           ,r9             
0x0120000b00018005 0x0000001000000000           MAD.crf3                  r1             ,r11            ,r1             ,-r5            
0x0200000000000004 0x86000ff004000000           FMUL                      void           ,r0             ,r4             
                                               +EMITF                     vso[0].x       ,fwd            
0x0200000000030002 0x86000ff005000000           FMUL                      void           ,r3             ,r2             
                                               +EMITF                     vso[0].y       ,fwd            
0x0200000000010006 0x86000ff00c000001           FMUL                      void           ,r1             ,r6             
                                               +EMITF.ve                  vso[1].x       ,fwd            
0xc300000000000000 0x0000000000000000           JUMP                      0              

