0x2600000008f44004 0x8a000ff000000000           FMAX                      void           ,PDC_1F         ,|r4|           
                                               +RCP                       r0             ,fwd            
0x2600000008f44005 0x8a000ff010000000           FMAX                      void           ,PDC_1F         ,|r5|           
                                               +RCP                       r1             ,fwd            
0x2500000008f44004 0x1000002000000000           FCLAMP.rp1                r2             ,PDC_1F         ,|r4|           
0x4b000000beaa5476 0x0000006000000000           MOVIMM                    r6             ,0xbeaa5476     
0x4b0000003f7ffea5 0x0000007000000000           MOVIMM                    r7             ,0x3f7ffea5     
0x4b0000003e468bc1 0x0000008000000000           MOVIMM                    r8             ,0x3e468bc1     
0x4b000000bdf0555d 0x0000009000000000           MOVIMM                    r9             ,0xbdf0555d     
0x0204000000000002 0x1000000000000000           FMUL.rp1                  r0             ,r0             ,r2             
0x4b000000bc46c6a5 0x0000002000000000           MOVIMM                    r2             ,0xbc46c6a5     
0x0204000000000000 0x0000003000000000           FMUL                      r3             ,r0             ,r0             
0x0204000000010001 0x000000a000000000           FMUL                      r10            ,r1             ,r1             
0x0204000000000003 0x000000b000000000           FMUL                      r11            ,r0             ,r3             
0x020400000001000a 0x000000c000000000           FMUL                      r12            ,r1             ,r10            
0x020400000006000b 0x000000d000000000           FMUL                      r13            ,r6             ,r11            
0x020400000006000c 0x0000006000000000           FMUL                      r6             ,r6             ,r12            
0x020400000003000b 0x000000b000000000           FMUL                      r11            ,r3             ,r11            
0x0120000d00070000 0x0000000000000000           MAD.crf3                  r0             ,r13            ,r7             ,r0             
0x02040000000a000c 0x000000c000000000           FMUL                      r12            ,r10            ,r12            
0x0120000600070001 0x0000001000000000           MAD.crf3                  r1             ,r6             ,r7             ,r1             
0x020400000003000b 0x0000006000000000           FMUL                      r6             ,r3             ,r11            
0x012000002008000b 0x1000000000000000           MAD.crf3.rp1              r0             ,r0             ,r8.rp0         ,r11            
0x02040000000a000c 0x0000007000000000           FMUL                      r7             ,r10            ,r12            
0x0204000000030006 0x0000008000000000           FMUL                      r8             ,r3             ,r6             
0x0120000020090006 0x1000000000000000           MAD.crf3.rp1              r0             ,r0             ,r9.rp0         ,r6             
0x4b0000003d5be101 0x0000006000000000           MOVIMM                    r6             ,0x3d5be101     
0x02040000000a0007 0x000000b000000000           FMUL                      r11            ,r10            ,r7             
0x0204000000020008 0x0000007000000000           FMUL                      r7             ,r2             ,r8             
0x0120000000060008 0x0000000000000000           MAD.crf3                  r0             ,r0             ,r6             ,r8             
0x020400000002000b 0x0000002000000000           FMUL                      r2             ,r2             ,r11            
0x012000010006000b 0x0000001000000000           MAD.crf3                  r1             ,r1             ,r6             ,r11            
0x4b0000003fc90fdb 0x0000006000000000           MOVIMM                    r6             ,0x3fc90fdb     
0x0120000000030007 0x0000000000000000           MAD.crf3                  r0             ,r0             ,r3             ,r7             
0x2800000008f44004 0x00000f2000000000           FCMP.gt                   p2             ,PDC_1F         ,|r4|           
0x01200001000a0002 0x0000001000000000           MAD.crf3                  r1             ,r1             ,r10            ,r2             
0x2800000008f00004 0x00000f3000000000           FCMP.gt                   p3             ,PDC_0          ,r4             
0x2800200008f00004 0x00000f4000000000           FCMP.lt                   p4             ,PDC_0          ,r4             
0x0000000688f50000 0x0000002000000000           FMA                       r2             ,r6             ,-PDC_2F        ,r0             
0x2800000008f44005 0x00000f5000000000           FCMP.gt                   p5             ,PDC_1F         ,|r5|           
0x208000f208f408f0 0x0000003000000000           SEL.fp                    r3             ,p2             ,PDC_1F         ,PDC_0          
0x2800000008f00005 0x00000f2000000000           FCMP.gt                   p2             ,PDC_0          ,r5             
0x208000f308f408f0 0x0000007000000000           SEL.fp                    r7             ,p3             ,PDC_1F         ,PDC_0          
0x2800200008f00005 0x00000f3000000000           FCMP.lt                   p3             ,PDC_0          ,r5             
0x208000f408f408f0 0x0000004000000000           SEL.fp                    r4             ,p4             ,PDC_1F         ,PDC_0          
0x0000000688f50001 0x0000005000000000           FMA                       r5             ,r6             ,-PDC_2F        ,r1             
0x208000f508f408f0 0x0000006000000000           SEL.fp                    r6             ,p5             ,PDC_1F         ,PDC_0          
0x208000f208f408f0 0x0000008000000000           SEL.fp                    r8             ,p2             ,PDC_1F         ,PDC_0          
0x208000f308f408f0 0x0000009000000000           SEL.fp                    r9             ,p3             ,PDC_1F         ,PDC_0          
0x0020000000020003 0x0000000000000000           FMA.crf3                  r0             ,r0             ,r2             ,r3             
0x0304000080040007 0x0000002000000000           FADD                      r2             ,-r4            ,r7             
0x0020000100050006 0x0000001000000000           FMA.crf3                  r1             ,r1             ,r5             ,r6             
0x0304000080090008 0x0000003000000000           FADD                      r3             ,-r9            ,r8             
0x0200000000020000 0x960000000c000000           FMUL.rp1                  r0             ,r2             ,r0             
                                               +EMITF.ve                  vso[0].xy      ,fwd            
0xc300000000000000 0x0000000000000000           JUMP                      0              

