0x0300000008f48008 0x8a000ff000000000           FADD                      void           ,PDC_1F         ,-r8            
                                               +RCP                       r0             ,fwd            
0x0300000008f48009 0x8a000ff010000000           FADD                      void           ,PDC_1F         ,-r9            
                                               +RCP                       r1             ,fwd            
0x0300000008f48004 0x8a000ff020000000           FADD                      void           ,PDC_1F         ,-r4            
                                               +RCP                       r2             ,fwd            
0x0300000008f40008 0x0000003000000000           FADD                      r3             ,PDC_1F         ,r8             
0x0300000008f40009 0x0000005000000000           FADD                      r5             ,PDC_1F         ,r9             
0x0300000008f40004 0x0000004000000000           FADD                      r4             ,PDC_1F         ,r4             
0x4b0000003eb17218 0x0000006000000000           MOVIMM                    r6             ,0x3eb17218     
0x0200000000000003 0x8a300ff000000000           FMUL                      void           ,r0             ,r3             
                                               +LOG                       r0             ,fwd            
0x0200000000010005 0x8a300ff010000000           FMUL                      void           ,r1             ,r5             
                                               +LOG                       r1             ,fwd            
0x0200000000020004 0x8a300ff020000000           FMUL                      void           ,r2             ,r4             
                                               +LOG                       r2             ,fwd            
0x0200000020060000 0x9600000004000001           FMUL.rp1                  r0             ,r6.rp0         ,r0             
                                               +EMITF                     vso[1].xy      ,fwd            
0x0200000000060002 0x86000ff00c000000           FMUL                      void           ,r6             ,r2             
                                               +EMITF.ve                  vso[0].x       ,fwd            
0xc300000000000000 0x0000000000000000           JUMP                      0              

