0x2800300008f00004 0x00000f2000000000           FCMP.le                   p2             ,PDC_0          ,r4             
0x0300000008f04004 0x1000000000000000           FADD.rp1                  r0             ,PDC_0          ,|r4|           
0x2800300008f00005 0x00000f3000000000           FCMP.le                   p3             ,PDC_0          ,r5             
0x204000f200080000 0x0000002000000000           SEL.s                     r2             ,p2             ,r8             ,r0             
0x4b0000005d5e0b6b 0x0000003000000000           MOVIMM                    r3             ,0x5d5e0b6b     
0x204000f300090001 0x0000004000000000           SEL.s                     r4             ,p3             ,r9             ,r1             
0x2804100000034002 0x00000f4000000000           FCMP.ge                   p4             ,r3             ,|r2|           
0x2804100000034004 0x00000f5000000000           FCMP.ge                   p5             ,r3             ,|r4|           
0x204000f408f208f4 0x0000003000000000           SEL.s                     r3             ,p4             ,PDC_025F       ,PDC_1F         
0x204000f508f208f4 0x0000005000000000           SEL.s                     r5             ,p5             ,PDC_025F       ,PDC_1F         
0x0200000000030002 0x8a000ff020000000           FMUL                      void           ,r3             ,r2             
                                               +RCP                       r2             ,fwd            
0x0200000000050004 0x8a000ff040000000           FMUL                      void           ,r5             ,r4             
                                               +RCP                       r4             ,fwd            
0x204000f200000008 0x0000006000000000           SEL.s                     r6             ,p2             ,r0             ,r8             
0x204000f300010009 0x0000007000000000           SEL.s                     r7             ,p3             ,r1             ,r9             
0x0204000000030006 0x0000003000000000           FMUL                      r3             ,r3             ,r6             
0x0204000000050007 0x0000005000000000           FMUL                      r5             ,r5             ,r7             
0x2804400040080000 0x00000f4000000000           FCMP.eq                   p4             ,|r8|           ,r0             
0x2804400040090001 0x00000f5000000000           FCMP.eq                   p5             ,|r9|           ,r1             
0x0204000000020003 0x0000000000000000           FMUL                      r0             ,r2             ,r3             
0x4b000000beaa5476 0x0000001000000000           MOVIMM                    r1             ,0xbeaa5476     
0x0204000000040005 0x0000003000000000           FMUL                      r3             ,r4             ,r5             
0x208000f408f44000 0x0000000000000000           SEL.fp                    r0             ,p4             ,PDC_1F         ,|r0|           
0x208000f508f44003 0x0000003000000000           SEL.fp                    r3             ,p5             ,PDC_1F         ,|r3|           
0x2600000008f40000 0x8a000ff050000000           FMAX                      void           ,PDC_1F         ,r0             
                                               +RCP                       r5             ,fwd            
0x2600000008f40003 0x8a000ff060000000           FMAX                      void           ,PDC_1F         ,r3             
                                               +RCP                       r6             ,fwd            
0x2500000008f40000 0x0000007000000000           FCLAMP                    r7             ,PDC_1F         ,r0             
0x2500000008f40003 0x000000a000000000           FCLAMP                    r10            ,PDC_1F         ,r3             
0x4b0000003f7ffea5 0x000000b000000000           MOVIMM                    r11            ,0x3f7ffea5     
0x4b0000003e468bc1 0x000000c000000000           MOVIMM                    r12            ,0x3e468bc1     
0x4b000000bdf0555d 0x000000d000000000           MOVIMM                    r13            ,0xbdf0555d     
0x4b000000bc46c6a5 0x000000e000000000           MOVIMM                    r14            ,0xbc46c6a5     
0x0204000000050007 0x0000005000000000           FMUL                      r5             ,r5             ,r7             
0x4b0000003d5be101 0x0000007000000000           MOVIMM                    r7             ,0x3d5be101     
0x020400000006000a 0x0000006000000000           FMUL                      r6             ,r6             ,r10            
0x0204000000050005 0x000000a000000000           FMUL                      r10            ,r5             ,r5             
0x0204000000060006 0x000000f000000000           FMUL                      r15            ,r6             ,r6             
0x020400000005000a 0x0000010000000000           FMUL                      r16            ,r5             ,r10            
0x020400000006000f 0x0000011000000000           FMUL                      r17            ,r6             ,r15            
0x0204000000010010 0x0000012000000000           FMUL                      r18            ,r1             ,r16            
0x0204000000010011 0x0000001000000000           FMUL                      r1             ,r1             ,r17            
0x02040000000a0010 0x0000010000000000           FMUL                      r16            ,r10            ,r16            
0x01200012000b0005 0x0000005000000000           MAD.crf3                  r5             ,r18            ,r11            ,r5             
0x02040000000f0011 0x0000011000000000           FMUL                      r17            ,r15            ,r17            
0x01200001000b0006 0x0000001000000000           MAD.crf3                  r1             ,r1             ,r11            ,r6             
0x02040000000a0010 0x0000006000000000           FMUL                      r6             ,r10            ,r16            
0x01200005000c0010 0x0000005000000000           MAD.crf3                  r5             ,r5             ,r12            ,r16            
0x02040000000f0011 0x000000b000000000           FMUL                      r11            ,r15            ,r17            
0x01200001000c0011 0x0000001000000000           MAD.crf3                  r1             ,r1             ,r12            ,r17            
0x02040000000a0006 0x000000c000000000           FMUL                      r12            ,r10            ,r6             
0x01200005000d0006 0x0000005000000000           MAD.crf3                  r5             ,r5             ,r13            ,r6             
0x02040000000f000b 0x0000006000000000           FMUL                      r6             ,r15            ,r11            
0x01200001000d000b 0x0000001000000000           MAD.crf3                  r1             ,r1             ,r13            ,r11            
0x02040000000e000c 0x000000b000000000           FMUL                      r11            ,r14            ,r12            
0x012000050007000c 0x0000005000000000           MAD.crf3                  r5             ,r5             ,r7             ,r12            
0x02040000000e0006 0x000000c000000000           FMUL                      r12            ,r14            ,r6             
0x0120000100070006 0x0000001000000000           MAD.crf3                  r1             ,r1             ,r7             ,r6             
0x4b0000003fc90fdb 0x0000006000000000           MOVIMM                    r6             ,0x3fc90fdb     
0x01200005000a000b 0x0000005000000000           MAD.crf3                  r5             ,r5             ,r10            ,r11            
0x2800000008f40000 0x00000f4000000000           FCMP.gt                   p4             ,PDC_1F         ,r0             
0x01200001000f000c 0x0000001000000000           MAD.crf3                  r1             ,r1             ,r15            ,r12            
0x0000000688f50005 0x0000007000000000           FMA                       r7             ,r6             ,-PDC_2F        ,r5             
0x2800000008f40003 0x00000f5000000000           FCMP.gt                   p5             ,PDC_1F         ,r3             
0x208000f408f408f0 0x000000a000000000           SEL.fp                    r10            ,p4             ,PDC_1F         ,PDC_0          
0x0000000688f50001 0x000000b000000000           FMA                       r11            ,r6             ,-PDC_2F        ,r1             
0x208000f508f408f0 0x000000c000000000           SEL.fp                    r12            ,p5             ,PDC_1F         ,PDC_0          
0x2800000008f00000 0x00000f4000000000           FCMP.gt                   p4             ,PDC_0          ,r0             
0x002000050007000a 0x0000000000000000           FMA.crf3                  r0             ,r5             ,r7             ,r10            
0x2800000008f00003 0x00000f5000000000           FCMP.gt                   p5             ,PDC_0          ,r3             
0x208000f408f408f0 0x0000003000000000           SEL.fp                    r3             ,p4             ,PDC_1F         ,PDC_0          
0x00200001000b000c 0x0000001000000000           FMA.crf3                  r1             ,r1             ,r11            ,r12            
0x208000f508f408f0 0x0000005000000000           SEL.fp                    r5             ,p5             ,PDC_1F         ,PDC_0          
0x208000f208f408f0 0x0000007000000000           SEL.fp                    r7             ,p2             ,PDC_1F         ,PDC_0          
0x0204000000030000 0x0000000000000000           FMUL                      r0             ,r3             ,r0             
0x208000f308f408f0 0x0000003000000000           SEL.fp                    r3             ,p3             ,PDC_1F         ,PDC_0          
0x0204000000050001 0x0000001000000000           FMUL                      r1             ,r5             ,r1             
0x0020000000060007 0x0000000000000000           FMA.crf3                  r0             ,r0             ,r6             ,r7             
0x2704000000020008 0x0000002000000000           FMIN                      r2             ,r2             ,r8             
0x0020000100060003 0x0000001000000000           FMA.crf3                  r1             ,r1             ,r6             ,r3             
0x0300000088f08000 0x0000003000000000           FADD                      r3             ,-PDC_0         ,-r0            
0x2704000000040009 0x0000004000000000           FMIN                      r4             ,r4             ,r9             
0x0300000088f08001 0x0000005000000000           FADD                      r5             ,-PDC_0         ,-r1            
0x2800200008f00002 0x00000f2000000000           FCMP.lt                   p2             ,PDC_0          ,r2             
0x2800200008f00004 0x00000f3000000000           FCMP.lt                   p3             ,PDC_0          ,r4             
0x204000f200030000 0x86000ff004000000           SEL.s                     void           ,p2             ,r3             ,r0             
                                               +EMITF                     vso[0].x       ,fwd            
0x204000f300050001 0x86000ff00d000000           SEL.s                     void           ,p3             ,r5             ,r1             
                                               +EMITF.ve                  vso[0].y       ,fwd            
0xc300000000000000 0x0000000000000000           JUMP                      0              

