0x4b0000003e22f983 0x0000000000000000           MOVIMM                    r0             ,0x3e22f983     
0x4b00000040c90fdb 0x1000001000000000           MOVIMM.rp1                r1             ,0x40c90fdb     
0x0204000040042000 0x1000006000000000           FMUL.rp1                  r6             ,|r4|           ,r0.rp0         
0x2804000000014004 0x1000008000000000           FCMP.gt.rp1               r8             ,r1             ,|r4|           
0x1500800000000006 0x1000006000000000           RND.rni.rp1               r6             ,r6             
0x0120400400018006 0x1000000000000000           MAD.crf3.rp1              r0             ,|r4|           ,r1             ,-r6            
0x3940500000000008 0x00000f2000000000           ICMPI.s.ne                p2             ,0              ,r8             
0x3940500000000009 0x00000f3000000000           ICMPI.s.ne                p3             ,0              ,r9             
0x208000f200004004 0x0000000000000000           SEL.fp                    r0             ,p2             ,r0             ,|r4|           
0x4b00000040490fdb 0x1000002000000000           MOVIMM.rp1                r2             ,0x40490fdb     
0x208000f300014005 0x0000001000000000           SEL.fp                    r1             ,p3             ,r1             ,|r5|           
0x4b000000c0490fdb 0x1000004000000000           MOVIMM.rp1                r4             ,0xc0490fdb     
0x2804000000020000 0x1000006000000000           FCMP.gt.rp1               r6             ,r2             ,r0             
0x0304000000040000 0x1000004000000000           FADD.rp1                  r4             ,r4             ,r0             
0x3940500000000006 0x00000f2000000000           ICMPI.s.ne                p2             ,0              ,r6             
0x3940500000000007 0x00000f3000000000           ICMPI.s.ne                p3             ,0              ,r7             
0x208000f200040000 0x0000000000000000           SEL.fp                    r0             ,p2             ,r4             ,r0             
0x208000f300050001 0x0000001000000000           SEL.fp                    r1             ,p3             ,r5             ,r1             
0x2800000008f50000 0x1000004000000000           FCMP.gt.rp1               r4             ,PDC_2F         ,r0             
0x0304000000028000 0x1000002000000000           FADD.rp1                  r2             ,r2             ,-r0            
0x3940500000000004 0x00000f4000000000           ICMPI.s.ne                p4             ,0              ,r4             
0x3940500000000005 0x00000f5000000000           ICMPI.s.ne                p5             ,0              ,r5             
0x208000f400020000 0x0000000000000000           SEL.fp                    r0             ,p4             ,r2             ,r0             
0x4b0000003f22f983 0x1000004000000000           MOVIMM.rp1                r4             ,0x3f22f983     
0x208000f500030001 0x0000001000000000           SEL.fp                    r1             ,p5             ,r3             ,r1             
0x0204000000040000 0x1000000000000000           FMUL.rp1                  r0             ,r4             ,r0             
0x16d0069c00000000 0x9a600ff000000000           FP2FX.sat.s.iln.rne.rp1   void.2.26      ,r0             
                                               +COS                       r0             ,fwd            
0x208000f480000000 0x0000000000000000           SEL.fp                    r0             ,p4             ,-r0            ,r0             
0x208000f580010001 0x0000001000000000           SEL.fp                    r1             ,p5             ,-r1            ,r1             
0x208000f280000000 0x86000ff004000000           SEL.fp                    void           ,p2             ,-r0            ,r0             
                                               +EMITF                     vso[0].x       ,fwd            
0x208000f380010001 0x86000ff00d000000           SEL.fp                    void           ,p3             ,-r1            ,r1             
                                               +EMITF.ve                  vso[0].y       ,fwd            
0xc300000000000000 0x0000000000000000           JUMP                      0              

