0x2800200088f50004 0x1000000000000000           FCMP.lt.rp1               r0             ,-PDC_2F        ,r4             
0x3940500000000000 0x00000f3000000000           ICMPI.s.ne                p3             ,0              ,r0             
0x3940500000000001 0x00000f2000000000           ICMPI.s.ne                p2             ,0              ,r1             
0x208000f340040004 0x0000000000000000           SEL.fp                    r0             ,p3             ,|r4|           ,r4             
0x4b0000003e22f983 0x0000002000000000           MOVIMM                    r2             ,0x3e22f983     
0x208000f240050005 0x0000001000000000           SEL.fp                    r1             ,p2             ,|r5|           ,r5             
0x4b00000040c90fdb 0x1000003000000000           MOVIMM.rp1                r3             ,0x40c90fdb     
0x0204000000002002 0x1000005000000000           FMUL.rp1                  r5             ,r0             ,r2.rp0         
0x2804000000030000 0x1000007000000000           FCMP.gt.rp1               r7             ,r3             ,r0             
0x1500800000000005 0x1000005000000000           RND.rni.rp1               r5             ,r5             
0x0120000000038005 0x1000002000000000           MAD.crf3.rp1              r2             ,r0             ,r3             ,-r5            
0x3940500000000007 0x00000f4000000000           ICMPI.s.ne                p4             ,0              ,r7             
0x3940500000000008 0x00000f5000000000           ICMPI.s.ne                p5             ,0              ,r8             
0x208000f400020000 0x0000000000000000           SEL.fp                    r0             ,p4             ,r2             ,r0             
0x4b00000040490fdb 0x1000004000000000           MOVIMM.rp1                r4             ,0x40490fdb     
0x208000f500030001 0x0000001000000000           SEL.fp                    r1             ,p5             ,r3             ,r1             
0x4b000000c0490fdb 0x1000002000000000           MOVIMM.rp1                r2             ,0xc0490fdb     
0x2804000000040000 0x1000006000000000           FCMP.gt.rp1               r6             ,r4             ,r0             
0x0304000000020000 0x1000002000000000           FADD.rp1                  r2             ,r2             ,r0             
0x3940500000000006 0x00000f4000000000           ICMPI.s.ne                p4             ,0              ,r6             
0x3940500000000007 0x00000f5000000000           ICMPI.s.ne                p5             ,0              ,r7             
0x208000f400020000 0x0000000000000000           SEL.fp                    r0             ,p4             ,r2             ,r0             
0x208000f500030001 0x0000001000000000           SEL.fp                    r1             ,p5             ,r3             ,r1             
0x2800000008f50000 0x1000002000000000           FCMP.gt.rp1               r2             ,PDC_2F         ,r0             
0x0304000000048000 0x1000004000000000           FADD.rp1                  r4             ,r4             ,-r0            
0x3940500000000002 0x00000f6000000000           ICMPI.s.ne                p6             ,0              ,r2             
0x208000f600040000 0x0000000000000000           SEL.fp                    r0             ,p6             ,r4             ,r0             
0x3940500000000003 0x00000f6000000000           ICMPI.s.ne                p6             ,0              ,r3             
0x4b0000003f22f983 0x1000002000000000           MOVIMM.rp1                r2             ,0x3f22f983     
0x208000f600050001 0x0000001000000000           SEL.fp                    r1             ,p6             ,r5             ,r1             
0x0204000000020000 0x1000000000000000           FMUL.rp1                  r0             ,r2             ,r0             
0x16d0069c00000000 0x9a500ff000000000           FP2FX.sat.s.iln.rne.rp1   void.2.26      ,r0             
                                               +SIN                       r0             ,fwd            
0x208000f480000000 0x0000000000000000           SEL.fp                    r0             ,p4             ,-r0            ,r0             
0x208000f580010001 0x0000001000000000           SEL.fp                    r1             ,p5             ,-r1            ,r1             
0x208000f380000000 0x86000ff004000000           SEL.fp                    void           ,p3             ,-r0            ,r0             
                                               +EMITF                     vso[0].x       ,fwd            
0x208000f280010001 0x86000ff00d000000           SEL.fp                    void           ,p2             ,-r1            ,r1             
                                               +EMITF.ve                  vso[0].y       ,fwd            
0xc300000000000000 0x0000000000000000           JUMP                      0              

