0x4b0000003e22f983 0x0000000000000000           MOVIMM                    r0             ,0x3e22f983     
0x4b00000040c90fdb 0x1000001000000000           MOVIMM.rp1                r1             ,0x40c90fdb     
0x0204000040042000 0x1000006000000000           FMUL.rp1                  r6             ,|r4|           ,r0.rp0         
0x2804000000014004 0x1000008000000000           FCMP.gt.rp1               r8             ,r1             ,|r4|           
0x1500800000000006 0x1000006000000000           RND.rni.rp1               r6             ,r6             
0x0120400400018006 0x1000006000000000           MAD.crf3.rp1              r6             ,|r4|           ,r1             ,-r6            
0x3940500000000008 0x00000f2000000000           ICMPI.s.ne                p2             ,0              ,r8             
0x4b00000040490fdb 0x100000a000000000           MOVIMM.rp1                r10            ,0x40490fdb     
0x3940500000000009 0x00000f3000000000           ICMPI.s.ne                p3             ,0              ,r9             
0x208000f200064004 0x0000006000000000           SEL.fp                    r6             ,p2             ,r6             ,|r4|           
0x4b000000c0490fdb 0x1000008000000000           MOVIMM.rp1                r8             ,0xc0490fdb     
0x208000f300074005 0x0000007000000000           SEL.fp                    r7             ,p3             ,r7             ,|r5|           
0x2800200088f50004 0x100000c000000000           FCMP.lt.rp1               r12            ,-PDC_2F        ,r4             
0x28040000000a0006 0x100000e000000000           FCMP.gt.rp1               r14            ,r10            ,r6             
0x394050000000000c 0x00000f2000000000           ICMPI.s.ne                p2             ,0              ,r12            
0x0304000000080006 0x1000010000000000           FADD.rp1                  r16            ,r8             ,r6             
0x394050000000000e 0x00000f5000000000           ICMPI.s.ne                p5             ,0              ,r14            
0x394050000000000d 0x00000f3000000000           ICMPI.s.ne                p3             ,0              ,r13            
0x208000f240040004 0x0000003000000000           SEL.fp                    r3             ,p2             ,|r4|           ,r4             
0x394050000000000f 0x00000f4000000000           ICMPI.s.ne                p4             ,0              ,r15            
0x208000f500100006 0x0000006000000000           SEL.fp                    r6             ,p5             ,r16            ,r6             
0x208000f340050005 0x0000004000000000           SEL.fp                    r4             ,p3             ,|r5|           ,r5             
0x208000f400110007 0x0000007000000000           SEL.fp                    r7             ,p4             ,r17            ,r7             
0x0204000000032000 0x100000c000000000           FMUL.rp1                  r12            ,r3             ,r0.rp0         
0x2800000008f50006 0x100000e000000000           FCMP.gt.rp1               r14            ,PDC_2F         ,r6             
0x2804000000010003 0x1000010000000000           FCMP.gt.rp1               r16            ,r1             ,r3             
0x150080000000000c 0x100000c000000000           RND.rni.rp1               r12            ,r12            
0x03040000000a8006 0x1000012000000000           FADD.rp1                  r18            ,r10            ,-r6            
0x394050000000000e 0x00000f6000000000           ICMPI.s.ne                p6             ,0              ,r14            
0x012000030001800c 0x1000000000000000           MAD.crf3.rp1              r0             ,r3             ,r1             ,-r12           
0x4b0000003f22f983 0x100000c000000000           MOVIMM.rp1                r12            ,0x3f22f983     
0x208000f600120006 0x0000002000000000           SEL.fp                    r2             ,p6             ,r18            ,r6             
0x3940500000000010 0x00000f7000000000           ICMPI.s.ne                p7             ,0              ,r16            
0x208000f700000003 0x0000000000000000           SEL.fp                    r0             ,p7             ,r0             ,r3             
0x394050000000000f 0x00000f7000000000           ICMPI.s.ne                p7             ,0              ,r15            
0x208000f700130007 0x0000003000000000           SEL.fp                    r3             ,p7             ,r19            ,r7             
0x02040000000c0002 0x1000002000000000           FMUL.rp1                  r2             ,r12            ,r2             
0x16d0069c00000002 0x9a600ff020000000           FP2FX.sat.s.iln.rne.rp1   void.2.26      ,r2             
                                               +COS                       r2             ,fwd            
0x3940500000000011 0x00000f8000000000           ICMPI.s.ne                p8             ,0              ,r17            
0x208000f800010004 0x0000001000000000           SEL.fp                    r1             ,p8             ,r1             ,r4             
0x28040000000a0000 0x1000004000000000           FCMP.gt.rp1               r4             ,r10            ,r0             
0x0304000000080000 0x1000006000000000           FADD.rp1                  r6             ,r8             ,r0             
0x3940500000000004 0x00000f8000000000           ICMPI.s.ne                p8             ,0              ,r4             
0x208000f680020002 0x0000002000000000           SEL.fp                    r2             ,p6             ,-r2            ,r2             
0x208000f780030003 0x0000003000000000           SEL.fp                    r3             ,p7             ,-r3            ,r3             
0x208000f800060000 0x0000000000000000           SEL.fp                    r0             ,p8             ,r6             ,r0             
0x208000f580020002 0x0000002000000000           SEL.fp                    r2             ,p5             ,-r2            ,r2             
0x3940500000000005 0x00000f5000000000           ICMPI.s.ne                p5             ,0              ,r5             
0x208000f500070001 0x0000001000000000           SEL.fp                    r1             ,p5             ,r7             ,r1             
0x2800000008f50000 0x1000004000000000           FCMP.gt.rp1               r4             ,PDC_2F         ,r0             
0x03040000000a8000 0x1000006000000000           FADD.rp1                  r6             ,r10            ,-r0            
0x208000f480030003 0x0000003000000000           SEL.fp                    r3             ,p4             ,-r3            ,r3             
0x3940500000000004 0x00000f4000000000           ICMPI.s.ne                p4             ,0              ,r4             
0x208000f400060000 0x0000000000000000           SEL.fp                    r0             ,p4             ,r6             ,r0             
0x3940500000000005 0x00000f4000000000           ICMPI.s.ne                p4             ,0              ,r5             
0x208000f400070001 0x0000001000000000           SEL.fp                    r1             ,p4             ,r7             ,r1             
0x02040000000c0000 0x1000000000000000           FMUL.rp1                  r0             ,r12            ,r0             
0x16d0069c00000000 0x9a500ff000000000           FP2FX.sat.s.iln.rne.rp1   void.2.26      ,r0             
                                               +SIN                       r0             ,fwd            
0xa000000000000002 0x1000000020000000           RCP.rp1                   r2             ,r2             
0x208000f880000000 0x0000000000000000           SEL.fp                    r0             ,p8             ,-r0            ,r0             
0x208000f580010001 0x0000001000000000           SEL.fp                    r1             ,p5             ,-r1            ,r1             
0x208000f280000000 0x0000000000000000           SEL.fp                    r0             ,p2             ,-r0            ,r0             
0x208000f380010001 0x0000001000000000           SEL.fp                    r1             ,p3             ,-r1            ,r1             
0x0200000000020000 0x96000ff00c000000           FMUL.rp1                  void           ,r2             ,r0             
                                               +EMITF.ve                  vso[0].xy      ,fwd            
0xc300000000000000 0x0000000000000000           JUMP                      0              

