0x4b000000c1200000 0x0000000000000000           MOVIMM                    r0             ,0xc1200000     
0x4b00000041200000 0x0000001000000000           MOVIMM                    r1             ,0x41200000     
0x2604000000000004 0x0000002000000000           FMAX                      r2             ,r0             ,r4             
0x2604000000000005 0x0000000000000000           FMAX                      r0             ,r0             ,r5             
0x2704000000010002 0x0000002000000000           FMIN                      r2             ,r1             ,r2             
0x4b0000003fb8aa3b 0x0000003000000000           MOVIMM                    r3             ,0x3fb8aa3b     
0x4b000000bfb8aa3b 0x0000004000000000           MOVIMM                    r4             ,0xbfb8aa3b     
0x2704000000010000 0x0000000000000000           FMIN                      r0             ,r1             ,r0             
0x0200000000030002 0x8a400ff010000000           FMUL                      void           ,r3             ,r2             
                                               +EXP                       r1             ,fwd            
0x0200000000040002 0x8a400ff020000000           FMUL                      void           ,r4             ,r2             
                                               +EXP                       r2             ,fwd            
0x0200000000030000 0x8a400ff030000000           FMUL                      void           ,r3             ,r0             
                                               +EXP                       r3             ,fwd            
0x0200000000040000 0x8a400ff000000000           FMUL                      void           ,r4             ,r0             
                                               +EXP                       r0             ,fwd            
0x0300000000020001 0x8a000ff040000000           FADD                      void           ,r2             ,r1             
                                               +RCP                       r4             ,fwd            
0x0300000000000003 0x8a000ff050000000           FADD                      void           ,r0             ,r3             
                                               +RCP                       r5             ,fwd            
0x0304000080020001 0x0000001000000000           FADD                      r1             ,-r2            ,r1             
0x0304000080000003 0x0000000000000000           FADD                      r0             ,-r0            ,r3             
0x0200000000040001 0x86000ff004000000           FMUL                      void           ,r4             ,r1             
                                               +EMITF                     vso[0].x       ,fwd            
0x0200000000050000 0x86000ff00d000000           FMUL                      void           ,r5             ,r0             
                                               +EMITF.ve                  vso[0].y       ,fwd            
0xc300000000000000 0x0000000000000000           JUMP                      0              

