0x3940500000001000 0x00000f4000000000           ICMPI.s.ne                p4             ,0              ,cb0            
0xcb001000000600f4 0x0000400000000000    @p1    BA.ikeep.ds2              .LABEL_0       ,p4             
0x48000000000080f4 0x00000f3000000000               MOV                   p3             ,~p4            
0x48000000000000f4 0x00000f2000000000               MOV                   p2             ,p4             
0xcb001000000e00f3 0x0000400000000000    @p1    BA.ikeep.ds2              .LABEL_1       ,p3             
0x4b0000003fc00000 0x0000c03000000000        @p3    MOVIMM                r3             ,0x3fc00000     
0x0200000020031002 0x3004c00000000000        @p3    FMUL.rp3.dly1         r0             ,r3.rp0         ,cb2            
__________________    .LABEL_0:
0x4b0000003f800000 0x0000801000000000    @p2    MOVIMM                    r1             ,0x3f800000     
0x4b00000000000000 0x00000f3000000000           MOVIMM                    p3             ,0x0            
0x3940400000001001 0x00008f4000000000    @p2    ICMPI.s.eq                p4             ,0              ,cb1            
0x4b00000040000000 0x0000800000000000    @p2    MOVIMM                    r0             ,0x40000000     
0x4800000000002001 0x1000802000000000    @p2    MOV.rp1                   r2             ,r1.rp0         
0x2f00000000f280f4 0x00008f3000000000    @p2    AND                       p3             ,p2             ,~p4            
0x4b00000040400000 0x0000c00000000000    @p3    MOVIMM                    r0             ,0x40400000     
0x3940400000011001 0x0000cf2000000000    @p3    ICMPI.s.eq                p2             ,1              ,cb1            
0x204000f208f50000 0x0000c00000000000    @p3    SEL.s                     r0             ,p2             ,PDC_2F         ,r0             
0x4b0000003f800000 0x0000c03000000000    @p3    MOVIMM                    r3             ,0x3f800000     
0x48000000000028f4 0x1000c01000000000    @p3    MOV.rp1                   r1             ,PDC_1F         
__________________    .LABEL_1:
0x6000000000000000 0x300000000c000000           EMITF.ve                  vso[0].xyzw    ,r0             
0xc300000000000000 0x0000000000000000           JUMP                      0              

