0x4b00000000000000 0x0000005000000000           MOVIMM                    r5             ,0x0            
0x4b00000040000000 0x0000011000000000           MOVIMM                    r17            ,0x40000000     
0x4800000000000005 0x000000a000000000           MOV                       r10            ,r5             
0x4800000000000011 0x0000006000000000           MOV                       r6             ,r17            
0x4b000000c0000000 0x000000b000000000           MOVIMM                    r11            ,0xc0000000     
0xb200000000050008 0x00000000e0000000           DADD                      r14            ,r5             ,r8             
0xb2000000000a0008 0x00000000c0000000           DADD                      r12            ,r10            ,r8             
0xb100000000050008 0x00000000a0000000           DMUL                      r10            ,r5             ,r8             
0x3300002c07ff0009 0x0000001000000000           ANDI                      r1             ,0x7ff          ,r9 >> 20       
0x0a400000fc000001 0x0004002000000000           IADDI.s.dly1              r2             ,-1024          ,r1             
0x3940000002ff0002 0x00040f4000000000           ICMPI.s.gt.dly1           p4             ,767            ,r2             
0xcb002800000d80f4 0x0000400000000000    @p1    BA.ikeep.ds5              .LABEL_0       ,~p4            
0x4800000000000004 0x0000000000000000               MOV                   r0             ,r4             
0x4800000000000008 0x1000016000000000               MOV.rp1               r22            ,r8             
0x4800000000000005 0x1000018000000000               MOV.rp1               r24            ,r5             
0x48000000000000f4 0x00000f2000000000               MOV                   p2             ,p4             
0x48000000000080f4 0x00000f3000000000               MOV                   p3             ,~p4            
0x48000000000000f2 0x00000f4000000000           MOV                       p4             ,p2             
0xb800000000000005 0x00010001a0000000    @p4    DFREXP                    r26            ,r5             
0x0a4000000080001c 0x0001001000000000    @p4    IADDI.s                   r1             ,128            ,r28            
0xb70000000001001a 0x0001000120000000    @p4    DLDEXP                    r18            ,r1             ,r26            
0xcb001000002500f4 0x0000400000000000    @p1    BA.ikeep.ds2              .LABEL_1       ,p4             
0x4800000000000016 0x1001014000000000        @p4    MOV.rp1               r20            ,r22            
0x48000000000008f9 0x00010f2000000000        @p4    MOV                   p2             ,PDC_1IN        
__________________    .LABEL_0:
0x48000000000000f3 0x00000f5000000000           MOV                       p5             ,p3             
0x3300002c07ff0019 0x0001403000000000    @p5    ANDI                      r3             ,0x7ff          ,r25 >> 20      
0x3940000000350001 0x00014f3000000000    @p5    ICMPI.s.gt                p3             ,53             ,r1             
0x3940500000000003 0x00014f4000000000    @p5    ICMPI.s.ne                p4             ,0              ,r3             
0x2f00000000f300f4 0x00014f6000000000    @p5    AND                       p6             ,p3             ,p4             
0x2f00000000f600f5 0x00000f7000000000           AND                       p7             ,p6             ,p5             
0xcb002000000d00f7 0x0000400000000000    @p1    BA.ikeep.ds4              .LABEL_2       ,p7             
0x4b00000000000000 0x00000f3000000000               MOVIMM                p3             ,0x0            
0x4b00000000000000 0x00000f4000000000               MOVIMM                p4             ,0x0            
0x2f00000000f580f6 0x00014f4000000000        @p5    AND                   p4             ,p5             ,~p6            
0x2f00000000f500f6 0x00014f3000000000        @p5    AND                   p3             ,p5             ,p6             
0xb800000000000005 0x0001000120000000    @p4    DFREXP                    r18            ,r5             
0xb800000000000008 0x00010001a0000000    @p4    DFREXP                    r26            ,r8             
0x0a40000000800014 0x0001001000000000    @p4    IADDI.s                   r1             ,128            ,r20            
0xb700000000010012 0x0001000120000000    @p4    DLDEXP                    r18            ,r1             ,r18            
0x0a4000000080001c 0x0001001000000000    @p4    IADDI.s                   r1             ,128            ,r28            
0xb70000000001001a 0x0001000140000000    @p4    DLDEXP                    r20            ,r1             ,r26            
0xcb000800001100f4 0x0000400000000000    @p1    BA.ikeep.ds1              .LABEL_1       ,p4             
0x48000000000008f0 0x00010f2000000000        @p4    MOV                   p2             ,PDC_0          
__________________    .LABEL_2:
0x48000000000000f3 0x00000f4000000000           MOV                       p4             ,p3             
0x4b00000000000400 0x0001001000000000    @p4    MOVIMM                    r1             ,0x400          
0x4b00000000000000 0x00000f3000000000           MOVIMM                    p3             ,0x0            
0x3940200007fe0001 0x00010f5000000000    @p4    ICMPI.s.lt                p5             ,2046           ,r1             
0x4800000000000018 0x1001012000000000    @p4    MOV.rp1                   r18            ,r24            
0x4800000000000016 0x1001014000000000    @p4    MOV.rp1                   r20            ,r22            
0x48000000000008f0 0x00010f2000000000    @p4    MOV                       p2             ,PDC_0          
0x2f00000000f480f5 0x00010f3000000000    @p4    AND                       p3             ,p4             ,~p5            
0xb800000000000005 0x0000c00120000000    @p3    DFREXP                    r18            ,r5             
0xb800000000000008 0x0000c001a0000000    @p3    DFREXP                    r26            ,r8             
0x0a400000ff800014 0x0000c01000000000    @p3    IADDI.s                   r1             ,-128           ,r20            
0xb700000000010012 0x0000c00120000000    @p3    DLDEXP                    r18            ,r1             ,r18            
0x0a400000ff80001c 0x0000c01000000000    @p3    IADDI.s                   r1             ,-128           ,r28            
0xb70000000001001a 0x0000c00140000000    @p3    DLDEXP                    r20            ,r1             ,r26            
0x48000000000008f0 0x0000cf2000000000    @p3    MOV                       p2             ,PDC_0          
__________________    .LABEL_1:
0x4b0000007fffffff 0x0000003000000000           MOVIMM                    r3             ,0x7fffffff     
0x4b000000000fffff 0x0000001000000000           MOVIMM                    r1             ,0xfffff        
0x2f04000000030017 0x0000004000000000           AND                       r4             ,r3             ,r23            
0x2f04000000030019 0x0000006000000000           AND                       r6             ,r3             ,r25            
0x4b0000007ff00000 0x0000003000000000           MOVIMM                    r3             ,0x7ff00000     
0x2f04000000010017 0x0000007000000000           AND                       r7             ,r1             ,r23            
0x2f04000000010019 0x0000010000000000           AND                       r16            ,r1             ,r25            
0x3104000000030004 0x000001a000000000           XOR                       r26            ,r3             ,r4             
0x3104000000030006 0x000001b000000000           XOR                       r27            ,r3             ,r6             
0x3300002c07ff0017 0x000001c000000000           ANDI                      r28            ,0x7ff          ,r23 >> 20      
0x3004000000070016 0x000001d000000000           OR                        r29            ,r7             ,r22            
0x3300002c07ff0019 0x000001e000000000           ANDI                      r30            ,0x7ff          ,r25 >> 20      
0x3004000000100018 0x0000010000000000           OR                        r16            ,r16            ,r24            
0x3004000000060004 0x0000006000000000           OR                        r6             ,r6             ,r4             
0x3004000000180016 0x000001f000000000           OR                        r31            ,r24            ,r22            
0x30040000001a0016 0x000001a000000000           OR                        r26            ,r26            ,r22            
0x30040000001b0018 0x0000007000000000           OR                        r7             ,r27            ,r24            
0x3940400007ff001c 0x00000f3000000000           ICMPI.s.eq                p3             ,2047           ,r28            
0x394050000000001d 0x00000f4000000000           ICMPI.s.ne                p4             ,0              ,r29            
0x3940400007ff001e 0x00000f5000000000           ICMPI.s.eq                p5             ,2047           ,r30            
0x3940500000000010 0x00000f6000000000           ICMPI.s.ne                p6             ,0              ,r16            
0x300400000006001f 0x0000006000000000           OR                        r6             ,r6             ,r31            
0x2f00000000f400f3 0x00000f3000000000           AND                       p3             ,p4             ,p3             
0x2f00000000f600f5 0x00000f4000000000           AND                       p4             ,p6             ,p5             
0x300400000007001a 0x0000010000000000           OR                        r16            ,r7             ,r26            
0x3940400000000006 0x00000f5000000000           ICMPI.s.eq                p5             ,0              ,r6             
0x3000000000f400f3 0x00000f3000000000           OR                        p3             ,p4             ,p3             
0x3940400000000010 0x00000f4000000000           ICMPI.s.eq                p4             ,0              ,r16            
0x3000000000f500f3 0x00000f3000000000           OR                        p3             ,p5             ,p3             
0x3000000000f400f3 0x00000f4000000000           OR                        p4             ,p4             ,p3             
0xcb002000005900f4 0x0000400000000000    @p1    BA.ikeep.ds4              .LABEL_3       ,p4             
0x4b0000003ff00000 0x0000006000000000               MOVIMM                r6             ,0x3ff00000     
0x4b0000007ff80000 0x000001b000000000               MOVIMM                r27            ,0x7ff80000     
0x4800000000000005 0x000001a000000000               MOV                   r26            ,r5             
0x48000000000080f4 0x00000f3000000000               MOV                   p3             ,~p4            
0x48000000000000f3 0x00000f4000000000           MOV                       p4             ,p3             
0x3104000000190017 0x0001010000000000    @p4    XOR                       r16            ,r25            ,r23            
0x3004000000040016 0x0001004000000000    @p4    OR                        r4             ,r4             ,r22            
0x0a00002100000010 0x0001010000000000    @p4    IADDI                     r16            ,0x0            ,r16 >> 31      
0x3940400000000007 0x00010f3000000000    @p4    ICMPI.s.eq                p3             ,0              ,r7             
0x3940400000000004 0x00010f5000000000    @p4    ICMPI.s.eq                p5             ,0              ,r4             
0x39402000fbcd0002 0x00010f7000000000    @p4    ICMPI.s.lt                p7             ,-1075          ,r2             
0x3000000000f500f3 0x00010f3000000000    @p4    OR                        p3             ,p5             ,p3             
0x4b00000080000000 0x0001002000000000    @p4    MOVIMM                    r2             ,0x80000000     
0x4800000000000005 0x0001004000000000    @p4    MOV                       r4             ,r5             
0x4800000000000005 0x0001007000000000    @p4    MOV                       r7             ,r5             
0x3000000000f700f3 0x00010f5000000000    @p4    OR                        p5             ,p7             ,p3             
0x2f00000000f500f4 0x00000f7000000000           AND                       p7             ,p5             ,p4             
0xcb002800004700f7 0x0000400000000000    @p1    BA.ikeep.ds5              .LABEL_3       ,p7             
0x4800000000000010 0x00010f6000000000        @p4    MOV                   p6             ,r16            
0x4b00000000000000 0x00000f3000000000               MOVIMM                p3             ,0x0            
0x204000f600020005 0x000101b000000000        @p4    SEL.s                 r27            ,p6             ,r2             ,r5             
0x204000f600040007 0x000101a000000000        @p4    SEL.s                 r26            ,p6             ,r4             ,r7             
0x2f00000000f480f5 0x00010f3000000000        @p4    AND                   p3             ,p4             ,~p5            
0xb800000000000012 0x0000c00160000000    @p3    DFREXP                    r22            ,r18            
0x3300002c07ff0013 0x0000c02000000000    @p3    ANDI                      r2             ,0x7ff          ,r19 >> 20      
0x4b000000800fffff 0x0000c04000000000    @p3    MOVIMM                    r4             ,0x800fffff     
0x39000000077f0002 0x0000cf5000000000    @p3    ICMPI.gt                  p5             ,0x77f          ,r2             
0x48000000000008f8 0x0000c1c000000000    @p3    MOV                       r28            ,PDC_1I         
0x48000000000008f0 0x0000c1d000000000    @p3    MOV                       r29            ,PDC_0          
0x0a400000ff800018 0x0000c02000000000    @p3    IADDI.s                   r2             ,-128           ,r24            
0x4b000000fff00000 0x0000c07000000000    @p3    MOVIMM                    r7             ,0xfff00000     
0xb700000000020016 0x0000c00160000000    @p3    DLDEXP                    r22            ,r2             ,r22            
0x4800000000000005 0x0000c02000000000    @p3    MOV                       r2             ,r5             
0x4800000000000005 0x0000c10000000000    @p3    MOV                       r16            ,r5             
0x4b00000000000000 0x00000f4000000000           MOVIMM                    p4             ,0x0            
0x204000f600070003 0x0000c1b000000000    @p3    SEL.s                     r27            ,p6             ,r7             ,r3             
0x204000f600020010 0x0000c1a000000000    @p3    SEL.s                     r26            ,p6             ,r2             ,r16            
0x204000f500170013 0x0000c17000000000    @p3    SEL.s                     r23            ,p5             ,r23            ,r19            
0x204000f500160012 0x0000c16000000000    @p3    SEL.s                     r22            ,p5             ,r22            ,r18            
0x2f04000000040017 0x0000c02000000000    @p3    AND                       r2             ,r4             ,r23            
0x4800000000000016 0x0000c18000000000    @p3    MOV                       r24            ,r22            
0x3004000000060002 0x0000c19000000000    @p3    OR                        r25            ,r6             ,r2             
0xb900000000000018 0x0000c00024000000    @p3    DP2FP.ov.rne              r2             ,r24            
0x0a00002c00000017 0x0000c03000000000    @p3    IADDI                     r3             ,0x0            ,r23 >> 20      
0x2f04000000018017 0x0000c07000000000    @p3    AND                       r7             ,r1             ,~r23           
0x3004000000078016 0x0004c07000000000    @p3    OR.dly1                   r7             ,r7             ,~r22           
0x3940400000000007 0x0004cf6000000000    @p3    ICMPI.s.eq.dly1           p6             ,0              ,r7             
0xa000000000000002 0x0000c00180000000    @p3    RCP                       r24            ,r2             
0x4800000000000018 0x0000c19000000000    @p3    MOV                       r25            ,r24            
0xbb00000000000018 0x0000c00180000000    @p3    FP2DP                     r24            ,r24            
0x0a00002c00000019 0x0000c02000000000    @p3    IADDI                     r2             ,0x0            ,r25 >> 20      
0x2f04000000040019 0x0000c04000000000    @p3    AND                       r4             ,r4             ,r25            
0x0744000080030002 0x0000c02000000000    @p3    IADD.s                    r2             ,-r3            ,r2             
0x0a40000003ff0002 0x0004c02000000000    @p3    IADDI.s.dly1              r2             ,1023           ,r2             
0x3300000007ff0002 0x0004c02000000000    @p3    ANDI.dly1                 r2             ,0x7ff          ,r2             
0x3004001400040002 0x0004c19000000000    @p3    OR.dly1                   r25            ,r4             ,r2 << 20       
0xb000000500188016 0x0000c001e0000000    @p3    DFMA                      r30            ,r5             ,r24            ,-r22           
0xb00000180018001e 0x0000c00180000000    @p3    DFMA                      r24            ,r24            ,r24            ,r30            
0xb000000500188016 0x0000c00160000000    @p3    DFMA                      r22            ,r5             ,r24            ,-r22           
0xb000001800180016 0x0000c00160000000    @p3    DFMA                      r22            ,r24            ,r24            ,r22            
0x08040000001c0016 0x1000c02000000000    @p3    IADDC                     r2             ,r28            ,r22            
0x204000f600020016 0x0000c16000000000    @p3    SEL.s                     r22            ,p6             ,r2             ,r22            
0x204000f600030017 0x0000c17000000000    @p3    SEL.s                     r23            ,p6             ,r3             ,r23            
0xb800000000000016 0x0000c001c0000000    @p3    DFREXP                    r28            ,r22            
0x0a400000ff80001e 0x0000c02000000000    @p3    IADDI.s                   r2             ,-128           ,r30            
0xb70000000002001c 0x0000c00180000000    @p3    DLDEXP                    r24            ,r2             ,r28            
0x204000f500180016 0x0000c16000000000    @p3    SEL.s                     r22            ,p5             ,r24            ,r22            
0x204000f500190017 0x0000c17000000000    @p3    SEL.s                     r23            ,p5             ,r25            ,r23            
0xb000000500168012 0x0000c00180000000    @p3    DFMA                      r24            ,r5             ,r22            ,-r18           
0xb000001600180016 0x0000c00160000000    @p3    DFMA                      r22            ,r22            ,r24            ,r22            
0xb000000500168012 0x0000c00180000000    @p3    DFMA                      r24            ,r5             ,r22            ,-r18           
0xb000001600180016 0x0000c00160000000    @p3    DFMA                      r22            ,r22            ,r24            ,r22            
0xb100000000160014 0x0000c00180000000    @p3    DMUL                      r24            ,r22            ,r20            
0xb000001400188012 0x0000c00120000000    @p3    DFMA                      r18            ,r20            ,r24            ,-r18           
0xb000001800160012 0x0000c00120000000    @p3    DFMA                      r18            ,r24            ,r22            ,r18            
0xb800000000000012 0x0000c00140000000    @p3    DFREXP                    r20            ,r18            
0x0a40000000800016 0x0000c02000000000    @p3    IADDI.s                   r2             ,128            ,r22            
0xb700000000020014 0x0000c00140000000    @p3    DLDEXP                    r20            ,r2             ,r20            
0x204000f200150013 0x0000c03000000000    @p3    SEL.s                     r3             ,p2             ,r21            ,r19            
0x204000f200140012 0x0000c02000000000    @p3    SEL.s                     r2             ,p2             ,r20            ,r18            
0x2f04000000010003 0x0000c01000000000    @p3    AND                       r1             ,r1             ,r3             
0x3300002c07ff0003 0x0000c04000000000    @p3    ANDI                      r4             ,0x7ff          ,r3 >> 20       
0x3004000000010002 0x0000c01000000000    @p3    OR                        r1             ,r1             ,r2             
0x3940400007ff0004 0x0000cf2000000000    @p3    ICMPI.s.eq                p2             ,2047           ,r4             
0x3940500000000001 0x0000cf5000000000    @p3    ICMPI.s.ne                p5             ,0              ,r1             
0x2f00000000f500f2 0x0000cf2000000000    @p3    AND                       p2             ,p5             ,p2             
0x2f00000000f380f2 0x0000cf4000000000    @p3    AND                       p4             ,p3             ,~p2            
0x4800000000000002 0x100101a000000000    @p4    MOV.rp1                   r26            ,r2             
__________________    .LABEL_3:
0x4800000000000005 0x0000010000000000           MOV                       r16            ,r5             
0x4800000000000005 0x0000003000000000           MOV                       r3             ,r5             
0xb600000000080010 0x0000000122000000           DCMP.lt                   r18            ,r8             ,r16            
0xb600000000100008 0x0000000134000000           DCMP.eq                   r19            ,r16            ,r8             
0xb600000000100008 0x0000000142000000           DCMP.lt                   r20            ,r16            ,r8             
0xb600000000100008 0x0000000105000000           DCMP.ne                   r16            ,r16            ,r8             
0x4800000000000000 0x0000001000000000           MOV                       r1             ,r0             
0x4800000000000012 0x00000f2000000000           MOV                       p2             ,r18            
0x204000f200050003 0x0000011000000000           SEL.s                     r17            ,p2             ,r5             ,r3             
0x4800000000000013 0x00000f3000000000           MOV                       p3             ,r19            
0x204000f300050003 0x0000015000000000           SEL.s                     r21            ,p3             ,r5             ,r3             
0x204000f200060005 0x0000012000000000           SEL.s                     r18            ,p2             ,r6             ,r5             
0x204000f300060005 0x0000016000000000           SEL.s                     r22            ,p3             ,r6             ,r5             
0xb20000000011000e 0x00000000e0000000           DADD                      r14            ,r17            ,r14            
0xb10000000015001a 0x0000000110000000           DMUL                      r17            ,r21            ,r26            
0xbb00000000000000 0x0000000150000000           FP2DP                     r21            ,r0             
0x4800000000000014 0x00000f2000000000           MOV                       p2             ,r20            
0x4800000000000010 0x00000f3000000000           MOV                       p3             ,r16            
0x204000f200050003 0x0000013000000000           SEL.s                     r19            ,p2             ,r5             ,r3             
0x204000f300050003 0x0000004000000000           SEL.s                     r4             ,p3             ,r5             ,r3             
0x204000f200060005 0x0000014000000000           SEL.s                     r20            ,p2             ,r6             ,r5             
0x204000f300060005 0x0000005000000000           SEL.s                     r5             ,p3             ,r6             ,r5             
0xb20000008013000c 0x0000000060000000           DADD                      r6             ,-r19           ,r12            
0xb100000000040011 0x00000000c0000000           DMUL                      r12            ,r4             ,r17            
0xb20000000015000e 0x0000000040000000           DADD                      r4             ,r21            ,r14            
0xb900000000000008 0x0000000004000000           DP2FP.ov.rne              r0             ,r8             
0xb20000008008000a 0x00000000a0000000           DADD                      r10            ,-r8            ,r10            
0x60000000000008f0 0x0000000004000003           EMITF                     vso[3].x       ,PDC_0          
0x6000000000000004 0x3000000004000000           EMITF                     vso[0].xyzw    ,r4             
0x6000000000000000 0x0000000004000002           EMITF                     vso[2].x       ,r0             
0x600000000000000a 0x300000000c000001           EMITF.ve                  vso[1].xyzw    ,r10            
0xc300000000000000 0x0000000000000000           JUMP                      0              

