0x480000000000001c 0x1000012000000000           MOV.rp1                   r18            ,r28            
0x480000000000001e 0x100001a000000000           MOV.rp1                   r26            ,r30            
0xb200000008f04012 0x00000001c0000000           DADD                      r28            ,PDC_0          ,|r18|          
0xb200000008f0401a 0x00000001e0000000           DADD                      r30            ,PDC_0          ,|r26|          
0xb200000008f04020 0x0000000120000000           DADD                      r18            ,PDC_0          ,|r32|          
0xb200000008f04004 0x0000000040000000           DADD                      r4             ,PDC_0          ,|r4|           
0xb200000008f04006 0x0000000060000000           DADD                      r6             ,PDC_0          ,|r6|           
0xb200000008f04008 0x0000000080000000           DADD                      r8             ,PDC_0          ,|r8|           
0xb200000008f0400a 0x00000000a0000000           DADD                      r10            ,PDC_0          ,|r10|          
0xb200000008f04024 0x00000001a0000000           DADD                      r26            ,PDC_0          ,|r36|          
0x600000000000000c 0x3000000004000002           EMITF                     vso[2].xyzw    ,r12            
0x6000000000000010 0x1000000004000003           EMITF                     vso[3].xy      ,r16            
0x6000000000000014 0x3000000004000004           EMITF                     vso[4].xyzw    ,r20            
0x6000000000000018 0x1000000004000005           EMITF                     vso[5].xy      ,r24            
0x6000000000000004 0x3000000004000000           EMITF                     vso[0].xyzw    ,r4             
0x6000000000000008 0x3000000004000001           EMITF                     vso[1].xyzw    ,r8             
0x600000000000001c 0x3000000004000006           EMITF                     vso[6].xyzw    ,r28            
0x600000000000001a 0x1000000004000008           EMITF                     vso[8].xy      ,r26            
0x6000000000000012 0x100000000c000007           EMITF.ve                  vso[7].xy      ,r18            
0xc300000000000000 0x0000000000000000           JUMP                      0              

