0x3300002c07ff0009 0x0000000000000000           ANDI                      r0             ,0x7ff          ,r9 >> 20       
0x4b00000040000000 0x0000007000000000           MOVIMM                    r7             ,0x40000000     
0x0a400000fc000000 0x0000001000000000           IADDI.s                   r1             ,-1024          ,r0             
0x4b00000000000000 0x0000004000000000           MOVIMM                    r4             ,0x0            
0x3940000002ff0001 0x00000f4000000000           ICMPI.s.gt                p4             ,767            ,r1             
0xcb002800000d80f4 0x0000400000000000    @p1    BA.ikeep.ds5              .LABEL_0       ,~p4            
0x4800000000000007 0x0000005000000000               MOV                   r5             ,r7             
0x4800000000000008 0x100000e000000000               MOV.rp1               r14            ,r8             
0x4800000000000004 0x1000010000000000               MOV.rp1               r16            ,r4             
0x48000000000000f4 0x00000f2000000000               MOV                   p2             ,p4             
0x48000000000080f4 0x00000f3000000000               MOV                   p3             ,~p4            
0x48000000000000f2 0x00000f4000000000           MOV                       p4             ,p2             
0xb800000000000004 0x0001000120000000    @p4    DFREXP                    r18            ,r4             
0x0a40000000800014 0x0001000000000000    @p4    IADDI.s                   r0             ,128            ,r20            
0xb700000000000012 0x00010000a0000000    @p4    DLDEXP                    r10            ,r0             ,r18            
0xcb001000002500f4 0x0000400000000000    @p1    BA.ikeep.ds2              .LABEL_1       ,p4             
0x480000000000000e 0x100100c000000000        @p4    MOV.rp1               r12            ,r14            
0x48000000000008f9 0x00010f2000000000        @p4    MOV                   p2             ,PDC_1IN        
__________________    .LABEL_0:
0x48000000000000f3 0x00000f5000000000           MOV                       p5             ,p3             
0x3300002c07ff0011 0x0001402000000000    @p5    ANDI                      r2             ,0x7ff          ,r17 >> 20      
0x3940000000350000 0x00014f3000000000    @p5    ICMPI.s.gt                p3             ,53             ,r0             
0x3940500000000002 0x00014f4000000000    @p5    ICMPI.s.ne                p4             ,0              ,r2             
0x2f00000000f300f4 0x00014f6000000000    @p5    AND                       p6             ,p3             ,p4             
0x2f00000000f600f5 0x00000f7000000000           AND                       p7             ,p6             ,p5             
0xcb002000000d00f7 0x0000400000000000    @p1    BA.ikeep.ds4              .LABEL_2       ,p7             
0x4b00000000000000 0x00000f3000000000               MOVIMM                p3             ,0x0            
0x4b00000000000000 0x00000f4000000000               MOVIMM                p4             ,0x0            
0x2f00000000f580f6 0x00014f4000000000        @p5    AND                   p4             ,p5             ,~p6            
0x2f00000000f500f6 0x00014f3000000000        @p5    AND                   p3             ,p5             ,p6             
0xb800000000000004 0x00010000a0000000    @p4    DFREXP                    r10            ,r4             
0xb800000000000008 0x0001000120000000    @p4    DFREXP                    r18            ,r8             
0x0a4000000080000c 0x0001000000000000    @p4    IADDI.s                   r0             ,128            ,r12            
0xb70000000000000a 0x00010000a0000000    @p4    DLDEXP                    r10            ,r0             ,r10            
0x0a40000000800014 0x0001000000000000    @p4    IADDI.s                   r0             ,128            ,r20            
0xb700000000000012 0x00010000c0000000    @p4    DLDEXP                    r12            ,r0             ,r18            
0xcb000800001100f4 0x0000400000000000    @p1    BA.ikeep.ds1              .LABEL_1       ,p4             
0x48000000000008f0 0x00010f2000000000        @p4    MOV                   p2             ,PDC_0          
__________________    .LABEL_2:
0x48000000000000f3 0x00000f4000000000           MOV                       p4             ,p3             
0x4b00000000000400 0x0001000000000000    @p4    MOVIMM                    r0             ,0x400          
0x4b00000000000000 0x00000f3000000000           MOVIMM                    p3             ,0x0            
0x3940200007fe0000 0x00010f5000000000    @p4    ICMPI.s.lt                p5             ,2046           ,r0             
0x4800000000000010 0x100100a000000000    @p4    MOV.rp1                   r10            ,r16            
0x480000000000000e 0x100100c000000000    @p4    MOV.rp1                   r12            ,r14            
0x48000000000008f0 0x00010f2000000000    @p4    MOV                       p2             ,PDC_0          
0x2f00000000f480f5 0x00010f3000000000    @p4    AND                       p3             ,p4             ,~p5            
0xb800000000000004 0x0000c000a0000000    @p3    DFREXP                    r10            ,r4             
0xb800000000000008 0x0000c00120000000    @p3    DFREXP                    r18            ,r8             
0x0a400000ff80000c 0x0000c00000000000    @p3    IADDI.s                   r0             ,-128           ,r12            
0xb70000000000000a 0x0000c000a0000000    @p3    DLDEXP                    r10            ,r0             ,r10            
0x0a400000ff800014 0x0000c00000000000    @p3    IADDI.s                   r0             ,-128           ,r20            
0xb700000000000012 0x0000c000c0000000    @p3    DLDEXP                    r12            ,r0             ,r18            
0x48000000000008f0 0x0000cf2000000000    @p3    MOV                       p2             ,PDC_0          
__________________    .LABEL_1:
0x4b0000007fffffff 0x0000002000000000           MOVIMM                    r2             ,0x7fffffff     
0x4b000000000fffff 0x0000000000000000           MOVIMM                    r0             ,0xfffff        
0x2f0400000002000f 0x0000003000000000           AND                       r3             ,r2             ,r15            
0x2f04000000020011 0x0000005000000000           AND                       r5             ,r2             ,r17            
0x4b0000007ff00000 0x0000002000000000           MOVIMM                    r2             ,0x7ff00000     
0x2f0400000000000f 0x0000006000000000           AND                       r6             ,r0             ,r15            
0x2f04000000000011 0x0000012000000000           AND                       r18            ,r0             ,r17            
0x3104000000020003 0x0000013000000000           XOR                       r19            ,r2             ,r3             
0x3104000000020005 0x0000014000000000           XOR                       r20            ,r2             ,r5             
0x3300002c07ff000f 0x0000015000000000           ANDI                      r21            ,0x7ff          ,r15 >> 20      
0x300400000006000e 0x0000016000000000           OR                        r22            ,r6             ,r14            
0x3300002c07ff0011 0x0000017000000000           ANDI                      r23            ,0x7ff          ,r17 >> 20      
0x3004000000120010 0x0000012000000000           OR                        r18            ,r18            ,r16            
0x3004000000050003 0x0000005000000000           OR                        r5             ,r5             ,r3             
0x300400000010000e 0x0000018000000000           OR                        r24            ,r16            ,r14            
0x300400000013000e 0x0000013000000000           OR                        r19            ,r19            ,r14            
0x3004000000140010 0x0000006000000000           OR                        r6             ,r20            ,r16            
0x3940400007ff0015 0x00000f3000000000           ICMPI.s.eq                p3             ,2047           ,r21            
0x3940500000000016 0x00000f4000000000           ICMPI.s.ne                p4             ,0              ,r22            
0x3940400007ff0017 0x00000f5000000000           ICMPI.s.eq                p5             ,2047           ,r23            
0x3940500000000012 0x00000f6000000000           ICMPI.s.ne                p6             ,0              ,r18            
0x3004000000050018 0x0000005000000000           OR                        r5             ,r5             ,r24            
0x2f00000000f400f3 0x00000f3000000000           AND                       p3             ,p4             ,p3             
0x2f00000000f600f5 0x00000f4000000000           AND                       p4             ,p6             ,p5             
0x3004000000060013 0x0000010000000000           OR                        r16            ,r6             ,r19            
0x3940400000000005 0x00000f5000000000           ICMPI.s.eq                p5             ,0              ,r5             
0x3000000000f400f3 0x00000f3000000000           OR                        p3             ,p4             ,p3             
0x3940400000000010 0x00000f4000000000           ICMPI.s.eq                p4             ,0              ,r16            
0x3000000000f500f3 0x00000f3000000000           OR                        p3             ,p5             ,p3             
0x3000000000f400f3 0x00000f4000000000           OR                        p4             ,p4             ,p3             
0xcb002000005900f4 0x0000400000000000    @p1    BA.ikeep.ds4              .LABEL_3       ,p4             
0x4b0000003ff00000 0x0000005000000000               MOVIMM                r5             ,0x3ff00000     
0x4b0000007ff80000 0x0000013000000000               MOVIMM                r19            ,0x7ff80000     
0x4800000000000004 0x0000012000000000               MOV                   r18            ,r4             
0x48000000000080f4 0x00000f3000000000               MOV                   p3             ,~p4            
0x48000000000000f3 0x00000f4000000000           MOV                       p4             ,p3             
0x310400000011000f 0x000100f000000000    @p4    XOR                       r15            ,r17            ,r15            
0x300400000003000e 0x0001003000000000    @p4    OR                        r3             ,r3             ,r14            
0x0a0000210000000f 0x000100e000000000    @p4    IADDI                     r14            ,0x0            ,r15 >> 31      
0x3940400000000006 0x00010f3000000000    @p4    ICMPI.s.eq                p3             ,0              ,r6             
0x3940400000000003 0x00010f5000000000    @p4    ICMPI.s.eq                p5             ,0              ,r3             
0x39402000fbcd0001 0x00010f7000000000    @p4    ICMPI.s.lt                p7             ,-1075          ,r1             
0x3000000000f500f3 0x00010f3000000000    @p4    OR                        p3             ,p5             ,p3             
0x4b00000080000000 0x0001001000000000    @p4    MOVIMM                    r1             ,0x80000000     
0x4800000000000004 0x0001003000000000    @p4    MOV                       r3             ,r4             
0x4800000000000004 0x0001006000000000    @p4    MOV                       r6             ,r4             
0x3000000000f700f3 0x00010f5000000000    @p4    OR                        p5             ,p7             ,p3             
0x2f00000000f500f4 0x00000f7000000000           AND                       p7             ,p5             ,p4             
0xcb002800004700f7 0x0000400000000000    @p1    BA.ikeep.ds5              .LABEL_3       ,p7             
0x480000000000000e 0x00010f6000000000        @p4    MOV                   p6             ,r14            
0x4b00000000000000 0x00000f3000000000               MOVIMM                p3             ,0x0            
0x204000f600010004 0x0001013000000000        @p4    SEL.s                 r19            ,p6             ,r1             ,r4             
0x204000f600030006 0x0001012000000000        @p4    SEL.s                 r18            ,p6             ,r3             ,r6             
0x2f00000000f480f5 0x00010f3000000000        @p4    AND                   p3             ,p4             ,~p5            
0xb80000000000000a 0x0000c000e0000000    @p3    DFREXP                    r14            ,r10            
0x3300002c07ff000b 0x0000c01000000000    @p3    ANDI                      r1             ,0x7ff          ,r11 >> 20      
0x4b000000800fffff 0x0000c03000000000    @p3    MOVIMM                    r3             ,0x800fffff     
0x39000000077f0001 0x0000cf5000000000    @p3    ICMPI.gt                  p5             ,0x77f          ,r1             
0x48000000000008f8 0x0000c14000000000    @p3    MOV                       r20            ,PDC_1I         
0x48000000000008f0 0x0000c15000000000    @p3    MOV                       r21            ,PDC_0          
0x0a400000ff800010 0x0000c01000000000    @p3    IADDI.s                   r1             ,-128           ,r16            
0x4b000000fff00000 0x0000c06000000000    @p3    MOVIMM                    r6             ,0xfff00000     
0xb70000000001000e 0x0000c000e0000000    @p3    DLDEXP                    r14            ,r1             ,r14            
0x4800000000000004 0x0000c01000000000    @p3    MOV                       r1             ,r4             
0x4800000000000004 0x0000c10000000000    @p3    MOV                       r16            ,r4             
0x4b00000000000000 0x00000f4000000000           MOVIMM                    p4             ,0x0            
0x204000f600060002 0x0000c13000000000    @p3    SEL.s                     r19            ,p6             ,r6             ,r2             
0x204000f600010010 0x0000c12000000000    @p3    SEL.s                     r18            ,p6             ,r1             ,r16            
0x204000f5000f000b 0x0000c0f000000000    @p3    SEL.s                     r15            ,p5             ,r15            ,r11            
0x204000f5000e000a 0x0000c0e000000000    @p3    SEL.s                     r14            ,p5             ,r14            ,r10            
0x2f0400000003000f 0x0000c01000000000    @p3    AND                       r1             ,r3             ,r15            
0x480000000000000e 0x0000c10000000000    @p3    MOV                       r16            ,r14            
0x3004000000050001 0x0000c11000000000    @p3    OR                        r17            ,r5             ,r1             
0xb900000000000010 0x0000c00014000000    @p3    DP2FP.ov.rne              r1             ,r16            
0x0a00002c0000000f 0x0000c02000000000    @p3    IADDI                     r2             ,0x0            ,r15 >> 20      
0x2f0400000000800f 0x0000c06000000000    @p3    AND                       r6             ,r0             ,~r15           
0x300400000006800e 0x0004c06000000000    @p3    OR.dly1                   r6             ,r6             ,~r14           
0x3940400000000006 0x0004cf6000000000    @p3    ICMPI.s.eq.dly1           p6             ,0              ,r6             
0xa000000000000001 0x0000c00100000000    @p3    RCP                       r16            ,r1             
0x4800000000000010 0x0000c11000000000    @p3    MOV                       r17            ,r16            
0xbb00000000000010 0x0000c00100000000    @p3    FP2DP                     r16            ,r16            
0x0a00002c00000011 0x0000c01000000000    @p3    IADDI                     r1             ,0x0            ,r17 >> 20      
0x2f04000000030011 0x0000c03000000000    @p3    AND                       r3             ,r3             ,r17            
0x0744000080020001 0x0000c01000000000    @p3    IADD.s                    r1             ,-r2            ,r1             
0x0a40000003ff0001 0x0004c01000000000    @p3    IADDI.s.dly1              r1             ,1023           ,r1             
0x3300000007ff0001 0x0004c01000000000    @p3    ANDI.dly1                 r1             ,0x7ff          ,r1             
0x3004001400030001 0x0004c11000000000    @p3    OR.dly1                   r17            ,r3             ,r1 << 20       
0xb00000040010800e 0x0000c00160000000    @p3    DFMA                      r22            ,r4             ,r16            ,-r14           
0xb000001000100016 0x0000c00100000000    @p3    DFMA                      r16            ,r16            ,r16            ,r22            
0xb00000040010800e 0x0000c000e0000000    @p3    DFMA                      r14            ,r4             ,r16            ,-r14           
0xb00000100010000e 0x0000c000e0000000    @p3    DFMA                      r14            ,r16            ,r16            ,r14            
0x080400000014000e 0x1000c01000000000    @p3    IADDC                     r1             ,r20            ,r14            
0x204000f60001000e 0x0000c0e000000000    @p3    SEL.s                     r14            ,p6             ,r1             ,r14            
0x204000f60002000f 0x0000c0f000000000    @p3    SEL.s                     r15            ,p6             ,r2             ,r15            
0xb80000000000000e 0x0000c00140000000    @p3    DFREXP                    r20            ,r14            
0x0a400000ff800016 0x0000c01000000000    @p3    IADDI.s                   r1             ,-128           ,r22            
0xb700000000010014 0x0000c00100000000    @p3    DLDEXP                    r16            ,r1             ,r20            
0x204000f50010000e 0x0000c0e000000000    @p3    SEL.s                     r14            ,p5             ,r16            ,r14            
0x204000f50011000f 0x0000c0f000000000    @p3    SEL.s                     r15            ,p5             ,r17            ,r15            
0xb0000004000e800a 0x0000c00100000000    @p3    DFMA                      r16            ,r4             ,r14            ,-r10           
0xb000000e0010000e 0x0000c000e0000000    @p3    DFMA                      r14            ,r14            ,r16            ,r14            
0xb0000004000e800a 0x0000c00100000000    @p3    DFMA                      r16            ,r4             ,r14            ,-r10           
0xb000000e0010000e 0x0000c000e0000000    @p3    DFMA                      r14            ,r14            ,r16            ,r14            
0xb1000000000e000c 0x0000c00100000000    @p3    DMUL                      r16            ,r14            ,r12            
0xb000000c0010800a 0x0000c000a0000000    @p3    DFMA                      r10            ,r12            ,r16            ,-r10           
0xb0000010000e000a 0x0000c000a0000000    @p3    DFMA                      r10            ,r16            ,r14            ,r10            
0xb80000000000000a 0x0000c000c0000000    @p3    DFREXP                    r12            ,r10            
0x0a4000000080000e 0x0000c01000000000    @p3    IADDI.s                   r1             ,128            ,r14            
0xb70000000001000c 0x0000c000c0000000    @p3    DLDEXP                    r12            ,r1             ,r12            
0x204000f2000d000b 0x0000c02000000000    @p3    SEL.s                     r2             ,p2             ,r13            ,r11            
0x204000f2000c000a 0x0000c01000000000    @p3    SEL.s                     r1             ,p2             ,r12            ,r10            
0x2f04000000000002 0x0000c00000000000    @p3    AND                       r0             ,r0             ,r2             
0x3300002c07ff0002 0x0000c03000000000    @p3    ANDI                      r3             ,0x7ff          ,r2 >> 20       
0x3004000000000001 0x0000c00000000000    @p3    OR                        r0             ,r0             ,r1             
0x3940400007ff0003 0x0000cf2000000000    @p3    ICMPI.s.eq                p2             ,2047           ,r3             
0x3940500000000000 0x0000cf5000000000    @p3    ICMPI.s.ne                p5             ,0              ,r0             
0x2f00000000f500f2 0x0000cf2000000000    @p3    AND                       p2             ,p5             ,p2             
0x2f00000000f380f2 0x0000cf4000000000    @p3    AND                       p4             ,p3             ,~p2            
0x4800000000000001 0x1001012000000000    @p4    MOV.rp1                   r18            ,r1             
__________________    .LABEL_3:
0x4800000000000004 0x0000006000000000           MOV                       r6             ,r4             
0x4800000000000004 0x0000003000000000           MOV                       r3             ,r4             
0xb600000000060008 0x0000000004000000           DCMP.eq                   r0             ,r6             ,r8             
0xb600000000060008 0x0000000015000000           DCMP.ne                   r1             ,r6             ,r8             
0xb900000000000008 0x0000000064000000           DP2FP.ov.rne              r6             ,r8             
0x48000000000008f0 0x0000007000000000           MOV                       r7             ,PDC_0          
0x48000000000008f0 0x0000009000000000           MOV                       r9             ,PDC_0          
0x48000000000008f0 0x0000008000000000           MOV                       r8             ,PDC_0          
0x4800000000000000 0x00000f2000000000           MOV                       p2             ,r0             
0x204000f200040003 0x000000a000000000           SEL.s                     r10            ,p2             ,r4             ,r3             
0x204000f200050004 0x000000b000000000           SEL.s                     r11            ,p2             ,r5             ,r4             
0xb1000000000a0012 0x00000000c0000000           DMUL                      r12            ,r10            ,r18            
0x4800000000000001 0x00000f2000000000           MOV                       p2             ,r1             
0x204000f200040003 0x000000e000000000           SEL.s                     r14            ,p2             ,r4             ,r3             
0x204000f200050004 0x000000f000000000           SEL.s                     r15            ,p2             ,r5             ,r4             
0x48000000000008f0 0x000000a000000000           MOV                       r10            ,PDC_0          
0x6000000000000007 0x3000000004000000           EMITF                     vso[0].xyzw    ,r7             
0x60000000000008f0 0x0000000004000003           EMITF                     vso[3].x       ,PDC_0          
0x6000000000000006 0x0000000004000002           EMITF                     vso[2].x       ,r6             
0xb1000000000e000c 0x0000000040000000           DMUL                      r4             ,r14            ,r12            
0x4800000000000004 0x1000009000000000           MOV.rp1                   r9             ,r4             
0x6000000000000007 0x300000000c000001           EMITF.ve                  vso[1].xyzw    ,r7             
0xc300000000000000 0x0000000000000000           JUMP                      0              

