0x0300000000080004 0xb600000004000000           FADD.rp3                  r0             ,r8             ,r4             
                                               +EMITF                     vso[0].xyzw    ,fwd            
0x2800000008f30004 0x00000f2000000000           FCMP.gt                   p2             ,PDC_050F       ,r4             
0x204000f200000004 0x0000000000000000           SEL.s                     r0             ,p2             ,r0             ,r4             
0x204000f200010005 0x0000001000000000           SEL.s                     r1             ,p2             ,r1             ,r5             
0x204000f200020006 0x0000002000000000           SEL.s                     r2             ,p2             ,r2             ,r6             
0x204000f200030007 0x0000003000000000           SEL.s                     r3             ,p2             ,r3             ,r7             
0x03040000000c0000 0x0000008000000000           FADD                      r8             ,r12            ,r0             
0x2800000008f40005 0x00000f2000000000           FCMP.gt                   p2             ,PDC_1F         ,r5             
0x03040000000d0001 0x2000004000000000           FADD.rp2                  r4             ,r13            ,r1             
0x204000f200080000 0x86000ff004000002           SEL.s                     void           ,p2             ,r8             ,r0             
                                               +EMITF                     vso[2].x       ,fwd            
0x204000f200040001 0x86000ff005000002           SEL.s                     void           ,p2             ,r4             ,r1             
                                               +EMITF                     vso[2].y       ,fwd            
0x204000f200050002 0x86000ff006000002           SEL.s                     void           ,p2             ,r5             ,r2             
                                               +EMITF                     vso[2].z       ,fwd            
0x204000f200060003 0x86000ff007000002           SEL.s                     void           ,p2             ,r6             ,r3             
                                               +EMITF                     vso[2].w       ,fwd            
0x60000000000008f0 0x3000000004000001           EMITF                     vso[1].xyzw    ,PDC_0          
0x60000000000008f0 0x3000000004000003           EMITF                     vso[3].xyzw    ,PDC_0          
0x60000000000008f0 0x300000000c000004           EMITF.ve                  vso[4].xyzw    ,PDC_0          
0xc300000000000000 0x0000000000000000           JUMP                      0              

