0x0940c00000031000 0x0000000000000000           IMULI.s.b32               r0             ,3              ,cb0            
0x0a400002001c0000 0x0000001000000000           IADDI.s                   r1             ,28             ,r0 << 2        
0x4800000000000801 0x2004001000000000           MOV.rp2.dly1              r1             ,r[r1]          
0x0a40000200200000 0x0000007000000000           IADDI.s                   r7             ,32             ,r0 << 2        
0x0300000000040001 0xa600001004000000           FADD.rp2                  r1             ,r4             ,r1             
                                               +EMITF                     vso[0].xyz     ,fwd            
0x4800000000000807 0x2000004000000000           MOV.rp2                   r4             ,r[r7]          
0x0a40000200240000 0x0000000000000000           IADDI.s                   r0             ,36             ,r0 << 2        
0x0300000000080004 0xa600007004000003           FADD.rp2                  r7             ,r8             ,r4             
                                               +EMITF                     vso[3].xyz     ,fwd            
0x4800000000000800 0x2000004000000000           MOV.rp2                   r4             ,r[r0]          
0x03040000000c0004 0x200000a000000000           FADD.rp2                  r10            ,r12            ,r4             
0x4800000000000008 0x300000d000000000           MOV.rp3                   r13            ,r8             
0x480000000000000c 0x0000011000000000           MOV                       r17            ,r12            
0x4800000000000007 0x0000004000000000           MOV                       r4             ,r7             
0x4800000000000001 0x2000012000000000           MOV.rp2                   r18            ,r1             
0x6000000000000004 0x0000000007000000           EMITF                     vso[0].w       ,r4             
0x600000000000000d 0x3000000004000001           EMITF                     vso[1].xyzw    ,r13            
0x6000000000000011 0x3000000004000002           EMITF                     vso[2].xyzw    ,r17            
0x600000000000000a 0x0000000007000003           EMITF                     vso[3].w       ,r10            
0x600000000000000b 0x100000000c000004           EMITF.ve                  vso[4].xy      ,r11            
0xc300000000000000 0x0000000000000000           JUMP                      0              

