0x3300000000011000 0x0000000000000000           ANDI                      r0             ,0x1            ,cb0            
0x4800000000000006 0x1000001000000000           MOV.rp1                   r1             ,r6             
0x0a40000000041000 0x0000003000000000           IADDI.s                   r3             ,4              ,cb0            
0x3400000000020000 0x0000000000000000           ORI                       r0             ,0x2            ,r0             
0x3800003f00011000 0x0000004000000000           IMINI                     r4             ,0x1            ,cb0 >> 1       
0x8680000380010000 0x00000000310d0000           LD.iu.llc                 r3.x           ,[r1.xy.nlk]    ,void           ,u[r3]          
0x8680000000010000 0x00000000010d0000           LD.iu.llc                 r0.x           ,[r1.xy]        ,void           ,u[r0]          
0x0a40000000040004 0x0000001000000000           IADDI.s                   r1             ,4              ,r4             
0x4b00000000000004 0x0000002000000000           MOVIMM                    r2             ,0x4            
0x8680000100020000 0x00000000100d0000           LD.iu.llc                 r1.x           ,[r2.x]         ,void           ,u[r1]          
0x4b00000000000000 0x0000002000000000           MOVIMM                    r2             ,0x0            
0x8600000080020000 0x00000000400d0060           LD.llc                    r4.x           ,[r2.x.nlk]     ,void           ,u[6]           
0x8600000000020000 0x00000000200d0080           LD.llc                    r2.x           ,[r2.x]         ,void           ,u[8]           
0x0304000000000003 0x0000000000000000           FADD                      r0             ,r0             ,r3             
0x0304000000000001 0x0004000000000000           FADD.dly1                 r0             ,r0             ,r1             
0x0304000000040000 0x0004000000000000           FADD.dly1                 r0             ,r4             ,r0             
0x1700002000000002 0x0000001000000000           FX2FP.rne                 r1             ,r2.32.0        
0x0300000000010000 0x86040ff00c000000           FADD.dly1                 void           ,r1             ,r0             
                                               +EMITF.ve                  vso[0].x       ,fwd            
0xc300000000000000 0x0000000000000000           JUMP                      0              

