0x4800000000000004 0x3000000000000000           MOV.rp3                   r0             ,r4             
0x4800000000000000 0x0000003000000000           MOV                       r3             ,r0             
0x4800000000000000 0x1000005000000000           MOV.rp1                   r5             ,r0             
0x4800000000000008 0x0000004000000000           MOV                       r4             ,r8             
0x4800000000000008 0x0000007000000000           MOV                       r7             ,r8             
0x9400000000030000 0x00000000d1f00000           SMP_LD                    r13.xyzw       ,[r3.crp1]      ,t[0]           ,theap[0]       
0x9400000000050000 0x0000000112f00010           SMP_LD                    r17.xyzw       ,[r5.crp2]      ,t[1]           ,theap[0]       
0x4800000000000000 0x2000015000000000           MOV.rp2                   r21            ,r0             
0x4800000000000008 0x0000018000000000           MOV                       r24            ,r8             
0x9400000000150000 0x0000000153f00020           SMP_LD                    r21.xyzw       ,[r21.crp3]     ,t[2]           ,theap[0]       
0x9500000000000000 0x0000000191f00090           SMP_LDLZ                  r25.xyzw       ,[r0.crp1]      ,t[9]           ,theap[0]       
0x4800000000000000 0x0000009000000000           MOV                       r9             ,r0             
0x4800000000000008 0x000000a000000000           MOV                       r10            ,r8             
0x4800000000000001 0x000000b000000000           MOV                       r11            ,r1             
0x9400000000090000 0x00000001d2f00030           SMP_LD                    r29.xyzw       ,[r9.crp2]      ,t[3]           ,theap[0]       
0x4800000000000000 0x1000021000000000           MOV.rp1                   r33            ,r0             
0x4800000000000008 0x0000023000000000           MOV                       r35            ,r8             
0x4800000000000002 0x0000024000000000           MOV                       r36            ,r2             
0x9400000080210000 0x0000000083f00040           SMP_LD                    r8.xyzw        ,[r33.crp3.nlk] ,t[4]           ,theap[0]       
0x9400000000000000 0x0000000250f000c0           SMP_LD                    r37.xyzw       ,[r0.crp0]      ,t[12]          ,theap[0]       
0x9600000000050000 0x0000000292f000a0           SMP_LDMS                  r41.xyzw       ,[r5.crp2]      ,t[10]          ,theap[0]       
0x9600000000210000 0x0000000213f000b0           SMP_LDMS                  r33.xyzw       ,[r33.crp3]     ,t[11]          ,theap[0]       
0x948000000003000c 0x0000000001f00000           SMP_LD.it                 r0.xyzw        ,[r3.crp1]      ,t[r12]         ,theap[0]       
0x030400000011000d 0x3000004000000000           FADD.rp3                  r4             ,r17            ,r13            
0x0304000000150004 0x3000004000000000           FADD.rp3                  r4             ,r21            ,r4             
0x0304000000190004 0x3000004000000000           FADD.rp3                  r4             ,r25            ,r4             
0x03040000001d0004 0x3000004000000000           FADD.rp3                  r4             ,r29            ,r4             
0x0304000000080004 0x3000004000000000           FADD.rp3                  r4             ,r8             ,r4             
0x0304000000250004 0x3000004000000000           FADD.rp3                  r4             ,r37            ,r4             
0x0304000000290004 0x3000004000000000           FADD.rp3                  r4             ,r41            ,r4             
0x0304000000210004 0x3000004000000000           FADD.rp3                  r4             ,r33            ,r4             
0x0300000000000004 0xb680000008000000           FADD.rp3                  r0             ,r0             ,r4             
                                               +EMITC.rte                 o[0].xyzw      ,fwd            
0xc340000000000000 0x0000000000000000           JUMP.ps                   0              

