0x480000000000000a 0x0000001000000000           MOV                       r1             ,r10            
0x4800000000000004 0x3000003000000000           MOV.rp3                   r3             ,r4             
0x4800000000000003 0x0000000000000000           MOV                       r0             ,r3             
0x4800000000000003 0x1000006000000000           MOV.rp1                   r6             ,r3             
0x48000000000008f8 0x0000002000000000           MOV                       r2             ,PDC_1I         
0x4800000000000001 0x0000008000000000           MOV                       r8             ,r1             
0x4b00000000000081 0x0000009000000000           MOVIMM                    r9             ,0x81           
0x9420000000000000 0x00000000a2f00000           SMP_LD.po                 r10.xyzw       ,[r0.crp2]      ,t[0]           ,theap[0]       
0x9420000000060000 0x00000000e3f00010           SMP_LD.po                 r14.xyzw       ,[r6.crp3]      ,t[1]           ,theap[0]       
0x4800000000000003 0x2000012000000000           MOV.rp2                   r18            ,r3             
0x4800000000000001 0x0000015000000000           MOV                       r21            ,r1             
0x4b00000000003081 0x0000016000000000           MOVIMM                    r22            ,0x3081         
0x48000000000008f0 0x0000017000000000           MOV                       r23            ,PDC_0          
0x9420000000120000 0x0000000184f00020           SMP_LD.po                 r24.xyzw       ,[r18.crp4]     ,t[2]           ,theap[0]       
0x48000000000008f0 0x0000008000000000           MOV                       r8             ,PDC_0          
0x9420000000060000 0x00000001c3f00090           SMP_LD.po                 r28.xyzw       ,[r6.crp3]      ,t[9]           ,theap[0]       
0x4800000000000003 0x0000014000000000           MOV                       r20            ,r3             
0x48000000000008f8 0x0000016000000000           MOV                       r22            ,PDC_1I         
0x4800000000000004 0x0000017000000000           MOV                       r23            ,r4             
0x9420000000140000 0x0000000203f00030           SMP_LD.po                 r32.xyzw       ,[r20.crp3]     ,t[3]           ,theap[0]       
0x4800000000000001 0x0000014000000000           MOV                       r20            ,r1             
0x4800000000000009 0x0000015000000000           MOV                       r21            ,r9             
0x4800000000000005 0x0000016000000000           MOV                       r22            ,r5             
0x48000000000008f0 0x0000017000000000           MOV                       r23            ,PDC_0          
0x9420000080120000 0x0000000004f00040           SMP_LD.po                 r0.xyzw        ,[r18.crp4.nlk] ,t[4]           ,theap[0]       
0x4800000000001000 0x0000004000000000           MOV                       r4             ,cb0            
0x94a0000000120004 0x0000000044f00000           SMP_LD.it.po              r4.xyzw        ,[r18.crp4]     ,t[r4]          ,theap[0]       
0x03040000000e000a 0x3000008000000000           FADD.rp3                  r8             ,r14            ,r10            
0x0304000000180008 0x3000008000000000           FADD.rp3                  r8             ,r24            ,r8             
0x03040000001c0008 0x3000008000000000           FADD.rp3                  r8             ,r28            ,r8             
0x0304000000200008 0x3000008000000000           FADD.rp3                  r8             ,r32            ,r8             
0x0304000000000008 0x3000000000000000           FADD.rp3                  r0             ,r0             ,r8             
0x0300000000040000 0xb680000008000000           FADD.rp3                  r0             ,r4             ,r0             
                                               +EMITC.rte                 o[0].xyzw      ,fwd            
0xc340000000000000 0x0000000000000000           JUMP.ps                   0              

