0xa00000000000000f 0x0000000000000000           RCP                       r0             ,r15            
0x4b00000000007531 0x0000003000000000           MOVIMM                    r3             ,0x7531         
0x4b00000000006420 0x0000002000000000           MOVIMM                    r2             ,0x6420         
0x48000000000008f0 0x000000c000000000           MOV                       r12            ,PDC_0          
0x4800000000001000 0x0000004000000000           MOV                       r4             ,cb0            
0x4800000000000004 0x0004005000000000           MOV.dly1                  r5             ,r4             
0x0204000000082000 0x3000008000000000           FMUL.rp3                  r8             ,r8             ,r0.rp0         
0x4800000000000008 0x1000000000000000           MOV.rp1                   r0             ,r8             
0x9702000000080000 0x00000000d1f00000           SMP_GTH.b                 r13.xyzw       ,[r8.crp1]      ,t[0]           ,s[0]           ,theap[0]       ,sheap[0]       
0x9802000080000000 0x0000000113f00000           SMP_GTHSPO.b              r17.xyzw       ,[r0.crp3.nlk]  ,t[0]           ,s[0]           ,theap[0]       ,sheap[0]       
0x4800000000000008 0x1000007000000000           MOV.rp1                   r7             ,r8             
0x4800000000000002 0x1000009000000000           MOV.rp1                   r9             ,r2             
0x9800000000070000 0x000000006cf10010           SMP_GTHSPO.r.c            r6.xyzw        ,[r7.crp4]      ,t[1]           ,s[1]           ,theap[0]       ,sheap[0]       
0x98c2000000000004 0x0000000003f00000           SMP_GTHSPO.it.is.b        r0.xyzw        ,[r0.crp3]      ,t[r4]          ,s[r5]          ,theap[0]       ,sheap[0]       
0x030400000011000d 0x1000004000000000           FADD.rp1                  r4             ,r17            ,r13            
0x030400000013000f 0x100000a000000000           FADD.rp1                  r10            ,r19            ,r15            
0x0304000000060004 0x1000004000000000           FADD.rp1                  r4             ,r6             ,r4             
0x030400000008000a 0x1000006000000000           FADD.rp1                  r6             ,r8             ,r10            
0x0300000000000004 0xb680000008000000           FADD.rp3                  r0             ,r0             ,r4             
                                               +EMITC.rte                 o[0].xyzw      ,fwd            
0xc340000000000000 0x0000000000000000           JUMP.ps                   0              

