0xa00000000000000f 0x0000000000000000           RCP                       r0             ,r15            
0x4b00000000000248 0x0000002000000000           MOVIMM                    r2             ,0x248          
0x4800000000001000 0x000000d000000000           MOV                       r13            ,cb0            
0x4800000000000002 0x000000c000000000           MOV                       r12            ,r2             
0x48000000000008f0 0x000000f000000000           MOV                       r15            ,PDC_0          
0x4800000000001004 0x0000003000000000           MOV                       r3             ,cb4            
0x4800000000000003 0x0004004000000000           MOV.dly1                  r4             ,r3             
0x0204000000082000 0x3000005000000000           FMUL.rp3                  r5             ,r8             ,r0.rp0         
0x16c0002000000007 0x000000e000000000           FP2FX.sat.s.rne           r14.32.0       ,r7             
0x4800000000000005 0x1000000000000000           MOV.rp1                   r0             ,r5             
0x4800000000000002 0x0000007000000000           MOV                       r7             ,r2             
0x480000000000000e 0x0000008000000000           MOV                       r8             ,r14            
0x9722000080000000 0x0000000102f00000           SMP_GTH.po.b              r16.xyzw       ,[r0.crp2.nlk]  ,t[0]           ,s[0]           ,theap[0]       ,sheap[0]       
0x9720000000050000 0x0000000143f20020           SMP_GTH.po.r              r20.xyzw       ,[r5.crp3]      ,t[2]           ,s[2]           ,theap[0]       ,sheap[0]       
0x9720000080000000 0x0000000182f40040           SMP_GTH.po.r              r24.xyzw       ,[r0.crp2.nlk]  ,t[4]           ,s[4]           ,theap[0]       ,sheap[0]       
0x4800000000001000 0x0000008000000000           MOV                       r8             ,cb0            
0x9720000080050000 0x00000001cbf10010           SMP_GTH.po.r.c            r28.xyzw       ,[r5.crp3.nlk]  ,t[1]           ,s[1]           ,theap[0]       ,sheap[0]       
0x4800000000000005 0x100000a000000000           MOV.rp1                   r10            ,r5             
0x97200000000a0000 0x000000009cf30030           SMP_GTH.po.r.c            r9.xyzw        ,[r10.crp4]     ,t[3]           ,s[3]           ,theap[0]       ,sheap[0]       
0x9720000000050000 0x000000005bf50050           SMP_GTH.po.r.c            r5.xyzw        ,[r5.crp3]      ,t[5]           ,s[5]           ,theap[0]       ,sheap[0]       
0x97e2000000000003 0x0000000002f00000           SMP_GTH.it.is.po.b        r0.xyzw        ,[r0.crp2]      ,t[r3]          ,s[r4]          ,theap[0]       ,sheap[0]       
0x0304000000140010 0x0000004000000000           FADD                      r4             ,r20            ,r16            
0x0304000000150011 0x200000d000000000           FADD.rp2                  r13            ,r21            ,r17            
0x0304000000180004 0x0000004000000000           FADD                      r4             ,r24            ,r4             
0x030400000019000d 0x200000d000000000           FADD.rp2                  r13            ,r25            ,r13            
0x03040000001c0004 0x0000004000000000           FADD                      r4             ,r28            ,r4             
0x03040000001d000d 0x200000d000000000           FADD.rp2                  r13            ,r29            ,r13            
0x0304000000090004 0x0000004000000000           FADD                      r4             ,r9             ,r4             
0x03040000000a000d 0x2000009000000000           FADD.rp2                  r9             ,r10            ,r13            
0x0304000000050004 0x0000004000000000           FADD                      r4             ,r5             ,r4             
0x0304000000060009 0x2000005000000000           FADD.rp2                  r5             ,r6             ,r9             
0x0300000000000004 0xb680000008000000           FADD.rp3                  r0             ,r0             ,r4             
                                               +EMITC.rte                 o[0].xyzw      ,fwd            
0xc340000000000000 0x0000000000000000           JUMP.ps                   0              

