0xa00000000000000f 0x0000000000000000           RCP                       r0             ,r15            
0x4b00000000007531 0x0000003000000000           MOVIMM                    r3             ,0x7531         
0x4b00000000006420 0x0000002000000000           MOVIMM                    r2             ,0x6420         
0x48000000000028f0 0x100000c000000000           MOV.rp1                   r12            ,PDC_0          
0x4800000000001004 0x0000004000000000           MOV                       r4             ,cb4            
0x4800000000000004 0x0004005000000000           MOV.dly1                  r5             ,r4             
0x0204000000082000 0x3000008000000000           FMUL.rp3                  r8             ,r8             ,r0.rp0         
0x16c000200000000a 0x0000006000000000           FP2FX.sat.s.rne           r6.32.0        ,r10            
0x4800000000000002 0x100000a000000000           MOV.rp1                   r10            ,r2             
0x4800000000000008 0x1000000000000000           MOV.rp1                   r0             ,r8             
0x4800000000000008 0x300000e000000000           MOV.rp3                   r14            ,r8             
0x480000000000000c 0x1000012000000000           MOV.rp1                   r18            ,r12            
0x4800000000000006 0x0000012000000000           MOV                       r18            ,r6             
0x48000000000008f0 0x0000013000000000           MOV                       r19            ,PDC_0          
0x9802000080000000 0x0000000143f00000           SMP_GTHSPO.b              r20.xyzw       ,[r0.crp3.nlk]  ,t[0]           ,s[0]           ,theap[0]       ,sheap[0]       
0x98000000000e0000 0x00000000e4f20020           SMP_GTHSPO.r              r14.xyzw       ,[r14.crp4]     ,t[2]           ,s[2]           ,theap[0]       ,sheap[0]       
0x4800000000001000 0x000000c000000000           MOV                       r12            ,cb0            
0x9800000080000000 0x0000000183f40040           SMP_GTHSPO.r              r24.xyzw       ,[r0.crp3.nlk]  ,t[4]           ,s[4]           ,theap[0]       ,sheap[0]       
0x4800000000000008 0x300001c000000000           MOV.rp3                   r28            ,r8             
0x480000000000000c 0x1000020000000000           MOV.rp1                   r32            ,r12            
0x48000000000008f0 0x0000021000000000           MOV                       r33            ,PDC_0          
0x98000000801c0000 0x000000022cf10010           SMP_GTHSPO.r.c            r34.xyzw       ,[r28.crp4.nlk] ,t[1]           ,s[1]           ,theap[0]       ,sheap[0]       
0x4800000000000006 0x000000d000000000           MOV                       r13            ,r6             
0x9800000000080000 0x000000006df30030           SMP_GTHSPO.r.c            r6.xyzw        ,[r8.crp5]      ,t[3]           ,s[3]           ,theap[0]       ,sheap[0]       
0x98000000001c0000 0x00000000acf50050           SMP_GTHSPO.r.c            r10.xyzw       ,[r28.crp4]     ,t[5]           ,s[5]           ,theap[0]       ,sheap[0]       
0x98c2000000000004 0x0000000003f00000           SMP_GTHSPO.it.is.b        r0.xyzw        ,[r0.crp3]      ,t[r4]          ,s[r5]          ,theap[0]       ,sheap[0]       
0x03040000000e0014 0x1000004000000000           FADD.rp1                  r4             ,r14            ,r20            
0x0304000000100016 0x100000e000000000           FADD.rp1                  r14            ,r16            ,r22            
0x0304000000180004 0x1000004000000000           FADD.rp1                  r4             ,r24            ,r4             
0x03040000001a000e 0x100000e000000000           FADD.rp1                  r14            ,r26            ,r14            
0x0304000000220004 0x1000004000000000           FADD.rp1                  r4             ,r34            ,r4             
0x030400000024000e 0x100000e000000000           FADD.rp1                  r14            ,r36            ,r14            
0x0304000000060004 0x1000004000000000           FADD.rp1                  r4             ,r6             ,r4             
0x030400000008000e 0x1000006000000000           FADD.rp1                  r6             ,r8             ,r14            
0x03040000000a0004 0x3000004000000000           FADD.rp3                  r4             ,r10            ,r4             
0x0300000000000004 0xb680000008000000           FADD.rp3                  r0             ,r0             ,r4             
                                               +EMITC.rte                 o[0].xyzw      ,fwd            
0xc340000000000000 0x0000000000000000           JUMP.ps                   0              

