0xa00000000000000f 0x0000000000000000           RCP                       r0             ,r15            
0x4b00000000000001 0x0000002000000000           MOVIMM                    r2             ,0x1            
0x4b00000000000081 0x0000006000000000           MOVIMM                    r6             ,0x81           
0x4800000000000002 0x000000c000000000           MOV                       r12            ,r2             
0x4800000000000006 0x0000010000000000           MOV                       r16            ,r6             
0x4b00000000003081 0x0000015000000000           MOVIMM                    r21            ,0x3081         
0x4800000000000006 0x0000018000000000           MOV                       r24            ,r6             
0x4800000000000002 0x000001a000000000           MOV                       r26            ,r2             
0x4800000000001000 0x0000007000000000           MOV                       r7             ,cb0            
0x0204000000082000 0x300001d000000000           FMUL.rp3                  r29            ,r8             ,r0.rp0         
0x16c000200000001e 0x0000008000000000           FP2FX.sat.s.rne           r8.32.0        ,r30            
0x16c000200000001f 0x0000021000000000           FP2FX.sat.s.rne           r33.32.0       ,r31            
0x480000000000001d 0x000000b000000000           MOV                       r11            ,r29            
0x480000000000001d 0x100000e000000000           MOV.rp1                   r14            ,r29            
0x4800000000000008 0x000000d000000000           MOV                       r13            ,r8             
0x4800000000000021 0x0000011000000000           MOV                       r17            ,r33            
0x16c0020e00000020 0x0000005000000000           FP2FX.sat.s.rne           r5.6.8         ,r32            
0x90200000000b0000 0x0000000232f50050           SMP.po                    r35.xyzw       ,[r11.crp2]     ,t[5]           ,s[5]           ,theap[0]       ,sheap[0]       
0x90200000000e0000 0x0000000273f60060           SMP.po                    r39.xyzw       ,[r14.crp3]     ,t[6]           ,s[6]           ,theap[0]       ,sheap[0]       
0x480000000000001f 0x0000011000000000           MOV                       r17            ,r31            
0x480000000000001f 0x000000d000000000           MOV                       r13            ,r31            
0x480000000000000b 0x0000000000000000           MOV                       r0             ,r11            
0x480000000000000e 0x1000003000000000           MOV.rp1                   r3             ,r14            
0x90200000800e0000 0x000000009b1a00a0           SMP.po.c                  r9.x           ,[r14.crp3.nlk] ,t[10]          ,s[10]          ,theap[0]       ,sheap[0]       
0x90200000000b0000 0x00000000aa130030           SMP.po.c                  r10.x          ,[r11.crp2]     ,t[3]           ,s[3]           ,theap[0]       ,sheap[0]       
0x4800000000000005 0x0000001000000000           MOV                       r1             ,r5             
0x480000000000001d 0x2000012000000000           MOV.rp2                   r18            ,r29            
0x9120000000000000 0x00000002b2f00000           SMP_B.po                  r43.xyzw       ,[r0.crp2]      ,t[0]           ,s[0]           ,theap[0]       ,sheap[0]       
0x9120000000030000 0x00000002f3f10010           SMP_B.po                  r47.xyzw       ,[r3.crp3]      ,t[1]           ,s[1]           ,theap[0]       ,sheap[0]       
0x480000000000001d 0x1000016000000000           MOV.rp1                   r22            ,r29            
0x90200000000e0000 0x000000000b140040           SMP.po.c                  r0.x           ,[r14.crp3]     ,t[4]           ,s[4]           ,theap[0]       ,sheap[0]       
0x480000000000001d 0x0000019000000000           MOV                       r25            ,r29            
0x9020000000120000 0x00000000b3f20020           SMP.po                    r11.xyzw       ,[r18.crp3]     ,t[2]           ,s[2]           ,theap[0]       ,sheap[0]       
0x480000000000001f 0x000001b000000000           MOV                       r27            ,r31            
0x4800000000000008 0x000001c000000000           MOV                       r28            ,r8             
0x9020000000160000 0x00000000f2f90090           SMP.po                    r15.xyzw       ,[r22.crp2]     ,t[9]           ,s[9]           ,theap[0]       ,sheap[0]       
0x9020000000190000 0x000000001b170070           SMP.po.c                  r1.x           ,[r25.crp3]     ,t[7]           ,s[7]           ,theap[0]       ,sheap[0]       
0x4800000000000006 0x000001f000000000           MOV                       r31            ,r6             
0x48000000000008f0 0x0000022000000000           MOV                       r34            ,PDC_0          
0x4800000000000007 0x0000008000000000           MOV                       r8             ,r7             
0x90200000001d0000 0x000000002c180080           SMP.po.c                  r2.x           ,[r29.crp4]     ,t[8]           ,s[8]           ,theap[0]       ,sheap[0]       
0x91e0000000030007 0x0000000033f00000           SMP_B.it.is.po            r3.xyzw        ,[r3.crp3]      ,t[r7]          ,s[r8]          ,theap[0]       ,sheap[0]       
0x03040000000a0009 0x0000007000000000           FADD                      r7             ,r10            ,r9             
0x03040000002f002b 0x3000013000000000           FADD.rp3                  r19            ,r47            ,r43            
0x0304000000000007 0x0000000000000000           FADD                      r0             ,r0             ,r7             
0x03040000000b0013 0x3000007000000000           FADD.rp3                  r7             ,r11            ,r19            
0x03040000000f0007 0x3000007000000000           FADD.rp3                  r7             ,r15            ,r7             
0x0304000000010000 0x0000000000000000           FADD                      r0             ,r1             ,r0             
0x0304000000230007 0x3000007000000000           FADD.rp3                  r7             ,r35            ,r7             
0x0304000000270007 0x3000007000000000           FADD.rp3                  r7             ,r39            ,r7             
0x0304000000020000 0x0000000000000000           FADD                      r0             ,r2             ,r0             
0x0300000000030007 0xb680001008000000           FADD.rp3                  r1             ,r3             ,r7             
                                               +EMITC.rte                 o[0].xyzw      ,fwd            
0x6800000000000000 0x0000000008000003           EMITC.rte                 o[3].x         ,r0             
0xc340000000000000 0x0000000000000000           JUMP.ps                   0              

