0xa000000000000017 0x0000000000000000           RCP                       r0             ,r23            
0x480000000000000c 0x0000001000000000           MOV                       r1             ,r12            
0x480000000000000d 0x0000005000000000           MOV                       r5             ,r13            
0x4800000000000001 0x0000002000000000           MOV                       r2             ,r1             
0x4800000000000005 0x0000006000000000           MOV                       r6             ,r5             
0x1140000000041000 0x0000003000000000           SHR.s                     r3             ,r4             ,cb0            
0x1740002000001001 0x0000004000000000           FX2FP.s.rne               r4             ,cb1.32.0       
0x1740002000000003 0x0000003000000000           FX2FP.s.rne               r3             ,r3.32.0        
0x0204000000102000 0x3000008000000000           FMUL.rp3                  r8             ,r16            ,r0.rp0         
0x90c0000080080001 0x0000000001300000           SMP.it.is                 r0.xy          ,[r8.crp1.nlk]  ,t[r1]          ,s[r2]          ,theap[0]       ,sheap[0]       
0x90c0000000080005 0x0000000051300000           SMP.it.is                 r5.xy          ,[r8.crp1]      ,t[r5]          ,s[r6]          ,theap[0]       ,sheap[0]       
0x480000000000100b 0x0000009000000000           MOV                       r9             ,cb11           
0x4800000000001004 0x1000007000000000           MOV.rp1                   r7             ,cb4            
0x480000000000100f 0x000000a000000000           MOV                       r10            ,cb15           
0x1700020c00000000 0x0000000000000000           FX2FP.rne                 r0             ,r0.4.8         
0x1740021200000001 0x0000001000000000           FX2FP.s.rne               r1             ,r1.10.8        
0x1700020c00000005 0x0000002000000000           FX2FP.rne                 r2             ,r5.4.8         
0x1740021200000006 0x0000005000000000           FX2FP.s.rne               r5             ,r6.10.8        
0x0300000000000003 0x96800ff000000000           FADD.rp1                  void           ,r0             ,r3             
                                               +EMITC                     o[0].xy        ,fwd            
0x0300000008f40002 0x86800ff002000000           FADD                      void           ,PDC_1F         ,r2             
                                               +EMITC                     o[0].z         ,fwd            
0x0300000008f40005 0x86800ff00b000000           FADD                      void           ,PDC_1F         ,r5             
                                               +EMITC.rte                 o[0].w         ,fwd            
0x6800000000000007 0x3000000008000004           EMITC.rte                 o[4].xyzw      ,r7             
0xc340000000000000 0x0000000000000000           JUMP.ps                   0              

