0xa00000000000000b 0x0000000000000000           RCP                       r0             ,r11            
0x16c0020e00001000 0x0000002000000000           FP2FX.sat.s.rne           r2.6.8         ,cb0            
0x4b00000000000001 0x0000009000000000           MOVIMM                    r9             ,0x1            
0x4800000000000002 0x0000008000000000           MOV                       r8             ,r2             
0x4800000000000009 0x0000003000000000           MOV                       r3             ,r9             
0x4800000000000002 0x000000b000000000           MOV                       r11            ,r2             
0x4800000000001004 0x000000d000000000           MOV                       r13            ,cb4            
0x480000000000000d 0x000400e000000000           MOV.dly1                  r14            ,r13            
0x0204000000042000 0x3000004000000000           FMUL.rp3                  r4             ,r4             ,r0.rp0         
0xa000000000000007 0x0004000000000000           RCP.dly1                  r0             ,r7             
0xa000000000000005 0x0000000010000000           RCP                       r1             ,r5             
0xa000000000000006 0x00000000c0000000           RCP                       r12            ,r6             
0x0204000000000006 0x0000006000000000           FMUL                      r6             ,r0             ,r6             
0x0204000000000004 0x0000007000000000           FMUL                      r7             ,r0             ,r4             
0x4800000000000006 0x000000a000000000           MOV                       r10            ,r6             
0x9220000000070000 0x00000000fb130030           SMP_L.po.c                r15.x          ,[r7.crp3]      ,t[3]           ,s[3]           ,theap[0]       ,sheap[0]       
0x0204000000000005 0x0000008000000000           FMUL                      r8             ,r0             ,r5             
0x0204000000010004 0x0000001000000000           FMUL                      r1             ,r1             ,r4             
0x4800000000000007 0x3000010000000000           MOV.rp3                   r16            ,r7             
0x480000000000000b 0x1000014000000000           MOV.rp1                   r20            ,r11            
0x9220000000010000 0x0000000162f00000           SMP_L.po                  r22.xyzw       ,[r1.crp2]      ,t[0]           ,s[0]           ,theap[0]       ,sheap[0]       
0x4800000000000007 0x0000001000000000           MOV                       r1             ,r7             
0x4b00000000000081 0x0000013000000000           MOVIMM                    r19            ,0x81           
0x9220000000010000 0x00000001a2f00000           SMP_L.po                  r26.xyzw       ,[r1.crp2]      ,t[0]           ,s[0]           ,theap[0]       ,sheap[0]       
0x02040000200c0004 0x1000000000000000           FMUL.rp1                  r0             ,r12.rp0        ,r4             
0x4800000000000013 0x0000003000000000           MOV                       r3             ,r19            
0x9220000000000000 0x00000001e3f10010           SMP_L.po                  r30.xyzw       ,[r0.crp3]      ,t[1]           ,s[1]           ,theap[0]       ,sheap[0]       
0x4800000000000007 0x1000009000000000           MOV.rp1                   r9             ,r7             
0x4800000000000013 0x000000c000000000           MOV                       r12            ,r19            
0x9220000000090000 0x0000000223f10010           SMP_L.po                  r34.xyzw       ,[r9.crp3]      ,t[1]           ,s[1]           ,theap[0]       ,sheap[0]       
0x4800000000000006 0x0000009000000000           MOV                       r9             ,r6             
0x4800000000000002 0x000000a000000000           MOV                       r10            ,r2             
0x4b00000000003081 0x000000b000000000           MOVIMM                    r11            ,0x3081         
0x48000000000008f0 0x000000c000000000           MOV                       r12            ,PDC_0          
0x9220000000070000 0x0000000074f20020           SMP_L.po                  r7.xyzw        ,[r7.crp4]      ,t[2]           ,s[2]           ,theap[0]       ,sheap[0]       
0x4800000000000002 0x0000012000000000           MOV                       r18            ,r2             
0x4800000000000006 0x0000014000000000           MOV                       r20            ,r6             
0x48000000000008f0 0x0000015000000000           MOV                       r21            ,PDC_0          
0x9220000000100000 0x000000004c140040           SMP_L.po.c                r4.x           ,[r16.crp4]     ,t[4]           ,s[4]           ,theap[0]       ,sheap[0]       
0x92e000000000000d 0x0000000003f00000           SMP_L.it.is.po            r0.xyzw        ,[r0.crp3]      ,t[r13]         ,s[r14]         ,theap[0]       ,sheap[0]       
0x03040000001a0016 0x1000005000000000           FADD.rp1                  r5             ,r26            ,r22            
0x03040000001c0018 0x100000b000000000           FADD.rp1                  r11            ,r28            ,r24            
0x03040000001e0005 0x1000005000000000           FADD.rp1                  r5             ,r30            ,r5             
0x030400000020000b 0x100000b000000000           FADD.rp1                  r11            ,r32            ,r11            
0x0304000000220005 0x1000005000000000           FADD.rp1                  r5             ,r34            ,r5             
0x030400000024000b 0x100000b000000000           FADD.rp1                  r11            ,r36            ,r11            
0x0304000000070005 0x1000005000000000           FADD.rp1                  r5             ,r7             ,r5             
0x030400000009000b 0x1000007000000000           FADD.rp1                  r7             ,r9             ,r11            
0x030400000004000f 0x0000004000000000           FADD                      r4             ,r4             ,r15            
0x0300000000000005 0xb680000008000000           FADD.rp3                  r0             ,r0             ,r5             
                                               +EMITC.rte                 o[0].xyzw      ,fwd            
0x6800000000000004 0x0000000008000003           EMITC.rte                 o[3].x         ,r4             
0xc340000000000000 0x0000000000000000           JUMP.ps                   0              

