0xa00000000000000b 0x0000000000000000           RCP                       r0             ,r11            
0x16c0020e00001000 0x0000002000000000           FP2FX.sat.s.rne           r2.6.8         ,cb0            
0x4800000000001004 0x0000008000000000           MOV                       r8             ,cb4            
0x4800000000000002 0x000000b000000000           MOV                       r11            ,r2             
0x4800000000000008 0x0000009000000000           MOV                       r9             ,r8             
0x0204000000042000 0x3000003000000000           FMUL.rp3                  r3             ,r4             ,r0.rp0         
0xa000000000000006 0x0004000060000000           RCP.dly1                  r6             ,r6             
0xa000000000000004 0x0000000000000000           RCP                       r0             ,r4             
0xa000000000000005 0x0000000070000000           RCP                       r7             ,r5             
0x0204000000060003 0x000000a000000000           FMUL                      r10            ,r6             ,r3             
0x0204000000000003 0x0000001000000000           FMUL                      r1             ,r0             ,r3             
0x9200000000010000 0x00000000e1f00000           SMP_L                     r14.xyzw       ,[r1.crp1]      ,t[0]           ,s[0]           ,theap[0]       ,sheap[0]       
0x480000000000000a 0x0000001000000000           MOV                       r1             ,r10            
0x0204000000060005 0x0000005000000000           FMUL                      r5             ,r6             ,r5             
0x9200000000010000 0x0000000121f00000           SMP_L                     r18.xyzw       ,[r1.crp1]      ,t[0]           ,s[0]           ,theap[0]       ,sheap[0]       
0x4800000000002005 0x100000c000000000           MOV.rp1                   r12            ,r5.rp0         
0x0204000020070003 0x1000000000000000           FMUL.rp1                  r0             ,r7.rp0         ,r3             
0x92000000000a0000 0x000000003a130030           SMP_L.c                   r3.x           ,[r10.crp2]     ,t[3]           ,s[3]           ,theap[0]       ,sheap[0]       
0x0204000000060004 0x000000b000000000           FMUL                      r11            ,r6             ,r4             
0x4800000000000002 0x000000c000000000           MOV                       r12            ,r2             
0x9200000080000000 0x0000000162f10010           SMP_L                     r22.xyzw       ,[r0.crp2.nlk]  ,t[1]           ,s[1]           ,theap[0]       ,sheap[0]       
0x92000000000a0000 0x000000004b140040           SMP_L.c                   r4.x           ,[r10.crp3]     ,t[4]           ,s[4]           ,theap[0]       ,sheap[0]       
0x92000000000a0000 0x00000001a2f10010           SMP_L                     r26.xyzw       ,[r10.crp2]     ,t[1]           ,s[1]           ,theap[0]       ,sheap[0]       
0x4800000000000005 0x000000c000000000           MOV                       r12            ,r5             
0x4800000000000002 0x000000d000000000           MOV                       r13            ,r2             
0x92000000000a0000 0x00000000a3f20020           SMP_L                     r10.xyzw       ,[r10.crp3]     ,t[2]           ,s[2]           ,theap[0]       ,sheap[0]       
0x92c0000000000008 0x0000000052f00000           SMP_L.it.is               r5.xyzw        ,[r0.crp2]      ,t[r8]          ,s[r9]          ,theap[0]       ,sheap[0]       
0x030400000012000e 0x2000000000000000           FADD.rp2                  r0             ,r18            ,r14            
0x0304000000150011 0x0000009000000000           FADD                      r9             ,r21            ,r17            
0x0304000000160000 0x2000000000000000           FADD.rp2                  r0             ,r22            ,r0             
0x0304000000190009 0x0000009000000000           FADD                      r9             ,r25            ,r9             
0x0304000000040003 0x0000003000000000           FADD                      r3             ,r4             ,r3             
0x03040000001a0000 0x2000000000000000           FADD.rp2                  r0             ,r26            ,r0             
0x03040000001d0009 0x0000004000000000           FADD                      r4             ,r29            ,r9             
0x03040000000a0000 0x2000000000000000           FADD.rp2                  r0             ,r10            ,r0             
0x03040000000d0004 0x0000004000000000           FADD                      r4             ,r13            ,r4             
0x0300000000050000 0xa6800ff000000000           FADD.rp2                  void           ,r5             ,r0             
                                               +EMITC                     o[0].xyz       ,fwd            
0x0300000000080004 0x86800ff00b000000           FADD                      void           ,r8             ,r4             
                                               +EMITC.rte                 o[0].w         ,fwd            
0x6800000000000003 0x0000000008000003           EMITC.rte                 o[3].x         ,r3             
0xc340000000000000 0x0000000000000000           JUMP.ps                   0              

