0xa00000000000000b 0x0000000000000000           RCP                       r0             ,r11            
0x16c0020e00001000 0x0000001000000000           FP2FX.sat.s.rne           r1.6.8         ,cb0            
0x0204000000042000 0x3000002000000000           FMUL.rp3                  r2             ,r4             ,r0.rp0         
0x2604000040034002 0x0000006000000000           FMAX                      r6             ,|r3|           ,|r2|           
0x4800000000000002 0x0000000000000000           MOV                       r0             ,r2             
0x2600000040040006 0x8a000ff060000000           FMAX                      void           ,|r4|           ,r6             
                                               +RCP                       r6             ,fwd            
0x16c0002000000004 0x0000007000000000           FP2FX.sat.s.rne           r7.32.0        ,r4             
0x9100000000000000 0x0000000081f00000           SMP_B                     r8.xyzw        ,[r0.crp1]      ,t[0]           ,s[0]           ,theap[0]       ,sheap[0]       
0x16c0002000000003 0x0000001000000000           FP2FX.sat.s.rne           r1.32.0        ,r3             
0x16c0002000000005 0x0000005000000000           FP2FX.sat.s.rne           r5.32.0        ,r5             
0x9000000080020000 0x00000000c1f10010           SMP                       r12.xyzw       ,[r2.crp1.nlk]  ,t[1]           ,s[1]           ,theap[0]       ,sheap[0]       
0x9000000000020000 0x0000000102f20020           SMP                       r16.xyzw       ,[r2.crp2]      ,t[2]           ,s[2]           ,theap[0]       ,sheap[0]       
0x0200000000022006 0xa900014182f30030           FMUL.rp2                  r20            ,r2             ,r6.rp0         
                                               +SMP                       r24.xyzw       ,[fwd]          ,t[3]           ,s[3]           ,theap[0]       ,sheap[0]       
0x9000000000000000 0x00000001c1f40040           SMP                       r28.xyzw       ,[r0.crp1]      ,t[4]           ,s[4]           ,theap[0]       ,sheap[0]       
0x4800000000000007 0x0000004000000000           MOV                       r4             ,r7             
0x9000000000020000 0x0000000202f50050           SMP                       r32.xyzw       ,[r2.crp2]      ,t[5]           ,s[5]           ,theap[0]       ,sheap[0]       
0x0940c00000060005 0x0000017000000000           IMULI.s.b32               r23            ,6              ,r5             
0x9000000000140000 0x0000000043f60060           SMP                       r4.xyzw        ,[r20.crp3]     ,t[6]           ,s[6]           ,theap[0]       ,sheap[0]       
0x9000000000020000 0x0000000001f70070           SMP                       r0.xyzw        ,[r2.crp1]      ,t[7]           ,s[7]           ,theap[0]       ,sheap[0]       
0x07440000000c0008 0x3000008000000000           IADD.s.rp3                r8             ,r12            ,r8             
0x0744000000100008 0x3000008000000000           IADD.s.rp3                r8             ,r16            ,r8             
0x07440000001c0018 0x300000c000000000           IADD.s.rp3                r12            ,r28            ,r24            
0x074400000020000c 0x300000c000000000           IADD.s.rp3                r12            ,r32            ,r12            
0x07440000000c0008 0x3000008000000000           IADD.s.rp3                r8             ,r12            ,r8             
0x0744000000000004 0x3000000000000000           IADD.s.rp3                r0             ,r0             ,r4             
0x0740000000000008 0xb680000008000001           IADD.s.rp3                r0             ,r0             ,r8             
                                               +EMITC.rte                 o[1].xyzw      ,fwd            
0xc340000000000000 0x0000000000000000           JUMP.ps                   0              

