0xa00000000000000b 0x0000000000000000           RCP                       r0             ,r11            
0x16c0020e00001000 0x0000001000000000           FP2FX.sat.s.rne           r1.6.8         ,cb0            
0x4800000000001004 0x0000002000000000           MOV                       r2             ,cb4            
0x4800000000000001 0x0000008000000000           MOV                       r8             ,r1             
0x4800000000000002 0x0000003000000000           MOV                       r3             ,r2             
0x0204000000042000 0x3000004000000000           FMUL.rp3                  r4             ,r4             ,r0.rp0         
0xa000000000000007 0x0004000000000000           RCP.dly1                  r0             ,r7             
0xa000000000000005 0x0000000010000000           RCP                       r1             ,r5             
0xa000000000000006 0x0000000090000000           RCP                       r9             ,r6             
0x0200000020000004 0x990000a0d1f10010           FMUL.rp1                  r10            ,r0.rp0         ,r4             
                                               +SMP                       r13.xyzw       ,[fwd]          ,t[1]           ,s[1]           ,theap[0]       ,sheap[0]       
0x0204000000000006 0x0000000000000000           FMUL                      r0             ,r0             ,r6             
0x0200000000010004 0x89000ff110f00000           FMUL                      void           ,r1             ,r4             
                                               +SMP                       r17.xyzw       ,[fwd]          ,t[0]           ,s[0]           ,theap[0]       ,sheap[0]       
0x90000000000a0000 0x0000000150f00000           SMP                       r21.xyzw       ,[r10.crp0]     ,t[0]           ,s[0]           ,theap[0]       ,sheap[0]       
0x480000000000000a 0x0000007000000000           MOV                       r7             ,r10            
0x4800000000000000 0x000000c000000000           MOV                       r12            ,r0             
0x0200000020090004 0x9900004191f10010           FMUL.rp1                  r4             ,r9.rp0         ,r4             
                                               +SMP                       r25.xyzw       ,[fwd]          ,t[1]           ,s[1]           ,theap[0]       ,sheap[0]       
0x4800000000000000 0x0000009000000000           MOV                       r9             ,r0             
0x90000000800a0000 0x000000001a140040           SMP.c                     r1.x           ,[r10.crp2.nlk] ,t[4]           ,s[4]           ,theap[0]       ,sheap[0]       
0x90000000800a0000 0x000000006a160060           SMP.c                     r6.x           ,[r10.crp2.nlk] ,t[6]           ,s[6]           ,theap[0]       ,sheap[0]       
0x9100000000070000 0x000000000a130030           SMP_B.c                   r0.x           ,[r7.crp2]      ,t[3]           ,s[3]           ,theap[0]       ,sheap[0]       
0x90000000000a0000 0x00000001d2f20020           SMP                       r29.xyzw       ,[r10.crp2]     ,t[2]           ,s[2]           ,theap[0]       ,sheap[0]       
0x90000000000a0000 0x0000000071f50050           SMP                       r7.xyzw        ,[r10.crp1]     ,t[5]           ,s[5]           ,theap[0]       ,sheap[0]       
0x9000000080040000 0x0000000211f50050           SMP                       r33.xyzw       ,[r4.crp1.nlk]  ,t[5]           ,s[5]           ,theap[0]       ,sheap[0]       
0x90c0000000040002 0x0000000021f00000           SMP.it.is                 r2.xyzw        ,[r4.crp1]      ,t[r2]          ,s[r3]          ,theap[0]       ,sheap[0]       
0x0304000000150011 0x3000011000000000           FADD.rp3                  r17            ,r21            ,r17            
0x0304000000190011 0x3000011000000000           FADD.rp3                  r17            ,r25            ,r17            
0x03040000000d0011 0x300000b000000000           FADD.rp3                  r11            ,r13            ,r17            
0x0304000000010000 0x0000000000000000           FADD                      r0             ,r1             ,r0             
0x0304000000060000 0x0004000000000000           FADD.dly1                 r0             ,r6             ,r0             
0x03040000001d000b 0x300000b000000000           FADD.rp3                  r11            ,r29            ,r11            
0x030400000007000b 0x3000006000000000           FADD.rp3                  r6             ,r7             ,r11            
0x0304000000210006 0x3000006000000000           FADD.rp3                  r6             ,r33            ,r6             
0x0300000000020006 0xb680001008000000           FADD.rp3                  r1             ,r2             ,r6             
                                               +EMITC.rte                 o[0].xyzw      ,fwd            
0x6800000000000000 0x0000000008000003           EMITC.rte                 o[3].x         ,r0             
0xc340000000000000 0x0000000000000000           JUMP.ps                   0              

