0xa00000000000000b 0x0000000000000000           RCP                       r0             ,r11            
0x16c0020e00001000 0x0000001000000000           FP2FX.sat.s.rne           r1.6.8         ,cb0            
0x4b00000000000001 0x0000002000000000           MOVIMM                    r2             ,0x1            
0x4b00000000000081 0x0000008000000000           MOVIMM                    r8             ,0x81           
0x4800000000000002 0x000000b000000000           MOV                       r11            ,r2             
0x4800000000000002 0x000000d000000000           MOV                       r13            ,r2             
0x4800000000000008 0x000000e000000000           MOV                       r14            ,r8             
0x4800000000001004 0x000000f000000000           MOV                       r15            ,cb4            
0x0204000000042000 0x3000004000000000           FMUL.rp3                  r4             ,r4             ,r0.rp0         
0xa000000000000007 0x0004000070000000           RCP.dly1                  r7             ,r7             
0xa000000000000005 0x00000000a0000000           RCP                       r10            ,r5             
0xa000000000000006 0x0000000110000000           RCP                       r17            ,r6             
0x480000000000000f 0x0000010000000000           MOV                       r16            ,r15            
0x0204000000070006 0x0000012000000000           FMUL                      r18            ,r7             ,r6             
0x0204000000070004 0x0000000000000000           FMUL                      r0             ,r7             ,r4             
0x4800000000000012 0x0000003000000000           MOV                       r3             ,r18            
0x9120000000000000 0x000000013b130030           SMP_B.po.c                r19.x          ,[r0.crp3]      ,t[3]           ,s[3]           ,theap[0]       ,sheap[0]       
0x0204000000070005 0x0000001000000000           FMUL                      r1             ,r7             ,r5             
0x4800000000000000 0x1000006000000000           MOV.rp1                   r6             ,r0             
0x4800000000000000 0x000000c000000000           MOV                       r12            ,r0             
0x4800000000000012 0x0000009000000000           MOV                       r9             ,r18            
0x02040000000a0004 0x000000a000000000           FMUL                      r10            ,r10            ,r4             
0x9020000080060000 0x000000014b140040           SMP.po.c                  r20.x          ,[r6.crp3.nlk]  ,t[4]           ,s[4]           ,theap[0]       ,sheap[0]       
0x9020000000060000 0x000000009b160060           SMP.po.c                  r9.x           ,[r6.crp3]      ,t[6]           ,s[6]           ,theap[0]       ,sheap[0]       
0x90200000000a0000 0x0000000151f00000           SMP.po                    r21.xyzw       ,[r10.crp1]     ,t[0]           ,s[0]           ,theap[0]       ,sheap[0]       
0x90200000000c0000 0x0000000191f00000           SMP.po                    r25.xyzw       ,[r12.crp1]     ,t[0]           ,s[0]           ,theap[0]       ,sheap[0]       
0x0204000020110004 0x1000006000000000           FMUL.rp1                  r6             ,r17.rp0        ,r4             
0x9020000080060000 0x00000001d2f10010           SMP.po                    r29.xyzw       ,[r6.crp2.nlk]  ,t[1]           ,s[1]           ,theap[0]       ,sheap[0]       
0x4800000000000001 0x000000d000000000           MOV                       r13            ,r1             
0x90200000800c0000 0x0000000212f10010           SMP.po                    r33.xyzw       ,[r12.crp2.nlk] ,t[1]           ,s[1]           ,theap[0]       ,sheap[0]       
0x4800000000000012 0x0000002000000000           MOV                       r2             ,r18            
0x4b00000000003081 0x0000003000000000           MOVIMM                    r3             ,0x3081         
0x9020000000000000 0x0000000003f20020           SMP.po                    r0.xyzw        ,[r0.crp3]      ,t[2]           ,s[2]           ,theap[0]       ,sheap[0]       
0x90200000000c0000 0x00000000a2f50050           SMP.po                    r10.xyzw       ,[r12.crp2]     ,t[5]           ,s[5]           ,theap[0]       ,sheap[0]       
0x9020000080060000 0x0000000252f50050           SMP.po                    r37.xyzw       ,[r6.crp2.nlk]  ,t[5]           ,s[5]           ,theap[0]       ,sheap[0]       
0x90e000000006000f 0x0000000042f00000           SMP.it.is.po              r4.xyzw        ,[r6.crp2]      ,t[r15]         ,s[r16]         ,theap[0]       ,sheap[0]       
0x0304000000190015 0x300000e000000000           FADD.rp3                  r14            ,r25            ,r21            
0x03040000001d000e 0x300000e000000000           FADD.rp3                  r14            ,r29            ,r14            
0x030400000021000e 0x300000e000000000           FADD.rp3                  r14            ,r33            ,r14            
0x0304000000140013 0x0000008000000000           FADD                      r8             ,r20            ,r19            
0x030400000000000e 0x3000000000000000           FADD.rp3                  r0             ,r0             ,r14            
0x03040000000a0000 0x3000000000000000           FADD.rp3                  r0             ,r10            ,r0             
0x0304000000090008 0x0000008000000000           FADD                      r8             ,r9             ,r8             
0x0304000000250000 0x3000000000000000           FADD.rp3                  r0             ,r37            ,r0             
0x0300000000040000 0xb680000008000000           FADD.rp3                  r0             ,r4             ,r0             
                                               +EMITC.rte                 o[0].xyzw      ,fwd            
0x6800000000000008 0x0000000008000003           EMITC.rte                 o[3].x         ,r8             
0xc340000000000000 0x0000000000000000           JUMP.ps                   0              

