0xa00000000000000b 0x0000000000000000           RCP                       r0             ,r11            
0x16c0020e00001000 0x0000001000000000           FP2FX.sat.s.rne           r1.6.8         ,cb0            
0x4800000000001000 0x0000002000000000           MOV                       r2             ,cb0            
0x48000000000008f0 0x0000008000000000           MOV                       r8             ,PDC_0          
0x0204000000042000 0x3000009000000000           FMUL.rp3                  r9             ,r4             ,r0.rp0         
0x26040000400a4009 0x0000003000000000           FMAX                      r3             ,|r10|          ,|r9|           
0x4800000000000009 0x0000000000000000           MOV                       r0             ,r9             
0x26000000400b0003 0x8a000ff050000000           FMAX                      void           ,|r11|          ,r3             
                                               +RCP                       r5             ,fwd            
0x16c000200000000a 0x100000d000000000           FP2FX.sat.s.rne.rp1       r13.32.0       ,r10            
0x4800000000000009 0x100000f000000000           MOV.rp1                   r15            ,r9             
0x16c000200000000c 0x0000007000000000           FP2FX.sat.s.rne           r7.32.0        ,r12            
0x9100000000000000 0x0000000121f00000           SMP_B                     r18.xyzw       ,[r0.crp1]      ,t[0]           ,s[0]           ,theap[0]       ,sheap[0]       
0x480000000000000d 0x0000001000000000           MOV                       r1             ,r13            
0x0204000000092005 0x2000003000000000           FMUL.rp2                  r3             ,r9             ,r5.rp0         
0x480000000000000e 0x0000011000000000           MOV                       r17            ,r14            
0x480000000000000c 0x0000006000000000           MOV                       r6             ,r12            
0x4800000000000009 0x0000016000000000           MOV                       r22            ,r9             
0x9000000000090000 0x0000000192f20020           SMP                       r25.xyzw       ,[r9.crp2]      ,t[2]           ,s[2]           ,theap[0]       ,sheap[0]       
0x9000000000000000 0x00000001d1f60060           SMP                       r29.xyzw       ,[r0.crp1]      ,t[6]           ,s[6]           ,theap[0]       ,sheap[0]       
0x90000000000f0000 0x0000000212f70070           SMP                       r33.xyzw       ,[r15.crp2]     ,t[7]           ,s[7]           ,theap[0]       ,sheap[0]       
0x0940c00000060007 0x0000007000000000           IMULI.s.b32               r7             ,6              ,r7             
0x480000000000000b 0x0000001000000000           MOV                       r1             ,r11            
0x480000000000000b 0x0000011000000000           MOV                       r17            ,r11            
0x9000000000030000 0x000000025b1e00e0           SMP.c                     r37.x          ,[r3.crp3]      ,t[14]          ,s[14]          ,theap[0]       ,sheap[0]       
0x480000000000000b 0x0000017000000000           MOV                       r23            ,r11            
0x480000000000000d 0x0000018000000000           MOV                       r24            ,r13            
0x480000000000000c 0x000000b000000000           MOV                       r11            ,r12            
0x480000000000000e 0x000000c000000000           MOV                       r12            ,r14            
0x4800000000000002 0x0000006000000000           MOV                       r6             ,r2             
0x9000000000000000 0x0000000009140040           SMP.c                     r0.x           ,[r0.crp1]      ,t[4]           ,s[4]           ,theap[0]       ,sheap[0]       
0x90000000800f0000 0x000000001a150050           SMP.c                     r1.x           ,[r15.crp2.nlk] ,t[5]           ,s[5]           ,theap[0]       ,sheap[0]       
0x9000000000160000 0x000000002a190090           SMP.c                     r2.x           ,[r22.crp2]     ,t[9]           ,s[9]           ,theap[0]       ,sheap[0]       
0x9000000000090000 0x00000000bb1a00a0           SMP.c                     r11.x          ,[r9.crp3]      ,t[10]          ,s[10]          ,theap[0]       ,sheap[0]       
0x90000000000f0000 0x00000000ca1d00d0           SMP.c                     r12.x          ,[r15.crp2]     ,t[13]          ,s[13]          ,theap[0]       ,sheap[0]       
0x9000000000030000 0x000000006c1b00b0           SMP.c                     r6.x           ,[r3.crp4]      ,t[11]          ,s[11]          ,theap[0]       ,sheap[0]       
0x9000000080090000 0x00000000d1f10010           SMP                       r13.xyzw       ,[r9.crp1.nlk]  ,t[1]           ,s[1]           ,theap[0]       ,sheap[0]       
0x9000000000030000 0x0000000262f30030           SMP                       r38.xyzw       ,[r3.crp2]      ,t[3]           ,s[3]           ,theap[0]       ,sheap[0]       
0x4800000000000003 0x200002a000000000           MOV.rp2                   r42            ,r3             
0x4800000000000007 0x000002d000000000           MOV                       r45            ,r7             
0x90000000002a0000 0x00000002a3f80080           SMP                       r42.xyzw       ,[r42.crp3]     ,t[8]           ,s[8]           ,theap[0]       ,sheap[0]       
0x9000000000090000 0x0000000071fc00c0           SMP                       r7.xyzw        ,[r9.crp1]      ,t[12]          ,s[12]          ,theap[0]       ,sheap[0]       
0x0304000000010000 0x0000000000000000           FADD                      r0             ,r1             ,r0             
0x03040000000b0002 0x0000001000000000           FADD                      r1             ,r11            ,r2             
0x0304000000250000 0x0000000000000000           FADD                      r0             ,r37            ,r0             
0x030400000006000c 0x0000002000000000           FADD                      r2             ,r6             ,r12            
0x0304000000020001 0x0004001000000000           FADD.dly1                 r1             ,r2             ,r1             
0x0304000000010000 0x0004000000000000           FADD.dly1                 r0             ,r1             ,r0             
0x03040000000d0012 0x3000001000000000           FADD.rp3                  r1             ,r13            ,r18            
0x03040000001d0026 0x300000b000000000           FADD.rp3                  r11            ,r29            ,r38            
0x0304000000190001 0x3000001000000000           FADD.rp3                  r1             ,r25            ,r1             
0x030400000021000b 0x300000b000000000           FADD.rp3                  r11            ,r33            ,r11            
0x03040000000b0001 0x3000001000000000           FADD.rp3                  r1             ,r11            ,r1             
0x030400000007002a 0x3000005000000000           FADD.rp3                  r5             ,r7             ,r42            
0x0300000000050001 0xb680001008000000           FADD.rp3                  r1             ,r5             ,r1             
                                               +EMITC.rte                 o[0].xyzw      ,fwd            
0x6800000000000000 0x0000000008000003           EMITC.rte                 o[3].x         ,r0             
0xc340000000000000 0x0000000000000000           JUMP.ps                   0              

