0xa000000000000017 0x0000000000000000           RCP                       r0             ,r23            
0x1700c0200000100c 0x0000001000000000           FX2FP.rz                  r1             ,cb12.32.0      
0x1700c02000001010 0x0000002000000000           FX2FP.rz                  r2             ,cb16.32.0      
0x1700c02000001008 0x0000003000000000           FX2FP.rz                  r3             ,cb8.32.0       
0x1700c02000001011 0x0000004000000000           FX2FP.rz                  r4             ,cb17.32.0      
0x1700c02000001009 0x0000005000000000           FX2FP.rz                  r5             ,cb9.32.0       
0x1700c02000001014 0x0000006000000000           FX2FP.rz                  r6             ,cb20.32.0      
0x0a400000fff91024 0x0000007000000000           IADDI.s                   r7             ,-7             ,cb36           
0x1700c02000001015 0x0000014000000000           FX2FP.rz                  r20            ,cb21.32.0      
0x02040000000c2000 0x300000c000000000           FMUL.rp3                  r12            ,r12            ,r0.rp0         
0x0204000000102000 0x300000f000000000           FMUL.rp3                  r15            ,r16            ,r0.rp0         
0x020400000001000c 0x0000012000000000           FMUL                      r18            ,r1             ,r12            
0x020400000001000f 0x0000001000000000           FMUL                      r1             ,r1             ,r15            
0x0400000000120012 0x8a200ff120000000           DOT                       void           ,r18            ,r18            
                                               +SQRT                      r18            ,fwd            
0x0400000000010001 0x8a200ff010000000           DOT                       void           ,r1             ,r1             
                                               +SQRT                      r1             ,fwd            
0x020400000002000c 0x0000015000000000           FMUL                      r21            ,r2             ,r12            
0x020400000002000f 0x0000002000000000           FMUL                      r2             ,r2             ,r15            
0x020400000003000c 0x0000017000000000           FMUL                      r23            ,r3             ,r12            
0x020400000003000f 0x0000019000000000           FMUL                      r25            ,r3             ,r15            
0x020400000004000d 0x0000016000000000           FMUL                      r22            ,r4             ,r13            
0x0204000000040010 0x0000003000000000           FMUL                      r3             ,r4             ,r16            
0x020400000005000d 0x0000018000000000           FMUL                      r24            ,r5             ,r13            
0x0204000000050010 0x000001a000000000           FMUL                      r26            ,r5             ,r16            
0x0400000000150015 0x9a200ff040000000           DOT.rp1                   void           ,r21            ,r21            
                                               +SQRT                      r4             ,fwd            
0x0400000000020002 0x9a200ff020000000           DOT.rp1                   void           ,r2             ,r2             
                                               +SQRT                      r2             ,fwd            
0x0400000000170017 0x9a200ff030000000           DOT.rp1                   void           ,r23            ,r23            
                                               +SQRT                      r3             ,fwd            
0x0400000000190019 0x9a200ff050000000           DOT.rp1                   void           ,r25            ,r25            
                                               +SQRT                      r5             ,fwd            
0x1700c02000001016 0x0000013000000000           FX2FP.rz                  r19            ,cb22.32.0      
0x020400000006000c 0x0000015000000000           FMUL                      r21            ,r6             ,r12            
0x020400000006000f 0x0000018000000000           FMUL                      r24            ,r6             ,r15            
0x0a40000400700007 0x0000006000000000           IADDI.s                   r6             ,112            ,r7 << 4        
0x020400000014000d 0x0000016000000000           FMUL                      r22            ,r20            ,r13            
0x0204000000140010 0x0000019000000000           FMUL                      r25            ,r20            ,r16            
0x020400000013000e 0x0000017000000000           FMUL                      r23            ,r19            ,r14            
0x0204000000130011 0x000001a000000000           FMUL                      r26            ,r19            ,r17            
0x1700c02000001000 0x0000007000000000           FX2FP.rz                  r7             ,cb0.32.0       
0x1700c02000001004 0x000000e000000000           FX2FP.rz                  r14            ,cb4.32.0       
0x0400000000150015 0xaa200ff110000000           DOT.rp2                   void           ,r21            ,r21            
                                               +SQRT                      r17            ,fwd            
0x0400000000180018 0xaa200ff130000000           DOT.rp2                   void           ,r24            ,r24            
                                               +SQRT                      r19            ,fwd            
0x1700c02000001018 0x1000014000000000           FX2FP.rz.rp1              r20            ,cb24.32.0      
0x0a40003e00000006 0x0000006000000000           IADDI.s                   r6             ,0              ,r6 >> 2        
0x0204000000082000 0x3000008000000000           FMUL.rp3                  r8             ,r8             ,r0.rp0         
0x1700c02000001001 0x0000000000000000           FX2FP.rz                  r0             ,cb1.32.0       
0xa00000000000000b 0x00000000b0000000           RCP                       r11            ,r11            
0x020400000007000c 0x0000016000000000           FMUL                      r22            ,r7             ,r12            
0x020400000007000f 0x0000018000000000           FMUL                      r24            ,r7             ,r15            
0x02040000000e000c 0x0000007000000000           FMUL                      r7             ,r14            ,r12            
0x02040000000e000f 0x000000e000000000           FMUL                      r14            ,r14            ,r15            
0x020400000014000c 0x100001a000000000           FMUL.rp1                  r26            ,r20            ,r12            
0x020400000014000f 0x1000014000000000           FMUL.rp1                  r20            ,r20            ,r15            
0x4800000000001806 0x300001c000000000           MOV.rp3                   r28            ,cb[r6]         
0x020400000000000d 0x0000017000000000           FMUL                      r23            ,r0             ,r13            
0x0204000000000010 0x0000019000000000           FMUL                      r25            ,r0             ,r16            
0xa000000000000009 0x0000000000000000           RCP                       r0             ,r9             
0x2600000000010012 0x8a300ff010000000           FMAX                      void           ,r1             ,r18            
                                               +LOG                       r1             ,fwd            
0x0400000000160016 0x9a200ff060000000           DOT.rp1                   void           ,r22            ,r22            
                                               +SQRT                      r6             ,fwd            
0x0400000000180018 0x9a200ff120000000           DOT.rp1                   void           ,r24            ,r24            
                                               +SQRT                      r18            ,fwd            
0x0400000000070007 0x8a200ff070000000           DOT                       void           ,r7             ,r7             
                                               +SQRT                      r7             ,fwd            
0x04000000000e000e 0x8a200ff0e0000000           DOT                       void           ,r14            ,r14            
                                               +SQRT                      r14            ,fwd            
0x04000000001a001a 0x9a200ff160000000           DOT.rp1                   void           ,r26            ,r26            
                                               +SQRT                      r22            ,fwd            
0x0400000000140014 0x9a200ff140000000           DOT.rp1                   void           ,r20            ,r20            
                                               +SQRT                      r20            ,fwd            
0x1700c0200000001c 0x0000015000000000           FX2FP.rz                  r21            ,r28.32.0       
0x2600000000020004 0x8a300ff020000000           FMAX                      void           ,r2             ,r4             
                                               +LOG                       r2             ,fwd            
0x1700c0200000001d 0x0000004000000000           FX2FP.rz                  r4             ,r29.32.0       
0x2600000000050003 0x8a300ff030000000           FMAX                      void           ,r5             ,r3             
                                               +LOG                       r3             ,fwd            
0x020400000015000c 0x000000c000000000           FMUL                      r12            ,r21            ,r12            
0x020400000015000f 0x000000f000000000           FMUL                      r15            ,r21            ,r15            
0x020400000004000d 0x000000d000000000           FMUL                      r13            ,r4             ,r13            
0x0204000000040010 0x0000010000000000           FMUL                      r16            ,r4             ,r16            
0x04000000000c000c 0x9a200ff040000000           DOT.rp1                   void           ,r12            ,r12            
                                               +SQRT                      r4             ,fwd            
0x04000000000f000f 0x9a200ff050000000           DOT.rp1                   void           ,r15            ,r15            
                                               +SQRT                      r5             ,fwd            
0x2600000000130011 0x8a300ff0c0000000           FMAX                      void           ,r19            ,r17            
                                               +LOG                       r12            ,fwd            
0x02040000000b0008 0x000000d000000000           FMUL                      r13            ,r11            ,r8             
0x0204000000000008 0x0000000000000000           FMUL                      r0             ,r0             ,r8             
0x16c0020e00000001 0x1000001000000000           FP2FX.sat.s.rne.rp1       r1.6.8         ,r1             
0x02040000000b000a 0x0000008000000000           FMUL                      r8             ,r11            ,r10            
0x2600000000120006 0x8a300ff060000000           FMAX                      void           ,r18            ,r6             
                                               +LOG                       r6             ,fwd            
0x26000000000e0007 0x8a300ff070000000           FMAX                      void           ,r14            ,r7             
                                               +LOG                       r7             ,fwd            
0x9200000000000000 0x0000000171f00000           SMP_L                     r23.xyzw       ,[r0.crp1]      ,t[0]           ,s[0]           ,theap[0]       ,sheap[0]       
0x480000000000000d 0x0000000000000000           MOV                       r0             ,r13            
0x2600000000140016 0x8a300ff0a0000000           FMAX                      void           ,r20            ,r22            
                                               +LOG                       r10            ,fwd            
0x02040000000b0009 0x000000e000000000           FMUL                      r14            ,r11            ,r9             
0x16c0020e00000003 0x000000f000000000           FP2FX.sat.s.rne           r15.6.8        ,r3             
0x4800000000000008 0x0000010000000000           MOV                       r16            ,r8             
0x9200000000000000 0x0000000111f00000           SMP_L                     r17.xyzw       ,[r0.crp1]      ,t[0]           ,s[0]           ,theap[0]       ,sheap[0]       
0x92000000000d0000 0x000000000b140040           SMP_L.c                   r0.x           ,[r13.crp3]     ,t[4]           ,s[4]           ,theap[0]       ,sheap[0]       
0x4800000000000002 0x000000f000000000           MOV                       r15            ,r2             
0x92000000000d0000 0x00000001b2f10010           SMP_L                     r27.xyzw       ,[r13.crp2]     ,t[1]           ,s[1]           ,theap[0]       ,sheap[0]       
0x2600000000050004 0x8a300ff010000000           FMAX                      void           ,r5             ,r4             
                                               +LOG                       r1             ,fwd            
0x16c0020e0000000c 0x0000002000000000           FP2FX.sat.s.rne           r2.6.8         ,r12            
0x4800000000000008 0x000000f000000000           MOV                       r15            ,r8             
0x4800000000000002 0x0000010000000000           MOV                       r16            ,r2             
0x92000000000d0000 0x0000000023f20020           SMP_L                     r2.xyzw        ,[r13.crp3]     ,t[2]           ,s[2]           ,theap[0]       ,sheap[0]       
0x16c0020e00000006 0x1000006000000000           FP2FX.sat.s.rne.rp1       r6.6.8         ,r6             
0x16c0020e0000000a 0x000000f000000000           FP2FX.sat.s.rne           r15.6.8        ,r10            
0x480000000000000d 0x1000009000000000           MOV.rp1                   r9             ,r13            
0x480000000000000d 0x000001f000000000           MOV                       r31            ,r13            
0x92000000000d0000 0x0000000222f50050           SMP_L                     r34.xyzw       ,[r13.crp2]     ,t[5]           ,s[5]           ,theap[0]       ,sheap[0]       
0x4800000000000006 0x000000b000000000           MOV                       r11            ,r6             
0x4800000000000008 0x000000c000000000           MOV                       r12            ,r8             
0x4800000000000007 0x1000020000000000           MOV.rp1                   r32            ,r7             
0x4800000000001024 0x0000006000000000           MOV                       r6             ,cb36           
0x9200000000090000 0x000000008b160060           SMP_L.c                   r8.x           ,[r9.crp3]      ,t[6]           ,s[6]           ,theap[0]       ,sheap[0]       
0x92000000001f0000 0x000000009a130030           SMP_L.c                   r9.x           ,[r31.crp2]     ,t[3]           ,s[3]           ,theap[0]       ,sheap[0]       
0x16c0020e00000001 0x000000f000000000           FP2FX.sat.s.rne           r15.6.8        ,r1             
0x4800000000000006 0x0000007000000000           MOV                       r7             ,r6             
0x92c00000000d0006 0x00000000a2f00000           SMP_L.it.is               r10.xyzw       ,[r13.crp2]     ,t[r6]          ,s[r7]          ,theap[0]       ,sheap[0]       
0x0304000000110017 0x0000001000000000           FADD                      r1             ,r17            ,r23            
0x0304000000120018 0x1000006000000000           FADD.rp1                  r6             ,r18            ,r24            
0x030400000014001a 0x000000e000000000           FADD                      r14            ,r20            ,r26            
0x03040000001b0001 0x0000001000000000           FADD                      r1             ,r27            ,r1             
0x03040000001c0006 0x1000006000000000           FADD.rp1                  r6             ,r28            ,r6             
0x03040000001e000e 0x000000e000000000           FADD                      r14            ,r30            ,r14            
0x03040000001b0001 0x0000001000000000           FADD                      r1             ,r27            ,r1             
0x03040000001c0006 0x1000006000000000           FADD.rp1                  r6             ,r28            ,r6             
0x03040000001e000e 0x000000e000000000           FADD                      r14            ,r30            ,r14            
0x0304000000020001 0x0000001000000000           FADD                      r1             ,r2             ,r1             
0x0304000000030006 0x1000002000000000           FADD.rp1                  r2             ,r3             ,r6             
0x030400000005000e 0x0000004000000000           FADD                      r4             ,r5             ,r14            
0x0304000000220001 0x3000001000000000           FADD.rp3                  r1             ,r34            ,r1             
0x0304000000090008 0x0000005000000000           FADD                      r5             ,r9             ,r8             
0x0304000000220001 0x3000001000000000           FADD.rp3                  r1             ,r34            ,r1             
0x0304000000000005 0x0000000000000000           FADD                      r0             ,r0             ,r5             
0x03000000000a0001 0xb680001008000000           FADD.rp3                  r1             ,r10            ,r1             
                                               +EMITC.rte                 o[0].xyzw      ,fwd            
0x6800000000000000 0x0000000008000003           EMITC.rte                 o[3].x         ,r0             
0xc340000000000000 0x0000000000000000           JUMP.ps                   0              

