0xa000000000000017 0x0000000000000000           RCP                       r0             ,r23            
0x1700c02000001004 0x0000001000000000           FX2FP.rz                  r1             ,cb4.32.0       
0x1700c02000001000 0x0000002000000000           FX2FP.rz                  r2             ,cb0.32.0       
0x1700c02000001018 0x0000003000000000           FX2FP.rz                  r3             ,cb24.32.0      
0x1700c02000001001 0x0000004000000000           FX2FP.rz                  r4             ,cb1.32.0       
0x1700c02000001019 0x0000005000000000           FX2FP.rz                  r5             ,cb25.32.0      
0x1700c02000001014 0x0000006000000000           FX2FP.rz                  r6             ,cb20.32.0      
0x1700c0200000101c 0x0000007000000000           FX2FP.rz                  r7             ,cb28.32.0      
0x1700c02000001008 0x0000014000000000           FX2FP.rz                  r20            ,cb8.32.0       
0x02040000000c2000 0x300000c000000000           FMUL.rp3                  r12            ,r12            ,r0.rp0         
0x0204000000102000 0x300000f000000000           FMUL.rp3                  r15            ,r16            ,r0.rp0         
0x020400000001000c 0x0000012000000000           FMUL                      r18            ,r1             ,r12            
0x020400000002000c 0x0000015000000000           FMUL                      r21            ,r2             ,r12            
0x020400000001200f 0x1000001000000000           FMUL.rp1                  r1             ,r1             ,r15.rp0        
0x0400000000120012 0x8a200ff120000000           DOT                       void           ,r18            ,r18            
                                               +SQRT                      r18            ,fwd            
0x0400000000010001 0x8a200ff010000000           DOT                       void           ,r1             ,r1             
                                               +SQRT                      r1             ,fwd            
0x020400000003000c 0x0000017000000000           FMUL                      r23            ,r3             ,r12            
0x020400000003000f 0x0000019000000000           FMUL                      r25            ,r3             ,r15            
0x020400000004000d 0x0000016000000000           FMUL                      r22            ,r4             ,r13            
0x0204000000040010 0x0000003000000000           FMUL                      r3             ,r4             ,r16            
0x020400000005000d 0x0000018000000000           FMUL                      r24            ,r5             ,r13            
0x0204000000050010 0x000001a000000000           FMUL                      r26            ,r5             ,r16            
0x1700c0200000101d 0x1000004000000000           FX2FP.rz.rp1              r4             ,cb29.32.0      
0x0400000000150015 0x9a200ff130000000           DOT.rp1                   void           ,r21            ,r21            
                                               +SQRT                      r19            ,fwd            
0x0400000000020002 0x9a200ff020000000           DOT.rp1                   void           ,r2             ,r2             
                                               +SQRT                      r2             ,fwd            
0x1700c02000001009 0x0000003000000000           FX2FP.rz                  r3             ,cb9.32.0       
0x020400000006000c 0x0000015000000000           FMUL                      r21            ,r6             ,r12            
0x020400000006000f 0x0000006000000000           FMUL                      r6             ,r6             ,r15            
0x0400000000170017 0x9a200ff160000000           DOT.rp1                   void           ,r23            ,r23            
                                               +SQRT                      r22            ,fwd            
0x0400000000190019 0x9a200ff170000000           DOT.rp1                   void           ,r25            ,r25            
                                               +SQRT                      r23            ,fwd            
0x020400000007000c 0x0000018000000000           FMUL                      r24            ,r7             ,r12            
0x020400000007000f 0x000001b000000000           FMUL                      r27            ,r7             ,r15            
0x0a400000fff51034 0x0000007000000000           IADDI.s                   r7             ,-11            ,cb52           
0x020400000014000c 0x000001e000000000           FMUL                      r30            ,r20            ,r12            
0x020400000014000f 0x0000020000000000           FMUL                      r32            ,r20            ,r15            
0x020400000004000d 0x1000019000000000           FMUL.rp1                  r25            ,r4             ,r13            
0x0204000000040010 0x100001c000000000           FMUL.rp1                  r28            ,r4             ,r16            
0x020400000003000d 0x000001f000000000           FMUL                      r31            ,r3             ,r13            
0x0204000000030010 0x0000021000000000           FMUL                      r33            ,r3             ,r16            
0x0400000000150015 0x8a200ff030000000           DOT                       void           ,r21            ,r21            
                                               +SQRT                      r3             ,fwd            
0x0400000000060006 0x8a200ff040000000           DOT                       void           ,r6             ,r6             
                                               +SQRT                      r4             ,fwd            
0x0400000000180018 0xaa200ff050000000           DOT.rp2                   void           ,r24            ,r24            
                                               +SQRT                      r5             ,fwd            
0x04000000001b001b 0xaa200ff060000000           DOT.rp2                   void           ,r27            ,r27            
                                               +SQRT                      r6             ,fwd            
0x1700c02000001020 0x000000e000000000           FX2FP.rz                  r14            ,cb32.32.0      
0x0a40000400b00007 0x0000007000000000           IADDI.s                   r7             ,176            ,r7 << 4        
0x04000000001e001e 0x9a200ff110000000           DOT.rp1                   void           ,r30            ,r30            
                                               +SQRT                      r17            ,fwd            
0x0400000000200020 0x9a200ff140000000           DOT.rp1                   void           ,r32            ,r32            
                                               +SQRT                      r20            ,fwd            
0x1700c02000001021 0x0000015000000000           FX2FP.rz                  r21            ,cb33.32.0      
0x1700c0200000100c 0x0000018000000000           FX2FP.rz                  r24            ,cb12.32.0      
0x02040000000e000c 0x0000019000000000           FMUL                      r25            ,r14            ,r12            
0x02040000000e000f 0x000001b000000000           FMUL                      r27            ,r14            ,r15            
0x1700c02000001024 0x000000e000000000           FX2FP.rz                  r14            ,cb36.32.0      
0x0a40003e00000007 0x0000007000000000           IADDI.s                   r7             ,0              ,r7 >> 2        
0x1700c02000001010 0x100001d000000000           FX2FP.rz.rp1              r29            ,cb16.32.0      
0x020400000015000d 0x000001a000000000           FMUL                      r26            ,r21            ,r13            
0x0204000000150010 0x000001c000000000           FMUL                      r28            ,r21            ,r16            
0x020400000018000c 0x0000015000000000           FMUL                      r21            ,r24            ,r12            
0x020400000018000f 0x0000018000000000           FMUL                      r24            ,r24            ,r15            
0x0400000000190019 0x9a200ff190000000           DOT.rp1                   void           ,r25            ,r25            
                                               +SQRT                      r25            ,fwd            
0x04000000001b001b 0x9a200ff1a0000000           DOT.rp1                   void           ,r27            ,r27            
                                               +SQRT                      r26            ,fwd            
0x02040000000e000c 0x000001b000000000           FMUL                      r27            ,r14            ,r12            
0x02040000000e000f 0x000000e000000000           FMUL                      r14            ,r14            ,r15            
0x1700c02000001028 0x000001c000000000           FX2FP.rz                  r28            ,cb40.32.0      
0x4800000000001807 0x300001f000000000           MOV.rp3                   r31            ,cb[r7]         
0x2600000000010012 0x8a300ff010000000           FMAX                      void           ,r1             ,r18            
                                               +LOG                       r1             ,fwd            
0x02040000001d000c 0x1000021000000000           FMUL.rp1                  r33            ,r29            ,r12            
0x02040000001d000f 0x100001d000000000           FMUL.rp1                  r29            ,r29            ,r15            
0x1700c02000001029 0x0000007000000000           FX2FP.rz                  r7             ,cb41.32.0      
0x0400000000150015 0x8a200ff120000000           DOT                       void           ,r21            ,r21            
                                               +SQRT                      r18            ,fwd            
0x0400000000180018 0x8a200ff150000000           DOT                       void           ,r24            ,r24            
                                               +SQRT                      r21            ,fwd            
0x04000000001b001b 0x8a200ff180000000           DOT                       void           ,r27            ,r27            
                                               +SQRT                      r24            ,fwd            
0x04000000000e000e 0x8a200ff0e0000000           DOT                       void           ,r14            ,r14            
                                               +SQRT                      r14            ,fwd            
0x02040000001c000c 0x000001b000000000           FMUL                      r27            ,r28            ,r12            
0x02040000001c000f 0x0000023000000000           FMUL                      r35            ,r28            ,r15            
0x1700c0200000001f 0x000001f000000000           FX2FP.rz                  r31            ,r31.32.0       
0x2600000000020013 0x8a300ff020000000           FMAX                      void           ,r2             ,r19            
                                               +LOG                       r2             ,fwd            
0x0400000000210021 0x9a200ff130000000           DOT.rp1                   void           ,r33            ,r33            
                                               +SQRT                      r19            ,fwd            
0x04000000001d001d 0x9a200ff1d0000000           DOT.rp1                   void           ,r29            ,r29            
                                               +SQRT                      r29            ,fwd            
0x2600000000170016 0x8a300ff160000000           FMAX                      void           ,r23            ,r22            
                                               +LOG                       r22            ,fwd            
0x020400000007000d 0x000001c000000000           FMUL                      r28            ,r7             ,r13            
0x0204000000070010 0x0000024000000000           FMUL                      r36            ,r7             ,r16            
0x1700c02000000020 0x0000007000000000           FX2FP.rz                  r7             ,r32.32.0       
0x04000000001b001b 0x9a200ff170000000           DOT.rp1                   void           ,r27            ,r27            
                                               +SQRT                      r23            ,fwd            
0x0400000000230023 0x9a200ff1b0000000           DOT.rp1                   void           ,r35            ,r35            
                                               +SQRT                      r27            ,fwd            
0x02040000001f000c 0x000000c000000000           FMUL                      r12            ,r31            ,r12            
0x02040000001f000f 0x000000f000000000           FMUL                      r15            ,r31            ,r15            
0x2600000000040003 0x8a300ff030000000           FMAX                      void           ,r4             ,r3             
                                               +LOG                       r3             ,fwd            
0x2600000000060005 0x8a300ff040000000           FMAX                      void           ,r6             ,r5             
                                               +LOG                       r4             ,fwd            
0x020400000007000d 0x000000d000000000           FMUL                      r13            ,r7             ,r13            
0x0204000000070010 0x0000010000000000           FMUL                      r16            ,r7             ,r16            
0x2600000000140011 0x8a300ff050000000           FMAX                      void           ,r20            ,r17            
                                               +LOG                       r5             ,fwd            
0x04000000000c000c 0x9a200ff060000000           DOT.rp1                   void           ,r12            ,r12            
                                               +SQRT                      r6             ,fwd            
0x04000000000f000f 0x9a200ff070000000           DOT.rp1                   void           ,r15            ,r15            
                                               +SQRT                      r7             ,fwd            
0x0204000000082000 0x3000008000000000           FMUL.rp3                  r8             ,r8             ,r0.rp0         
0x4800000000000008 0x0000000000000000           MOV                       r0             ,r8             
0x26000000001a0019 0x8a300ff0f0000000           FMAX                      void           ,r26            ,r25            
                                               +LOG                       r15            ,fwd            
0x16c0020e00000001 0x1000001000000000           FP2FX.sat.s.rne.rp1       r1.6.8         ,r1             
0x4800000000000008 0x300001e000000000           MOV.rp3                   r30            ,r8             
0x480000000000000c 0x1000022000000000           MOV.rp1                   r34            ,r12            
0x4800000000000000 0x1000024000000000           MOV.rp1                   r36            ,r0             
0x2600000000150012 0x8a300ff100000000           FMAX                      void           ,r21            ,r18            
                                               +LOG                       r16            ,fwd            
0x26000000000e0018 0x8a300ff0e0000000           FMAX                      void           ,r14            ,r24            
                                               +LOG                       r14            ,fwd            
0x4b00000000000081 0x0000021000000000           MOVIMM                    r33            ,0x81           
0x4b00000000000001 0x0000026000000000           MOVIMM                    r38            ,0x1            
0x480000000000000a 0x0000027000000000           MOV                       r39            ,r10            
0x26000000001d0013 0x8a300ff110000000           FMAX                      void           ,r29            ,r19            
                                               +LOG                       r17            ,fwd            
0x16c0020e00000016 0x0000001000000000           FP2FX.sat.s.rne           r1.6.8         ,r22            
0x9220000000240000 0x000000012b130030           SMP_L.po.c                r18.x          ,[r36.crp3]     ,t[3]           ,s[3]           ,theap[0]       ,sheap[0]       
0x4800000000000008 0x0000024000000000           MOV                       r36            ,r8             
0x4800000000000008 0x1000013000000000           MOV.rp1                   r19            ,r8             
0x26000000001b0017 0x8a300ff170000000           FMAX                      void           ,r27            ,r23            
                                               +LOG                       r23            ,fwd            
0x4800000000000002 0x0000020000000000           MOV                       r32            ,r2             
0x480000000000000a 0x0000022000000000           MOV                       r34            ,r10            
0x48000000000008f0 0x0000023000000000           MOV                       r35            ,PDC_0          
0x16c0020e00000003 0x0000025000000000           FP2FX.sat.s.rne           r37.6.8        ,r3             
0x4800000000000001 0x0000015000000000           MOV                       r21            ,r1             
0x4800000000000021 0x0000016000000000           MOV                       r22            ,r33            
0x16c0020e00000004 0x0000001000000000           FP2FX.sat.s.rne           r1.6.8         ,r4             
0x92200000001e0000 0x000000004c1a00a0           SMP_L.po.c                r4.x           ,[r30.crp4]     ,t[10]          ,s[10]          ,theap[0]       ,sheap[0]       
0x16c0020e00000005 0x0000020000000000           FP2FX.sat.s.rne           r32.6.8        ,r5             
0x480000000000000a 0x0000022000000000           MOV                       r34            ,r10            
0x48000000000008f0 0x0000023000000000           MOV                       r35            ,PDC_0          
0x9220000000240000 0x0000000182f00000           SMP_L.po                  r24.xyzw       ,[r36.crp2]     ,t[0]           ,s[0]           ,theap[0]       ,sheap[0]       
0x9220000000130000 0x0000000273f10010           SMP_L.po                  r39.xyzw       ,[r19.crp3]     ,t[1]           ,s[1]           ,theap[0]       ,sheap[0]       
0x2600000000070006 0x8a300ff050000000           FMAX                      void           ,r7             ,r6             
                                               +LOG                       r5             ,fwd            
0x92200000001e0000 0x000000006c140040           SMP_L.po.c                r6.x           ,[r30.crp4]     ,t[4]           ,s[4]           ,theap[0]       ,sheap[0]       
0x4800000000000008 0x300002b000000000           MOV.rp3                   r43            ,r8             
0x480000000000000c 0x100002f000000000           MOV.rp1                   r47            ,r12            
0x480000000000000b 0x0000022000000000           MOV                       r34            ,r11            
0x4800000000000001 0x000000b000000000           MOV                       r11            ,r1             
0x4b00000000003081 0x000000c000000000           MOVIMM                    r12            ,0x3081         
0x48000000000008f0 0x000000d000000000           MOV                       r13            ,PDC_0          
0x9220000000080000 0x0000000314f20020           SMP_L.po                  r49.xyzw       ,[r8.crp4]      ,t[2]           ,s[2]           ,theap[0]       ,sheap[0]       
0x16c0020e0000000f 0x0000015000000000           FP2FX.sat.s.rne           r21.6.8        ,r15            
0x9220000000130000 0x0000000353f90090           SMP_L.po                  r53.xyzw       ,[r19.crp3]     ,t[9]           ,s[9]           ,theap[0]       ,sheap[0]       
0x16c0020e00000010 0x0000007000000000           FP2FX.sat.s.rne           r7.6.8         ,r16            
0x16c0002000000009 0x0000003000000000           FP2FX.sat.s.rne           r3.32.0        ,r9             
0x16c000200000000a 0x0000023000000000           FP2FX.sat.s.rne           r35.32.0       ,r10            
0x16c0020e0000000e 0x0000001000000000           FP2FX.sat.s.rne           r1.6.8         ,r14            
0x4800000000000026 0x0000002000000000           MOV                       r2             ,r38            
0x16c0020e00000011 0x0000020000000000           FP2FX.sat.s.rne           r32.6.8        ,r17            
0x9220000000000000 0x00000000b3f50050           SMP_L.po                  r11.xyzw       ,[r0.crp3]      ,t[5]           ,s[5]           ,theap[0]       ,sheap[0]       
0x4800000000000007 0x000002c000000000           MOV                       r44            ,r7             
0x4800000000000026 0x000002d000000000           MOV                       r45            ,r38            
0x480000000000000a 0x000002e000000000           MOV                       r46            ,r10            
0x4800000000000003 0x000002f000000000           MOV                       r47            ,r3             
0x48000000000008f0 0x0000030000000000           MOV                       r48            ,PDC_0          
0x92200000001e0000 0x000000000d180080           SMP_L.po.c                r0.x           ,[r30.crp5]     ,t[8]           ,s[8]           ,theap[0]       ,sheap[0]       
0x16c0020e00000017 0x0000020000000000           FP2FX.sat.s.rne           r32.6.8        ,r23            
0x4800000000000023 0x0000022000000000           MOV                       r34            ,r35            
0x48000000000008f0 0x0000023000000000           MOV                       r35            ,PDC_0          
0x4800000000001034 0x0000001000000000           MOV                       r1             ,cb52           
0x92200000002b0000 0x000000003c170070           SMP_L.po.c                r3.x           ,[r43.crp4]     ,t[7]           ,s[7]           ,theap[0]       ,sheap[0]       
0x92200000001e0000 0x0000000074f60060           SMP_L.po                  r7.xyzw        ,[r30.crp4]     ,t[6]           ,s[6]           ,theap[0]       ,sheap[0]       
0x16c0020e00000005 0x0000015000000000           FP2FX.sat.s.rne           r21.6.8        ,r5             
0x4800000000000001 0x0000002000000000           MOV                       r2             ,r1             
0x92e0000000130001 0x0000000133f00000           SMP_L.it.is.po            r19.xyzw       ,[r19.crp3]     ,t[r1]          ,s[r2]          ,theap[0]       ,sheap[0]       
0x0304000000270018 0x1000001000000000           FADD.rp1                  r1             ,r39            ,r24            
0x030400000029001a 0x0000005000000000           FADD                      r5             ,r41            ,r26            
0x03040000002a001b 0x000000f000000000           FADD                      r15            ,r42            ,r27            
0x0304000000310001 0x1000001000000000           FADD.rp1                  r1             ,r49            ,r1             
0x0304000000330005 0x0000005000000000           FADD                      r5             ,r51            ,r5             
0x030400000034000f 0x000000f000000000           FADD                      r15            ,r52            ,r15            
0x0304000000120004 0x0000004000000000           FADD                      r4             ,r18            ,r4             
0x0304000000350001 0x1000001000000000           FADD.rp1                  r1             ,r53            ,r1             
0x0304000000370005 0x0000005000000000           FADD                      r5             ,r55            ,r5             
0x030400000038000f 0x000000f000000000           FADD                      r15            ,r56            ,r15            
0x0304000000060004 0x0000004000000000           FADD                      r4             ,r6             ,r4             
0x03040000000b0001 0x1000001000000000           FADD.rp1                  r1             ,r11            ,r1             
0x03040000000d0005 0x0000005000000000           FADD                      r5             ,r13            ,r5             
0x03040000000e000f 0x0000006000000000           FADD                      r6             ,r14            ,r15            
0x0304000000030004 0x0000003000000000           FADD                      r3             ,r3             ,r4             
0x0304000000070001 0x1000001000000000           FADD.rp1                  r1             ,r7             ,r1             
0x0304000000090005 0x1000004000000000           FADD.rp1                  r4             ,r9             ,r5             
0x0304000000000003 0x0000000000000000           FADD                      r0             ,r0             ,r3             
0x0300000000130001 0x96800ff000000000           FADD.rp1                  void           ,r19            ,r1             
                                               +EMITC                     o[0].xy        ,fwd            
0x0300000000150004 0x96800ff00a000000           FADD.rp1                  void           ,r21            ,r4             
                                               +EMITC.rte                 o[0].zw        ,fwd            
0x6800000000000000 0x0000000008000003           EMITC.rte                 o[3].x         ,r0             
0xc340000000000000 0x0000000000000000           JUMP.ps                   0              

