0xa000000000000017 0x0000000000000000           RCP                       r0             ,r23            
0x1700c02000001018 0x1000001000000000           FX2FP.rz.rp1              r1             ,cb24.32.0      
0x1700c02000001014 0x0000003000000000           FX2FP.rz                  r3             ,cb20.32.0      
0x1700c0200000101c 0x2000004000000000           FX2FP.rz.rp2              r4             ,cb28.32.0      
0x1700c02000001020 0x0000007000000000           FX2FP.rz                  r7             ,cb32.32.0      
0x1700c02000001004 0x0000014000000000           FX2FP.rz                  r20            ,cb4.32.0       
0x0204000000082000 0x3000015000000000           FMUL.rp3                  r21            ,r8             ,r0.rp0         
0x2604000040164015 0x0000008000000000           FMAX                      r8             ,|r22|          ,|r21|          
0x02040000000c2000 0x3000009000000000           FMUL.rp3                  r9             ,r12            ,r0.rp0         
0x2600000040170008 0x8a000080d0000000           FMAX                      r8             ,|r23|          ,r8             
                                               +RCP                       r13            ,fwd            
0x2804400040150008 0x00040f5000000000           FCMP.eq.dly1              p5             ,|r21|          ,r8             
0x2804400040160008 0x00000f4000000000           FCMP.eq                   p4             ,|r22|          ,r8             
0x0204000000102000 0x300000f000000000           FMUL.rp3                  r15            ,r16            ,r0.rp0         
0x208000f5000b08f0 0x0000000000000000           SEL.fp                    r0             ,p5             ,r11            ,PDC_0          
0x208000f400160015 0x000000e000000000           SEL.fp                    r14            ,p4             ,r22            ,r21            
0x02040000200d0015 0x2000019000000000           FMUL.rp2                  r25            ,r13.rp0        ,r21            
0x208000f5001b08f0 0x0004013000000000           SEL.fp.dly1               r19            ,p5             ,r27            ,PDC_0          
0x208000f5001a08f0 0x000001c000000000           SEL.fp                    r28            ,p5             ,r26            ,PDC_0          
0x208000f5000a08f0 0x000001d000000000           SEL.fp                    r29            ,p5             ,r10            ,PDC_0          
0x208000f5001108f0 0x000001e000000000           SEL.fp                    r30            ,p5             ,r17            ,PDC_0          
0x2804400040170008 0x00000f3000000000           FCMP.eq                   p3             ,|r23|          ,r8             
0x208000f5000908f0 0x000001f000000000           SEL.fp                    r31            ,p5             ,r9             ,PDC_0          
0x208000f5001008f0 0x0000020000000000           SEL.fp                    r32            ,p5             ,r16            ,PDC_0          
0x208000f400190013 0x0000013000000000           SEL.fp                    r19            ,p4             ,r25            ,r19            
0x208000f400090000 0x0000000000000000           SEL.fp                    r0             ,p4             ,r9             ,r0             
0x208000f30017000e 0x000000e000000000           SEL.fp                    r14            ,p3             ,r23            ,r14            
0x208000f5000f08f0 0x0000021000000000           SEL.fp                    r33            ,p5             ,r15            ,PDC_0          
0x208000f4001b001c 0x000001c000000000           SEL.fp                    r28            ,p4             ,r27            ,r28            
0x208000f4000b001d 0x0000022000000000           SEL.fp                    r34            ,p4             ,r11            ,r29            
0x208000f4000f001e 0x000001e000000000           SEL.fp                    r30            ,p4             ,r15            ,r30            
0x208000f4000a001f 0x000001f000000000           SEL.fp                    r31            ,p4             ,r10            ,r31            
0x208000f400110020 0x0000023000000000           SEL.fp                    r35            ,p4             ,r17            ,r32            
0x208000f300190013 0x0000013000000000           SEL.fp                    r19            ,p3             ,r25            ,r19            
0x208000f300090000 0x0000000000000000           SEL.fp                    r0             ,p3             ,r9             ,r0             
0x28042000000e0008 0x00000f2000000000           FCMP.lt                   p2             ,r14            ,r8             
0x28040000000e0008 0x00000f6000000000           FCMP.gt                   p6             ,r14            ,r8             
0x0204000000010009 0x1000024000000000           FMUL.rp1                  r36            ,r1             ,r9             
0x020400000001000f 0x1000001000000000           FMUL.rp1                  r1             ,r1             ,r15            
0x208000f400100021 0x0000021000000000           SEL.fp                    r33            ,p4             ,r16            ,r33            
0x208000f3001a001c 0x0000008000000000           SEL.fp                    r8             ,p3             ,r26            ,r28            
0x208000f3000a0022 0x000000e000000000           SEL.fp                    r14            ,p3             ,r10            ,r34            
0x208000f3000f001e 0x000001c000000000           SEL.fp                    r28            ,p3             ,r15            ,r30            
0x3000000000f200f6 0x00000f2000000000           OR                        p2             ,p2             ,p6             
0x208000f3000b001f 0x000001e000000000           SEL.fp                    r30            ,p3             ,r11            ,r31            
0x208000f300100023 0x0000022000000000           SEL.fp                    r34            ,p3             ,r16            ,r35            
0x0300000088f08013 0x0000023000000000           FADD                      r35            ,-PDC_0         ,-r19           
0x208000f280000000 0x0000000000000000           SEL.fp                    r0             ,p2             ,-r0            ,r0             
0x0204000000030009 0x0000013000000000           FMUL                      r19            ,r3             ,r9             
0x020400000003000f 0x0000003000000000           FMUL                      r3             ,r3             ,r15            
0x0400000000240024 0x9a200ff250000000           DOT.rp1                   void           ,r36            ,r36            
                                               +SQRT                      r37            ,fwd            
0x0400000000010001 0x9a200ff020000000           DOT.rp1                   void           ,r1             ,r1             
                                               +SQRT                      r2             ,fwd            
0x0204000000040009 0x2000026000000000           FMUL.rp2                  r38            ,r4             ,r9             
0x020400000004000f 0x2000004000000000           FMUL.rp2                  r4             ,r4             ,r15            
0x208000f300110021 0x0000029000000000           SEL.fp                    r41            ,p3             ,r17            ,r33            
0x0300000088f08008 0x0000024000000000           FADD                      r36            ,-PDC_0         ,-r8            
0x208000f2800e000e 0x0000001000000000           SEL.fp                    r1             ,p2             ,-r14           ,r14            
0x208000f2801c001c 0x000002a000000000           SEL.fp                    r42            ,p2             ,-r28           ,r28            
0x01200000201e0023 0x1000000000000000           MAD.crf3.rp1              r0             ,r0             ,r30.rp0        ,r35            
0x480000000000000d 0x000000e000000000           MOV                       r14            ,r13            
0x208000f280220022 0x000002b000000000           SEL.fp                    r43            ,p2             ,-r34           ,r34            
0x0400000000130013 0x8a200ff0b0000000           DOT                       void           ,r19            ,r19            
                                               +SQRT                      r11            ,fwd            
0x0400000000030003 0x8a200ff030000000           DOT                       void           ,r3             ,r3             
                                               +SQRT                      r3             ,fwd            
0x0400000000260026 0xaa200ff110000000           DOT.rp2                   void           ,r38            ,r38            
                                               +SQRT                      r17            ,fwd            
0x0400000000040004 0xaa200ff040000000           DOT.rp2                   void           ,r4             ,r4             
                                               +SQRT                      r4             ,fwd            
0x02040000000d0000 0x1000000000000000           FMUL.rp1                  r0             ,r13            ,r0             
0x0120002a20290023 0x1000005000000000           MAD.crf3.rp1              r5             ,r42            ,r41.rp0        ,r35            
0x208000f5000c08f0 0x0000013000000000           SEL.fp                    r19            ,p5             ,r12            ,PDC_0          
0x208000f5001208f0 0x000001c000000000           SEL.fp                    r28            ,p5             ,r18            ,PDC_0          
0x02040000000d0005 0x1000005000000000           FMUL.rp1                  r5             ,r13            ,r5             
0x1700c02000001021 0x0000008000000000           FX2FP.rz                  r8             ,cb33.32.0      
0x1700c02000001000 0x000001e000000000           FX2FP.rz                  r30            ,cb0.32.0       
0x0204000000000007 0x1000000000000000           FMUL.rp1                  r0             ,r0             ,r7             
0x0204000000050007 0x1000005000000000           FMUL.rp1                  r5             ,r5             ,r7             
0x1700c02000001024 0x0000007000000000           FX2FP.rz                  r7             ,cb36.32.0      
0x208000f400090013 0x0000008000000000           SEL.fp                    r8             ,p4             ,r9             ,r19            
0x208000f4000f001c 0x0000013000000000           SEL.fp                    r19            ,p4             ,r15            ,r28            
0x0a400000fff3103c 0x000001c000000000           IADDI.s                   r28            ,-13            ,cb60           
0x1700c02000001001 0x0000022000000000           FX2FP.rz                  r34            ,cb1.32.0       
0x0204000000140009 0x0000026000000000           FMUL                      r38            ,r20            ,r9             
0x020400000014000f 0x0000014000000000           FMUL                      r20            ,r20            ,r15            
0x0200000008f30000 0x1000000000000000           FMUL.rp1                  r0             ,PDC_050F       ,r0             
0x0200000008f30005 0x1000005000000000           FMUL.rp1                  r5             ,PDC_050F       ,r5             
0x1700c02000001025 0x0000027000000000           FX2FP.rz                  r39            ,cb37.32.0      
0x208000f4000c001d 0x000001d000000000           SEL.fp                    r29            ,p4             ,r12            ,r29            
0x208000f400120020 0x0000020000000000           SEL.fp                    r32            ,p4             ,r18            ,r32            
0x02040000001e0009 0x0000028000000000           FMUL                      r40            ,r30            ,r9             
0x020400000022000a 0x0000029000000000           FMUL                      r41            ,r34            ,r10            
0x02040000001e000f 0x000002a000000000           FMUL                      r42            ,r30            ,r15            
0x0204000000220010 0x000002b000000000           FMUL                      r43            ,r34            ,r16            
0x0400000000260026 0x8a200ff1e0000000           DOT                       void           ,r38            ,r38            
                                               +SQRT                      r30            ,fwd            
0x0400000000000000 0x9a200ff000000000           DOT.rp1                   void           ,r0             ,r0             
                                               +SQRT                      r0             ,fwd            
0x020400000007000f 0x0000026000000000           FMUL                      r38            ,r7             ,r15            
0x020400000027000a 0x000002c000000000           FMUL                      r44            ,r39            ,r10            
0x0400000000280028 0x9a200ff010000000           DOT.rp1                   void           ,r40            ,r40            
                                               +SQRT                      r1             ,fwd            
0x04000000002a002a 0x9a200ff220000000           DOT.rp1                   void           ,r42            ,r42            
                                               +SQRT                      r34            ,fwd            
0x0a40000400d0001c 0x000001c000000000           IADDI.s                   r28            ,208            ,r28 << 4       
0x0204000000270010 0x0000027000000000           FMUL                      r39            ,r39            ,r16            
0x208000f300100020 0x0000020000000000           SEL.fp                    r32            ,p3             ,r16            ,r32            
0x0400000000260026 0x9a200ff260000000           DOT.rp1                   void           ,r38            ,r38            
                                               +SQRT                      r38            ,fwd            
0x0400000000050005 0x9a200ff050000000           DOT.rp1                   void           ,r5             ,r5             
                                               +SQRT                      r5             ,fwd            
0x0204000000070009 0x000002b000000000           FMUL                      r43            ,r7             ,r9             
0x1700c02000001028 0x0000006000000000           FX2FP.rz                  r6             ,cb40.32.0      
0x208000f300090008 0x0000007000000000           SEL.fp                    r7             ,p3             ,r9             ,r8             
0x208000f3000f0013 0x0000008000000000           SEL.fp                    r8             ,p3             ,r15            ,r19            
0x0400000000140014 0x8a200ff130000000           DOT                       void           ,r20            ,r20            
                                               +SQRT                      r19            ,fwd            
0x1700c02000001008 0x0000014000000000           FX2FP.rz                  r20            ,cb8.32.0       
0x0204000000060009 0x0000027000000000           FMUL                      r39            ,r6             ,r9             
0x0204000000140009 0x0000028000000000           FMUL                      r40            ,r20            ,r9             
0x2600000000220001 0x8a300ff010000000           FMAX                      void           ,r34            ,r1             
                                               +LOG                       r1             ,fwd            
0x020400000014000f 0x0000029000000000           FMUL                      r41            ,r20            ,r15            
0x208000f3000c001f 0x000000c000000000           SEL.fp                    r12            ,p3             ,r12            ,r31            
0x208000f300120021 0x0000012000000000           SEL.fp                    r18            ,p3             ,r18            ,r33            
0x208000f3000a001d 0x0000014000000000           SEL.fp                    r20            ,p3             ,r10            ,r29            
0x1700c02000001009 0x000001d000000000           FX2FP.rz                  r29            ,cb9.32.0       
0x2600000000020025 0x8a300ff020000000           FMAX                      void           ,r2             ,r37            
                                               +LOG                       r2             ,fwd            
0x1700c0200000100c 0x000001f000000000           FX2FP.rz                  r31            ,cb12.32.0      
0x02040000001d0010 0x000002a000000000           FMUL                      r42            ,r29            ,r16            
0x0400000000290029 0x9a200ff210000000           DOT.rp1                   void           ,r41            ,r41            
                                               +SQRT                      r33            ,fwd            
0x02040000001f0009 0x0000022000000000           FMUL                      r34            ,r31            ,r9             
0x16c0020e00000001 0x0000001000000000           FP2FX.sat.s.rne           r1.6.8         ,r1             
0x02040000001f000f 0x000001f000000000           FMUL                      r31            ,r31            ,r15            
0x4800000000000001 0x000002d000000000           MOV                       r45            ,r1             
0x0400000000220022 0x8a200ff010000000           DOT                       void           ,r34            ,r34            
                                               +SQRT                      r1             ,fwd            
0x04000000001f001f 0x8a200ff1f0000000           DOT                       void           ,r31            ,r31            
                                               +SQRT                      r31            ,fwd            
0x260000000003000b 0x8a300ff030000000           FMAX                      void           ,r3             ,r11            
                                               +LOG                       r3             ,fwd            
0x208000f280140014 0x0000030000000000           SEL.fp                    r48            ,p2             ,-r20           ,r20            
0x2600000000040011 0x8a300ff040000000           FMAX                      void           ,r4             ,r17            
                                               +LOG                       r4             ,fwd            
0x04000000002b002b 0x9a200ff0b0000000           DOT.rp1                   void           ,r43            ,r43            
                                               +SQRT                      r11            ,fwd            
0x020400000006000f 0x0000006000000000           FMUL                      r6             ,r6             ,r15            
0x1700c0200000102c 0x0000011000000000           FX2FP.rz                  r17            ,cb44.32.0      
0x208000f280070007 0x000002f000000000           SEL.fp                    r47            ,p2             ,-r7            ,r7             
0x208000f280080008 0x0000007000000000           SEL.fp                    r7             ,p2             ,-r8            ,r8             
0x0a40003e0000001c 0x0000014000000000           IADDI.s                   r20            ,0              ,r28 >> 2       
0x1700c0200000102d 0x0000008000000000           FX2FP.rz                  r8             ,cb45.32.0      
0x16c0020e00000003 0x0000022000000000           FP2FX.sat.s.rne           r34.6.8        ,r3             
0x4800000000000015 0x100002b000000000           MOV.rp1                   r43            ,r21            
0x260000000026000b 0x8a300ff030000000           FMAX                      void           ,r38            ,r11            
                                               +LOG                       r3             ,fwd            
0x4800000000000017 0x000002e000000000           MOV                       r46            ,r23            
0x92000000002b0000 0x00000000bb1c00c0           SMP_L.c                   r11.x          ,[r43.crp3]     ,t[12]          ,s[12]          ,theap[0]       ,sheap[0]       
0x4800000000000015 0x0000031000000000           MOV                       r49            ,r21            
0x260000000013001e 0x8a300ff130000000           FMAX                      void           ,r19            ,r30            
                                               +LOG                       r19            ,fwd            
0x4800000000000017 0x0000033000000000           MOV                       r51            ,r23            
0x02040000001d000a 0x0000029000000000           FMUL                      r41            ,r29            ,r10            
0x0400000000280028 0x9a200ff1c0000000           DOT.rp1                   void           ,r40            ,r40            
                                               +SQRT                      r28            ,fwd            
0x4800000000000015 0x0000034000000000           MOV                       r52            ,r21            
0x26000000001f0001 0x8a300ff010000000           FMAX                      void           ,r31            ,r1             
                                               +LOG                       r1             ,fwd            
0x16c0020e00000013 0x0000013000000000           FP2FX.sat.s.rne           r19.6.8        ,r19            
0x4800000000000017 0x0000036000000000           MOV                       r54            ,r23            
0x4800000000000013 0x0000032000000000           MOV                       r50            ,r19            
0x9200000000310000 0x000000013a140040           SMP_L.c                   r19.x          ,[r49.crp2]     ,t[4]           ,s[4]           ,theap[0]       ,sheap[0]       
0x260000000021001c 0x8a300ff1c0000000           FMAX                      void           ,r33            ,r28            
                                               +LOG                       r28            ,fwd            
0x16c0020e00000001 0x1000001000000000           FP2FX.sat.s.rne.rp1       r1.6.8         ,r1             
0x16c0002000000016 0x0000033000000000           FP2FX.sat.s.rne           r51.32.0       ,r22            
0x4800000000000001 0x0000035000000000           MOV                       r53            ,r1             
0x4800000000000033 0x0000037000000000           MOV                       r55            ,r51            
0x1700c02000001010 0x0000001000000000           FX2FP.rz                  r1             ,cb16.32.0      
0x9200000000340000 0x00000001db190090           SMP_L.c                   r29.x          ,[r52.crp3]     ,t[9]           ,s[9]           ,theap[0]       ,sheap[0]       
0x16c0020e0000001c 0x000002d000000000           FP2FX.sat.s.rne           r45.6.8        ,r28            
0x0204000000010009 0x000001e000000000           FMUL                      r30            ,r1             ,r9             
0x92000000002b0000 0x00000001cb150050           SMP_L.c                   r28.x          ,[r43.crp3]     ,t[5]           ,s[5]           ,theap[0]       ,sheap[0]       
0x020400000001000f 0x0000025000000000           FMUL                      r37            ,r1             ,r15            
0x4800000000000016 0x0000035000000000           MOV                       r53            ,r22            
0x1700c02000001011 0x0000001000000000           FX2FP.rz                  r1             ,cb17.32.0      
0x16c0002000000017 0x0000038000000000           FP2FX.sat.s.rne           r56.32.0       ,r23            
0x020400000001000a 0x000001f000000000           FMUL                      r31            ,r1             ,r10            
0x0204000000010010 0x0000026000000000           FMUL                      r38            ,r1             ,r16            
0x030400000013000b 0x0000001000000000           FADD                      r1             ,r19            ,r11            
0x04000000001e001e 0x9a200ff0b0000000           DOT.rp1                   void           ,r30            ,r30            
                                               +SQRT                      r11            ,fwd            
0x0400000000250025 0x9a200ff130000000           DOT.rp1                   void           ,r37            ,r37            
                                               +SQRT                      r19            ,fwd            
0x4800000000000018 0x0000037000000000           MOV                       r55            ,r24            
0x48000000000008f0 0x0000039000000000           MOV                       r57            ,PDC_0          
0x4800000000000015 0x0000021000000000           MOV                       r33            ,r21            
0x9200000000210000 0x00000003a1f00000           SMP_L                     r58.xyzw       ,[r33.crp1]     ,t[0]           ,s[0]           ,theap[0]       ,sheap[0]       
0x4800000000000015 0x1000028000000000           MOV.rp1                   r40            ,r21            
0x260000000013000b 0x8a300ff0b0000000           FMAX                      void           ,r19            ,r11            
                                               +LOG                       r11            ,fwd            
0x03040000001c0001 0x0000001000000000           FADD                      r1             ,r28            ,r1             
0x03040000001d0001 0x0004001000000000           FADD.dly1                 r1             ,r29            ,r1             
0x4800000000000002 0x000002a000000000           MOV                       r42            ,r2             
0x9200000000280000 0x00000001c2f10010           SMP_L                     r28.xyzw       ,[r40.crp2]     ,t[1]           ,s[1]           ,theap[0]       ,sheap[0]       
0x16c0020e00000004 0x0000002000000000           FP2FX.sat.s.rne           r2.6.8         ,r4             
0x16c0020e0000000b 0x0000036000000000           FP2FX.sat.s.rne           r54.6.8        ,r11            
0x9200000000340000 0x000000004c1a00a0           SMP_L.c                   r4.x           ,[r52.crp4]     ,t[10]          ,s[10]          ,theap[0]       ,sheap[0]       
0x4800000000000017 0x0000036000000000           MOV                       r54            ,r23            
0x4800000000000002 0x0000037000000000           MOV                       r55            ,r2             
0x9200000000340000 0x0000000343f20020           SMP_L                     r52.xyzw       ,[r52.crp3]     ,t[2]           ,s[2]           ,theap[0]       ,sheap[0]       
0x2600000000050000 0x8a300ff000000000           FMAX                      void           ,r5             ,r0             
                                               +LOG                       r0             ,fwd            
0x16c0020e00000003 0x000002a000000000           FP2FX.sat.s.rne           r42.6.8        ,r3             
0x9200000000280000 0x00000003e2fb00b0           SMP_L                     r62.xyzw       ,[r40.crp2]     ,t[11]          ,s[11]          ,theap[0]       ,sheap[0]       
0x0400000000270027 0x8a200ff020000000           DOT                       void           ,r39            ,r39            
                                               +SQRT                      r2             ,fwd            
0x03040000001c003a 0x0000003000000000           FADD                      r3             ,r28            ,r58            
0x03040000001d003b 0x0000005000000000           FADD                      r5             ,r29            ,r59            
0x03040000001e003c 0x000000b000000000           FADD                      r11            ,r30            ,r60            
0x03040000001f003d 0x0000013000000000           FADD                      r19            ,r31            ,r61            
0x0304000000040001 0x0000001000000000           FADD                      r1             ,r4             ,r1             
0x16c0020e00000000 0x000001c000000000           FP2FX.sat.s.rne           r28.6.8        ,r0             
0x9200000000190000 0x0000000393f30030           SMP_L                     r57.xyzw       ,[r25.crp3]     ,t[3]           ,s[3]           ,theap[0]       ,sheap[0]       
0x0400000000060006 0x8a200ff000000000           DOT                       void           ,r6             ,r6             
                                               +SQRT                      r0             ,fwd            
0x0204000000110009 0x0000015000000000           FMUL                      r21            ,r17            ,r9             
0x020400000008000a 0x0000016000000000           FMUL                      r22            ,r8             ,r10            
0x0304000000340003 0x0000003000000000           FADD                      r3             ,r52            ,r3             
0x0304000000350005 0x0000004000000000           FADD                      r4             ,r53            ,r5             
0x030400000036000b 0x0000005000000000           FADD                      r5             ,r54            ,r11            
0x0304000000370013 0x0000006000000000           FADD                      r6             ,r55            ,r19            
0x020400000011000f 0x000001c000000000           FMUL                      r28            ,r17            ,r15            
0x0204000000080010 0x000001d000000000           FMUL                      r29            ,r8             ,r16            
0x2600000000000002 0x8a300ff000000000           FMAX                      void           ,r0             ,r2             
                                               +LOG                       r0             ,fwd            
0x0400000000150015 0x9a200ff020000000           DOT.rp1                   void           ,r21            ,r21            
                                               +SQRT                      r2             ,fwd            
0x04000000001c001c 0x9a200ff0b0000000           DOT.rp1                   void           ,r28            ,r28            
                                               +SQRT                      r11            ,fwd            
0x4800000000000038 0x000002e000000000           MOV                       r46            ,r56            
0x480000000000200d 0x1000015000000000           MOV.rp1                   r21            ,r13.rp0        
0x16c0020e00000000 0x0000032000000000           FP2FX.sat.s.rne           r50.6.8        ,r0             
0x9200000000310000 0x0000000312f60060           SMP_L                     r49.xyzw       ,[r49.crp2]     ,t[6]           ,s[6]           ,theap[0]       ,sheap[0]       
0x0304000000390003 0x0000000000000000           FADD                      r0             ,r57            ,r3             
0x03040000003a0004 0x0000003000000000           FADD                      r3             ,r58            ,r4             
0x0120002f200c0023 0x100001c000000000           MAD.crf3.rp1              r28            ,r47            ,r12.rp0        ,r35            
0x208000f280200020 0x0000008000000000           SEL.fp                    r8             ,p2             ,-r32           ,r32            
0x0120000720120023 0x1000007000000000           MAD.crf3.rp1              r7             ,r7             ,r18.rp0        ,r35            
0x4800000000001814 0x3000011000000000           MOV.rp3                   r17            ,cb[r20]        
0x020400000015001c 0x1000013000000000           FMUL.rp1                  r19            ,r21            ,r28            
0x02040000000d0007 0x1000007000000000           FMUL.rp1                  r7             ,r13            ,r7             
0x1700c02000001030 0x100000c000000000           FX2FP.rz.rp1              r12            ,cb48.32.0      
0x020400000013000c 0x1000013000000000           FMUL.rp1                  r19            ,r19            ,r12            
0x020400000007000c 0x1000007000000000           FMUL.rp1                  r7             ,r7             ,r12            
0x1700c02000000011 0x0000004000000000           FX2FP.rz                  r4             ,r17.32.0       
0x0200000008f30013 0x100000c000000000           FMUL.rp1                  r12            ,PDC_050F       ,r19            
0x0200000008f30007 0x1000007000000000           FMUL.rp1                  r7             ,PDC_050F       ,r7             
0x1700c02000000012 0x000000e000000000           FX2FP.rz                  r14            ,r18.32.0       
0x04000000000c000c 0x9a200ff0c0000000           DOT.rp1                   void           ,r12            ,r12            
                                               +SQRT                      r12            ,fwd            
0x0400000000070007 0x9a200ff070000000           DOT.rp1                   void           ,r7             ,r7             
                                               +SQRT                      r7             ,fwd            
0x0204000000040009 0x0000008000000000           FMUL                      r8             ,r4             ,r9             
0x020400000004000f 0x000000d000000000           FMUL                      r13            ,r4             ,r15            
0x02040000000e000a 0x0000009000000000           FMUL                      r9             ,r14            ,r10            
0x02040000000e0010 0x000000e000000000           FMUL                      r14            ,r14            ,r16            
0x0400000000080008 0x9a200ff040000000           DOT.rp1                   void           ,r8             ,r8             
                                               +SQRT                      r4             ,fwd            
0x04000000000d000d 0x9a200ff080000000           DOT.rp1                   void           ,r13            ,r13            
                                               +SQRT                      r8             ,fwd            
0x26000000000b0002 0x8a300ff020000000           FMAX                      void           ,r11            ,r2             
                                               +LOG                       r2             ,fwd            
0x260000000007000c 0x8a300ff070000000           FMAX                      void           ,r7             ,r12            
                                               +LOG                       r7             ,fwd            
0x16c0002000000018 0x0000009000000000           FP2FX.sat.s.rne           r9.32.0        ,r24            
0x48000000000008f0 0x000001e000000000           MOV                       r30            ,PDC_0          
0x0940c00000060009 0x000001d000000000           IMULI.s.b32               r29            ,6              ,r9             
0x480000000000103c 0x0000009000000000           MOV                       r9             ,cb60           
0x2600000000080004 0x8a300ff040000000           FMAX                      void           ,r8             ,r4             
                                               +LOG                       r4             ,fwd            
0x16c0020e00000002 0x000002d000000000           FP2FX.sat.s.rne           r45.6.8        ,r2             
0x92000000002b0000 0x00000000b3f70070           SMP_L                     r11.xyzw       ,[r43.crp3]     ,t[7]           ,s[7]           ,theap[0]       ,sheap[0]       
0x16c0020e00000007 0x000001c000000000           FP2FX.sat.s.rne           r28.6.8        ,r7             
0x9200000000190000 0x00000000f4f80080           SMP_L                     r15.xyzw       ,[r25.crp4]     ,t[8]           ,s[8]           ,theap[0]       ,sheap[0]       
0x16c0020e00000004 0x000002a000000000           FP2FX.sat.s.rne           r42.6.8        ,r4             
0x4800000000000009 0x000000a000000000           MOV                       r10            ,r9             
0x92c0000000280009 0x0000000072f00000           SMP_L.it.is               r7.xyzw        ,[r40.crp2]     ,t[r9]          ,s[r10]         ,theap[0]       ,sheap[0]       
0x03040000003b0005 0x0000002000000000           FADD                      r2             ,r59            ,r5             
0x03040000003c0006 0x0000004000000000           FADD                      r4             ,r60            ,r6             
0x03040000003e0000 0x0000000000000000           FADD                      r0             ,r62            ,r0             
0x03040000003f0003 0x0000003000000000           FADD                      r3             ,r63            ,r3             
0x0304000000400002 0x0000002000000000           FADD                      r2             ,r64            ,r2             
0x0304000000410004 0x0000004000000000           FADD                      r4             ,r65            ,r4             
0x0304000000310000 0x0000000000000000           FADD                      r0             ,r49            ,r0             
0x0304000000320003 0x0000003000000000           FADD                      r3             ,r50            ,r3             
0x0304000000330002 0x0000002000000000           FADD                      r2             ,r51            ,r2             
0x0304000000340004 0x0000004000000000           FADD                      r4             ,r52            ,r4             
0x03040000000b0000 0x0000000000000000           FADD                      r0             ,r11            ,r0             
0x03040000000c0003 0x0000003000000000           FADD                      r3             ,r12            ,r3             
0x03040000000d0002 0x0000002000000000           FADD                      r2             ,r13            ,r2             
0x03040000000e0004 0x0000004000000000           FADD                      r4             ,r14            ,r4             
0x03040000000f0000 0x0000000000000000           FADD                      r0             ,r15            ,r0             
0x0304000000100003 0x0000003000000000           FADD                      r3             ,r16            ,r3             
0x0304000000110002 0x0000002000000000           FADD                      r2             ,r17            ,r2             
0x0304000000120004 0x0000004000000000           FADD                      r4             ,r18            ,r4             
0x0300000000070000 0x86800ff000000000           FADD                      void           ,r7             ,r0             
                                               +EMITC                     o[0].x         ,fwd            
0x0300000000080003 0x86800ff001000000           FADD                      void           ,r8             ,r3             
                                               +EMITC                     o[0].y         ,fwd            
0x0300000000090002 0x86800ff002000000           FADD                      void           ,r9             ,r2             
                                               +EMITC                     o[0].z         ,fwd            
0x03000000000a0004 0x86800ff00b000000           FADD                      void           ,r10            ,r4             
                                               +EMITC.rte                 o[0].w         ,fwd            
0x6800000000000001 0x0000000008000003           EMITC.rte                 o[3].x         ,r1             
0xc340000000000000 0x0000000000000000           JUMP.ps                   0              

