0xa00000000000000f 0x0000000000000000           RCP                       r0             ,r15            
0x1140000000041000 0x0000001000000000           SHR.s                     r1             ,r4             ,cb0            
0x1740002000001001 0x0000002000000000           FX2FP.s.rne               r2             ,cb1.32.0       
0x1740002000000001 0x0000001000000000           FX2FP.s.rne               r1             ,r1.32.0        
0x4800000000001004 0x1000003000000000           MOV.rp1                   r3             ,cb4            
0x480000000000100b 0x0000005000000000           MOV                       r5             ,cb11           
0x480000000000100f 0x0000006000000000           MOV                       r6             ,cb15           
0x0204000000082000 0x3000007000000000           FMUL.rp3                  r7             ,r8             ,r0.rp0         
0x9900000080070000 0x0000000091300000           SMP_LOD                   r9.xy          ,[r7.crp1.nlk]  ,t[0]           ,s[0]           ,theap[0]       ,sheap[0]       
0x9900000000070000 0x0000000071320020           SMP_LOD                   r7.xy          ,[r7.crp1]      ,t[2]           ,s[2]           ,theap[0]       ,sheap[0]       
0x1700020c00000009 0x0000000000000000           FX2FP.rne                 r0             ,r9.4.8         
0x174002120000000a 0x0000009000000000           FX2FP.s.rne               r9             ,r10.10.8       
0x1700020c00000007 0x0000007000000000           FX2FP.rne                 r7             ,r7.4.8         
0x1740021200000008 0x0000008000000000           FX2FP.s.rne               r8             ,r8.10.8        
0x0300000000000001 0x86800ff000000000           FADD                      void           ,r0             ,r1             
                                               +EMITC                     o[0].x         ,fwd            
0x0300000000090002 0x86800ff001000000           FADD                      void           ,r9             ,r2             
                                               +EMITC                     o[0].y         ,fwd            
0x0300000028f40007 0x96800ff00a000000           FADD.rp1                  void           ,PDC_1F         ,r7             
                                               +EMITC.rte                 o[0].zw        ,fwd            
0x6800000000000003 0x3000000008000004           EMITC.rte                 o[4].xyzw      ,r3             
0xc340000000000000 0x0000000000000000           JUMP.ps                   0              

