0xa00000000000000f 0x0000000000000000           RCP                       r0             ,r15            
0x4b00000000000001 0x0000002000000000           MOVIMM                    r2             ,0x1            
0x4b00000000000081 0x0000006000000000           MOVIMM                    r6             ,0x81           
0x4800000000001000 0x000000e000000000           MOV                       r14            ,cb0            
0x480000000000000e 0x000400f000000000           MOV.dly1                  r15            ,r14            
0x0204000000082000 0x3000010000000000           FMUL.rp3                  r16            ,r8             ,r0.rp0         
0x16c0020e00000013 0x0004001000000000           FP2FX.sat.s.rne.dly1      r1.6.8         ,r19            
0x4800000000000010 0x0000000000000000           MOV                       r0             ,r16            
0x4800000000000010 0x1000003000000000           MOV.rp1                   r3             ,r16            
0x4800000000000001 0x0000005000000000           MOV                       r5             ,r1             
0x9220000000000000 0x0000000142f00000           SMP_L.po                  r20.xyzw       ,[r0.crp2]      ,t[0]           ,s[0]           ,theap[0]       ,sheap[0]       
0x9220000000030000 0x0000000183f10010           SMP_L.po                  r24.xyzw       ,[r3.crp3]      ,t[1]           ,s[1]           ,theap[0]       ,sheap[0]       
0x4800000000000010 0x300001c000000000           MOV.rp3                   r28            ,r16            
0x4800000000000014 0x1000020000000000           MOV.rp1                   r32            ,r20            
0x4800000000000001 0x000001f000000000           MOV                       r31            ,r1             
0x4b00000000003081 0x0000020000000000           MOVIMM                    r32            ,0x3081         
0x48000000000008f0 0x0000021000000000           MOV                       r33            ,PDC_0          
0x16c0002000000011 0x0000000000000000           FP2FX.sat.s.rne           r0.32.0        ,r17            
0x92200000001c0000 0x00000001c4f20020           SMP_L.po                  r28.xyzw       ,[r28.crp4]     ,t[2]           ,s[2]           ,theap[0]       ,sheap[0]       
0x4800000000000010 0x000000a000000000           MOV                       r10            ,r16            
0x16c0002000000012 0x0000007000000000           FP2FX.sat.s.rne           r7.32.0        ,r18            
0x4800000000000001 0x100000b000000000           MOV.rp1                   r11            ,r1             
0x4800000000000000 0x000000d000000000           MOV                       r13            ,r0             
0x4800000000000010 0x3000020000000000           MOV.rp3                   r32            ,r16            
0x4800000000000014 0x1000024000000000           MOV.rp1                   r36            ,r20            
0x92200000000a0000 0x0000000263f50050           SMP_L.po                  r38.xyzw       ,[r10.crp3]     ,t[5]           ,s[5]           ,theap[0]       ,sheap[0]       
0x4800000000000001 0x0000022000000000           MOV                       r34            ,r1             
0x4800000000000006 0x1000023000000000           MOV.rp1                   r35            ,r6             
0x48000000000008f0 0x0000025000000000           MOV                       r37            ,PDC_0          
0x9220000000200000 0x00000002a4f60060           SMP_L.po                  r42.xyzw       ,[r32.crp4]     ,t[6]           ,s[6]           ,theap[0]       ,sheap[0]       
0x4800000000000012 0x000000d000000000           MOV                       r13            ,r18            
0x4800000000000012 0x0000024000000000           MOV                       r36            ,r18            
0x48000000000008f0 0x0000025000000000           MOV                       r37            ,PDC_0          
0x92200000000a0000 0x000000007b130030           SMP_L.po.c                r7.x           ,[r10.crp3]     ,t[3]           ,s[3]           ,theap[0]       ,sheap[0]       
0x4800000000000001 0x0000011000000000           MOV                       r17            ,r1             
0x9220000000200000 0x000000001c140040           SMP_L.po.c                r1.x           ,[r32.crp4]     ,t[4]           ,s[4]           ,theap[0]       ,sheap[0]       
0x4800000000000010 0x3000008000000000           MOV.rp3                   r8             ,r16            
0x4800000000000014 0x100000c000000000           MOV.rp1                   r12            ,r20            
0x4800000000000002 0x000000a000000000           MOV                       r10            ,r2             
0x4800000000000012 0x000000b000000000           MOV                       r11            ,r18            
0x4800000000000000 0x000000c000000000           MOV                       r12            ,r0             
0x48000000000008f0 0x000000d000000000           MOV                       r13            ,PDC_0          
0x92e000000003000e 0x0000000023f00000           SMP_L.it.is.po            r2.xyzw        ,[r3.crp3]      ,t[r14]         ,s[r15]         ,theap[0]       ,sheap[0]       
0x9220000000080000 0x000000000c170070           SMP_L.po.c                r0.x           ,[r8.crp4]      ,t[7]           ,s[7]           ,theap[0]       ,sheap[0]       
0x0304000000180014 0x0000006000000000           FADD                      r6             ,r24            ,r20            
0x0304000000190015 0x2000008000000000           FADD.rp2                  r8             ,r25            ,r21            
0x03040000001c0006 0x0000006000000000           FADD                      r6             ,r28            ,r6             
0x03040000001d0008 0x2000008000000000           FADD.rp2                  r8             ,r29            ,r8             
0x0304000000260006 0x0000006000000000           FADD                      r6             ,r38            ,r6             
0x0304000000270008 0x2000008000000000           FADD.rp2                  r8             ,r39            ,r8             
0x03040000002a0006 0x0000006000000000           FADD                      r6             ,r42            ,r6             
0x0304000000010007 0x0000001000000000           FADD                      r1             ,r1             ,r7             
0x03040000002b0008 0x2000007000000000           FADD.rp2                  r7             ,r43            ,r8             
0x0304000000020006 0x3000002000000000           FADD.rp3                  r2             ,r2             ,r6             
0x0304000000000001 0x0000000000000000           FADD                      r0             ,r0             ,r1             
0x6800000000000002 0x3000000008000000           EMITC.rte                 o[0].xyzw      ,r2             
0x6800000000000000 0x0000000008000003           EMITC.rte                 o[3].x         ,r0             
0xc340000000000000 0x0000000000000000           JUMP.ps                   0              

