0xa000000000000017 0x0000000000000000           RCP                       r0             ,r23            
0x1700c0200000100c 0x0000001000000000           FX2FP.rz                  r1             ,cb12.32.0      
0x1700c02000001010 0x0000002000000000           FX2FP.rz                  r2             ,cb16.32.0      
0x1700c02000001004 0x0000003000000000           FX2FP.rz                  r3             ,cb4.32.0       
0x1700c02000001011 0x0000004000000000           FX2FP.rz                  r4             ,cb17.32.0      
0x1700c02000001014 0x0000005000000000           FX2FP.rz                  r5             ,cb20.32.0      
0x0a400000fff91024 0x0000006000000000           IADDI.s                   r6             ,-7             ,cb36           
0x1700c02000001008 0x0000007000000000           FX2FP.rz                  r7             ,cb8.32.0       
0x02040000000c2000 0x300000c000000000           FMUL.rp3                  r12            ,r12            ,r0.rp0         
0x0204000000102000 0x300000f000000000           FMUL.rp3                  r15            ,r16            ,r0.rp0         
0x020400000001000c 0x0000012000000000           FMUL                      r18            ,r1             ,r12            
0x020400000001000f 0x0000001000000000           FMUL                      r1             ,r1             ,r15            
0x0400000000120012 0x8a200ff120000000           DOT                       void           ,r18            ,r18            
                                               +SQRT                      r18            ,fwd            
0x0400000000010001 0x8a200ff010000000           DOT                       void           ,r1             ,r1             
                                               +SQRT                      r1             ,fwd            
0x020400000002000c 0x0000015000000000           FMUL                      r21            ,r2             ,r12            
0x020400000002000f 0x0000002000000000           FMUL                      r2             ,r2             ,r15            
0x020400000003000c 0x0000013000000000           FMUL                      r19            ,r3             ,r12            
0x020400000003000f 0x0000017000000000           FMUL                      r23            ,r3             ,r15            
0x020400000004000d 0x0000016000000000           FMUL                      r22            ,r4             ,r13            
0x0204000000040010 0x0000003000000000           FMUL                      r3             ,r4             ,r16            
0x0400000000150015 0x9a200ff040000000           DOT.rp1                   void           ,r21            ,r21            
                                               +SQRT                      r4             ,fwd            
0x0400000000020002 0x9a200ff020000000           DOT.rp1                   void           ,r2             ,r2             
                                               +SQRT                      r2             ,fwd            
0x0400000000130013 0x8a200ff030000000           DOT                       void           ,r19            ,r19            
                                               +SQRT                      r3             ,fwd            
0x0400000000170017 0x8a200ff130000000           DOT                       void           ,r23            ,r23            
                                               +SQRT                      r19            ,fwd            
0x1700c02000001015 0x1000014000000000           FX2FP.rz.rp1              r20            ,cb21.32.0      
0x1700c02000001009 0x0000016000000000           FX2FP.rz                  r22            ,cb9.32.0       
0x020400000005000c 0x0000017000000000           FMUL                      r23            ,r5             ,r12            
0x020400000005000f 0x0000005000000000           FMUL                      r5             ,r5             ,r15            
0x1700c02000001018 0x000001a000000000           FX2FP.rz                  r26            ,cb24.32.0      
0x0a40000400700006 0x000001b000000000           IADDI.s                   r27            ,112            ,r6 << 4        
0x020400000007000c 0x000001c000000000           FMUL                      r28            ,r7             ,r12            
0x020400000007000f 0x000001e000000000           FMUL                      r30            ,r7             ,r15            
0x020400000014000d 0x1000018000000000           FMUL.rp1                  r24            ,r20            ,r13            
0x0204000000140010 0x1000006000000000           FMUL.rp1                  r6             ,r20            ,r16            
0x1700c02000001019 0x000000e000000000           FX2FP.rz                  r14            ,cb25.32.0      
0x1700c02000001000 0x0000011000000000           FX2FP.rz                  r17            ,cb0.32.0       
0x020400000016000d 0x000001d000000000           FMUL                      r29            ,r22            ,r13            
0x0204000000160010 0x000001f000000000           FMUL                      r31            ,r22            ,r16            
0x0400000000170017 0xaa200ff140000000           DOT.rp2                   void           ,r23            ,r23            
                                               +SQRT                      r20            ,fwd            
0x0400000000050005 0xaa200ff050000000           DOT.rp2                   void           ,r5             ,r5             
                                               +SQRT                      r5             ,fwd            
0x02040000001a000c 0x0000006000000000           FMUL                      r6             ,r26            ,r12            
0x02040000001a000f 0x0000015000000000           FMUL                      r21            ,r26            ,r15            
0x0a40003e0000001b 0x0000017000000000           IADDI.s                   r23            ,0              ,r27 >> 2       
0x0204000000082000 0x3000008000000000           FMUL.rp3                  r8             ,r8             ,r0.rp0         
0x1700c02000001001 0x0000000000000000           FX2FP.rz                  r0             ,cb1.32.0       
0x04000000001c001c 0x9a200ff180000000           DOT.rp1                   void           ,r28            ,r28            
                                               +SQRT                      r24            ,fwd            
0x04000000001e001e 0x9a200ff190000000           DOT.rp1                   void           ,r30            ,r30            
                                               +SQRT                      r25            ,fwd            
0x02040000000e000d 0x0000007000000000           FMUL                      r7             ,r14            ,r13            
0x02040000000e0010 0x0000016000000000           FMUL                      r22            ,r14            ,r16            
0xa00000000000000b 0x00000000b0000000           RCP                       r11            ,r11            
0x020400000011000c 0x000001a000000000           FMUL                      r26            ,r17            ,r12            
0x020400000011000f 0x000001c000000000           FMUL                      r28            ,r17            ,r15            
0x0400000000060006 0x9a200ff060000000           DOT.rp1                   void           ,r6             ,r6             
                                               +SQRT                      r6             ,fwd            
0x0400000000150015 0x9a200ff070000000           DOT.rp1                   void           ,r21            ,r21            
                                               +SQRT                      r7             ,fwd            
0x4800000000001817 0x300001e000000000           MOV.rp3                   r30            ,cb[r23]        
0x020400000000000d 0x000001b000000000           FMUL                      r27            ,r0             ,r13            
0x0204000000000010 0x000001d000000000           FMUL                      r29            ,r0             ,r16            
0xa000000000000009 0x0000000000000000           RCP                       r0             ,r9             
0x2600000000010012 0x8a300ff010000000           FMAX                      void           ,r1             ,r18            
                                               +LOG                       r1             ,fwd            
0x04000000001a001a 0x9a200ff0e0000000           DOT.rp1                   void           ,r26            ,r26            
                                               +SQRT                      r14            ,fwd            
0x04000000001c001c 0x9a200ff110000000           DOT.rp1                   void           ,r28            ,r28            
                                               +SQRT                      r17            ,fwd            
0x1700c0200000001e 0x0000012000000000           FX2FP.rz                  r18            ,r30.32.0       
0x2600000000020004 0x8a300ff020000000           FMAX                      void           ,r2             ,r4             
                                               +LOG                       r2             ,fwd            
0x1700c0200000001f 0x0000004000000000           FX2FP.rz                  r4             ,r31.32.0       
0x2600000000130003 0x8a300ff030000000           FMAX                      void           ,r19            ,r3             
                                               +LOG                       r3             ,fwd            
0x020400000012000c 0x000000c000000000           FMUL                      r12            ,r18            ,r12            
0x020400000012000f 0x000000f000000000           FMUL                      r15            ,r18            ,r15            
0xa00000000000000a 0x0000000120000000           RCP                       r18            ,r10            
0x020400000004000d 0x000000d000000000           FMUL                      r13            ,r4             ,r13            
0x0204000000040010 0x0000010000000000           FMUL                      r16            ,r4             ,r16            
0x04000000000c000c 0x9a200ff040000000           DOT.rp1                   void           ,r12            ,r12            
                                               +SQRT                      r4             ,fwd            
0x04000000000f000f 0x9a200ff0c0000000           DOT.rp1                   void           ,r15            ,r15            
                                               +SQRT                      r12            ,fwd            
0x2600000000050014 0x8a300ff050000000           FMAX                      void           ,r5             ,r20            
                                               +LOG                       r5             ,fwd            
0x4b00000000000001 0x000000f000000000           MOVIMM                    r15            ,0x1            
0x2600000000190018 0x8a300ff130000000           FMAX                      void           ,r25            ,r24            
                                               +LOG                       r19            ,fwd            
0x02040000200b0008 0x1000014000000000           FMUL.rp1                  r20            ,r11.rp0        ,r8             
0x2600000000070006 0x8a300ff060000000           FMAX                      void           ,r7             ,r6             
                                               +LOG                       r6             ,fwd            
0x48000000000028f0 0x3000016000000000           MOV.rp3                   r22            ,PDC_0          
0x0204000000000008 0x000001a000000000           FMUL                      r26            ,r0             ,r8             
0x16c0020e00000001 0x000001b000000000           FP2FX.sat.s.rne           r27.6.8        ,r1             
0x480000000000000f 0x000001c000000000           MOV                       r28            ,r15            
0x260000000011000e 0x8a300ff000000000           FMAX                      void           ,r17            ,r14            
                                               +LOG                       r0             ,fwd            
0x4800000000000014 0x300001d000000000           MOV.rp3                   r29            ,r20            
0x4800000000000018 0x1000021000000000           MOV.rp1                   r33            ,r24            
0x92200000001a0000 0x0000000232f00000           SMP_L.po                  r35.xyzw       ,[r26.crp2]     ,t[0]           ,s[0]           ,theap[0]       ,sheap[0]       
0x4800000000000014 0x000001a000000000           MOV                       r26            ,r20            
0x4b00000000000081 0x0000020000000000           MOVIMM                    r32            ,0x81           
0x16c0020e00000002 0x0000001000000000           FP2FX.sat.s.rne           r1.6.8         ,r2             
0x02040000000b000a 0x0000002000000000           FMUL                      r2             ,r11            ,r10            
0x16c0020e00000003 0x0000003000000000           FP2FX.sat.s.rne           r3.6.8         ,r3             
0x92200000001a0000 0x0000000272f00000           SMP_L.po                  r39.xyzw       ,[r26.crp2]     ,t[0]           ,s[0]           ,theap[0]       ,sheap[0]       
0x4800000000000014 0x000000d000000000           MOV                       r13            ,r20            
0x0204000020120008 0x1000007000000000           FMUL.rp1                  r7             ,r18.rp0        ,r8             
0x4800000000000001 0x0000009000000000           MOV                       r9             ,r1             
0x4800000000000020 0x000000a000000000           MOV                       r10            ,r32            
0x4800000000000003 0x000000e000000000           MOV                       r14            ,r3             
0x4800000000000002 0x0000010000000000           MOV                       r16            ,r2             
0x9220000000070000 0x00000002b3f10010           SMP_L.po                  r43.xyzw       ,[r7.crp3]      ,t[1]           ,s[1]           ,theap[0]       ,sheap[0]       
0x26000000000c0004 0x8a300ff030000000           FMAX                      void           ,r12            ,r4             
                                               +LOG                       r3             ,fwd            
0x92200000000d0000 0x000000004b130030           SMP_L.po.c                r4.x           ,[r13.crp3]     ,t[3]           ,s[3]           ,theap[0]       ,sheap[0]       
0x4800000000000015 0x000000e000000000           MOV                       r14            ,r21            
0x4800000000000001 0x000000f000000000           MOV                       r15            ,r1             
0x4800000000000020 0x0000010000000000           MOV                       r16            ,r32            
0x16c0020e00000005 0x0000001000000000           FP2FX.sat.s.rne           r1.6.8         ,r5             
0x16c0020e00000013 0x0000016000000000           FP2FX.sat.s.rne           r22.6.8        ,r19            
0x4800000000000020 0x0000017000000000           MOV                       r23            ,r32            
0x4800000000000002 0x0000018000000000           MOV                       r24            ,r2             
0x48000000000008f0 0x0000019000000000           MOV                       r25            ,PDC_0          
0x92200000000d0000 0x00000002f3f10010           SMP_L.po                  r47.xyzw       ,[r13.crp3]     ,t[1]           ,s[1]           ,theap[0]       ,sheap[0]       
0x9220000000140000 0x000000005c140040           SMP_L.po.c                r5.x           ,[r20.crp4]     ,t[4]           ,s[4]           ,theap[0]       ,sheap[0]       
0x4800000000000002 0x0000016000000000           MOV                       r22            ,r2             
0x4800000000000001 0x0000017000000000           MOV                       r23            ,r1             
0x4b00000000003081 0x0000018000000000           MOVIMM                    r24            ,0x3081         
0x48000000000008f0 0x0000019000000000           MOV                       r25            ,PDC_0          
0x16c0020e00000006 0x000000f000000000           FP2FX.sat.s.rne           r15.6.8        ,r6             
0x9220000000140000 0x0000000114f20020           SMP_L.po                  r17.xyzw       ,[r20.crp4]     ,t[2]           ,s[2]           ,theap[0]       ,sheap[0]       
0x16c0020e00000000 0x0000000000000000           FP2FX.sat.s.rne           r0.6.8         ,r0             
0x480000000000000f 0x0000009000000000           MOV                       r9             ,r15            
0x9220000000070000 0x0000000153f50050           SMP_L.po                  r21.xyzw       ,[r7.crp3]      ,t[5]           ,s[5]           ,theap[0]       ,sheap[0]       
0x4800000000000000 0x000001f000000000           MOV                       r31            ,r0             
0x4800000000000002 0x0000021000000000           MOV                       r33            ,r2             
0x48000000000008f0 0x0000022000000000           MOV                       r34            ,PDC_0          
0x4800000000001024 0x0000000000000000           MOV                       r0             ,cb36           
0x92200000001d0000 0x000000002c160060           SMP_L.po.c                r2.x           ,[r29.crp4]     ,t[6]           ,s[6]           ,theap[0]       ,sheap[0]       
0x92200000000d0000 0x00000000b3f50050           SMP_L.po                  r11.xyzw       ,[r13.crp3]     ,t[5]           ,s[5]           ,theap[0]       ,sheap[0]       
0x16c0020e00000003 0x0000009000000000           FP2FX.sat.s.rne           r9.6.8         ,r3             
0x4800000000000000 0x0000001000000000           MOV                       r1             ,r0             
0x92e0000000070000 0x0000000063f00000           SMP_L.it.is.po            r6.xyzw        ,[r7.crp3]      ,t[r0]          ,s[r1]          ,theap[0]       ,sheap[0]       
0x0304000000270023 0x1000000000000000           FADD.rp1                  r0             ,r39            ,r35            
0x0304000000290025 0x0000003000000000           FADD                      r3             ,r41            ,r37            
0x03040000002a0026 0x000000a000000000           FADD                      r10            ,r42            ,r38            
0x03040000002b0000 0x1000000000000000           FADD.rp1                  r0             ,r43            ,r0             
0x03040000002d0003 0x0000003000000000           FADD                      r3             ,r45            ,r3             
0x03040000002e000a 0x000000a000000000           FADD                      r10            ,r46            ,r10            
0x03040000002f0000 0x1000000000000000           FADD.rp1                  r0             ,r47            ,r0             
0x0304000000310003 0x0000003000000000           FADD                      r3             ,r49            ,r3             
0x030400000032000a 0x000000a000000000           FADD                      r10            ,r50            ,r10            
0x0304000000110000 0x1000000000000000           FADD.rp1                  r0             ,r17            ,r0             
0x0304000000130003 0x0000003000000000           FADD                      r3             ,r19            ,r3             
0x030400000014000a 0x000000a000000000           FADD                      r10            ,r20            ,r10            
0x0304000000150000 0x1000000000000000           FADD.rp1                  r0             ,r21            ,r0             
0x0304000000170003 0x0000003000000000           FADD                      r3             ,r23            ,r3             
0x030400000018000a 0x000000a000000000           FADD                      r10            ,r24            ,r10            
0x0304000000040002 0x0000002000000000           FADD                      r2             ,r4             ,r2             
0x03040000000b0000 0x1000000000000000           FADD.rp1                  r0             ,r11            ,r0             
0x03040000000d0003 0x0000003000000000           FADD                      r3             ,r13            ,r3             
0x03040000000e000a 0x0000004000000000           FADD                      r4             ,r14            ,r10            
0x0304000000050002 0x0000002000000000           FADD                      r2             ,r5             ,r2             
0x0300000000060000 0x96800ff000000000           FADD.rp1                  void           ,r6             ,r0             
                                               +EMITC                     o[0].xy        ,fwd            
0x0300000000080003 0x96800ff00a000000           FADD.rp1                  void           ,r8             ,r3             
                                               +EMITC.rte                 o[0].zw        ,fwd            
0x6800000000000002 0x0000000008000003           EMITC.rte                 o[3].x         ,r2             
0xc340000000000000 0x0000000000000000           JUMP.ps                   0              

