0xa00000000000000f 0x0000000000000000           RCP                       r0             ,r15            
0x48000000000008f0 0x0000005000000000           MOV                       r5             ,PDC_0          
0x4800000000001000 0x0000006000000000           MOV                       r6             ,cb0            
0x4800000000000006 0x0004007000000000           MOV.dly1                  r7             ,r6             
0x0204000000082000 0x3000008000000000           FMUL.rp3                  r8             ,r8             ,r0.rp0         
0x2604000040094008 0x0000000000000000           FMAX                      r0             ,|r9|           ,|r8|           
0x16c0020e0000000b 0x0000003000000000           FP2FX.sat.s.rne           r3.6.8         ,r11            
0x26000000400a0000 0x8a000ff040000000           FMAX                      void           ,|r10|          ,r0             
                                               +RCP                       r4             ,fwd            
0x4800000000000008 0x0000002000000000           MOV                       r2             ,r8             
0x4800000000000008 0x100000c000000000           MOV.rp1                   r12            ,r8             
0x4800000000000003 0x000000e000000000           MOV                       r14            ,r3             
0x9200000000020000 0x00000000f1f00000           SMP_L                     r15.xyzw       ,[r2.crp1]      ,t[0]           ,s[0]           ,theap[0]       ,sheap[0]       
0x92000000000c0000 0x0000000132f10010           SMP_L                     r19.xyzw       ,[r12.crp2]     ,t[1]           ,s[1]           ,theap[0]       ,sheap[0]       
0x4800000000000008 0x2000017000000000           MOV.rp2                   r23            ,r8             
0x4800000000000003 0x000001a000000000           MOV                       r26            ,r3             
0x9200000000170000 0x0000000173f20020           SMP_L                     r23.xyzw       ,[r23.crp3]     ,t[2]           ,s[2]           ,theap[0]       ,sheap[0]       
0x0204000000082004 0x2000000000000000           FMUL.rp2                  r0             ,r8             ,r4.rp0         
0x16c0002000000009 0x000001b000000000           FP2FX.sat.s.rne           r27.32.0       ,r9             
0x9200000000000000 0x00000001c3f30030           SMP_L                     r28.xyzw       ,[r0.crp3]      ,t[3]           ,s[3]           ,theap[0]       ,sheap[0]       
0x4800000000000008 0x0000020000000000           MOV                       r32            ,r8             
0x4800000000000003 0x0000021000000000           MOV                       r33            ,r3             
0x480000000000001b 0x0000022000000000           MOV                       r34            ,r27            
0x16c000200000000a 0x0000004000000000           FP2FX.sat.s.rne           r4.32.0        ,r10            
0x9200000000200000 0x0000000232f60060           SMP_L                     r35.xyzw       ,[r32.crp2]     ,t[6]           ,s[6]           ,theap[0]       ,sheap[0]       
0x4800000000000008 0x1000027000000000           MOV.rp1                   r39            ,r8             
0x4800000000000003 0x1000029000000000           MOV.rp1                   r41            ,r3             
0x9200000000270000 0x00000002b3f70070           SMP_L                     r43.xyzw       ,[r39.crp3]     ,t[7]           ,s[7]           ,theap[0]       ,sheap[0]       
0x030400000013000f 0x0000009000000000           FADD                      r9             ,r19            ,r15            
0x16c000200000000b 0x0000004000000000           FP2FX.sat.s.rne           r4.32.0        ,r11            
0x480000000000000a 0x0000022000000000           MOV                       r34            ,r10            
0x0940c00000060004 0x0000004000000000           IMULI.s.b32               r4             ,6              ,r4             
0x9200000000000000 0x00000002f4f80080           SMP_L                     r47.xyzw       ,[r0.crp4]      ,t[8]           ,s[8]           ,theap[0]       ,sheap[0]       
0x480000000000000a 0x000002a000000000           MOV                       r42            ,r10            
0x9200000000270000 0x000000000b150050           SMP_L.c                   r0.x           ,[r39.crp3]     ,t[5]           ,s[5]           ,theap[0]       ,sheap[0]       
0x4800000000000003 0x0000001000000000           MOV                       r1             ,r3             
0x9200000000200000 0x000000002a140040           SMP_L.c                   r2.x           ,[r32.crp2]     ,t[4]           ,s[4]           ,theap[0]       ,sheap[0]       
0x4800000000000001 0x0000028000000000           MOV                       r40            ,r1             
0x480000000000000a 0x0000029000000000           MOV                       r41            ,r10            
0x480000000000001b 0x000002a000000000           MOV                       r42            ,r27            
0x92c00000000c0006 0x0000000032f00000           SMP_L.it.is               r3.xyzw        ,[r12.crp2]     ,t[r6]          ,s[r7]          ,theap[0]       ,sheap[0]       
0x9200000000270000 0x000000001b190090           SMP_L.c                   r1.x           ,[r39.crp3]     ,t[9]           ,s[9]           ,theap[0]       ,sheap[0]       
0x0304000000140010 0x1000007000000000           FADD.rp1                  r7             ,r20            ,r16            
0x0304000000160012 0x000000a000000000           FADD                      r10            ,r22            ,r18            
0x0304000000170009 0x0000009000000000           FADD                      r9             ,r23            ,r9             
0x0304000000180007 0x1000007000000000           FADD.rp1                  r7             ,r24            ,r7             
0x03040000001a000a 0x000000a000000000           FADD                      r10            ,r26            ,r10            
0x03040000001c0009 0x0000009000000000           FADD                      r9             ,r28            ,r9             
0x03040000001d0007 0x1000007000000000           FADD.rp1                  r7             ,r29            ,r7             
0x03040000001f000a 0x000000a000000000           FADD                      r10            ,r31            ,r10            
0x0304000000230009 0x0000009000000000           FADD                      r9             ,r35            ,r9             
0x0304000000240007 0x1000007000000000           FADD.rp1                  r7             ,r36            ,r7             
0x030400000026000a 0x000000a000000000           FADD                      r10            ,r38            ,r10            
0x03040000002b0009 0x0000009000000000           FADD                      r9             ,r43            ,r9             
0x03040000002c0007 0x1000007000000000           FADD.rp1                  r7             ,r44            ,r7             
0x03040000002e000a 0x000000a000000000           FADD                      r10            ,r46            ,r10            
0x03040000002f0009 0x0000009000000000           FADD                      r9             ,r47            ,r9             
0x0304000000000002 0x0000000000000000           FADD                      r0             ,r0             ,r2             
0x0304000000300007 0x0000002000000000           FADD                      r2             ,r48            ,r7             
0x0304000000310008 0x0000007000000000           FADD                      r7             ,r49            ,r8             
0x030400000032000a 0x0000008000000000           FADD                      r8             ,r50            ,r10            
0x0300000000030009 0x86800ff000000000           FADD                      void           ,r3             ,r9             
                                               +EMITC                     o[0].x         ,fwd            
0x0304000000010000 0x0000000000000000           FADD                      r0             ,r1             ,r0             
0x0300000000040002 0x86800ff001000000           FADD                      void           ,r4             ,r2             
                                               +EMITC                     o[0].y         ,fwd            
0x0300000000050007 0x96800ff00a000000           FADD.rp1                  void           ,r5             ,r7             
                                               +EMITC.rte                 o[0].zw        ,fwd            
0x6800000000000000 0x0000000008000003           EMITC.rte                 o[3].x         ,r0             
0xc340000000000000 0x0000000000000000           JUMP.ps                   0              

