0x4800000000000004 0x1000013000000000           MOV.rp1                   r19            ,r4             
0x0a40001f00000014 0x0004000000000000           IADDI.s.dly1              r0             ,0              ,r20 << 31      
0x4b000000c7b537a9 0x0000003000000000           MOVIMM                    r3             ,0xc7b537a9     
0x3004003f00000013 0x0000000000000000           OR                        r0             ,r0             ,r19 >> 1       
0x0a40003f00000014 0x0000001000000000           IADDI.s                   r1             ,0              ,r20 >> 1       
0x2c04000000030000 0x00000f2000000000           ICMP.gt                   p2             ,r3             ,r0             
0x33000000000100f2 0x0000002000000000           ANDI                      r2             ,0x1            ,p2             
0x0744000080028001 0x0004001000000000           IADD.s.dly1               r1             ,-r2            ,-r1            
0x4b0000005fe6eb50 0x000000d000000000           MOVIMM                    r13            ,0x5fe6eb50     
0x4b00000000000000 0x0000009000000000           MOVIMM                    r9             ,0x0            
0x0744000000038000 0x0000015000000000           IADD.s                    r21            ,r3             ,-r0            
0x4b0000003fe00000 0x000000a000000000           MOVIMM                    r10            ,0x3fe00000     
0x07440000000d0001 0x0000016000000000           IADD.s                    r22            ,r13            ,r1             
0xb100000000090013 0x0000000170000000           DMUL                      r23            ,r9             ,r19            
0xb100000000150015 0x00000000b0000000           DMUL                      r11            ,r21            ,r21            
0x4800000000000009 0x000000f000000000           MOV                       r15            ,r9             
0x4b0000003ff80000 0x0000010000000000           MOVIMM                    r16            ,0x3ff80000     
0x4b000000800fffff 0x0000002000000000           MOVIMM                    r2             ,0x800fffff     
0x4b0000003ff00000 0x0000005000000000           MOVIMM                    r5             ,0x3ff00000     
0x4b0000007ff00000 0x0000001000000000           MOVIMM                    r1             ,0x7ff00000     
0x4800000000000009 0x0000008000000000           MOV                       r8             ,r9             
0x4800000000000006 0x1000011000000000           MOV.rp1                   r17            ,r6             
0xb10000000017000b 0x0000000190000000           DMUL                      r25            ,r23            ,r11            
0xb2000000000f8019 0x0000000190000000           DADD                      r25            ,r15            ,-r25           
0xb100000000150019 0x0000000150000000           DMUL                      r21            ,r21            ,r25            
0xb100000000150015 0x0000000190000000           DMUL                      r25            ,r21            ,r21            
0xb100000000170019 0x0000000190000000           DMUL                      r25            ,r23            ,r25            
0xb2000000000f8019 0x0000000190000000           DADD                      r25            ,r15            ,-r25           
0xb100000000150019 0x0000000150000000           DMUL                      r21            ,r21            ,r25            
0xb100000000150015 0x0000000190000000           DMUL                      r25            ,r21            ,r21            
0xb100000000170019 0x0000000170000000           DMUL                      r23            ,r23            ,r25            
0xb2000000000f8017 0x0000000170000000           DADD                      r23            ,r15            ,-r23           
0xb100000000150017 0x0000000150000000           DMUL                      r21            ,r21            ,r23            
0xb100000000130015 0x0000000130000000           DMUL                      r19            ,r19            ,r21            
0x2f04000000020014 0x0000000000000000           AND                       r0             ,r2             ,r20            
0x4800000000000013 0x0000015000000000           MOV                       r21            ,r19            
0x3004000000050000 0x0000016000000000           OR                        r22            ,r5             ,r0             
0xb900000000000015 0x0000000154000000           DP2FP.ov.rne              r21            ,r21            
0x3300002c07ff0014 0x0000000000000000           ANDI                      r0             ,0x7ff          ,r20 >> 20      
0x3104000000010014 0x000000e000000000           XOR                       r14            ,r1             ,r20            
0x30040000000e0013 0x000400e000000000           OR.dly1                   r14            ,r14            ,r19            
0x394050000000000e 0x00040f2000000000           ICMPI.s.ne.dly1           p2             ,0              ,r14            
0xa000000000000015 0x0000000150000000           RCP                       r21            ,r21            
0x4800000000000015 0x0000016000000000           MOV                       r22            ,r21            
0xbb00000000000015 0x0000000180000000           FP2DP                     r24            ,r21            
0x3300002c07ff0019 0x000000e000000000           ANDI                      r14            ,0x7ff          ,r25 >> 20      
0x074400008000000e 0x0004000000000000           IADD.s.dly1               r0             ,-r0            ,r14            
0x0a40000003ff0000 0x0004000000000000           IADDI.s.dly1              r0             ,1023           ,r0             
0x39400000fc010000 0x00040f3000000000           ICMPI.s.gt.dly1           p3             ,-1023          ,r0             
0x2f00000000f200f3 0x00000f3000000000           AND                       p3             ,p2             ,p3             
0xcb002800004180f3 0x0000400000000000    @p1    BA.ikeep.ds5              .LABEL_0       ,~p3            
0x4b00000040000000 0x0000007000000000               MOVIMM                r7             ,0x40000000     
0x4800000000000009 0x0000006000000000               MOV                   r6             ,r9             
0x4800000000000009 0x0000004000000000               MOV                   r4             ,r9             
0x4800000000000008 0x100000b000000000               MOV.rp1               r11            ,r8             
0x48000000000000f3 0x00000f2000000000               MOV                   p2             ,p3             
0x48000000000000f2 0x00000f3000000000           MOV                       p3             ,p2             
0x4b000000fff00000 0x0000c15000000000    @p3    MOVIMM                    r21            ,0xfff00000     
0x3104000000150014 0x0004c0b000000000    @p3    XOR.dly1                  r11            ,r21            ,r20            
0x30040000000b0013 0x0004c0b000000000    @p3    OR.dly1                   r11            ,r11            ,r19            
0x394040000000000b 0x0004cf4000000000    @p3    ICMPI.s.eq.dly1           p4             ,0              ,r11            
0x2f00000000f400f3 0x00000f5000000000           AND                       p5             ,p4             ,p3             
0xcb002800003500f5 0x0000400000000000    @p1    BA.ikeep.ds5              .LABEL_0       ,p5             
0x4800000000000009 0x0000c16000000000        @p3    MOV                   r22            ,r9             
0x4b00000080000000 0x0000c17000000000        @p3    MOVIMM                r23            ,0x80000000     
0x4b00000000000000 0x00000f2000000000               MOVIMM                p2             ,0x0            
0x4800000000000016 0x1000c0b000000000        @p3    MOV.rp1               r11            ,r22            
0x2f00000000f380f4 0x0000cf2000000000        @p3    AND                   p2             ,p3             ,~p4            
0x2f04000000020019 0x000080b000000000    @p2    AND                       r11            ,r2             ,r25            
0x3300000007ff0000 0x0000800000000000    @p2    ANDI                      r0             ,0x7ff          ,r0             
0x4800000000002009 0x100081a000000000    @p2    MOV.rp1                   r26            ,r9.rp0         
0x30040014000b0000 0x0000819000000000    @p2    OR                        r25            ,r11            ,r0 << 20       
0xb100000000130018 0x00008000b0000000    @p2    DMUL                      r11            ,r19            ,r24            
0xb6000000001a0013 0x00008001a5000000    @p2    DCMP.ne                   r26            ,r26            ,r19            
0xb20000000006800b 0x00008000b0000000    @p2    DADD                      r11            ,r6             ,-r11           
0x480000000000001a 0x00008f5000000000    @p2    MOV                       p5             ,r26            
0x2f00000000f500f2 0x00000f4000000000           AND                       p4             ,p5             ,p2             
0xb1000000000b0018 0x00008000b0000000    @p2    DMUL                      r11            ,r11            ,r24            
0xb10000000013000b 0x0000800180000000    @p2    DMUL                      r24            ,r19            ,r11            
0xb200000000048018 0x0000800180000000    @p2    DADD                      r24            ,r4             ,-r24           
0xb10000000018000b 0x0000800180000000    @p2    DMUL                      r24            ,r24            ,r11            
0xb20000000018000b 0x00008000b0000000    @p2    DADD                      r11            ,r24            ,r11            
0xb10000000013000b 0x0000800180000000    @p2    DMUL                      r24            ,r19            ,r11            
0xb200000000068018 0x0000800180000000    @p2    DADD                      r24            ,r6             ,-r24           
0xb10000000018000b 0x00008000b0000000    @p2    DMUL                      r11            ,r24            ,r11            
0xb10000000013000b 0x0000800180000000    @p2    DMUL                      r24            ,r19            ,r11            
0xb200000000048018 0x0000800180000000    @p2    DADD                      r24            ,r4             ,-r24           
0xb10000000018000b 0x0000800180000000    @p2    DMUL                      r24            ,r24            ,r11            
0xb20000000018000b 0x00008000b0000000    @p2    DADD                      r11            ,r24            ,r11            
0xb10000000013000b 0x0000800180000000    @p2    DMUL                      r24            ,r19            ,r11            
0xb200000000068018 0x0000800180000000    @p2    DADD                      r24            ,r6             ,-r24           
0xb10000000018000b 0x00008000b0000000    @p2    DMUL                      r11            ,r24            ,r11            
0xb10000000013000b 0x0000800180000000    @p2    DMUL                      r24            ,r19            ,r11            
0xb200000000048018 0x0000800180000000    @p2    DADD                      r24            ,r4             ,-r24           
0xb10000000018000b 0x0000800180000000    @p2    DMUL                      r24            ,r24            ,r11            
0xb20000000018000b 0x00008000b0000000    @p2    DADD                      r11            ,r24            ,r11            
0xb10000000013000b 0x0000800180000000    @p2    DMUL                      r24            ,r19            ,r11            
0xb200000000068018 0x0000800180000000    @p2    DADD                      r24            ,r6             ,-r24           
0xb10000000018000b 0x00008000b0000000    @p2    DMUL                      r11            ,r24            ,r11            
0xb10000000013000b 0x0000800180000000    @p2    DMUL                      r24            ,r19            ,r11            
0xb200000000048018 0x0000800180000000    @p2    DADD                      r24            ,r4             ,-r24           
0xb10000000018000b 0x0000800180000000    @p2    DMUL                      r24            ,r24            ,r11            
0xb20000000018000b 0x00008000b0000000    @p2    DADD                      r11            ,r24            ,r11            
0xcb001000000c00f4 0x0000400000000000    @p1    BA.ikeep.ds2              .LABEL_0       ,p4             
0x4b00000000000000 0x00000f3000000000               MOVIMM                p3             ,0x0            
0x2f00000000f280f5 0x00008f3000000000        @p2    AND                   p3             ,p2             ,~p5            
0x3104000000170014 0x0000c00000000000    @p3    XOR                       r0             ,r23            ,r20            
0x4800000000000009 0x0000c14000000000    @p3    MOV                       r20            ,r9             
0x3004000000000013 0x0000c00000000000    @p3    OR                        r0             ,r0             ,r19            
0x4b00000000000000 0x00000f2000000000           MOVIMM                    p2             ,0x0            
0x3940400000000000 0x0000cf4000000000    @p3    ICMPI.s.eq                p4             ,0              ,r0             
0x4800000000000014 0x1000c0b000000000    @p3    MOV.rp1                   r11            ,r20            
0x2f00000000f380f4 0x0000cf2000000000    @p3    AND                       p2             ,p3             ,~p4            
0x4800000000000009 0x0000800000000000    @p2    MOV                       r0             ,r9             
0x4800000000000000 0x100480b000000000    @p2    MOV.rp1.dly1              r11            ,r0             
__________________    .LABEL_0:
0x0a00003f00000011 0x0000000000000000           IADDI                     r0             ,0x0            ,r17 >> 1       
0x0a40003f00000012 0x000000e000000000           IADDI.s                   r14            ,0              ,r18 >> 1       
0x3004001f00000012 0x0000000000000000           OR                        r0             ,r0             ,r18 << 31      
0xb100000000090011 0x0000000130000000           DMUL                      r19            ,r9             ,r17            
0x2c04000000030000 0x00000f2000000000           ICMP.gt                   p2             ,r3             ,r0             
0x33000000000100f2 0x000000a000000000           ANDI                      r10            ,0x1            ,p2             
0x07440000800a800e 0x000400a000000000           IADD.s.dly1               r10            ,-r10           ,-r14           
0x0744000000038000 0x0000015000000000           IADD.s                    r21            ,r3             ,-r0            
0x07440000000d000a 0x0000016000000000           IADD.s                    r22            ,r13            ,r10            
0xb100000000150015 0x0000000170000000           DMUL                      r23            ,r21            ,r21            
0xb100000000130017 0x0000000170000000           DMUL                      r23            ,r19            ,r23            
0xb2000000000f8017 0x0000000170000000           DADD                      r23            ,r15            ,-r23           
0xb100000000150017 0x0000000150000000           DMUL                      r21            ,r21            ,r23            
0xb100000000150015 0x0000000170000000           DMUL                      r23            ,r21            ,r21            
0xb100000000130017 0x0000000170000000           DMUL                      r23            ,r19            ,r23            
0xb2000000000f8017 0x0000000170000000           DADD                      r23            ,r15            ,-r23           
0xb100000000150017 0x0000000150000000           DMUL                      r21            ,r21            ,r23            
0xb100000000150015 0x0000000170000000           DMUL                      r23            ,r21            ,r21            
0xb100000000130017 0x0000000130000000           DMUL                      r19            ,r19            ,r23            
0xb2000000000f8013 0x00000000f0000000           DADD                      r15            ,r15            ,-r19           
0xb10000000015000f 0x00000000f0000000           DMUL                      r15            ,r21            ,r15            
0xb10000000011000f 0x00000000f0000000           DMUL                      r15            ,r17            ,r15            
0x2f04000000020010 0x0000000000000000           AND                       r0             ,r2             ,r16            
0x480000000000000f 0x0000011000000000           MOV                       r17            ,r15            
0x3004000000050000 0x0000012000000000           OR                        r18            ,r5             ,r0             
0xb900000000000011 0x0000000114000000           DP2FP.ov.rne              r17            ,r17            
0x3300002c07ff0010 0x0000000000000000           ANDI                      r0             ,0x7ff          ,r16 >> 20      
0x3104000000010010 0x0000003000000000           XOR                       r3             ,r1             ,r16            
0x300400000003000f 0x0004003000000000           OR.dly1                   r3             ,r3             ,r15            
0x3940500000000003 0x00040f2000000000           ICMPI.s.ne.dly1           p2             ,0              ,r3             
0xa000000000000011 0x0000000110000000           RCP                       r17            ,r17            
0x4800000000000011 0x0000012000000000           MOV                       r18            ,r17            
0xbb00000000000011 0x0000000110000000           FP2DP                     r17            ,r17            
0x3300002c07ff0012 0x0000003000000000           ANDI                      r3             ,0x7ff          ,r18 >> 20      
0x0744000080000003 0x0004000000000000           IADD.s.dly1               r0             ,-r0            ,r3             
0x0a40000003ff0000 0x0004003000000000           IADDI.s.dly1              r3             ,1023           ,r0             
0x39400000fc010003 0x00040f3000000000           ICMPI.s.gt.dly1           p3             ,-1023          ,r3             
0x2f00000000f200f3 0x00000f3000000000           AND                       p3             ,p2             ,p3             
0xcb001000003d80f3 0x0000400000000000    @p1    BA.ikeep.ds2              .LABEL_1       ,~p3            
0x4800000000000008 0x100000d000000000               MOV.rp1               r13            ,r8             
0x48000000000000f3 0x00000f2000000000               MOV                   p2             ,p3             
0x48000000000000f2 0x00000f3000000000           MOV                       p3             ,p2             
0x4b000000fff00000 0x0000c00000000000    @p3    MOVIMM                    r0             ,0xfff00000     
0x3104000000000010 0x0004c08000000000    @p3    XOR.dly1                  r8             ,r0             ,r16            
0x300400000008000f 0x0004c08000000000    @p3    OR.dly1                   r8             ,r8             ,r15            
0x3940400000000008 0x0004cf4000000000    @p3    ICMPI.s.eq.dly1           p4             ,0              ,r8             
0x2f00000000f400f3 0x00000f5000000000           AND                       p5             ,p4             ,p3             
0xcb002000003400f5 0x0000400000000000    @p1    BA.ikeep.ds4              .LABEL_1       ,p5             
0x4b00000080000000 0x0000c0a000000000        @p3    MOVIMM                r10            ,0x80000000     
0x4b00000000000000 0x00000f2000000000               MOVIMM                p2             ,0x0            
0x4800000000000009 0x1000c0d000000000        @p3    MOV.rp1               r13            ,r9             
0x2f00000000f380f4 0x0000cf2000000000        @p3    AND                   p2             ,p3             ,~p4            
0x2f04000000020012 0x0000802000000000    @p2    AND                       r2             ,r2             ,r18            
0x3300000007ff0003 0x0000803000000000    @p2    ANDI                      r3             ,0x7ff          ,r3             
0x4800000000000009 0x0000808000000000    @p2    MOV                       r8             ,r9             
0x3004001400020003 0x0000812000000000    @p2    OR                        r18            ,r2             ,r3 << 20       
0xb1000000000f0011 0x00008000d0000000    @p2    DMUL                      r13            ,r15            ,r17            
0xb60000000008000f 0x0000800025000000    @p2    DCMP.ne                   r2             ,r8             ,r15            
0xb20000000006800d 0x00008000d0000000    @p2    DADD                      r13            ,r6             ,-r13           
0x4800000000000002 0x00008f5000000000    @p2    MOV                       p5             ,r2             
0x2f00000000f500f2 0x00000f4000000000           AND                       p4             ,p5             ,p2             
0xb1000000000d0011 0x00008000d0000000    @p2    DMUL                      r13            ,r13            ,r17            
0xb1000000000f000d 0x0000800110000000    @p2    DMUL                      r17            ,r15            ,r13            
0xb200000000048011 0x0000800110000000    @p2    DADD                      r17            ,r4             ,-r17           
0xb10000000011000d 0x0000800110000000    @p2    DMUL                      r17            ,r17            ,r13            
0xb20000000011000d 0x00008000d0000000    @p2    DADD                      r13            ,r17            ,r13            
0xb1000000000f000d 0x0000800110000000    @p2    DMUL                      r17            ,r15            ,r13            
0xb200000000068011 0x0000800110000000    @p2    DADD                      r17            ,r6             ,-r17           
0xb10000000011000d 0x00008000d0000000    @p2    DMUL                      r13            ,r17            ,r13            
0xb1000000000f000d 0x0000800110000000    @p2    DMUL                      r17            ,r15            ,r13            
0xb200000000048011 0x0000800110000000    @p2    DADD                      r17            ,r4             ,-r17           
0xb10000000011000d 0x0000800110000000    @p2    DMUL                      r17            ,r17            ,r13            
0xb20000000011000d 0x00008000d0000000    @p2    DADD                      r13            ,r17            ,r13            
0xb1000000000f000d 0x0000800110000000    @p2    DMUL                      r17            ,r15            ,r13            
0xb200000000068011 0x0000800110000000    @p2    DADD                      r17            ,r6             ,-r17           
0xb10000000011000d 0x00008000d0000000    @p2    DMUL                      r13            ,r17            ,r13            
0xb1000000000f000d 0x0000800110000000    @p2    DMUL                      r17            ,r15            ,r13            
0xb200000000048011 0x0000800110000000    @p2    DADD                      r17            ,r4             ,-r17           
0xb10000000011000d 0x0000800110000000    @p2    DMUL                      r17            ,r17            ,r13            
0xb20000000011000d 0x00008000d0000000    @p2    DADD                      r13            ,r17            ,r13            
0xb1000000000f000d 0x0000800110000000    @p2    DMUL                      r17            ,r15            ,r13            
0xb200000000068011 0x0000800060000000    @p2    DADD                      r6             ,r6             ,-r17           
0xb10000000006000d 0x0000800060000000    @p2    DMUL                      r6             ,r6             ,r13            
0xb1000000000f0006 0x00008000d0000000    @p2    DMUL                      r13            ,r15            ,r6             
0xb20000000004800d 0x0000800040000000    @p2    DADD                      r4             ,r4             ,-r13           
0xb100000000040006 0x0000800040000000    @p2    DMUL                      r4             ,r4             ,r6             
0xb200000000040006 0x00008000d0000000    @p2    DADD                      r13            ,r4             ,r6             
0xcb001000000c00f4 0x0000400000000000    @p1    BA.ikeep.ds2              .LABEL_1       ,p4             
0x4b00000000000000 0x00000f3000000000               MOVIMM                p3             ,0x0            
0x2f00000000f280f5 0x00008f3000000000        @p2    AND                   p3             ,p2             ,~p5            
0x31040000000a0010 0x0000c02000000000    @p3    XOR                       r2             ,r10            ,r16            
0x4800000000000000 0x0000c0a000000000    @p3    MOV                       r10            ,r0             
0x300400000002000f 0x0000c00000000000    @p3    OR                        r0             ,r2             ,r15            
0x4b00000000000000 0x00000f2000000000           MOVIMM                    p2             ,0x0            
0x3940400000000000 0x0000cf4000000000    @p3    ICMPI.s.eq                p4             ,0              ,r0             
0x4800000000000009 0x1000c0d000000000    @p3    MOV.rp1                   r13            ,r9             
0x2f00000000f380f4 0x0000cf2000000000    @p3    AND                       p2             ,p3             ,~p4            
0x4800000000000001 0x000080a000000000    @p2    MOV                       r10            ,r1             
0x4800000000000009 0x100080d000000000    @p2    MOV.rp1                   r13            ,r9             
__________________    .LABEL_1:
0x600000000000000b 0x300000000c000000           EMITF.ve                  vso[0].xyzw    ,r11            
0xc300000000000000 0x0000000000000000           JUMP                      0              

