0x0a40001f00000005 0x0000000000000000           IADDI.s                   r0             ,0              ,r5 << 31       
0x0a40001f00000007 0x0000001000000000           IADDI.s                   r1             ,0              ,r7 << 31       
0x3004003f00000004 0x0000000000000000           OR                        r0             ,r0             ,r4 >> 1        
0x4b000000c7b537a9 0x0000002000000000           MOVIMM                    r2             ,0xc7b537a9     
0x3004003f00010006 0x0000001000000000           OR                        r1             ,r1             ,r6 >> 1        
0x0a40003f00000005 0x0000003000000000           IADDI.s                   r3             ,0              ,r5 >> 1        
0x0a40003f00000007 0x0000008000000000           IADDI.s                   r8             ,0              ,r7 >> 1        
0x2c04000000020000 0x00000f2000000000           ICMP.gt                   p2             ,r2             ,r0             
0x2c04000000020001 0x00000f3000000000           ICMP.gt                   p3             ,r2             ,r1             
0x33000000000100f2 0x0000009000000000           ANDI                      r9             ,0x1            ,p2             
0x0744000080098003 0x0004003000000000           IADD.s.dly1               r3             ,-r9            ,-r3            
0x4b0000005fe6eb50 0x0000009000000000           MOVIMM                    r9             ,0x5fe6eb50     
0x33000000000100f3 0x000000a000000000           ANDI                      r10            ,0x1            ,p3             
0x07440000800a8008 0x0004008000000000           IADD.s.dly1               r8             ,-r10           ,-r8            
0x4b00000000000000 0x000000a000000000           MOVIMM                    r10            ,0x0            
0x0744000000028000 0x000000c000000000           IADD.s                    r12            ,r2             ,-r0            
0x0744000000028001 0x000000e000000000           IADD.s                    r14            ,r2             ,-r1            
0x4b0000003fe00000 0x000000b000000000           MOVIMM                    r11            ,0x3fe00000     
0x0744000000090003 0x000000d000000000           IADD.s                    r13            ,r9             ,r3             
0x0744000000090008 0x000000f000000000           IADD.s                    r15            ,r9             ,r8             
0xb1000000000a0004 0x0000000080000000           DMUL                      r8             ,r10            ,r4             
0xb1000000000c000c 0x0000000100000000           DMUL                      r16            ,r12            ,r12            
0xb1000000000a0006 0x0000000120000000           DMUL                      r18            ,r10            ,r6             
0xb1000000000e000e 0x0000000140000000           DMUL                      r20            ,r14            ,r14            
0x4b0000003ff80000 0x000000b000000000           MOVIMM                    r11            ,0x3ff80000     
0xb100000000080010 0x0000000100000000           DMUL                      r16            ,r8             ,r16            
0xb100000000120014 0x0000000140000000           DMUL                      r20            ,r18            ,r20            
0xb2000000000a8010 0x0000000100000000           DADD                      r16            ,r10            ,-r16           
0xb2000000000a8014 0x0000000140000000           DADD                      r20            ,r10            ,-r20           
0xb1000000000c0010 0x00000000c0000000           DMUL                      r12            ,r12            ,r16            
0xb1000000000e0014 0x00000000e0000000           DMUL                      r14            ,r14            ,r20            
0xb1000000000c000c 0x0000000100000000           DMUL                      r16            ,r12            ,r12            
0xb1000000000e000e 0x0000000140000000           DMUL                      r20            ,r14            ,r14            
0xb100000000080010 0x0000000100000000           DMUL                      r16            ,r8             ,r16            
0xb100000000120014 0x0000000140000000           DMUL                      r20            ,r18            ,r20            
0xb2000000000a8010 0x0000000100000000           DADD                      r16            ,r10            ,-r16           
0xb2000000000a8014 0x0000000140000000           DADD                      r20            ,r10            ,-r20           
0xb1000000000c0010 0x00000000c0000000           DMUL                      r12            ,r12            ,r16            
0xb1000000000e0014 0x00000000e0000000           DMUL                      r14            ,r14            ,r20            
0xb1000000000c000c 0x0000000100000000           DMUL                      r16            ,r12            ,r12            
0xb1000000000e000e 0x0000000140000000           DMUL                      r20            ,r14            ,r14            
0xb100000000080010 0x0000000080000000           DMUL                      r8             ,r8             ,r16            
0xb100000000120014 0x0000000100000000           DMUL                      r16            ,r18            ,r20            
0xb2000000000a8008 0x0000000080000000           DADD                      r8             ,r10            ,-r8            
0xb2000000000a8010 0x00000000a0000000           DADD                      r10            ,r10            ,-r16           
0xb1000000000c0008 0x0000000080000000           DMUL                      r8             ,r12            ,r8             
0xb1000000000e000a 0x00000000a0000000           DMUL                      r10            ,r14            ,r10            
0xb100000000040008 0x0000000040000000           DMUL                      r4             ,r4             ,r8             
0xb10000000006000a 0x0000000060000000           DMUL                      r6             ,r6             ,r10            
0x6000000000000004 0x300000000c000000           EMITF.ve                  vso[0].xyzw    ,r4             
0xc300000000000000 0x0000000000000000           JUMP                      0              

