0xa000000000000013 0x0000000000000000           RCP                       r0             ,r19            
0x4100000000000000 0x0000001000000000           ENUM.line                 r1             
0x0a00003e00000001 0x0004001000000000           IADDI.dly1                r1             ,0x0            ,r1 >> 2        
0x4800000000000001 0x00040f2000000000           MOV.dly1                  p2             ,r1             
0x02040000000a2000 0x3000005000000000           FMUL.rp3                  r5             ,r10            ,r0.rp0         
0x40000005e4aa0005 0x0000001000000000           SHUF.l8                   r1             ,r5.0x5.0xe4.0xaa
0x40000005e4000005 0x0000002000000000           SHUF.l8                   r2             ,r5.0x5.0xe4.0x0
0x40000000e4aa0005 0x0000003000000000           SHUF.l8                   r3             ,r5.0x0.0xe4.0xaa
0x40000000e4000005 0x0000009000000000           SHUF.l8                   r9             ,r5.0x0.0xe4.0x0
0x40000000e4ff0005 0x000000a000000000           SHUF.l8                   r10            ,r5.0x0.0xe4.0xff
0x40000000e4550005 0x000000b000000000           SHUF.l8                   r11            ,r5.0x0.0xe4.0x55
0x0204000000000004 0x0000000000000000           FMUL                      r0             ,r0             ,r4             
0x40000005e4aa0006 0x0000004000000000           SHUF.l8                   r4             ,r6.0x5.0xe4.0xaa
0x40000005e4000006 0x000000c000000000           SHUF.l8                   r12            ,r6.0x5.0xe4.0x0
0x40000000e4aa0006 0x000000d000000000           SHUF.l8                   r13            ,r6.0x0.0xe4.0xaa
0x40000000e4000006 0x000000e000000000           SHUF.l8                   r14            ,r6.0x0.0xe4.0x0
0x40000005e4aa0007 0x000000f000000000           SHUF.l8                   r15            ,r7.0x5.0xe4.0xaa
0x40000005e4000007 0x0000010000000000           SHUF.l8                   r16            ,r7.0x5.0xe4.0x0
0x40000000e4aa0007 0x0000011000000000           SHUF.l8                   r17            ,r7.0x0.0xe4.0xaa
0x40000000e4000007 0x0000012000000000           SHUF.l8                   r18            ,r7.0x0.0xe4.0x0
0x40000005e4aa0008 0x0000013000000000           SHUF.l8                   r19            ,r8.0x5.0xe4.0xaa
0x40000005e4000008 0x0000014000000000           SHUF.l8                   r20            ,r8.0x5.0xe4.0x0
0x40000000e4aa0008 0x0000015000000000           SHUF.l8                   r21            ,r8.0x0.0xe4.0xaa
0x40000000e4000008 0x0000016000000000           SHUF.l8                   r22            ,r8.0x0.0xe4.0x0
0x40000000e4ff0006 0x0000017000000000           SHUF.l8                   r23            ,r6.0x0.0xe4.0xff
0x40000000e4550006 0x0000018000000000           SHUF.l8                   r24            ,r6.0x0.0xe4.0x55
0x40000000e4ff0007 0x0000019000000000           SHUF.l8                   r25            ,r7.0x0.0xe4.0xff
0x40000000e4550007 0x000001a000000000           SHUF.l8                   r26            ,r7.0x0.0xe4.0x55
0x40000000e4ff0008 0x000001b000000000           SHUF.l8                   r27            ,r8.0x0.0xe4.0xff
0x40000000e4550008 0x000001c000000000           SHUF.l8                   r28            ,r8.0x0.0xe4.0x55
0x40000005e4e40005 0x000001d000000000           SHUF.l8                   r29            ,r5.0x5.0xe4.0xe4
0x40000000e4e40005 0x000001e000000000           SHUF.l8                   r30            ,r5.0x0.0xe4.0xe4
0x40000004e4f50005 0x000001f000000000           SHUF.l8                   r31            ,r5.0x4.0xe4.0xf5
0x40000004e4a00005 0x0000020000000000           SHUF.l8                   r32            ,r5.0x4.0xe4.0xa0
0x40000005e4aa0000 0x0000005000000000           SHUF.l8                   r5             ,r0.0x5.0xe4.0xaa
0x40000005e4000000 0x0000021000000000           SHUF.l8                   r33            ,r0.0x5.0xe4.0x0
0x40000000e4aa0000 0x0000022000000000           SHUF.l8                   r34            ,r0.0x0.0xe4.0xaa
0x40000000e4000000 0x0000023000000000           SHUF.l8                   r35            ,r0.0x0.0xe4.0x0
0x40000000e4ff0000 0x0000024000000000           SHUF.l8                   r36            ,r0.0x0.0xe4.0xff
0x40000000e4550000 0x0000025000000000           SHUF.l8                   r37            ,r0.0x0.0xe4.0x55
0x40000005e4e40006 0x0000026000000000           SHUF.l8                   r38            ,r6.0x5.0xe4.0xe4
0x40000000e4e40006 0x0000027000000000           SHUF.l8                   r39            ,r6.0x0.0xe4.0xe4
0x40000005e4e40007 0x0000028000000000           SHUF.l8                   r40            ,r7.0x5.0xe4.0xe4
0x208000f200010002 0x0000001000000000           SEL.fp                    r1             ,p2             ,r1             ,r2             
0x40000000e4e40007 0x0000002000000000           SHUF.l8                   r2             ,r7.0x0.0xe4.0xe4
0x208000f200030009 0x0000003000000000           SEL.fp                    r3             ,p2             ,r3             ,r9             
0x40000005e4e40008 0x0000009000000000           SHUF.l8                   r9             ,r8.0x5.0xe4.0xe4
0x40000005e4e40000 0x0000029000000000           SHUF.l8                   r41            ,r0.0x5.0xe4.0xe4
0x40000000e4e40000 0x000002a000000000           SHUF.l8                   r42            ,r0.0x0.0xe4.0xe4
0x208000f200050021 0x0000005000000000           SEL.fp                    r5             ,p2             ,r5             ,r33            
0x40000004e4f50000 0x0000021000000000           SHUF.l8                   r33            ,r0.0x4.0xe4.0xf5
0x208000f200220023 0x0000022000000000           SEL.fp                    r34            ,p2             ,r34            ,r35            
0x208000f200110012 0x0000011000000000           SEL.fp                    r17            ,p2             ,r17            ,r18            
0x208000f2000a000b 0x000000a000000000           SEL.fp                    r10            ,p2             ,r10            ,r11            
0x40000000e4e40008 0x000000b000000000           SHUF.l8                   r11            ,r8.0x0.0xe4.0xe4
0x40000004e4a00000 0x0000012000000000           SHUF.l8                   r18            ,r0.0x4.0xe4.0xa0
0x208000f20004000c 0x0000000000000000           SEL.fp                    r0             ,p2             ,r4             ,r12            
0x40000004e4f50006 0x0000004000000000           SHUF.l8                   r4             ,r6.0x4.0xe4.0xf5
0x40000004e4a00006 0x000000c000000000           SHUF.l8                   r12            ,r6.0x4.0xe4.0xa0
0x208000f2000d000e 0x0000006000000000           SEL.fp                    r6             ,p2             ,r13            ,r14            
0x40000004e4f50007 0x000000d000000000           SHUF.l8                   r13            ,r7.0x4.0xe4.0xf5
0x40000004e4a00007 0x000000e000000000           SHUF.l8                   r14            ,r7.0x4.0xe4.0xa0
0x208000f2000f0010 0x0000007000000000           SEL.fp                    r7             ,p2             ,r15            ,r16            
0x40000004e4f50008 0x000000f000000000           SHUF.l8                   r15            ,r8.0x4.0xe4.0xf5
0x40000004e4a00008 0x0000010000000000           SHUF.l8                   r16            ,r8.0x4.0xe4.0xa0
0x208000f200130014 0x0000008000000000           SEL.fp                    r8             ,p2             ,r19            ,r20            
0x208000f200150016 0x0000013000000000           SEL.fp                    r19            ,p2             ,r21            ,r22            
0x208000f200170018 0x0000014000000000           SEL.fp                    r20            ,p2             ,r23            ,r24            
0x208000f20019001a 0x0000015000000000           SEL.fp                    r21            ,p2             ,r25            ,r26            
0x208000f2001b001c 0x0000016000000000           SEL.fp                    r22            ,p2             ,r27            ,r28            
0x0304000080030001 0x0000001000000000           FADD                      r1             ,-r3            ,r1             
0x030400008003000a 0x0000003000000000           FADD                      r3             ,-r3            ,r10            
0x03040000801e001d 0x000000a000000000           FADD                      r10            ,-r30           ,r29            
0x030400008020001f 0x0000017000000000           FADD                      r23            ,-r32           ,r31            
0x208000f200240025 0x0000018000000000           SEL.fp                    r24            ,p2             ,r36            ,r37            
0x0304000080060000 0x0000000000000000           FADD                      r0             ,-r6            ,r0             
0x0304000080110007 0x0000007000000000           FADD                      r7             ,-r17           ,r7             
0x0304000080130008 0x0000008000000000           FADD                      r8             ,-r19           ,r8             
0x0304000080060014 0x0000006000000000           FADD                      r6             ,-r6            ,r20            
0x0304000080110015 0x0000011000000000           FADD                      r17            ,-r17           ,r21            
0x0304000080130016 0x0000013000000000           FADD                      r19            ,-r19           ,r22            
0x0304000080270026 0x0000014000000000           FADD                      r20            ,-r39           ,r38            
0x0304000080020028 0x0000002000000000           FADD                      r2             ,-r2            ,r40            
0x03040000800b0009 0x0000009000000000           FADD                      r9             ,-r11           ,r9             
0x03040000800c0004 0x0000004000000000           FADD                      r4             ,-r12           ,r4             
0x03040000800e000d 0x000000b000000000           FADD                      r11            ,-r14           ,r13            
0x030400008010000f 0x000000c000000000           FADD                      r12            ,-r16           ,r15            
0x0304000040034001 0x0000001000000000           FADD                      r1             ,|r3|           ,|r1|           
0x030400004017400a 0x0000003000000000           FADD                      r3             ,|r23|          ,|r10|          
0x0304000080220005 0x0000005000000000           FADD                      r5             ,-r34           ,r5             
0x0304000080220018 0x000000a000000000           FADD                      r10            ,-r34           ,r24            
0x03040000802a0029 0x000000d000000000           FADD                      r13            ,-r42           ,r41            
0x0304000080120021 0x000000e000000000           FADD                      r14            ,-r18           ,r33            
0x0304000040064000 0x0000000000000000           FADD                      r0             ,|r6|           ,|r0|           
0x0304000040114007 0x0000006000000000           FADD                      r6             ,|r17|          ,|r7|           
0x0304000040134008 0x0000007000000000           FADD                      r7             ,|r19|          ,|r8|           
0x0304000040044014 0x0000004000000000           FADD                      r4             ,|r4|           ,|r20|          
0x03040000400b4002 0x0000002000000000           FADD                      r2             ,|r11|          ,|r2|           
0x03040000400c4009 0x0000008000000000           FADD                      r8             ,|r12|          ,|r9|           
0x0304000000030001 0x0000003000000000           FADD                      r3             ,r3             ,r1             
0x03040000400a4005 0x0000009000000000           FADD                      r9             ,|r10|          ,|r5|           
0x03040000400e400d 0x000000b000000000           FADD                      r11            ,|r14|          ,|r13|          
0x0304000000040000 0x0000004000000000           FADD                      r4             ,r4             ,r0             
0x0304000000020006 0x0000002000000000           FADD                      r2             ,r2             ,r6             
0x0304000000080007 0x0000008000000000           FADD                      r8             ,r8             ,r7             
0x0304000000050005 0x0000005000000000           FADD                      r5             ,r5             ,r5             
0x0304000000010003 0x0000001000000000           FADD                      r1             ,r1             ,r3             
0x03040000000a000a 0x0000003000000000           FADD                      r3             ,r10            ,r10            
0x030400000009000d 0x0000009000000000           FADD                      r9             ,r9             ,r13            
0x03040000000b000e 0x000000a000000000           FADD                      r10            ,r11            ,r14            
0x0304000000000004 0x0000000000000000           FADD                      r0             ,r0             ,r4             
0x0304000000060002 0x0000002000000000           FADD                      r2             ,r6             ,r2             
0x0304000000070008 0x0000004000000000           FADD                      r4             ,r7             ,r8             
0x0300000000010005 0x86800ff000000000           FADD                      void           ,r1             ,r5             
                                               +EMITC                     o[0].x         ,fwd            
0x0300000000000003 0x86800ff001000000           FADD                      void           ,r0             ,r3             
                                               +EMITC                     o[0].y         ,fwd            
0x0300000000020009 0x86800ff002000000           FADD                      void           ,r2             ,r9             
                                               +EMITC                     o[0].z         ,fwd            
0x030000000004000a 0x86800ff00b000000           FADD                      void           ,r4             ,r10            
                                               +EMITC.rte                 o[0].w         ,fwd            
0xc340000000000000 0x0000000000000000           JUMP.ps                   0              

