0x4100000000000000 0x0000000000000000           ENUM.line                 r0             
0x40000005e4ff002e 0x1000001000000000           SHUF.l8.rp1               r1             ,r46.0x5.0xe4.0xff
0x40000005e455002e 0x1000003000000000           SHUF.l8.rp1               r3             ,r46.0x5.0xe4.0x55
0x0a00003e00000000 0x0000000000000000           IADDI                     r0             ,0x0            ,r0 >> 2        
0x40000005e4ff002c 0x1000005000000000           SHUF.l8.rp1               r5             ,r44.0x5.0xe4.0xff
0x40000005e455002c 0x1000007000000000           SHUF.l8.rp1               r7             ,r44.0x5.0xe4.0x55
0x4800000000000000 0x00000f2000000000           MOV                       p2             ,r0             
0x208000f200010003 0x1000000000000000           SEL.fp.rp1                r0             ,p2             ,r1             ,r3             
0xa000000000000023 0x0000000020000000           RCP                       r2             ,r35            
0x0400000010040000 0x1000000000000000           DOT.rp1                   r0             ,cb4            ,r0             
0x48000000000008f5 0x0000003000000000           MOV                       r3             ,PDC_2F         
0x4b00000040400000 0x0000004000000000           MOVIMM                    r4             ,0x40400000     
0x208000f200050007 0x1000005000000000           SEL.fp.rp1                r5             ,p2             ,r5             ,r7             
0x030000000000001f 0x8a000ff000000000           FADD                      void           ,r0             ,r31            
                                               +RCP                       r0             ,fwd            
0x0404000000030005 0x1000001000000000           DOT.rp1                   r1             ,r3             ,r5             
0x40000000e4aa002a 0x1000005000000000           SHUF.l8.rp1               r5             ,r42.0x0.0xe4.0xaa
0x40000000e400002a 0x1000007000000000           SHUF.l8.rp1               r7             ,r42.0x0.0xe4.0x0
0x40000005e4ff002a 0x1000009000000000           SHUF.l8.rp1               r9             ,r42.0x5.0xe4.0xff
0x40000005e455002a 0x1000010000000000           SHUF.l8.rp1               r16            ,r42.0x5.0xe4.0x55
0x40000000e4ff002a 0x1000012000000000           SHUF.l8.rp1               r18            ,r42.0x0.0xe4.0xff
0x40000000e455002a 0x1000018000000000           SHUF.l8.rp1               r24            ,r42.0x0.0xe4.0x55
0x40000005e4aa002a 0x100001c000000000           SHUF.l8.rp1               r28            ,r42.0x5.0xe4.0xaa
0x40000005e400002a 0x100001e000000000           SHUF.l8.rp1               r30            ,r42.0x5.0xe4.0x0
0x030000000001001b 0x8a000ff010000000           FADD                      void           ,r1             ,r27            
                                               +RCP                       r1             ,fwd            
0x208000f200050007 0x1000005000000000           SEL.fp.rp1                r5             ,p2             ,r5             ,r7             
0x4800000000000014 0x1000007000000000           MOV.rp1                   r7             ,r20            
0x208000f200090010 0x1000010000000000           SEL.fp.rp1                r16            ,p2             ,r9             ,r16            
0x208000f200120018 0x1000012000000000           SEL.fp.rp1                r18            ,p2             ,r18            ,r24            
0x208000f2001c001e 0x1000018000000000           SEL.fp.rp1                r24            ,p2             ,r28            ,r30            
0x0400000010040005 0x100000b000000000           DOT.rp1                   r11            ,cb4            ,r5             
0x4800000000000016 0x1000009000000000           MOV.rp1                   r9             ,r22            
0x02040000000c2002 0x3000014000000000           FMUL.rp3                  r20            ,r12            ,r2.rp0         
0x0400000010040010 0x100000e000000000           DOT.rp1                   r14            ,cb4            ,r16            
0x0400000010040012 0x100000d000000000           DOT.rp1                   r13            ,cb4            ,r18            
0x0400000010040018 0x100000c000000000           DOT.rp1                   r12            ,cb4            ,r24            
0x0304000000140014 0x0000002000000000           FADD                      r2             ,r20            ,r20            
0x030400000007000b 0x300000b000000000           FADD.rp3                  r11            ,r7             ,r11            
0x0404000000030005 0x100001a000000000           DOT.rp1                   r26            ,r3             ,r5             
0x02040000000b2000 0x300000b000000000           FMUL.rp3                  r11            ,r11            ,r0.rp0         
0x0404000000030010 0x100001d000000000           DOT.rp1                   r29            ,r3             ,r16            
0x0404000000030012 0x100001c000000000           DOT.rp1                   r28            ,r3             ,r18            
0x0404000000030018 0x100001b000000000           DOT.rp1                   r27            ,r3             ,r24            
0x03040000000b0002 0x0000000000000000           FADD                      r0             ,r11            ,r2             
0x030400000007001a 0x3000002000000000           FADD.rp3                  r2             ,r7             ,r26            
0x0204000000022001 0x3000002000000000           FMUL.rp3                  r2             ,r2             ,r1.rp0         
0x0300000000030000 0x86800ff000000000           FADD                      void           ,r3             ,r0             
                                               +EMITC                     o[0].x         ,fwd            
0x0300000000160015 0x86800ff001000000           FADD                      void           ,r22            ,r21            
                                               +EMITC                     o[0].y         ,fwd            
0x0300000000050016 0x86800ff002000000           FADD                      void           ,r5             ,r22            
                                               +EMITC                     o[0].z         ,fwd            
0x6800000000000017 0x000000000b000000           EMITC.rte                 o[0].w         ,r23            
0xc340000000000000 0x0000000000000000           JUMP.ps                   0              

