0x0300000008f30008 0x0000001000000000           FADD                      r1             ,PDC_050F       ,r8             
0x4800000000000004 0x0000000000000000           MOV                       r0             ,r4             
0x16c0c02000000001 0x0000004000000000           FP2FX.sat.s.rz            r4.32.0        ,r1             
0x0640c00010000004 0x0004003000000000           IMUL.s.b32.dly1           r3             ,cb0            ,r4             
0x3940200000010003 0x00000f3000000000           ICMPI.s.lt                p3             ,1              ,r3             
0xcb001800001c00f3 0x0000400000000000    @p1    BA.ikeep.ds3              .LABEL_0       ,p3             
0x4800000000000005 0x1000001000000000               MOV.rp1               r1             ,r5             
0x480000000000000c 0x3000008000000000               MOV.rp3               r8             ,r12            
0x48000000000080f3 0x00000f2000000000               MOV                   p2             ,~p3            
0x0640c00010010004 0x0000804000000000    @p2    IMUL.s.b32                r4             ,cb1            ,r4             
0x4800000000000007 0x0000806000000000    @p2    MOV                       r6             ,r7             
0x48000000000008f0 0x0000805000000000    @p2    MOV                       r5             ,PDC_0          
0x3940200000010004 0x00008f3000000000    @p2    ICMPI.s.lt                p3             ,1              ,r4             
__________________    .LABEL_3:
0x2f00000000f300f2 0x00000f5000000000           AND                       p5             ,p3             ,p2             
0xcb001000000e00f5 0x0000400000000000    @p1    BA.ikeep.ds2              .LABEL_1       ,p5             
0x4b00000000000000 0x00000f4000000000               MOVIMM                p4             ,0x0            
0x2f00000000f280f3 0x00008f4000000000        @p2    AND                   p4             ,p2             ,~p3            
0x48000000000008f0 0x0001007000000000    @p4    MOV                       r7             ,PDC_0          
0x4800000000000006 0x000100c000000000    @p4    MOV                       r12            ,r6             
__________________    .LABEL_2:
0x0a40000000010007 0x0001007000000000    @p4    IADDI.s                   r7             ,1              ,r7             
0x2c44200000040007 0x00050f5000000000    @p4    ICMP.s.lt.dly1            p5             ,r4             ,r7             
0x2f00000000f400f5 0x00000f5000000000           AND                       p5             ,p4             ,p5             
0xcc002801fffd00f5 0x0001400000000000    @p5    B.ikeep.ds5               .LABEL_2       ,p5             
0x4800000000000000 0x0001006000000000        @p4    MOV                   r6             ,r0             
0x4800000000000001 0x1001000000000000        @p4    MOV.rp1               r0             ,r1             
0x480000000000000c 0x0001002000000000        @p4    MOV                   r2             ,r12            
0x4800000000000006 0x000100c000000000        @p4    MOV                   r12            ,r6             
0x48000000000000f5 0x00000f4000000000               MOV                   p4             ,p5             
__________________    .LABEL_1:
0x0a40000000010005 0x0000805000000000    @p2    IADDI.s                   r5             ,1              ,r5             
0x2c44200000030005 0x00048f4000000000    @p2    ICMP.s.lt.dly1            p4             ,r3             ,r5             
0x2f00000000f200f4 0x00000f4000000000           AND                       p4             ,p2             ,p4             
0xcc000801ffee00f4 0x0001000000000000    @p4    B.ikeep.ds1               .LABEL_3       ,p4             
0x48000000000000f4 0x00000f2000000000               MOV                   p2             ,p4             
__________________    .LABEL_0:
0x6000000000000008 0x3000000004000000           EMITF                     vso[0].xyzw    ,r8             
0x6000000000000000 0x200000000c000001           EMITF.ve                  vso[1].xyz     ,r0             
0xc300000000000000 0x0000000000000000           JUMP                      0              

