0x0300000008f30008 0x0000001000000000           FADD                      r1             ,PDC_050F       ,r8             
0x16c0c02000000001 0x0004002000000000           FP2FX.sat.s.rz.dly1       r2.32.0        ,r1             
0x0640c00000021000 0x0004003000000000           IMUL.s.b32.dly1           r3             ,r2             ,cb0            
0x3940200000010003 0x00000f3000000000           ICMPI.s.lt                p3             ,1              ,r3             
0xcb002000001100f3 0x0000400000000000    @p1    BA.ikeep.ds4              .LABEL_0       ,p3             
0x4800000000000004 0x1000000000000000               MOV.rp1               r0             ,r4             
0x4800000000000006 0x0000002000000000               MOV                   r2             ,r6             
0x480000000000000c 0x3000008000000000               MOV.rp3               r8             ,r12            
0x48000000000080f3 0x00000f2000000000               MOV                   p2             ,~p3            
0x4800000000000007 0x0000805000000000    @p2    MOV                       r5             ,r7             
0x48000000000008f0 0x0000804000000000    @p2    MOV                       r4             ,PDC_0          
0x4800000000000000 0x0000806000000000    @p2    MOV                       r6             ,r0             
__________________    .LABEL_1:
0x0a40000000010004 0x0000804000000000    @p2    IADDI.s                   r4             ,1              ,r4             
0x2c44200000030004 0x00048f3000000000    @p2    ICMP.s.lt.dly1            p3             ,r3             ,r4             
0x2f00000000f200f3 0x00000f3000000000           AND                       p3             ,p2             ,p3             
0xcc002801fffd00f3 0x0000c00000000000    @p3    B.ikeep.ds5               .LABEL_1       ,p3             
0x4800000000000001 0x1000800000000000        @p2    MOV.rp1               r0             ,r1             
0x4800000000000005 0x0000802000000000        @p2    MOV                   r2             ,r5             
0x4800000000000006 0x0000805000000000        @p2    MOV                   r5             ,r6             
0x4800000000000000 0x0000806000000000        @p2    MOV                   r6             ,r0             
0x48000000000000f3 0x00000f2000000000               MOV                   p2             ,p3             
__________________    .LABEL_0:
0x6000000000000008 0x3000000004000000           EMITF                     vso[0].xyzw    ,r8             
0x6000000000000000 0x200000000c000001           EMITF.ve                  vso[1].xyz     ,r0             
0xc300000000000000 0x0000000000000000           JUMP                      0              

