0x0300000008f30008 0x0000001000000000           FADD                      r1             ,PDC_050F       ,r8             
0x16c0c02000000001 0x0004002000000000           FP2FX.sat.s.rz.dly1       r2.32.0        ,r1             
0x0640c00010000002 0x0004003000000000           IMUL.s.b32.dly1           r3             ,cb0            ,r2             
0x3940200000010003 0x00000f3000000000           ICMPI.s.lt                p3             ,1              ,r3             
0xcb002000002400f3 0x0000400000000000    @p1    BA.ikeep.ds4              .LABEL_0       ,p3             
0x4800000000000004 0x1000000000000000               MOV.rp1               r0             ,r4             
0x4800000000000006 0x0000002000000000               MOV                   r2             ,r6             
0x480000000000000c 0x3000008000000000               MOV.rp3               r8             ,r12            
0x48000000000080f3 0x00000f2000000000               MOV                   p2             ,~p3            
0x48000000000000f2 0x00000f3000000000           MOV                       p3             ,p2             
0x48000000000008f0 0x0000c05000000000    @p3    MOV                       r5             ,PDC_0          
0x4800000000000007 0x0000c04000000000    @p3    MOV                       r4             ,r7             
__________________    .LABEL_2:
0x48000000000000f2 0x00000f5000000000           MOV                       p5             ,p2             
0x3940400000000005 0x00014f6000000000    @p5    ICMPI.s.eq                p6             ,0              ,r5             
0x4b00000000000000 0x00000f3000000000           MOVIMM                    p3             ,0x0            
0x2f00000000f600f5 0x00000f7000000000           AND                       p7             ,p6             ,p5             
0xcb002800001200f7 0x0000400000000000    @p1    BA.ikeep.ds5              .LABEL_1       ,p7             
0x4b00000000000000 0x00000f4000000000               MOVIMM                p4             ,0x0            
0x48000000000008f8 0x0001406000000000        @p5    MOV                   r6             ,PDC_1I         
0x4800000000000000 0x0001407000000000        @p5    MOV                   r7             ,r0             
0x2f00000000f580f6 0x00014f4000000000        @p5    AND                   p4             ,p5             ,~p6            
0x2f00000000f500f6 0x00014f3000000000        @p5    AND                   p3             ,p5             ,p6             
0x48000000000000f4 0x00000f5000000000           MOV                       p5             ,p4             
0x4b00000000000000 0x00000f4000000000           MOVIMM                    p4             ,0x0            
0x3940400000030005 0x00014f6000000000    @p5    ICMPI.s.eq                p6             ,3              ,r5             
0x2f00000000f580f6 0x00014f4000000000    @p5    AND                       p4             ,p5             ,~p6            
0x2f00000000f580f4 0x00000f7000000000           AND                       p7             ,p5             ,~p4            
0xcb000800000d00f7 0x0000400000000000    @p1    BA.ikeep.ds1              .LABEL_0       ,p7             
0x2f00000000f580f6 0x00014f3000000000        @p5    AND                   p3             ,p5             ,~p6            
0x0a40000000010005 0x0001006000000000    @p4    IADDI.s                   r6             ,1              ,r5             
0x4800000000000001 0x0001007000000000    @p4    MOV                       r7             ,r1             
0x4800000000000002 0x0001001000000000    @p4    MOV                       r1             ,r2             
0x4800000000000004 0x0001002000000000    @p4    MOV                       r2             ,r4             
0x4800000000000000 0x0001004000000000    @p4    MOV                       r4             ,r0             
__________________    .LABEL_1:
0x2c44200000030006 0x0000cf4000000000    @p3    ICMP.s.lt                 p4             ,r3             ,r6             
0x2f00000000f300f4 0x00000f4000000000           AND                       p4             ,p3             ,p4             
0xcc001801ffe800f4 0x0000c00000000000    @p3    B.ikeep.ds3               .LABEL_2       ,p4             
0x4800000000000007 0x0000c00000000000        @p3    MOV                   r0             ,r7             
0x48000000000000f4 0x00000f2000000000               MOV                   p2             ,p4             
0x4800000000000006 0x0000c05000000000        @p3    MOV                   r5             ,r6             
__________________    .LABEL_0:
0x6000000000000008 0x3000000004000000           EMITF                     vso[0].xyzw    ,r8             
0x6000000000000000 0x200000000c000001           EMITF.ve                  vso[1].xyz     ,r0             
0xc300000000000000 0x0000000000000000           JUMP                      0              

