0x5b00000000000000 0x3000000004100000           ILD                       r0.xyzw        ,ocp[0][0]      
0x4b00000040400000 0x0000004000000000           MOVIMM                    r4             ,0x40400000     
0x48000000000008f0 0x0000005000000000           MOV                       r5             ,PDC_0          
0x48000000000000f0 0x00000f2000000000           MOV                       p2             ,p0             
0x48000000000000f0 0x00000f3000000000           MOV                       p3             ,p0             
__________________    .LABEL_5:
0x48000000000000f3 0x00000f5000000000           MOV                       p5             ,p3             
0x0a40000200000005 0x0001406000000000    @p5    IADDI.s                   r6             ,0              ,r5 << 2        
0x1740002000000006 0x0005408000000000    @p5    FX2FP.s.rne.dly1          r8             ,r6.32.0        
0x0a40000400000005 0x0001406000000000    @p5    IADDI.s                   r6             ,0              ,r5 << 4        
0x0300000008f40008 0x0001409000000000    @p5    FADD                      r9             ,PDC_1F         ,r8             
0x0300000008f50008 0x000140a000000000    @p5    FADD                      r10            ,PDC_2F         ,r8             
0x0304000000040008 0x000140b000000000    @p5    FADD                      r11            ,r4             ,r8             
0x48000000000008f0 0x0001407000000000    @p5    MOV                       r7             ,PDC_0          
0x8400000000060008 0x3001400000000000    @p5    STP                       void           ,[r6]           ,r8.xyzw        
0x4b00000000000000 0x00000f4000000000           MOVIMM                    p4             ,0x0            
__________________    .LABEL_1:
0x48000000000000f2 0x00000f5000000000           MOV                       p5             ,p2             
0x0a40000000010007 0x000140c000000000    @p5    IADDI.s                   r12            ,1              ,r7             
0x0a40000000020007 0x000140d000000000    @p5    IADDI.s                   r13            ,2              ,r7             
0x59000000000c0000 0x30014000e4100000    @p5    ILD_IO                    r14.xyzw       ,ocp[0][r12]    
0x59000000000d0000 0x3001400124100000    @p5    ILD_IO                    r18.xyzw       ,ocp[0][r13]    
0x0a40000000030007 0x000140c000000000    @p5    IADDI.s                   r12            ,3              ,r7             
0x0a40000000040007 0x000140d000000000    @p5    IADDI.s                   r13            ,4              ,r7             
0x59000000000c0000 0x3001400164100000    @p5    ILD_IO                    r22.xyzw       ,ocp[0][r12]    
0x59000000000d0000 0x30014001a4100000    @p5    ILD_IO                    r26.xyzw       ,ocp[0][r13]    
0x0a40000000050007 0x000140c000000000    @p5    IADDI.s                   r12            ,5              ,r7             
0x0a40000000060007 0x000140d000000000    @p5    IADDI.s                   r13            ,6              ,r7             
0x03040000000e0008 0x3001408000000000    @p5    FADD.rp3                  r8             ,r14            ,r8             
0x59000000000c0000 0x30014000e4100000    @p5    ILD_IO                    r14.xyzw       ,ocp[0][r12]    
0x0304000000120008 0x3001408000000000    @p5    FADD.rp3                  r8             ,r18            ,r8             
0x59000000000d0000 0x3001400124100000    @p5    ILD_IO                    r18.xyzw       ,ocp[0][r13]    
0x0a40000000070007 0x0001407000000000    @p5    IADDI.s                   r7             ,7              ,r7             
0x0304000000160008 0x3001408000000000    @p5    FADD.rp3                  r8             ,r22            ,r8             
0x5900000000070000 0x3001400164100000    @p5    ILD_IO                    r22.xyzw       ,ocp[0][r7]     
0x4b00000000000000 0x00000f6000000000           MOVIMM                    p6             ,0x0            
0x39404000001f0007 0x00014f7000000000    @p5    ICMPI.s.eq                p7             ,31             ,r7             
0x2f00000000f580f7 0x00014f6000000000    @p5    AND                       p6             ,p5             ,~p7            
0xcb002800000b80f6 0x0000400000000000    @p1    BA.ikeep.ds5              .LABEL_0       ,~p6            
0x03040000001a0008 0x3001408000000000        @p5    FADD.rp3              r8             ,r26            ,r8             
0x03040000000e0008 0x3001408000000000        @p5    FADD.rp3              r8             ,r14            ,r8             
0x0304000000120008 0x3001408000000000        @p5    FADD.rp3              r8             ,r18            ,r8             
0x0304000000160008 0x3001408000000000        @p5    FADD.rp3              r8             ,r22            ,r8             
0x2f00000000f580f7 0x00014f2000000000        @p5    AND                   p2             ,p5             ,~p7            
0x48000000000000f6 0x00000f5000000000           MOV                       p5             ,p6             
0x0a40000000010007 0x0001407000000000    @p5    IADDI.s                   r7             ,1              ,r7             
0x5900000000070000 0x30054000c4100000    @p5    ILD_IO.dly1               r12.xyzw       ,ocp[0][r7]     
0xcc000801ffe200f2 0x0001400000000000    @p5    B.ikeep.ds1               .LABEL_1       ,p2             
0x03040000000c0008 0x3001408000000000        @p5    FADD.rp3              r8             ,r12            ,r8             
__________________    .LABEL_0:
0x48000000000000f3 0x00000f5000000000           MOV                       p5             ,p3             
0x0a40000000010005 0x0001405000000000    @p5    IADDI.s                   r5             ,1              ,r5             
0x8400000000060008 0x3001400000000000    @p5    STP                       void           ,[r6]           ,r8.xyzw        
0x39404000001f0005 0x00014f6000000000    @p5    ICMPI.s.eq                p6             ,31             ,r5             
0x2f00000000f580f6 0x00014f3000000000    @p5    AND                       p3             ,p5             ,~p6            
0xcb001000003180f3 0x0000400000000000    @p1    BA.ikeep.ds2              .LABEL_2       ,~p3            
0x2f00000000f580f6 0x00014f2000000000        @p5    AND                   p2             ,p5             ,~p6            
0x2f00000000f580f6 0x00014f4000000000        @p5    AND                   p4             ,p5             ,~p6            
0x48000000000000f3 0x00000f5000000000           MOV                       p5             ,p3             
0x0a40000200000005 0x0001406000000000    @p5    IADDI.s                   r6             ,0              ,r5 << 2        
0x1740002000000006 0x0005408000000000    @p5    FX2FP.s.rne.dly1          r8             ,r6.32.0        
0x0a40000400000005 0x0001406000000000    @p5    IADDI.s                   r6             ,0              ,r5 << 4        
0x0300000008f40008 0x0001409000000000    @p5    FADD                      r9             ,PDC_1F         ,r8             
0x0300000008f50008 0x000140a000000000    @p5    FADD                      r10            ,PDC_2F         ,r8             
0x0304000000040008 0x000140b000000000    @p5    FADD                      r11            ,r4             ,r8             
0x48000000000008f0 0x0001407000000000    @p5    MOV                       r7             ,PDC_0          
0x8400000000060008 0x3001400000000000    @p5    STP                       void           ,[r6]           ,r8.xyzw        
__________________    .LABEL_4:
0x48000000000000f4 0x00000f5000000000           MOV                       p5             ,p4             
0x0a40000000010007 0x000140c000000000    @p5    IADDI.s                   r12            ,1              ,r7             
0x0a40000000020007 0x000140d000000000    @p5    IADDI.s                   r13            ,2              ,r7             
0x59000000000c0000 0x30014000e4100000    @p5    ILD_IO                    r14.xyzw       ,ocp[0][r12]    
0x59000000000d0000 0x3001400124100000    @p5    ILD_IO                    r18.xyzw       ,ocp[0][r13]    
0x0a40000000030007 0x000140c000000000    @p5    IADDI.s                   r12            ,3              ,r7             
0x0a40000000040007 0x000140d000000000    @p5    IADDI.s                   r13            ,4              ,r7             
0x59000000000c0000 0x3001400164100000    @p5    ILD_IO                    r22.xyzw       ,ocp[0][r12]    
0x59000000000d0000 0x30014001a4100000    @p5    ILD_IO                    r26.xyzw       ,ocp[0][r13]    
0x0a40000000050007 0x000140c000000000    @p5    IADDI.s                   r12            ,5              ,r7             
0x0a40000000060007 0x000140d000000000    @p5    IADDI.s                   r13            ,6              ,r7             
0x03040000000e0008 0x3001408000000000    @p5    FADD.rp3                  r8             ,r14            ,r8             
0x59000000000c0000 0x30014000e4100000    @p5    ILD_IO                    r14.xyzw       ,ocp[0][r12]    
0x0304000000120008 0x3001408000000000    @p5    FADD.rp3                  r8             ,r18            ,r8             
0x59000000000d0000 0x3001400124100000    @p5    ILD_IO                    r18.xyzw       ,ocp[0][r13]    
0x0a40000000070007 0x0001407000000000    @p5    IADDI.s                   r7             ,7              ,r7             
0x0304000000160008 0x3001408000000000    @p5    FADD.rp3                  r8             ,r22            ,r8             
0x5900000000070000 0x3001400164100000    @p5    ILD_IO                    r22.xyzw       ,ocp[0][r7]     
0x4b00000000000000 0x00000f6000000000           MOVIMM                    p6             ,0x0            
0x39404000001f0007 0x00014f7000000000    @p5    ICMPI.s.eq                p7             ,31             ,r7             
0x2f00000000f580f7 0x00014f6000000000    @p5    AND                       p6             ,p5             ,~p7            
0x2f00000000f580f6 0x00000f8000000000           AND                       p8             ,p5             ,~p6            
0xcb002800000b00f8 0x0000400000000000    @p1    BA.ikeep.ds5              .LABEL_3       ,p8             
0x03040000001a0008 0x3001408000000000        @p5    FADD.rp3              r8             ,r26            ,r8             
0x03040000000e0008 0x3001408000000000        @p5    FADD.rp3              r8             ,r14            ,r8             
0x0304000000120008 0x3001408000000000        @p5    FADD.rp3              r8             ,r18            ,r8             
0x0304000000160008 0x3001408000000000        @p5    FADD.rp3              r8             ,r22            ,r8             
0x2f00000000f580f7 0x00014f4000000000        @p5    AND                   p4             ,p5             ,~p7            
0x48000000000000f6 0x00000f5000000000           MOV                       p5             ,p6             
0x0a40000000010007 0x0001407000000000    @p5    IADDI.s                   r7             ,1              ,r7             
0x5900000000070000 0x30054000c4100000    @p5    ILD_IO.dly1               r12.xyzw       ,ocp[0][r7]     
0xcc000801ffe100f4 0x0001400000000000    @p5    B.ikeep.ds1               .LABEL_4       ,p4             
0x03040000000c0008 0x3001408000000000        @p5    FADD.rp3              r8             ,r12            ,r8             
__________________    .LABEL_3:
0x48000000000000f3 0x00000f4000000000           MOV                       p4             ,p3             
0x8400000000060008 0x3001000000000000    @p4    STP                       void           ,[r6]           ,r8.xyzw        
0xcc000801ffa200f3 0x0001000000000000    @p4    B.ikeep.ds1               .LABEL_5       ,p3             
0x0a40000000010005 0x0001005000000000        @p4    IADDI.s               r5             ,1              ,r5             
__________________    .LABEL_2:
0x5b00000000000000 0x0000000008100000           ILD.e.invld               r0.x           ,ocp[0][0].x    
0x8900000000000000 0x3000000040000000           LDPI                      r4.xyzw        ,[0x0]          ,void           
0x8900000000100000 0x3000000080000000           LDPI                      r8.xyzw        ,[0x10]         ,void           
0x8900000000200000 0x30000000c0000000           LDPI                      r12.xyzw       ,[0x20]         ,void           
0x8900000000300000 0x3000000100000000           LDPI                      r16.xyzw       ,[0x30]         ,void           
0x8900000000400000 0x3000000140000000           LDPI                      r20.xyzw       ,[0x40]         ,void           
0x8900000000500000 0x3000000180000000           LDPI                      r24.xyzw       ,[0x50]         ,void           
0x8900000000600000 0x30000001c0000000           LDPI                      r28.xyzw       ,[0x60]         ,void           
0x8900000000700000 0x3000000200000000           LDPI                      r32.xyzw       ,[0x70]         ,void           
0x8900000000800000 0x3000000240000000           LDPI                      r36.xyzw       ,[0x80]         ,void           
0x6000000000000000 0x3000000004300000           EMITF                     dso[0].xyzw    ,r0             
0x8900000000900000 0x3000000000000000           LDPI                      r0.xyzw        ,[0x90]         ,void           
0x8900000000a00000 0x3000000280000000           LDPI                      r40.xyzw       ,[0xa0]         ,void           
0x8900000000b00000 0x30000002c0000000           LDPI                      r44.xyzw       ,[0xb0]         ,void           
0x8900000000c00000 0x3000000300000000           LDPI                      r48.xyzw       ,[0xc0]         ,void           
0x8900000000d00000 0x3000000340000000           LDPI                      r52.xyzw       ,[0xd0]         ,void           
0x8900000000e00000 0x3000000380000000           LDPI                      r56.xyzw       ,[0xe0]         ,void           
0x8900000000f00000 0x30000003c0000000           LDPI                      r60.xyzw       ,[0xf0]         ,void           
0x8900000001000000 0x3000000400000000           LDPI                      r64.xyzw       ,[0x100]        ,void           
0x8900000001100000 0x3000000440000000           LDPI                      r68.xyzw       ,[0x110]        ,void           
0x8900000001200000 0x3000000480000000           LDPI                      r72.xyzw       ,[0x120]        ,void           
0x8900000001300000 0x30000004c0000000           LDPI                      r76.xyzw       ,[0x130]        ,void           
0x8900000001400000 0x3000000500000000           LDPI                      r80.xyzw       ,[0x140]        ,void           
0x8900000001500000 0x3000000540000000           LDPI                      r84.xyzw       ,[0x150]        ,void           
0x8900000001600000 0x3000000580000000           LDPI                      r88.xyzw       ,[0x160]        ,void           
0x8900000001700000 0x30000005c0000000           LDPI                      r92.xyzw       ,[0x170]        ,void           
0x8900000001800000 0x3000000600000000           LDPI                      r96.xyzw       ,[0x180]        ,void           
0x8900000001900000 0x3000000640000000           LDPI                      r100.xyzw      ,[0x190]        ,void           
0x8900000001a00000 0x3000000680000000           LDPI                      r104.xyzw      ,[0x1a0]        ,void           
0x8900000001b00000 0x30000006c0000000           LDPI                      r108.xyzw      ,[0x1b0]        ,void           
0x8900000001c00000 0x3000000700000000           LDPI                      r112.xyzw      ,[0x1c0]        ,void           
0x8900000001d00000 0x3000000740000000           LDPI                      r116.xyzw      ,[0x1d0]        ,void           
0x8900000001e00000 0x3000000780000000           LDPI                      r120.xyzw      ,[0x1e0]        ,void           
0x6000000000000004 0x3000000004300001           EMITF                     dso[1].xyzw    ,r4             
0x6000000000000008 0x3000000004300002           EMITF                     dso[2].xyzw    ,r8             
0x600000000000000c 0x3000000004300003           EMITF                     dso[3].xyzw    ,r12            
0x6000000000000010 0x3000000004300004           EMITF                     dso[4].xyzw    ,r16            
0x6000000000000014 0x3000000004300005           EMITF                     dso[5].xyzw    ,r20            
0x6000000000000018 0x3000000004300006           EMITF                     dso[6].xyzw    ,r24            
0x600000000000001c 0x3000000004300007           EMITF                     dso[7].xyzw    ,r28            
0x6000000000000020 0x3000000004300008           EMITF                     dso[8].xyzw    ,r32            
0x6000000000000024 0x3000000004300009           EMITF                     dso[9].xyzw    ,r36            
0x6000000000000000 0x300000000430000a           EMITF                     dso[10].xyzw   ,r0             
0x6000000000000028 0x300000000430000b           EMITF                     dso[11].xyzw   ,r40            
0x600000000000002c 0x300000000430000c           EMITF                     dso[12].xyzw   ,r44            
0x6000000000000030 0x300000000430000d           EMITF                     dso[13].xyzw   ,r48            
0x6000000000000034 0x300000000430000e           EMITF                     dso[14].xyzw   ,r52            
0x6000000000000038 0x300000000430000f           EMITF                     dso[15].xyzw   ,r56            
0x600000000000003c 0x3000000004300010           EMITF                     dso[16].xyzw   ,r60            
0x6000000000000040 0x3000000004300011           EMITF                     dso[17].xyzw   ,r64            
0x6000000000000044 0x3000000004300012           EMITF                     dso[18].xyzw   ,r68            
0x6000000000000048 0x3000000004300013           EMITF                     dso[19].xyzw   ,r72            
0x600000000000004c 0x3000000004300014           EMITF                     dso[20].xyzw   ,r76            
0x6000000000000050 0x3000000004300015           EMITF                     dso[21].xyzw   ,r80            
0x6000000000000054 0x3000000004300016           EMITF                     dso[22].xyzw   ,r84            
0x6000000000000058 0x3000000004300017           EMITF                     dso[23].xyzw   ,r88            
0x600000000000005c 0x3000000004300018           EMITF                     dso[24].xyzw   ,r92            
0x6000000000000060 0x3000000004300019           EMITF                     dso[25].xyzw   ,r96            
0x6000000000000064 0x300000000430001a           EMITF                     dso[26].xyzw   ,r100           
0x6000000000000068 0x300000000430001b           EMITF                     dso[27].xyzw   ,r104           
0x600000000000006c 0x300000000430001c           EMITF                     dso[28].xyzw   ,r108           
0x6000000000000070 0x300000000430001d           EMITF                     dso[29].xyzw   ,r112           
0x6000000000000074 0x300000000430001e           EMITF                     dso[30].xyzw   ,r116           
0x6000000000000078 0x300000000c30001f           EMITF.ve                  dso[31].xyzw   ,r120           
0xc300000000000000 0x0000000000000000           JUMP                      0              

