0x4800000000000008 0x1000007000000000           MOV.rp1                   r7             ,r8             
0x4800000000000010 0x300000e000000000           MOV.rp3                   r14            ,r16            
0xb10000000014000a 0x0000000120000000           DMUL                      r18            ,r20            ,r10            
0xb1000000000e000c 0x0000000160000000           DMUL                      r22            ,r14            ,r12            
0xb100000000100007 0x00000001b0000000           DMUL                      r27            ,r16            ,r7             
0xb10000000010000c 0x00000000c0000000           DMUL                      r12            ,r16            ,r12            
0xb100000000140007 0x0000000070000000           DMUL                      r7             ,r20            ,r7             
0xb1000000000e000a 0x0000000090000000           DMUL                      r9             ,r14            ,r10            
0x020400000005801a 0x0000000000000000           FMUL                      r0             ,r5             ,-r26           
0x0204000000068018 0x0000001000000000           FMUL                      r1             ,r6             ,-r24           
0x0204000000048019 0x0000002000000000           FMUL                      r2             ,r4             ,-r25           
0xb2000000800c0012 0x00000000b0000000           DADD                      r11            ,-r12           ,r18            
0xb200000080070016 0x00000000d0000000           DADD                      r13            ,-r7            ,r22            
0xb20000008009001b 0x0000000070000000           DADD                      r7             ,-r9            ,r27            
0x0120000000060019 0x86000ff004000002           MAD.crf3                  void           ,r0             ,r6             ,r25            
                                               +EMITF                     vso[2].x       ,fwd            
0x012000010004001a 0x86000ff005000002           MAD.crf3                  void           ,r1             ,r4             ,r26            
                                               +EMITF                     vso[2].y       ,fwd            
0x0120000200050018 0x86000ff006000002           MAD.crf3                  void           ,r2             ,r5             ,r24            
                                               +EMITF                     vso[2].z       ,fwd            
0x600000000000000b 0x3000000004000000           EMITF                     vso[0].xyzw    ,r11            
0x6000000000000007 0x100000000c000001           EMITF.ve                  vso[1].xy      ,r7             
0xc300000000000000 0x0000000000000000           JUMP                      0              

