0xb200000080080010 0x0000000080000000           DADD                      r8             ,-r8            ,r16            
0x480000000000000e 0x100000a000000000           MOV.rp1                   r10            ,r14            
0xb20000008006000a 0x0000000060000000           DADD                      r6             ,-r6            ,r10            
0x480000000000000c 0x100000a000000000           MOV.rp1                   r10            ,r12            
0xb100000000080008 0x0000000080000000           DMUL                      r8             ,r8             ,r8             
0xb20000008004000a 0x0000000040000000           DADD                      r4             ,-r4            ,r10            
0x4b000000c7b537a9 0x0000000000000000           MOVIMM                    r0             ,0xc7b537a9     
0x4b0000005fe6eb50 0x0000001000000000           MOVIMM                    r1             ,0x5fe6eb50     
0xb000000800060006 0x0000000060000000           DFMA                      r6             ,r8             ,r6             ,r6             
0x4b00000000000000 0x0000008000000000           MOVIMM                    r8             ,0x0            
0x4b0000003fe00000 0x0000009000000000           MOVIMM                    r9             ,0x3fe00000     
0xb000000600040004 0x0000000040000000           DFMA                      r4             ,r6             ,r4             ,r4             
0x0a00003f00000004 0x0000002000000000           IADDI                     r2             ,0x0            ,r4 >> 1        
0x0a40003f00000005 0x0000003000000000           IADDI.s                   r3             ,0              ,r5 >> 1        
0x3004001f00020005 0x0000002000000000           OR                        r2             ,r2             ,r5 << 31       
0xb100000000080004 0x0000000060000000           DMUL                      r6             ,r8             ,r4             
0x2c04000000000002 0x00000f2000000000           ICMP.gt                   p2             ,r0             ,r2             
0x33000000000100f2 0x0000009000000000           ANDI                      r9             ,0x1            ,p2             
0x0744000080098003 0x0004003000000000           IADD.s.dly1               r3             ,-r9            ,-r3            
0x0744000000008002 0x000000a000000000           IADD.s                    r10            ,r0             ,-r2            
0x0744000000010003 0x000000b000000000           IADD.s                    r11            ,r1             ,r3             
0xb1000000000a000a 0x00000000c0000000           DMUL                      r12            ,r10            ,r10            
0xb10000000006000c 0x00000000c0000000           DMUL                      r12            ,r6             ,r12            
0x4b0000003ff80000 0x0000009000000000           MOVIMM                    r9             ,0x3ff80000     
0xb20000000008800c 0x00000000c0000000           DADD                      r12            ,r8             ,-r12           
0xb1000000000a000c 0x00000000a0000000           DMUL                      r10            ,r10            ,r12            
0xb1000000000a000a 0x00000000c0000000           DMUL                      r12            ,r10            ,r10            
0xb10000000006000c 0x00000000c0000000           DMUL                      r12            ,r6             ,r12            
0xb20000000008800c 0x00000000c0000000           DADD                      r12            ,r8             ,-r12           
0xb1000000000a000c 0x00000000a0000000           DMUL                      r10            ,r10            ,r12            
0xb1000000000a000a 0x00000000c0000000           DMUL                      r12            ,r10            ,r10            
0xb10000000006000c 0x0000000060000000           DMUL                      r6             ,r6             ,r12            
0xb200000000088006 0x0000000060000000           DADD                      r6             ,r8             ,-r6            
0xb1000000000a0006 0x0000000060000000           DMUL                      r6             ,r10            ,r6             
0xb100000000040006 0x0000000040000000           DMUL                      r4             ,r4             ,r6             
0x6000000000000004 0x100000000c000000           EMITF.ve                  vso[0].xy      ,r4             
0xc300000000000000 0x0000000000000000           JUMP                      0              

