0xb100000000080010 0x0000000080000000           DMUL                      r8             ,r8             ,r16            
0x480000000000000e 0x100000a000000000           MOV.rp1                   r10            ,r14            
0xb00000080006000a 0x0000000060000000           DFMA                      r6             ,r8             ,r6             ,r10            
0x4b00000000000000 0x0000008000000000           MOVIMM                    r8             ,0x0            
0x4800000000000014 0x100000a000000000           MOV.rp1                   r10            ,r20            
0x4800000000000008 0x0000009000000000           MOV                       r9             ,r8             
0x4800000000000016 0x100000e000000000           MOV.rp1                   r14            ,r22            
0xb00000060004000c 0x0000000040000000           DFMA                      r4             ,r6             ,r4             ,r12            
0xb200000088f0800a 0x0000000060000000           DADD                      r6             ,-PDC_0         ,-r10           
0xb200000088f08018 0x00000000c0000000           DADD                      r12            ,-PDC_0         ,-r24           
0xb200000088f0800e 0x0000000100000000           DADD                      r16            ,-PDC_0         ,-r14           
0x60000000000008f0 0x1000000004000000           EMITF                     vso[0].xy      ,PDC_0          
0xb600000000080004 0x0000000002000000           DCMP.lt                   r0             ,r8             ,r4             
0x60000000000008f0 0x3000000004000003           EMITF                     vso[3].xyzw    ,PDC_0          
0x60000000000008f0 0x0000000004000004           EMITF                     vso[4].x       ,PDC_0          
0x4800000000000000 0x00000f2000000000           MOV                       p2             ,r0             
0x204000f2000a0006 0x86000ff004000001           SEL.s                     void           ,p2             ,r10            ,r6             
                                               +EMITF                     vso[1].x       ,fwd            
0x204000f20018000c 0x86000ff004000002           SEL.s                     void           ,p2             ,r24            ,r12            
                                               +EMITF                     vso[2].x       ,fwd            
0x204000f2000b0007 0x86000ff005000001           SEL.s                     void           ,p2             ,r11            ,r7             
                                               +EMITF                     vso[1].y       ,fwd            
0x204000f2000f0011 0x86000ff007000001           SEL.s                     void           ,p2             ,r15            ,r17            
                                               +EMITF                     vso[1].w       ,fwd            
0x204000f2000e0010 0x86000ff006000001           SEL.s                     void           ,p2             ,r14            ,r16            
                                               +EMITF                     vso[1].z       ,fwd            
0x204000f20019000d 0x86000ff00d000002           SEL.s                     void           ,p2             ,r25            ,r13            
                                               +EMITF.ve                  vso[2].y       ,fwd            
0xc300000000000000 0x0000000000000000           JUMP                      0              

