0xb100000000120012 0x0000000120000000           DMUL                      r18            ,r18            ,r18            
0xb1000000000a000a 0x00000000a0000000           DMUL                      r10            ,r10            ,r10            
0xb000001200100010 0x0000000100000000           DFMA                      r16            ,r18            ,r16            ,r16            
0x4800000000000008 0x1000007000000000           MOV.rp1                   r7             ,r8             
0xb100000000140014 0x0000000120000000           DMUL                      r18            ,r20            ,r20            
0xb000000a00070007 0x0000000070000000           DFMA                      r7             ,r10            ,r7             ,r7             
0xb0000010000e000e 0x0000000090000000           DFMA                      r9             ,r16            ,r14            ,r14            
0x4b000000c7b537a9 0x0000000000000000           MOVIMM                    r0             ,0xc7b537a9     
0x4b0000005fe6eb50 0x0000001000000000           MOVIMM                    r1             ,0x5fe6eb50     
0x4b00000000000000 0x000000b000000000           MOVIMM                    r11            ,0x0            
0x0a00003f00000012 0x0000002000000000           IADDI                     r2             ,0x0            ,r18 >> 1       
0x0a40003f00000013 0x0000003000000000           IADDI.s                   r3             ,0              ,r19 >> 1       
0x0a00003f00000007 0x000000e000000000           IADDI                     r14            ,0x0            ,r7 >> 1        
0x3004001f00020013 0x0000002000000000           OR                        r2             ,r2             ,r19 << 31      
0xb0000009000c000c 0x0000000090000000           DFMA                      r9             ,r9             ,r12            ,r12            
0x3004001f000e0008 0x000000c000000000           OR                        r12            ,r14            ,r8 << 31       
0x0a40003f00000008 0x000000d000000000           IADDI.s                   r13            ,0              ,r8 >> 1        
0x2c0400000000000c 0x00000f2000000000           ICMP.gt                   p2             ,r0             ,r12            
0x2c04000000000002 0x00000f3000000000           ICMP.gt                   p3             ,r0             ,r2             
0x33000000000100f2 0x000000e000000000           ANDI                      r14            ,0x1            ,p2             
0x07440000800e800d 0x000400d000000000           IADD.s.dly1               r13            ,-r14           ,-r13           
0x33000000000100f3 0x000000e000000000           ANDI                      r14            ,0x1            ,p3             
0x0a00003f00000009 0x000000f000000000           IADDI                     r15            ,0x0            ,r9 >> 1        
0x0a40003f0000000a 0x0000010000000000           IADDI.s                   r16            ,0              ,r10 >> 1       
0x3004001f000f000a 0x000000f000000000           OR                        r15            ,r15            ,r10 << 31      
0x07440000800e8003 0x0000003000000000           IADD.s                    r3             ,-r14           ,-r3            
0x2c0400000000000f 0x00000f2000000000           ICMP.gt                   p2             ,r0             ,r15            
0x33000000000100f2 0x000000e000000000           ANDI                      r14            ,0x1            ,p2             
0x07440000800e8010 0x000400e000000000           IADD.s.dly1               r14            ,-r14           ,-r16           
0x074400000000800c 0x0000010000000000           IADD.s                    r16            ,r0             ,-r12           
0x074400000000800f 0x0000014000000000           IADD.s                    r20            ,r0             ,-r15           
0x0744000000008002 0x0000016000000000           IADD.s                    r22            ,r0             ,-r2            
0x4b0000003fe00000 0x000000c000000000           MOVIMM                    r12            ,0x3fe00000     
0x074400000001000d 0x0000011000000000           IADD.s                    r17            ,r1             ,r13            
0x074400000001000e 0x0000015000000000           IADD.s                    r21            ,r1             ,r14            
0x0744000000010003 0x0000017000000000           IADD.s                    r23            ,r1             ,r3             
0xb1000000000b0007 0x00000000d0000000           DMUL                      r13            ,r11            ,r7             
0xb100000000100010 0x0000000190000000           DMUL                      r25            ,r16            ,r16            
0xb1000000000b0009 0x00000001b0000000           DMUL                      r27            ,r11            ,r9             
0xb100000000140014 0x00000001d0000000           DMUL                      r29            ,r20            ,r20            
0xb1000000000b0012 0x00000001f0000000           DMUL                      r31            ,r11            ,r18            
0xb100000000160016 0x0000000210000000           DMUL                      r33            ,r22            ,r22            
0xb1000000000d0019 0x0000000190000000           DMUL                      r25            ,r13            ,r25            
0xb1000000001b001d 0x00000001d0000000           DMUL                      r29            ,r27            ,r29            
0x4b0000003ff80000 0x000000c000000000           MOVIMM                    r12            ,0x3ff80000     
0x0200000000180018 0x8a200ff000000000           FMUL                      void           ,r24            ,r24            
                                               +SQRT                      r0             ,fwd            
0xb1000000001f0021 0x0000000210000000           DMUL                      r33            ,r31            ,r33            
0xb2000000000b8019 0x0000000180000000           DADD                      r24            ,r11            ,-r25           
0xb2000000000b801d 0x00000001d0000000           DADD                      r29            ,r11            ,-r29           
0x0400000000040004 0xaa200ff010000000           DOT.rp2                   void           ,r4             ,r4             
                                               +SQRT                      r1             ,fwd            
0xb2000000000b8021 0x0000000040000000           DADD                      r4             ,r11            ,-r33           
0xb100000000100018 0x00000000f0000000           DMUL                      r15            ,r16            ,r24            
0xb10000000014001d 0x0000000140000000           DMUL                      r20            ,r20            ,r29            
0x6000000000000000 0x0000000004000004           EMITF                     vso[4].x       ,r0             
0x6000000000000001 0x0000000004000001           EMITF                     vso[1].x       ,r1             
0xb100000000160004 0x0000000040000000           DMUL                      r4             ,r22            ,r4             
0xb1000000000f000f 0x0000000160000000           DMUL                      r22            ,r15            ,r15            
0xb100000000140014 0x0000000180000000           DMUL                      r24            ,r20            ,r20            
0xb100000000040004 0x00000001d0000000           DMUL                      r29            ,r4             ,r4             
0xb1000000000d0016 0x0000000160000000           DMUL                      r22            ,r13            ,r22            
0xb1000000001b0018 0x0000000180000000           DMUL                      r24            ,r27            ,r24            
0xb1000000001f001d 0x00000001d0000000           DMUL                      r29            ,r31            ,r29            
0xb2000000000b8016 0x0000000160000000           DADD                      r22            ,r11            ,-r22           
0xb2000000000b8018 0x0000000180000000           DADD                      r24            ,r11            ,-r24           
0xb2000000000b801d 0x00000001d0000000           DADD                      r29            ,r11            ,-r29           
0xb1000000000f0016 0x00000000f0000000           DMUL                      r15            ,r15            ,r22            
0xb100000000140018 0x0000000140000000           DMUL                      r20            ,r20            ,r24            
0xb10000000004001d 0x0000000040000000           DMUL                      r4             ,r4             ,r29            
0xb1000000000f000f 0x0000000160000000           DMUL                      r22            ,r15            ,r15            
0xb100000000140014 0x0000000180000000           DMUL                      r24            ,r20            ,r20            
0xb100000000040004 0x00000001d0000000           DMUL                      r29            ,r4             ,r4             
0xb1000000000d0016 0x00000000d0000000           DMUL                      r13            ,r13            ,r22            
0xb1000000001b0018 0x0000000160000000           DMUL                      r22            ,r27            ,r24            
0xb1000000001f001d 0x0000000180000000           DMUL                      r24            ,r31            ,r29            
0xb2000000000b800d 0x00000000d0000000           DADD                      r13            ,r11            ,-r13           
0xb2000000000b8016 0x0000000160000000           DADD                      r22            ,r11            ,-r22           
0xb2000000000b8018 0x00000000b0000000           DADD                      r11            ,r11            ,-r24           
0xb1000000000f000d 0x00000000d0000000           DMUL                      r13            ,r15            ,r13            
0xb100000000140016 0x00000000f0000000           DMUL                      r15            ,r20            ,r22            
0xb10000000004000b 0x0000000040000000           DMUL                      r4             ,r4             ,r11            
0xb10000000007000d 0x0000000060000000           DMUL                      r6             ,r7             ,r13            
0xb10000000009000f 0x0000000080000000           DMUL                      r8             ,r9             ,r15            
0xb100000000120004 0x0000000040000000           DMUL                      r4             ,r18            ,r4             
0x6000000000000006 0x1000000004000000           EMITF                     vso[0].xy      ,r6             
0x6000000000000008 0x1000000004000002           EMITF                     vso[2].xy      ,r8             
0x6000000000000004 0x100000000c000003           EMITF.ve                  vso[3].xy      ,r4             
0xc300000000000000 0x0000000000000000           JUMP                      0              

