0xb100000000060006 0x0000000140000000           DMUL                      r20            ,r6             ,r6             
0x4b000000c7b537a9 0x0000001000000000           MOVIMM                    r1             ,0xc7b537a9     
0x4b0000005fe6eb50 0x0000002000000000           MOVIMM                    r2             ,0x5fe6eb50     
0x4b00000000000000 0x0000011000000000           MOVIMM                    r17            ,0x0            
0x4b0000003fe00000 0x0000012000000000           MOVIMM                    r18            ,0x3fe00000     
0x4b000000800fffff 0x0000013000000000           MOVIMM                    r19            ,0x800fffff     
0xb000001400040004 0x0000000170000000           DFMA                      r23            ,r20            ,r4             ,r4             
0x4b0000003ff00000 0x0000014000000000           MOVIMM                    r20            ,0x3ff00000     
0x4b0000007ff00000 0x0000003000000000           MOVIMM                    r3             ,0x7ff00000     
0x2800000008f00010 0x00000f2000000000           FCMP.gt                   p2             ,PDC_0          ,r16            
0x2800200008f00010 0x00000f3000000000           FCMP.lt                   p3             ,PDC_0          ,r16            
0x208000f208f408f0 0x0000010000000000           SEL.fp                    r16            ,p2             ,PDC_1F         ,PDC_0          
0x208000f308f408f0 0x0000015000000000           SEL.fp                    r21            ,p3             ,PDC_1F         ,PDC_0          
0x4800000000000008 0x0000000000000000           MOV                       r0             ,r8             
0x0a00003f00000017 0x0000008000000000           IADDI                     r8             ,0x0            ,r23 >> 1       
0x0a40003f00000018 0x000000b000000000           IADDI.s                   r11            ,0              ,r24 >> 1       
0x3004001f00080018 0x0000008000000000           OR                        r8             ,r8             ,r24 << 31      
0xb100000000110017 0x0000000190000000           DMUL                      r25            ,r17            ,r23            
0x2c04000000010008 0x00000f2000000000           ICMP.gt                   p2             ,r1             ,r8             
0x33000000000100f2 0x0000012000000000           ANDI                      r18            ,0x1            ,p2             
0x074400008012800b 0x000400b000000000           IADD.s.dly1               r11            ,-r18           ,-r11           
0x0744000000018008 0x000001b000000000           IADD.s                    r27            ,r1             ,-r8            
0x074400000002000b 0x000001c000000000           IADD.s                    r28            ,r2             ,r11            
0xb1000000001b001b 0x00000001d0000000           DMUL                      r29            ,r27            ,r27            
0x4b0000003ff80000 0x0000012000000000           MOVIMM                    r18            ,0x3ff80000     
0x4800000000000009 0x1000001000000000           MOV.rp1                   r1             ,r9             
0x480000000000000c 0x3000008000000000           MOV.rp3                   r8             ,r12            
0xb10000000019001d 0x00000000d0000000           DMUL                      r13            ,r25            ,r29            
0x0304000080150010 0x000000c000000000           FADD                      r12            ,-r21           ,r16            
0xb20000000011800d 0x00000000d0000000           DADD                      r13            ,r17            ,-r13           
0xb1000000001b000d 0x00000000d0000000           DMUL                      r13            ,r27            ,r13            
0xb1000000000d000d 0x00000000f0000000           DMUL                      r15            ,r13            ,r13            
0xb10000000019000f 0x00000000f0000000           DMUL                      r15            ,r25            ,r15            
0xb20000000011800f 0x00000000f0000000           DADD                      r15            ,r17            ,-r15           
0xb1000000000d000f 0x00000000d0000000           DMUL                      r13            ,r13            ,r15            
0xb1000000000d000d 0x00000000f0000000           DMUL                      r15            ,r13            ,r13            
0xb10000000019000f 0x00000000f0000000           DMUL                      r15            ,r25            ,r15            
0xb20000000011800f 0x00000000f0000000           DADD                      r15            ,r17            ,-r15           
0x4800000000000011 0x0000012000000000           MOV                       r18            ,r17            
0x4800000000000011 0x1000015000000000           MOV.rp1                   r21            ,r17            
0xb1000000000d000f 0x00000000d0000000           DMUL                      r13            ,r13            ,r15            
0xb10000000017000d 0x00000000d0000000           DMUL                      r13            ,r23            ,r13            
0x2f0400000013000e 0x000000f000000000           AND                       r15            ,r19            ,r14            
0x480000000000000d 0x0000017000000000           MOV                       r23            ,r13            
0x300400000014000f 0x0000018000000000           OR                        r24            ,r20            ,r15            
0xb900000000000017 0x00000000f4000000           DP2FP.ov.rne              r15            ,r23            
0x3300002c07ff000e 0x0000010000000000           ANDI                      r16            ,0x7ff          ,r14 >> 20      
0x310400000003000e 0x0000012000000000           XOR                       r18            ,r3             ,r14            
0x300400000012000d 0x0004012000000000           OR.dly1                   r18            ,r18            ,r13            
0x3940500000000012 0x00040f2000000000           ICMPI.s.ne.dly1           p2             ,0              ,r18            
0xa00000000000000f 0x0000000170000000           RCP                       r23            ,r15            
0x4800000000000017 0x0000018000000000           MOV                       r24            ,r23            
0xbb00000000000017 0x0000000170000000           FP2DP                     r23            ,r23            
0x3300002c07ff0018 0x000000f000000000           ANDI                      r15            ,0x7ff          ,r24 >> 20      
0x074400008010000f 0x000400f000000000           IADD.s.dly1               r15            ,-r16           ,r15            
0x0a40000003ff000f 0x0004010000000000           IADDI.s.dly1              r16            ,1023           ,r15            
0x39400000fc010010 0x00040f3000000000           ICMPI.s.gt.dly1           p3             ,-1023          ,r16            
0x2f00000000f200f3 0x00000f3000000000           AND                       p3             ,p2             ,p3             
0xcb000800003f80f3 0x0000400000000000    @p1    BA.ikeep.ds1              .LABEL_0       ,~p3            
0x48000000000000f3 0x00000f2000000000               MOV                   p2             ,p3             
0x48000000000000f2 0x00000f3000000000           MOV                       p3             ,p2             
0x4b000000fff00000 0x0000c0f000000000    @p3    MOVIMM                    r15            ,0xfff00000     
0x31040000000f000e 0x0004c15000000000    @p3    XOR.dly1                  r21            ,r15            ,r14            
0x300400000015000d 0x0004c19000000000    @p3    OR.dly1                   r25            ,r21            ,r13            
0x3940400000000019 0x0004cf4000000000    @p3    ICMPI.s.eq.dly1           p4             ,0              ,r25            
0x2f00000000f400f3 0x00000f5000000000           AND                       p5             ,p4             ,p3             
0xcb002000003700f5 0x0000400000000000    @p1    BA.ikeep.ds4              .LABEL_0       ,p5             
0x4b00000000000000 0x00000f2000000000               MOVIMM                p2             ,0x0            
0x4b00000080000000 0x0000c12000000000        @p3    MOVIMM                r18            ,0x80000000     
0x4800000000000011 0x1000c15000000000        @p3    MOV.rp1               r21            ,r17            
0x2f00000000f380f4 0x0000cf2000000000        @p3    AND                   p2             ,p3             ,~p4            
0x2f04000000130018 0x0000813000000000    @p2    AND                       r19            ,r19            ,r24            
0x3300000007ff0010 0x0000810000000000    @p2    ANDI                      r16            ,0x7ff          ,r16            
0x4800000000000011 0x0000815000000000    @p2    MOV                       r21            ,r17            
0x3004001400130010 0x0000818000000000    @p2    OR                        r24            ,r19            ,r16 << 20      
0xb1000000000d0017 0x0000800190000000    @p2    DMUL                      r25            ,r13            ,r23            
0x4b00000040000000 0x0000816000000000    @p2    MOVIMM                    r22            ,0x40000000     
0x4800000000000011 0x0000813000000000    @p2    MOV                       r19            ,r17            
0x4800000000000011 0x0000810000000000    @p2    MOV                       r16            ,r17            
0x4b00000000000000 0x00000f3000000000           MOVIMM                    p3             ,0x0            
0xb60000000010000d 0x00008001b5000000    @p2    DCMP.ne                   r27            ,r16            ,r13            
0xb200000000158019 0x0000800190000000    @p2    DADD                      r25            ,r21            ,-r25           
0x480000000000001b 0x00008f5000000000    @p2    MOV                       p5             ,r27            
0x2f00000000f500f2 0x00000f4000000000           AND                       p4             ,p5             ,p2             
0xb100000000190017 0x0000800170000000    @p2    DMUL                      r23            ,r25            ,r23            
0xb1000000000d0017 0x0000800190000000    @p2    DMUL                      r25            ,r13            ,r23            
0xb200000000138019 0x0000800190000000    @p2    DADD                      r25            ,r19            ,-r25           
0xb100000000190017 0x0000800190000000    @p2    DMUL                      r25            ,r25            ,r23            
0xb200000000190017 0x0000800170000000    @p2    DADD                      r23            ,r25            ,r23            
0xb1000000000d0017 0x0000800190000000    @p2    DMUL                      r25            ,r13            ,r23            
0xb200000000158019 0x0000800190000000    @p2    DADD                      r25            ,r21            ,-r25           
0xb100000000190017 0x0000800170000000    @p2    DMUL                      r23            ,r25            ,r23            
0xb1000000000d0017 0x0000800190000000    @p2    DMUL                      r25            ,r13            ,r23            
0xb200000000138019 0x0000800190000000    @p2    DADD                      r25            ,r19            ,-r25           
0xb100000000190017 0x0000800190000000    @p2    DMUL                      r25            ,r25            ,r23            
0xb200000000190017 0x0000800170000000    @p2    DADD                      r23            ,r25            ,r23            
0xb1000000000d0017 0x0000800190000000    @p2    DMUL                      r25            ,r13            ,r23            
0xb200000000158019 0x0000800190000000    @p2    DADD                      r25            ,r21            ,-r25           
0xb100000000190017 0x0000800170000000    @p2    DMUL                      r23            ,r25            ,r23            
0xb1000000000d0017 0x0000800190000000    @p2    DMUL                      r25            ,r13            ,r23            
0xb200000000138019 0x0000800190000000    @p2    DADD                      r25            ,r19            ,-r25           
0xb100000000190017 0x0000800190000000    @p2    DMUL                      r25            ,r25            ,r23            
0xb200000000190017 0x0000800170000000    @p2    DADD                      r23            ,r25            ,r23            
0xb1000000000d0017 0x0000800190000000    @p2    DMUL                      r25            ,r13            ,r23            
0xb200000000158019 0x0000800150000000    @p2    DADD                      r21            ,r21            ,-r25           
0xb100000000150017 0x0000800150000000    @p2    DMUL                      r21            ,r21            ,r23            
0xb1000000000d0015 0x0000800170000000    @p2    DMUL                      r23            ,r13            ,r21            
0xb200000000138017 0x0000800130000000    @p2    DADD                      r19            ,r19            ,-r23           
0xb100000000130015 0x0000800130000000    @p2    DMUL                      r19            ,r19            ,r21            
0xb200000000130015 0x0000800150000000    @p2    DADD                      r21            ,r19            ,r21            
0xcb000800000b00f4 0x0000400000000000    @p1    BA.ikeep.ds1              .LABEL_0       ,p4             
0x2f00000000f280f5 0x00008f3000000000        @p2    AND                   p3             ,p2             ,~p5            
0x310400000012000e 0x0000c0e000000000    @p3    XOR                       r14            ,r18            ,r14            
0x4b00000000000000 0x00000f2000000000           MOVIMM                    p2             ,0x0            
0x30040000000e000d 0x0000c0d000000000    @p3    OR                        r13            ,r14            ,r13            
0x480000000000000f 0x0000c12000000000    @p3    MOV                       r18            ,r15            
0x394040000000000d 0x0000cf4000000000    @p3    ICMPI.s.eq                p4             ,0              ,r13            
0x4800000000000011 0x1000c15000000000    @p3    MOV.rp1                   r21            ,r17            
0x2f00000000f380f4 0x0000cf2000000000    @p3    AND                       p2             ,p3             ,~p4            
0x4800000000000003 0x0000812000000000    @p2    MOV                       r18            ,r3             
0x4800000000000011 0x1000815000000000    @p2    MOV.rp1                   r21            ,r17            
__________________    .LABEL_0:
0x0400000000000000 0xaa100ff030000000           DOT.rp2                   void           ,r0             ,r0             
                                               +RSQ                       r3             ,fwd            
0x0400000000080008 0xba100ff0d0000000           DOT.rp3                   void           ,r8             ,r8             
                                               +RSQ                       r13            ,fwd            
0xb100000000150004 0x0000000040000000           DMUL                      r4             ,r21            ,r4             
0xb100000000150006 0x0000000060000000           DMUL                      r6             ,r21            ,r6             
0x0204000020030000 0x2000000000000000           FMUL.rp2                  r0             ,r3.rp0         ,r0             
0x600000000000000c 0x0000000004000003           EMITF                     vso[3].x       ,r12            
0x02040000200d0008 0x3000008000000000           FMUL.rp3                  r8             ,r13.rp0        ,r8             
0x6000000000000004 0x3000000004000000           EMITF                     vso[0].xyzw    ,r4             
0x6000000000000000 0x2000000004000001           EMITF                     vso[1].xyz     ,r0             
0x6000000000000008 0x300000000c000002           EMITF.ve                  vso[2].xyzw    ,r8             
0xc300000000000000 0x0000000000000000           JUMP                      0              

