0xb100000000140008 0x00000000a0000000           DMUL                      r10            ,r20            ,r8             
0x4800000000000012 0x100000e000000000           MOV.rp1                   r14            ,r18            
0xb000000a000e0006 0x00000000a0000000           DFMA                      r10            ,r10            ,r14            ,r6             
0x4b00000000000000 0x0000012000000000           MOVIMM                    r18            ,0x0            
0x4b000000bff00000 0x0000013000000000           MOVIMM                    r19            ,0xbff00000     
0x4b000000c7b537a9 0x0000000000000000           MOVIMM                    r0             ,0xc7b537a9     
0x4b0000005fe6eb50 0x0000001000000000           MOVIMM                    r1             ,0x5fe6eb50     
0xb10000000010000c 0x0000000160000000           DMUL                      r22            ,r16            ,r12            
0xb000000a00100004 0x00000000a0000000           DFMA                      r10            ,r10            ,r16            ,r4             
0xb10000000014000c 0x0000000100000000           DMUL                      r16            ,r20            ,r12            
0xb1000000000e000c 0x00000000e0000000           DMUL                      r14            ,r14            ,r12            
0x60000000000008f0 0x1000000004000000           EMITF                     vso[0].xy      ,PDC_0          
0x60000000000008f0 0x3000000004000003           EMITF                     vso[3].xyzw    ,PDC_0          
0x60000000000008f0 0x3000000004000004           EMITF                     vso[4].xyzw    ,PDC_0          
0xb1000000000a000a 0x0000000140000000           DMUL                      r20            ,r10            ,r10            
0xb1000000000a000c 0x00000000a0000000           DMUL                      r10            ,r10            ,r12            
0x60000000000008f0 0x0000000004000005           EMITF                     vso[5].x       ,PDC_0          
0xb200000000120014 0x0000000140000000           DADD                      r20            ,r18            ,r20            
0x4b0000003ff00000 0x0000013000000000           MOVIMM                    r19            ,0x3ff00000     
0xb10000000014000c 0x0000000140000000           DMUL                      r20            ,r20            ,r12            
0xb10000000014000c 0x00000000c0000000           DMUL                      r12            ,r20            ,r12            
0xb20000000012000c 0x00000000c0000000           DADD                      r12            ,r18            ,r12            
0x4800000000000012 0x0000013000000000           MOV                       r19            ,r18            
0x0a00003f0000000c 0x0000002000000000           IADDI                     r2             ,0x0            ,r12 >> 1       
0x0a40003f0000000d 0x0000003000000000           IADDI.s                   r3             ,0              ,r13 >> 1       
0x3004001f0002000d 0x0000002000000000           OR                        r2             ,r2             ,r13 << 31      
0xb60000000012000c 0x0000000142000000           DCMP.lt                   r20            ,r18            ,r12            
0x2c04000000000002 0x00000f2000000000           ICMP.gt                   p2             ,r0             ,r2             
0x33000000000100f2 0x0000013000000000           ANDI                      r19            ,0x1            ,p2             
0x0744000080138003 0x0004003000000000           IADD.s.dly1               r3             ,-r19           ,-r3            
0x0744000000008002 0x0000018000000000           IADD.s                    r24            ,r0             ,-r2            
0x4b0000003fe00000 0x0000013000000000           MOVIMM                    r19            ,0x3fe00000     
0x0744000000010003 0x0000019000000000           IADD.s                    r25            ,r1             ,r3             
0xb10000000012000c 0x00000001a0000000           DMUL                      r26            ,r18            ,r12            
0xb100000000180018 0x00000001c0000000           DMUL                      r28            ,r24            ,r24            
0x4b0000003ff80000 0x0000013000000000           MOVIMM                    r19            ,0x3ff80000     
0x4800000000000014 0x00000f2000000000           MOV                       p2             ,r20            
0xb1000000001a001c 0x0000000140000000           DMUL                      r20            ,r26            ,r28            
0xb200000000128014 0x0000000140000000           DADD                      r20            ,r18            ,-r20           
0xb100000000180014 0x0000000140000000           DMUL                      r20            ,r24            ,r20            
0xb100000000140014 0x0000000180000000           DMUL                      r24            ,r20            ,r20            
0xb1000000001a0018 0x0000000180000000           DMUL                      r24            ,r26            ,r24            
0xb200000000128018 0x0000000180000000           DADD                      r24            ,r18            ,-r24           
0xb100000000140018 0x0000000140000000           DMUL                      r20            ,r20            ,r24            
0xb100000000140014 0x0000000180000000           DMUL                      r24            ,r20            ,r20            
0xb1000000001a0018 0x0000000180000000           DMUL                      r24            ,r26            ,r24            
0xb200000000128018 0x0000000120000000           DADD                      r18            ,r18            ,-r24           
0xb100000000140012 0x0000000120000000           DMUL                      r18            ,r20            ,r18            
0xb1000000000c0012 0x00000000c0000000           DMUL                      r12            ,r12            ,r18            
0xb2000000000c000a 0x00000000a0000000           DADD                      r10            ,r12            ,r10            
0xb10000000004000a 0x0000000040000000           DMUL                      r4             ,r4             ,r10            
0xb10000000008000a 0x0000000080000000           DMUL                      r8             ,r8             ,r10            
0xb10000000006000a 0x0000000060000000           DMUL                      r6             ,r6             ,r10            
0xb200000080040016 0x0000000040000000           DADD                      r4             ,-r4            ,r22            
0xb200000080080010 0x0000000080000000           DADD                      r8             ,-r8            ,r16            
0xb20000008006000e 0x0000000060000000           DADD                      r6             ,-r6            ,r14            
0x204000f208f00004 0x86000ff004000001           SEL.s                     void           ,p2             ,PDC_0          ,r4             
                                               +EMITF                     vso[1].x       ,fwd            
0x204000f208f00005 0x86000ff005000001           SEL.s                     void           ,p2             ,PDC_0          ,r5             
                                               +EMITF                     vso[1].y       ,fwd            
0x204000f208f00008 0x86000ff004000002           SEL.s                     void           ,p2             ,PDC_0          ,r8             
                                               +EMITF                     vso[2].x       ,fwd            
0x204000f208f00009 0x86000ff005000002           SEL.s                     void           ,p2             ,PDC_0          ,r9             
                                               +EMITF                     vso[2].y       ,fwd            
0x204000f208f00007 0x86000ff007000001           SEL.s                     void           ,p2             ,PDC_0          ,r7             
                                               +EMITF                     vso[1].w       ,fwd            
0x204000f208f00006 0x86000ff00e000001           SEL.s                     void           ,p2             ,PDC_0          ,r6             
                                               +EMITF.ve                  vso[1].z       ,fwd            
0xc300000000000000 0x0000000000000000           JUMP                      0              

