0x5b00000000000000 0x3000000004000000           ILD                       r0.xyzw        ,icp[0][0]      
0x5b00000000000001 0x3000000034000000           ILD                       r3.xyzw        ,icp[1][0]      
0x5b00000000000002 0x3000000064000000           ILD                       r6.xyzw        ,icp[2][0]      
0x5b00000000020000 0x3000000094000000           ILD                       r9.xyzw        ,icp[0][2]      
0x5b00000000020001 0x30000000c4000000           ILD                       r12.xyzw       ,icp[1][2]      
0x5b00000000020002 0x30000000f4000000           ILD                       r15.xyzw       ,icp[2][2]      
0x4b0000003eaaaaab 0x0000012000000000           MOVIMM                    r18            ,0x3eaaaaab     
0x4b0000003d638e3a 0x0000013000000000           MOVIMM                    r19            ,0x3d638e3a     
0x0304000080000003 0x300001a000000000           FADD.rp3                  r26            ,-r0            ,r3             
0x0304000080060000 0x2000020000000000           FADD.rp2                  r32            ,-r6            ,r0             
0x0304000080040007 0x100001e000000000           FADD.rp1                  r30            ,-r4            ,r7             
0x04000000001a001a 0xaa000ff230000000           DOT.rp2                   void           ,r26            ,r26            
                                               +RCP                       r35            ,fwd            
0x04000000001d001d 0xaa000ff240000000           DOT.rp2                   void           ,r29            ,r29            
                                               +RCP                       r36            ,fwd            
0x0400000000200020 0xaa000ff250000000           DOT.rp2                   void           ,r32            ,r32            
                                               +RCP                       r37            ,fwd            
0x03040000000c0009 0x3000026000000000           FADD.rp3                  r38            ,r12            ,r9             
0x030400000009000f 0x100002c000000000           FADD.rp1                  r44            ,r9             ,r15            
0x030400000010000d 0x100002a000000000           FADD.rp1                  r42            ,r16            ,r13            
0x040400000009001a 0x2000014000000000           DOT.rp2                   r20            ,r9             ,r26            
0x04040000000c001d 0x2000015000000000           DOT.rp2                   r21            ,r12            ,r29            
0x0304000080060003 0x2000016000000000           FADD.rp2                  r22            ,-r6            ,r3             
0x04040000000f0016 0x2000016000000000           DOT.rp2                   r22            ,r15            ,r22            
0x04040000000f0020 0x2000017000000000           DOT.rp2                   r23            ,r15            ,r32            
0x0304000080000006 0x100002e000000000           FADD.rp1                  r46            ,-r0            ,r6             
0x0304000080030000 0x2000030000000000           FADD.rp2                  r48            ,-r3            ,r0             
0x04040000000c0030 0x2000018000000000           DOT.rp2                   r24            ,r12            ,r48            
0x0304000080020008 0x0000030000000000           FADD                      r48            ,-r2            ,r8             
0x040400000009002e 0x2000019000000000           DOT.rp2                   r25            ,r9             ,r46            
0x040400000026001a 0x200001a000000000           DOT.rp2                   r26            ,r38            ,r26            
0x0200000008f5001a 0x000401a000000000           FMUL.dly1                 r26            ,PDC_2F         ,r26            
0x040400000029001d 0x200001b000000000           DOT.rp2                   r27            ,r41            ,r29            
0x03040000000b0011 0x000002e000000000           FADD                      r46            ,r11            ,r17            
0x04040000002c0020 0x200001c000000000           DOT.rp2                   r28            ,r44            ,r32            
0x0200000028f5001b 0x100001b000000000           FMUL.rp1                  r27            ,PDC_2F         ,r27            
0x020400000023001a 0x200001a000000000           FMUL.rp2                  r26            ,r35            ,r26            
0x48000000000008f0 0x000001d000000000           MOV                       r29            ,PDC_0          
0x48000000000000f0 0x00000f2000000000           MOV                       p2             ,p0             
__________________    .LABEL_3:
0x48000000000000f2 0x00000f4000000000           MOV                       p4             ,p2             
0x5a0000000000001d 0x30010001e4000000    @p4    ILD_IV                    r30.xyzw       ,icp[r29][0]    
0x5a0000000002001d 0x3001000224000000    @p4    ILD_IV                    r34.xyzw       ,icp[r29][2]    
0x5a0000000001001d 0x3001000264000000    @p4    ILD_IV                    r38.xyzw       ,icp[r29][1]    
0x394040000002001d 0x00010f3000000000    @p4    ICMPI.s.eq                p3             ,2              ,r29            
0x204000f300020000 0x000102a000000000    @p4    SEL.s                     r42            ,p3             ,r2             ,r0             
0x204000f300050003 0x000102b000000000    @p4    SEL.s                     r43            ,p3             ,r5             ,r3             
0x204000f300080006 0x000102c000000000    @p4    SEL.s                     r44            ,p3             ,r8             ,r6             
0x204000f3000b0009 0x000102d000000000    @p4    SEL.s                     r45            ,p3             ,r11            ,r9             
0x600000000000001e 0x3001000004100000    @p4    EMITF                     ocp[0].xyzw    ,r30            
0x204000f3000e000c 0x000101e000000000    @p4    SEL.s                     r30            ,p3             ,r14            ,r12            
0x0100002b08f5002a 0x000101f000000000    @p4    MAD                       r31            ,r43            ,PDC_2F         ,r42            
0x0100002a08f5002b 0x0001020000000000    @p4    MAD                       r32            ,r42            ,PDC_2F         ,r43            
0x6000000000000022 0x300100000410000c    @p4    EMITF                     ocp[12].xyzw   ,r34            
0x0120001f002d8014 0x000101f000000000    @p4    MAD.crf3                  r31            ,r31            ,r45            ,-r20           
0x0100002c08f5002b 0x0001021000000000    @p4    MAD                       r33            ,r44            ,PDC_2F         ,r43            
0x01200020001e8018 0x0001020000000000    @p4    MAD.crf3                  r32            ,r32            ,r30            ,-r24           
0x6000000000000026 0x300100000410000b    @p4    EMITF                     ocp[11].xyzw   ,r38            
0x204000f30011000f 0x0001022000000000    @p4    SEL.s                     r34            ,p3             ,r17            ,r15            
0x01200021001e8015 0x0001021000000000    @p4    MAD.crf3                  r33            ,r33            ,r30            ,-r21           
0x0100002b08f5002c 0x0001023000000000    @p4    MAD                       r35            ,r43            ,PDC_2F         ,r44            
0x030400000020001f 0x0001024000000000    @p4    FADD                      r36            ,r32            ,r31            
0x020000000012001f 0x86010ff004100001    @p4    FMUL                      void           ,r18            ,r31            
                                               +EMITF                     ocp[1].x       ,fwd            
0x0120002300228016 0x000101f000000000    @p4    MAD.crf3                  r31            ,r35            ,r34            ,-r22           
0x0100002a08f5002c 0x0001023000000000    @p4    MAD                       r35            ,r42            ,PDC_2F         ,r44            
0x0304000000240021 0x0001024000000000    @p4    FADD                      r36            ,r36            ,r33            
0x0200000000120020 0x86010ff004100002    @p4    FMUL                      void           ,r18            ,r32            
                                               +EMITF                     ocp[2].x       ,fwd            
0x0120002300228017 0x0001020000000000    @p4    MAD.crf3                  r32            ,r35            ,r34            ,-r23           
0x0100002c08f5002a 0x0001023000000000    @p4    MAD                       r35            ,r44            ,PDC_2F         ,r42            
0x030400000024001f 0x0001024000000000    @p4    FADD                      r36            ,r36            ,r31            
0x03040000002b002a 0x0001025000000000    @p4    FADD                      r37            ,r43            ,r42            
0x0200000000120021 0x86010ff004100003    @p4    FMUL                      void           ,r18            ,r33            
                                               +EMITF                     ocp[3].x       ,fwd            
0x01200023002d8019 0x0001021000000000    @p4    MAD.crf3                  r33            ,r35            ,r45            ,-r25           
0x0304000000240020 0x0001023000000000    @p4    FADD                      r35            ,r36            ,r32            
0x03040000002c0025 0x0001024000000000    @p4    FADD                      r36            ,r44            ,r37            
0x020000000012001f 0x86010ff004100004    @p4    FMUL                      void           ,r18            ,r31            
                                               +EMITF                     ocp[4].x       ,fwd            
0x0304000000230021 0x000101f000000000    @p4    FADD                      r31            ,r35            ,r33            
0x0204000000128024 0x0001023000000000    @p4    FMUL                      r35            ,r18            ,-r36           
0x0200000000120020 0x86010ff004100005    @p4    FMUL                      void           ,r18            ,r32            
                                               +EMITF                     ocp[5].x       ,fwd            
0x012000230013001f 0x0001020000000000    @p4    MAD.crf3                  r32            ,r35            ,r19            ,r31            
0x0200000000120021 0x86010ff004100006    @p4    FMUL                      void           ,r18            ,r33            
                                               +EMITF                     ocp[6].x       ,fwd            
0x0200000008f30020 0x0001020000000000    @p4    FMUL                      r32            ,PDC_050F       ,r32            
0x03040000001e002d 0x0001021000000000    @p4    FADD                      r33            ,r30            ,r45            
0x012000200013001f 0x86010ff004100007    @p4    MAD.crf3                  void           ,r32            ,r19            ,r31            
                                               +EMITF                     ocp[7].x       ,fwd            
0x03040000802b002a 0x000101f000000000    @p4    FADD                      r31            ,-r43           ,r42            
0x030400000022001e 0x000101e000000000    @p4    FADD                      r30            ,r34            ,r30            
0x01200021001f001a 0x86010ff004100008    @p4    MAD.crf3                  void           ,r33            ,r31            ,r26            
                                               +EMITF                     ocp[8].x       ,fwd            
0x03040000802c002b 0x000101f000000000    @p4    FADD                      r31            ,-r44           ,r43            
0x03040000002d0022 0x0001020000000000    @p4    FADD                      r32            ,r45            ,r34            
0x0120001e001f001b 0x86010ff004100009    @p4    MAD.crf3                  void           ,r30            ,r31            ,r27            
                                               +EMITF                     ocp[9].x       ,fwd            
0x03040000802a002c 0x000101e000000000    @p4    FADD                      r30            ,-r42           ,r44            
0x390000000001001d 0x00010f7000000000    @p4    ICMPI.gt                  p7             ,0x1            ,r29            
0x4b00000000000000 0x00000f5000000000           MOVIMM                    p5             ,0x0            
0x4b00000000000000 0x00000f6000000000           MOVIMM                    p6             ,0x0            
0x01200020001e001c 0x86010ff00410000a    @p4    MAD.crf3                  void           ,r32            ,r30            ,r28            
                                               +EMITF                     ocp[10].x      ,fwd            
0x2f00000000f700f4 0x00000f8000000000           AND                       p8             ,p7             ,p4             
0xcb001000000c00f8 0x0000400000000000    @p1    BA.ikeep.ds2              .LABEL_0       ,p8             
0x2f00000000f480f7 0x00010f6000000000        @p4    AND                   p6             ,p4             ,~p7            
0x2f00000000f400f7 0x00010f5000000000        @p4    AND                   p5             ,p4             ,p7             
0x48000000000000f6 0x00000f4000000000           MOV                       p4             ,p6             
0x4b00000000000000 0x00000f6000000000           MOVIMM                    p6             ,0x0            
0x4b00000000000000 0x00000f7000000000           MOVIMM                    p7             ,0x0            
0x394050000000001d 0x00010f8000000000    @p4    ICMPI.s.ne                p8             ,0              ,r29            
0x2f00000000f480f8 0x00010f7000000000    @p4    AND                       p7             ,p4             ,~p8            
0x2f00000000f400f8 0x00010f6000000000    @p4    AND                       p6             ,p4             ,p8             
0x6000000000001000 0x0001c00004200000    @p7    EMITF                     pc[0].x        ,cb0            
0x6000000000001000 0x0001800005200000    @p6    EMITF                     pc[0].y        ,cb0            
0xcb000000000300f4 0x0000400000000000    @p1    BA.ikeep                  .LABEL_1       ,p4             
__________________    .LABEL_0:
0x48000000000000f5 0x00000f4000000000           MOV                       p4             ,p5             
0x6000000000001000 0x0001000006200000    @p4    EMITF                     pc[0].z        ,cb0            
__________________    .LABEL_1:
0x48000000000000f2 0x00000f4000000000           MOV                       p4             ,p2             
0x6000000000001001 0x0001000004200001    @p4    EMITF                     pc[1].x        ,cb1            
0x2f00000000f480f3 0x00010f2000000000    @p4    AND                       p2             ,p4             ,~p3            
0x60000000000000ff 0x0001000008100000    @p4    EMITF.ve.invld            ocp[0].x       ,void           
0xcb000000004280f2 0x0000400000000000    @p1    BA.ikeep                  .LABEL_2       ,~p2            
0x48000000000000f2 0x00000f3000000000           MOV                       p3             ,p2             
0x0a4000000001001d 0x0000c1e000000000    @p3    IADDI.s                   r30            ,1              ,r29            
0x394040000000001d 0x0000cf4000000000    @p3    ICMPI.s.eq                p4             ,0              ,r29            
0x5a0000000000001e 0x3000c001f4000000    @p3    ILD_IV                    r31.xyzw       ,icp[r30][0]    
0x5a0000000002001e 0x3000c00234000000    @p3    ILD_IV                    r35.xyzw       ,icp[r30][2]    
0x5a0000000001001e 0x3000c00274000000    @p3    ILD_IV                    r39.xyzw       ,icp[r30][1]    
0x204000f400010000 0x0000c1d000000000    @p3    SEL.s                     r29            ,p4             ,r1             ,r0             
0x204000f400040003 0x0000c2b000000000    @p3    SEL.s                     r43            ,p4             ,r4             ,r3             
0x204000f400070006 0x0000c2c000000000    @p3    SEL.s                     r44            ,p4             ,r7             ,r6             
0x204000f4000a0009 0x0000c2d000000000    @p3    SEL.s                     r45            ,p4             ,r10            ,r9             
0x204000f4000d000c 0x0000c2e000000000    @p3    SEL.s                     r46            ,p4             ,r13            ,r12            
0x600000000000001f 0x3000c00004100000    @p3    EMITF                     ocp[0].xyzw    ,r31            
0x0100002b08f5001d 0x0000c1f000000000    @p3    MAD                       r31            ,r43            ,PDC_2F         ,r29            
0x0100001d08f5002b 0x0000c20000000000    @p3    MAD                       r32            ,r29            ,PDC_2F         ,r43            
0x6000000000000023 0x3000c0000410000c    @p3    EMITF                     ocp[12].xyzw   ,r35            
0x0120001f002d8014 0x0000c1f000000000    @p3    MAD.crf3                  r31            ,r31            ,r45            ,-r20           
0x0100002c08f5002b 0x0000c21000000000    @p3    MAD                       r33            ,r44            ,PDC_2F         ,r43            
0x01200020002e8018 0x0000c20000000000    @p3    MAD.crf3                  r32            ,r32            ,r46            ,-r24           
0x6000000000000027 0x3000c0000410000b    @p3    EMITF                     ocp[11].xyzw   ,r39            
0x204000f40010000f 0x0000c22000000000    @p3    SEL.s                     r34            ,p4             ,r16            ,r15            
0x01200021002e8015 0x0000c21000000000    @p3    MAD.crf3                  r33            ,r33            ,r46            ,-r21           
0x0100002b08f5002c 0x0000c23000000000    @p3    MAD                       r35            ,r43            ,PDC_2F         ,r44            
0x030400000020001f 0x0000c24000000000    @p3    FADD                      r36            ,r32            ,r31            
0x020000000012001f 0x8600cff004100001    @p3    FMUL                      void           ,r18            ,r31            
                                               +EMITF                     ocp[1].x       ,fwd            
0x0120002300228016 0x0000c1f000000000    @p3    MAD.crf3                  r31            ,r35            ,r34            ,-r22           
0x0100001d08f5002c 0x0000c23000000000    @p3    MAD                       r35            ,r29            ,PDC_2F         ,r44            
0x0304000000240021 0x0000c24000000000    @p3    FADD                      r36            ,r36            ,r33            
0x0200000000120020 0x8600cff004100002    @p3    FMUL                      void           ,r18            ,r32            
                                               +EMITF                     ocp[2].x       ,fwd            
0x0120002300228017 0x0000c20000000000    @p3    MAD.crf3                  r32            ,r35            ,r34            ,-r23           
0x0100002c08f5001d 0x0000c23000000000    @p3    MAD                       r35            ,r44            ,PDC_2F         ,r29            
0x030400000024001f 0x0000c24000000000    @p3    FADD                      r36            ,r36            ,r31            
0x03040000002b001d 0x0000c25000000000    @p3    FADD                      r37            ,r43            ,r29            
0x0200000000120021 0x8600cff004100003    @p3    FMUL                      void           ,r18            ,r33            
                                               +EMITF                     ocp[3].x       ,fwd            
0x01200023002d8019 0x0000c21000000000    @p3    MAD.crf3                  r33            ,r35            ,r45            ,-r25           
0x0304000000240020 0x0000c23000000000    @p3    FADD                      r35            ,r36            ,r32            
0x03040000002c0025 0x0000c24000000000    @p3    FADD                      r36            ,r44            ,r37            
0x020000000012001f 0x8600cff004100004    @p3    FMUL                      void           ,r18            ,r31            
                                               +EMITF                     ocp[4].x       ,fwd            
0x0304000000230021 0x0000c1f000000000    @p3    FADD                      r31            ,r35            ,r33            
0x0204000000128024 0x0000c23000000000    @p3    FMUL                      r35            ,r18            ,-r36           
0x0200000000120020 0x8600cff004100005    @p3    FMUL                      void           ,r18            ,r32            
                                               +EMITF                     ocp[5].x       ,fwd            
0x012000230013001f 0x0000c20000000000    @p3    MAD.crf3                  r32            ,r35            ,r19            ,r31            
0x0200000000120021 0x8600cff004100006    @p3    FMUL                      void           ,r18            ,r33            
                                               +EMITF                     ocp[6].x       ,fwd            
0x0200000008f30020 0x0000c20000000000    @p3    FMUL                      r32            ,PDC_050F       ,r32            
0x03040000002e002d 0x0000c21000000000    @p3    FADD                      r33            ,r46            ,r45            
0x012000200013001f 0x8600cff004100007    @p3    MAD.crf3                  void           ,r32            ,r19            ,r31            
                                               +EMITF                     ocp[7].x       ,fwd            
0x03040000802b001d 0x0000c1f000000000    @p3    FADD                      r31            ,-r43           ,r29            
0x030400000022002e 0x0000c20000000000    @p3    FADD                      r32            ,r34            ,r46            
0x01200021001f001a 0x8600cff004100008    @p3    MAD.crf3                  void           ,r33            ,r31            ,r26            
                                               +EMITF                     ocp[8].x       ,fwd            
0x03040000802c002b 0x0000c1f000000000    @p3    FADD                      r31            ,-r44           ,r43            
0x03040000002d0022 0x0000c21000000000    @p3    FADD                      r33            ,r45            ,r34            
0x01200020001f001b 0x8600cff004100009    @p3    MAD.crf3                  void           ,r32            ,r31            ,r27            
                                               +EMITF                     ocp[9].x       ,fwd            
0x03040000801d002c 0x0000c1d000000000    @p3    FADD                      r29            ,-r29           ,r44            
0x4b00000000000000 0x00000f4000000000           MOVIMM                    p4             ,0x0            
0x4b00000000000000 0x00000f5000000000           MOVIMM                    p5             ,0x0            
0x390020000002001e 0x0000cf6000000000    @p3    ICMPI.lt                  p6             ,0x2            ,r30            
0x01200021001d001c 0x8600cff00410000a    @p3    MAD.crf3                  void           ,r33            ,r29            ,r28            
                                               +EMITF                     ocp[10].x      ,fwd            
0x2f00000000f380f6 0x0000cf5000000000    @p3    AND                       p5             ,p3             ,~p6            
0x2f00000000f300f6 0x0000cf4000000000    @p3    AND                       p4             ,p3             ,p6             
0x6000000000001000 0x0001400006200000    @p5    EMITF                     pc[0].z        ,cb0            
0x6000000000001000 0x0001000005200000    @p4    EMITF                     pc[0].y        ,cb0            
0x48000000000000f2 0x00000f3000000000           MOV                       p3             ,p2             
0x6000000000001001 0x0000c00004200001    @p3    EMITF                     pc[1].x        ,cb1            
0x60000000000000ff 0x0000c00008100000    @p3    EMITF.ve.invld            ocp[0].x       ,void           
0xcc000801ff7600f2 0x0000c00000000000    @p3    B.ikeep.ds1               .LABEL_3       ,p2             
0x0a4000000001001e 0x0000c1d000000000        @p3    IADDI.s               r29            ,1              ,r30            
__________________    .LABEL_2:
0xc300000000000000 0x0000000000000000           JUMP                      0              

