0x4b00000000000040 0x0000000000000000           MOVIMM                    r0             ,0x40           
0x48000000000008f0 0x0000001000000000           MOV                       r1             ,PDC_0          
0x48000000000000f0 0x00000f2000000000           MOV                       p2             ,p0             
__________________    .LABEL_0:
0x0740000000011000 0x0000802000000000    @p2    IADD.s                    r2             ,r1             ,cb0            
0x0a40000000200001 0x0000801000000000    @p2    IADDI.s                   r1             ,32             ,r1             
0x0a40000000010002 0x0000803000000000    @p2    IADDI.s                   r3             ,1              ,r2             
0x0a40000000020002 0x000080c000000000    @p2    IADDI.s                   r12            ,2              ,r2             
0x0a40000000030002 0x000080d000000000    @p2    IADDI.s                   r13            ,3              ,r2             
0x0a40000000040002 0x000080e000000000    @p2    IADDI.s                   r14            ,4              ,r2             
0x0a40000000050002 0x000080f000000000    @p2    IADDI.s                   r15            ,5              ,r2             
0x0a40000000060002 0x0000810000000000    @p2    IADDI.s                   r16            ,6              ,r2             
0x0a40000000070002 0x0000811000000000    @p2    IADDI.s                   r17            ,7              ,r2             
0x0a40000000080002 0x0000812000000000    @p2    IADDI.s                   r18            ,8              ,r2             
0x0a40000000090002 0x0000813000000000    @p2    IADDI.s                   r19            ,9              ,r2             
0x0a400000000a0002 0x0000814000000000    @p2    IADDI.s                   r20            ,10             ,r2             
0x0a400000000b0002 0x0000815000000000    @p2    IADDI.s                   r21            ,11             ,r2             
0x0a400000000c0002 0x0000816000000000    @p2    IADDI.s                   r22            ,12             ,r2             
0x0a400000000d0002 0x0000817000000000    @p2    IADDI.s                   r23            ,13             ,r2             
0x0a400000000e0002 0x0000818000000000    @p2    IADDI.s                   r24            ,14             ,r2             
0x0a400000000f0002 0x0000819000000000    @p2    IADDI.s                   r25            ,15             ,r2             
0x0a40000000100002 0x000081a000000000    @p2    IADDI.s                   r26            ,16             ,r2             
0x0a40000000110002 0x000081b000000000    @p2    IADDI.s                   r27            ,17             ,r2             
0x0a40000000120002 0x000081c000000000    @p2    IADDI.s                   r28            ,18             ,r2             
0x0a40000000130002 0x000081d000000000    @p2    IADDI.s                   r29            ,19             ,r2             
0x0a40000000140002 0x000081e000000000    @p2    IADDI.s                   r30            ,20             ,r2             
0x0a40000000150002 0x000081f000000000    @p2    IADDI.s                   r31            ,21             ,r2             
0x0a40000000160002 0x0000820000000000    @p2    IADDI.s                   r32            ,22             ,r2             
0x0a40000000170002 0x0000821000000000    @p2    IADDI.s                   r33            ,23             ,r2             
0x0a40000000180002 0x0000822000000000    @p2    IADDI.s                   r34            ,24             ,r2             
0x0a40000000190002 0x0000823000000000    @p2    IADDI.s                   r35            ,25             ,r2             
0x0a400000001a0002 0x0000824000000000    @p2    IADDI.s                   r36            ,26             ,r2             
0x0a400000001b0002 0x0000825000000000    @p2    IADDI.s                   r37            ,27             ,r2             
0x0a400000001c0002 0x0000826000000000    @p2    IADDI.s                   r38            ,28             ,r2             
0x0a400000001d0002 0x0000827000000000    @p2    IADDI.s                   r39            ,29             ,r2             
0x0a400000001e0002 0x0000828000000000    @p2    IADDI.s                   r40            ,30             ,r2             
0x0a400000001f0002 0x0000829000000000    @p2    IADDI.s                   r41            ,31             ,r2             
0x1740002000000002 0x1000802000000000    @p2    FX2FP.s.rne.rp1           r2             ,r2.32.0        
0x0a400000ffc00000 0x000082a000000000    @p2    IADDI.s                   r42            ,-64            ,r0             
0x0a400000ffc40000 0x000082b000000000    @p2    IADDI.s                   r43            ,-60            ,r0             
0x174000200000000c 0x300080c000000000    @p2    FX2FP.s.rne.rp3           r12            ,r12.32.0       
0x0a400000ffc80000 0x000082c000000000    @p2    IADDI.s                   r44            ,-56            ,r0             
0x0a400000ffcc0000 0x000082d000000000    @p2    IADDI.s                   r45            ,-52            ,r0             
0x0a400000ffd00000 0x000082e000000000    @p2    IADDI.s                   r46            ,-48            ,r0             
0x0a400000ffd40000 0x000082f000000000    @p2    IADDI.s                   r47            ,-44            ,r0             
0x1740002000000010 0x3000810000000000    @p2    FX2FP.s.rne.rp3           r16            ,r16.32.0       
0x0a400000ffd80000 0x0000830000000000    @p2    IADDI.s                   r48            ,-40            ,r0             
0x0a400000ffdc0000 0x0000831000000000    @p2    IADDI.s                   r49            ,-36            ,r0             
0x0a400000ffe00000 0x0000832000000000    @p2    IADDI.s                   r50            ,-32            ,r0             
0x0a400000ffe40000 0x0000833000000000    @p2    IADDI.s                   r51            ,-28            ,r0             
0x84000000002a0002 0x0000800000000000    @p2    STP                       void           ,[r42]          ,r2.x           
0x1740002000000014 0x0000802000000000    @p2    FX2FP.s.rne               r2             ,r20.32.0       
0x0a400000ffe80000 0x0000814000000000    @p2    IADDI.s                   r20            ,-24            ,r0             
0x1740002000000015 0x0000815000000000    @p2    FX2FP.s.rne               r21            ,r21.32.0       
0x0a400000ffec0000 0x000082a000000000    @p2    IADDI.s                   r42            ,-20            ,r0             
0x84000000002b0003 0x0000800000000000    @p2    STP                       void           ,[r43]          ,r3.x           
0x1740002000000016 0x0000803000000000    @p2    FX2FP.s.rne               r3             ,r22.32.0       
0x0a400000fff00000 0x0000816000000000    @p2    IADDI.s                   r22            ,-16            ,r0             
0x1740002000000017 0x0000817000000000    @p2    FX2FP.s.rne               r23            ,r23.32.0       
0x0a400000fff40000 0x000082b000000000    @p2    IADDI.s                   r43            ,-12            ,r0             
0x84000000002c000c 0x0000800000000000    @p2    STP                       void           ,[r44]          ,r12.x          
0x1740002000000018 0x000080c000000000    @p2    FX2FP.s.rne               r12            ,r24.32.0       
0x0a400000fff80000 0x0000818000000000    @p2    IADDI.s                   r24            ,-8             ,r0             
0x1740002000000019 0x0000819000000000    @p2    FX2FP.s.rne               r25            ,r25.32.0       
0x0a400000fffc0000 0x000082c000000000    @p2    IADDI.s                   r44            ,-4             ,r0             
0x84000000002d000d 0x0000800000000000    @p2    STP                       void           ,[r45]          ,r13.x          
0x174000200000001a 0x000080d000000000    @p2    FX2FP.s.rne               r13            ,r26.32.0       
0x84000000002e000e 0x0000800000000000    @p2    STP                       void           ,[r46]          ,r14.x          
0x3940500000800001 0x00008f3000000000    @p2    ICMPI.s.ne                p3             ,128            ,r1             
0x84000000002f000f 0x0000800000000000    @p2    STP                       void           ,[r47]          ,r15.x          
0x8400000000300010 0x0000800000000000    @p2    STP                       void           ,[r48]          ,r16.x          
0x8400000000310011 0x0000800000000000    @p2    STP                       void           ,[r49]          ,r17.x          
0x8400000000320012 0x0000800000000000    @p2    STP                       void           ,[r50]          ,r18.x          
0x8400000000330013 0x0000800000000000    @p2    STP                       void           ,[r51]          ,r19.x          
0x8400000000140002 0x0000800000000000    @p2    STP                       void           ,[r20]          ,r2.x           
0x84000000002a0015 0x0000800000000000    @p2    STP                       void           ,[r42]          ,r21.x          
0x8400000000160003 0x0000800000000000    @p2    STP                       void           ,[r22]          ,r3.x           
0x84000000002b0017 0x0000800000000000    @p2    STP                       void           ,[r43]          ,r23.x          
0x840000000018000c 0x0000800000000000    @p2    STP                       void           ,[r24]          ,r12.x          
0x84000000002c0019 0x0000800000000000    @p2    STP                       void           ,[r44]          ,r25.x          
0x840000000000000d 0x0000800000000000    @p2    STP                       void           ,[r0]           ,r13.x          
0x174000200000001b 0x0000802000000000    @p2    FX2FP.s.rne               r2             ,r27.32.0       
0x0a40000000040000 0x0000803000000000    @p2    IADDI.s                   r3             ,4              ,r0             
0x174000200000001c 0x000080c000000000    @p2    FX2FP.s.rne               r12            ,r28.32.0       
0x0a40000000080000 0x000080d000000000    @p2    IADDI.s                   r13            ,8              ,r0             
0x174000200000001d 0x000080e000000000    @p2    FX2FP.s.rne               r14            ,r29.32.0       
0x0a400000000c0000 0x000080f000000000    @p2    IADDI.s                   r15            ,12             ,r0             
0x174000200000001e 0x0000810000000000    @p2    FX2FP.s.rne               r16            ,r30.32.0       
0x0a40000000100000 0x0000811000000000    @p2    IADDI.s                   r17            ,16             ,r0             
0x174000200000001f 0x0000812000000000    @p2    FX2FP.s.rne               r18            ,r31.32.0       
0x0a40000000140000 0x0000813000000000    @p2    IADDI.s                   r19            ,20             ,r0             
0x1740002000000020 0x0000814000000000    @p2    FX2FP.s.rne               r20            ,r32.32.0       
0x0a40000000180000 0x0000815000000000    @p2    IADDI.s                   r21            ,24             ,r0             
0x1740002000000021 0x0000816000000000    @p2    FX2FP.s.rne               r22            ,r33.32.0       
0x0a400000001c0000 0x0000817000000000    @p2    IADDI.s                   r23            ,28             ,r0             
0x1740002000000022 0x0000818000000000    @p2    FX2FP.s.rne               r24            ,r34.32.0       
0x0a40000000200000 0x0000819000000000    @p2    IADDI.s                   r25            ,32             ,r0             
0x1740002000000023 0x000081a000000000    @p2    FX2FP.s.rne               r26            ,r35.32.0       
0x0a40000000240000 0x000081b000000000    @p2    IADDI.s                   r27            ,36             ,r0             
0x1740002000000024 0x000081c000000000    @p2    FX2FP.s.rne               r28            ,r36.32.0       
0x0a40000000280000 0x000081d000000000    @p2    IADDI.s                   r29            ,40             ,r0             
0x1740002000000025 0x000081e000000000    @p2    FX2FP.s.rne               r30            ,r37.32.0       
0x0a400000002c0000 0x000081f000000000    @p2    IADDI.s                   r31            ,44             ,r0             
0x1740002000000026 0x0000820000000000    @p2    FX2FP.s.rne               r32            ,r38.32.0       
0x0a40000000300000 0x0000821000000000    @p2    IADDI.s                   r33            ,48             ,r0             
0x1740002000000027 0x0000822000000000    @p2    FX2FP.s.rne               r34            ,r39.32.0       
0x0a40000000340000 0x0000823000000000    @p2    IADDI.s                   r35            ,52             ,r0             
0x1740002000000028 0x0000824000000000    @p2    FX2FP.s.rne               r36            ,r40.32.0       
0x0a40000000380000 0x0000825000000000    @p2    IADDI.s                   r37            ,56             ,r0             
0x1740002000000029 0x0000826000000000    @p2    FX2FP.s.rne               r38            ,r41.32.0       
0x0a400000003c0000 0x0000827000000000    @p2    IADDI.s                   r39            ,60             ,r0             
0x2f00000000f200f3 0x00000f3000000000           AND                       p3             ,p2             ,p3             
0x8400000000030002 0x0000800000000000    @p2    STP                       void           ,[r3]           ,r2.x           
0x84000000000d000c 0x0000800000000000    @p2    STP                       void           ,[r13]          ,r12.x          
0x84000000000f000e 0x0000800000000000    @p2    STP                       void           ,[r15]          ,r14.x          
0x8400000000110010 0x0000800000000000    @p2    STP                       void           ,[r17]          ,r16.x          
0x8400000000130012 0x0000800000000000    @p2    STP                       void           ,[r19]          ,r18.x          
0x8400000000150014 0x0000800000000000    @p2    STP                       void           ,[r21]          ,r20.x          
0x8400000000170016 0x0000800000000000    @p2    STP                       void           ,[r23]          ,r22.x          
0x8400000000190018 0x0000800000000000    @p2    STP                       void           ,[r25]          ,r24.x          
0x84000000001b001a 0x0000800000000000    @p2    STP                       void           ,[r27]          ,r26.x          
0x84000000001d001c 0x0000800000000000    @p2    STP                       void           ,[r29]          ,r28.x          
0x84000000001f001e 0x0000800000000000    @p2    STP                       void           ,[r31]          ,r30.x          
0x8400000000210020 0x0000800000000000    @p2    STP                       void           ,[r33]          ,r32.x          
0x8400000000230022 0x0000800000000000    @p2    STP                       void           ,[r35]          ,r34.x          
0x8400000000250024 0x0000800000000000    @p2    STP                       void           ,[r37]          ,r36.x          
0x8400000000270026 0x0000800000000000    @p2    STP                       void           ,[r39]          ,r38.x          
0xcc001001ff8500f3 0x0000c00000000000    @p3    B.ikeep.ds2               .LABEL_0       ,p3             
0x0a40000000800000 0x0000800000000000        @p2    IADDI.s               r0             ,128            ,r0             
0x48000000000000f3 0x00000f2000000000               MOV                   p2             ,p3             
0x4b0000000000007c 0x0000000000000000           MOVIMM                    r0             ,0x7c           
0x48000000000028f0 0x1000001000000000           MOV.rp1                   r1             ,PDC_0          
0x48000000000000f0 0x00000f2000000000           MOV                       p2             ,p0             
__________________    .LABEL_1:
0x0744000000010000 0x0000803000000000    @p2    IADD.s                    r3             ,r1             ,r0             
0x8800000000010000 0x00008000c0000000    @p2    LDP                       r12.x          ,[r1]           ,void           
0x0a400000ff880003 0x000080d000000000    @p2    IADDI.s                   r13            ,-120           ,r3             
0x88000000000d0000 0x00008000d0000000    @p2    LDP                       r13.x          ,[r13]          ,void           
0x0a400000ff8c0003 0x000080e000000000    @p2    IADDI.s                   r14            ,-116           ,r3             
0x88000000000e0000 0x00008000e0000000    @p2    LDP                       r14.x          ,[r14]          ,void           
0x0a400000ff900003 0x000080f000000000    @p2    IADDI.s                   r15            ,-112           ,r3             
0x88000000000f0000 0x00008000f0000000    @p2    LDP                       r15.x          ,[r15]          ,void           
0x0a400000ff940003 0x0000810000000000    @p2    IADDI.s                   r16            ,-108           ,r3             
0x8800000000100000 0x0000800100000000    @p2    LDP                       r16.x          ,[r16]          ,void           
0x0a400000ff980003 0x0000811000000000    @p2    IADDI.s                   r17            ,-104           ,r3             
0x8800000000110000 0x0000800110000000    @p2    LDP                       r17.x          ,[r17]          ,void           
0x0a400000ff9c0003 0x0000812000000000    @p2    IADDI.s                   r18            ,-100           ,r3             
0x8800000000120000 0x0000800120000000    @p2    LDP                       r18.x          ,[r18]          ,void           
0x0a400000ffa00003 0x0000813000000000    @p2    IADDI.s                   r19            ,-96            ,r3             
0x8800000000130000 0x0000800130000000    @p2    LDP                       r19.x          ,[r19]          ,void           
0x0a400000ffa40003 0x0000814000000000    @p2    IADDI.s                   r20            ,-92            ,r3             
0x8800000000140000 0x0000800140000000    @p2    LDP                       r20.x          ,[r20]          ,void           
0x0a400000ffa80003 0x0000815000000000    @p2    IADDI.s                   r21            ,-88            ,r3             
0x8800000000150000 0x0000800150000000    @p2    LDP                       r21.x          ,[r21]          ,void           
0x0a400000ffac0003 0x0000816000000000    @p2    IADDI.s                   r22            ,-84            ,r3             
0x8800000000160000 0x0000800160000000    @p2    LDP                       r22.x          ,[r22]          ,void           
0x0a400000ffb00003 0x0000817000000000    @p2    IADDI.s                   r23            ,-80            ,r3             
0x8800000000170000 0x0000800170000000    @p2    LDP                       r23.x          ,[r23]          ,void           
0x0a400000ffb40003 0x0000818000000000    @p2    IADDI.s                   r24            ,-76            ,r3             
0x8800000000180000 0x0000800180000000    @p2    LDP                       r24.x          ,[r24]          ,void           
0x0a400000ffb80003 0x0000819000000000    @p2    IADDI.s                   r25            ,-72            ,r3             
0x8800000000190000 0x0000800190000000    @p2    LDP                       r25.x          ,[r25]          ,void           
0x0a400000ffbc0003 0x000081a000000000    @p2    IADDI.s                   r26            ,-68            ,r3             
0x88000000001a0000 0x00008001a0000000    @p2    LDP                       r26.x          ,[r26]          ,void           
0x0a400000ffc00003 0x000081b000000000    @p2    IADDI.s                   r27            ,-64            ,r3             
0x88000000001b0000 0x00008001b0000000    @p2    LDP                       r27.x          ,[r27]          ,void           
0x0a400000ffc40003 0x000081c000000000    @p2    IADDI.s                   r28            ,-60            ,r3             
0x88000000001c0000 0x00008001c0000000    @p2    LDP                       r28.x          ,[r28]          ,void           
0x0a400000ffc80003 0x000081d000000000    @p2    IADDI.s                   r29            ,-56            ,r3             
0x88000000001d0000 0x00008001d0000000    @p2    LDP                       r29.x          ,[r29]          ,void           
0x0a400000ffcc0003 0x000081e000000000    @p2    IADDI.s                   r30            ,-52            ,r3             
0x88000000001e0000 0x00008001e0000000    @p2    LDP                       r30.x          ,[r30]          ,void           
0x0a400000ffd00003 0x000081f000000000    @p2    IADDI.s                   r31            ,-48            ,r3             
0x88000000001f0000 0x00008001f0000000    @p2    LDP                       r31.x          ,[r31]          ,void           
0x0a400000ffd40003 0x0000820000000000    @p2    IADDI.s                   r32            ,-44            ,r3             
0x8800000000200000 0x0000800200000000    @p2    LDP                       r32.x          ,[r32]          ,void           
0x0a400000ffd80003 0x0000821000000000    @p2    IADDI.s                   r33            ,-40            ,r3             
0x8800000000210000 0x0000800210000000    @p2    LDP                       r33.x          ,[r33]          ,void           
0x0a400000ffdc0003 0x0000822000000000    @p2    IADDI.s                   r34            ,-36            ,r3             
0x8800000000220000 0x0000800220000000    @p2    LDP                       r34.x          ,[r34]          ,void           
0x0a400000ffe00003 0x0000823000000000    @p2    IADDI.s                   r35            ,-32            ,r3             
0x8800000000230000 0x0000800230000000    @p2    LDP                       r35.x          ,[r35]          ,void           
0x0a400000ffe40003 0x0000824000000000    @p2    IADDI.s                   r36            ,-28            ,r3             
0x8800000000240000 0x0000800240000000    @p2    LDP                       r36.x          ,[r36]          ,void           
0x0a400000ffe80003 0x0000825000000000    @p2    IADDI.s                   r37            ,-24            ,r3             
0x8800000000250000 0x0000800250000000    @p2    LDP                       r37.x          ,[r37]          ,void           
0x0a400000ffec0003 0x0000826000000000    @p2    IADDI.s                   r38            ,-20            ,r3             
0x8800000000260000 0x0000800260000000    @p2    LDP                       r38.x          ,[r38]          ,void           
0x0a400000fff00003 0x0000827000000000    @p2    IADDI.s                   r39            ,-16            ,r3             
0x8800000000270000 0x0000800270000000    @p2    LDP                       r39.x          ,[r39]          ,void           
0x0a400000fff40003 0x0000828000000000    @p2    IADDI.s                   r40            ,-12            ,r3             
0x8800000000280000 0x0000800280000000    @p2    LDP                       r40.x          ,[r40]          ,void           
0x0a400000fff80003 0x0000829000000000    @p2    IADDI.s                   r41            ,-8             ,r3             
0x8800000000290000 0x0000800290000000    @p2    LDP                       r41.x          ,[r41]          ,void           
0x0a400000fffc0003 0x000082a000000000    @p2    IADDI.s                   r42            ,-4             ,r3             
0x03040000000c0002 0x0000802000000000    @p2    FADD                      r2             ,r12            ,r2             
0x88000000002a0000 0x00008000c0000000    @p2    LDP                       r12.x          ,[r42]          ,void           
0x03040000000d0002 0x0000802000000000    @p2    FADD                      r2             ,r13            ,r2             
0x8800000000030000 0x0000800030000000    @p2    LDP                       r3.x           ,[r3]           ,void           
0x03040000000e0002 0x0000802000000000    @p2    FADD                      r2             ,r14            ,r2             
0x0a40000000800001 0x0000801000000000    @p2    IADDI.s                   r1             ,128            ,r1             
0x03040000000f0002 0x0000802000000000    @p2    FADD                      r2             ,r15            ,r2             
0x3940500002000001 0x00008f3000000000    @p2    ICMPI.s.ne                p3             ,512            ,r1             
0x0304000000100002 0x0000802000000000    @p2    FADD                      r2             ,r16            ,r2             
0x2f00000000f200f3 0x00000f3000000000           AND                       p3             ,p2             ,p3             
0x0304000000110002 0x0000802000000000    @p2    FADD                      r2             ,r17            ,r2             
0x0304000000120002 0x0004802000000000    @p2    FADD.dly1                 r2             ,r18            ,r2             
0x0304000000130002 0x0004802000000000    @p2    FADD.dly1                 r2             ,r19            ,r2             
0x0304000000140002 0x0004802000000000    @p2    FADD.dly1                 r2             ,r20            ,r2             
0x0304000000150002 0x0004802000000000    @p2    FADD.dly1                 r2             ,r21            ,r2             
0x0304000000160002 0x0004802000000000    @p2    FADD.dly1                 r2             ,r22            ,r2             
0x0304000000170002 0x0004802000000000    @p2    FADD.dly1                 r2             ,r23            ,r2             
0x0304000000180002 0x0004802000000000    @p2    FADD.dly1                 r2             ,r24            ,r2             
0x0304000000190002 0x0004802000000000    @p2    FADD.dly1                 r2             ,r25            ,r2             
0x03040000001a0002 0x0004802000000000    @p2    FADD.dly1                 r2             ,r26            ,r2             
0x03040000001b0002 0x0004802000000000    @p2    FADD.dly1                 r2             ,r27            ,r2             
0x03040000001c0002 0x0004802000000000    @p2    FADD.dly1                 r2             ,r28            ,r2             
0x03040000001d0002 0x0004802000000000    @p2    FADD.dly1                 r2             ,r29            ,r2             
0x03040000001e0002 0x0004802000000000    @p2    FADD.dly1                 r2             ,r30            ,r2             
0x03040000001f0002 0x0004802000000000    @p2    FADD.dly1                 r2             ,r31            ,r2             
0x0304000000200002 0x0004802000000000    @p2    FADD.dly1                 r2             ,r32            ,r2             
0x0304000000210002 0x0004802000000000    @p2    FADD.dly1                 r2             ,r33            ,r2             
0x0304000000220002 0x0004802000000000    @p2    FADD.dly1                 r2             ,r34            ,r2             
0x0304000000230002 0x0004802000000000    @p2    FADD.dly1                 r2             ,r35            ,r2             
0x0304000000240002 0x0004802000000000    @p2    FADD.dly1                 r2             ,r36            ,r2             
0x0304000000250002 0x0004802000000000    @p2    FADD.dly1                 r2             ,r37            ,r2             
0x0304000000260002 0x0004802000000000    @p2    FADD.dly1                 r2             ,r38            ,r2             
0x0304000000270002 0x0004802000000000    @p2    FADD.dly1                 r2             ,r39            ,r2             
0xcc002801ffa200f3 0x0000c00000000000    @p3    B.ikeep.ds5               .LABEL_1       ,p3             
0x0304000000280002 0x0000802000000000        @p2    FADD                  r2             ,r40            ,r2             
0x0304000000290002 0x0004802000000000        @p2    FADD.dly1             r2             ,r41            ,r2             
0x03040000000c0002 0x0004802000000000        @p2    FADD.dly1             r2             ,r12            ,r2             
0x0304000000030002 0x0004802000000000        @p2    FADD.dly1             r2             ,r3             ,r2             
0x48000000000000f3 0x00000f2000000000               MOV                   p2             ,p3             
0x60000000000008f4 0x1000000004000003           EMITF                     vso[3].xy      ,PDC_1F         
0x1740002000001000 0x86000ff007000003           FX2FP.s.rne               void           ,cb0.32.0       
                                               +EMITF                     vso[3].w       ,fwd            
0x6000000000000004 0x3000000004000000           EMITF                     vso[0].xyzw    ,r4             
0x6000000000000008 0x3000000004000001           EMITF                     vso[1].xyzw    ,r8             
0x60000000000008f0 0x3000000004000002           EMITF                     vso[2].xyzw    ,PDC_0          
0x6000000000000002 0x000000000e000003           EMITF.ve                  vso[3].z       ,r2             
0xc300000000000000 0x0000000000000000           JUMP                      0              

