0x4800000000000004 0x0000002000000000           MOV                       r2             ,r4             
0x4800000000000005 0x0000001000000000           MOV                       r1             ,r5             
0x4b00000000000000 0x0000000000000000           MOVIMM                    r0             ,0x0            
0x4b000000ffffffff 0x0000003000000000           MOVIMM                    r3             ,0xffffffff     
0x4b00000000000002 0x0000004000000000           MOVIMM                    r4             ,0x2            
0x3940200000011000 0x00000f3000000000           ICMPI.s.lt                p3             ,1              ,cb0            
0x85000000000c0002 0x0000000000000000           STPI                      void           ,[0xc]          ,r2.x           
0x8500000000100000 0x0000000000000000           STPI                      void           ,[0x10]         ,r0.x           
0x8500000000140001 0x0000000000000000           STPI                      void           ,[0x14]         ,r1.x           
0x8500000000180003 0x0000000000000000           STPI                      void           ,[0x18]         ,r3.x           
0x85000000001c0006 0x0000000000000000           STPI                      void           ,[0x1c]         ,r6.x           
0x8500000000200004 0x0000000000000000           STPI                      void           ,[0x20]         ,r4.x           
0xcb001000001000f3 0x0000400000000000    @p1    BA.ikeep.ds2              .LABEL_0       ,p3             
0x4800000000000008 0x3000007000000000               MOV.rp3               r7             ,r8             
0x48000000000080f3 0x00000f2000000000               MOV                   p2             ,~p3            
0x4b0000000000001c 0x0000800000000000    @p2    MOVIMM                    r0             ,0x1c           
0x4b000000fffffffc 0x0000803000000000    @p2    MOVIMM                    r3             ,0xfffffffc     
0x48000000000008f0 0x0000804000000000    @p2    MOV                       r4             ,PDC_0          
__________________    .LABEL_1:
0x2f04000000030000 0x0000805000000000    @p2    AND                       r5             ,r3             ,r0             
0x8800000000050000 0x0000800050000000    @p2    LDP                       r5.x           ,[r5]           ,void           
0x0a40000200000004 0x0000806000000000    @p2    IADDI.s                   r6             ,0              ,r4 << 2        
0x0a40000000010004 0x0000804000000000    @p2    IADDI.s                   r4             ,1              ,r4             
0x2c40200010000004 0x00048f3000000000    @p2    ICMP.s.lt.dly1            p3             ,cb0            ,r4             
0x2f00000000f200f3 0x00000f3000000000           AND                       p3             ,p2             ,p3             
0x8400000000060005 0x0000800000000000    @p2    STP                       void           ,[r6]           ,r5.x           
0xcc001001fff900f3 0x0000c00000000000    @p3    B.ikeep.ds2               .LABEL_1       ,p3             
0x0a400000fff80000 0x0000800000000000        @p2    IADDI.s               r0             ,-8             ,r0             
0x48000000000000f3 0x00000f2000000000               MOV                   p2             ,p3             
__________________    .LABEL_0:
0x8900000000000000 0x0000000000000000           LDPI                      r0.x           ,[0x0]          ,void           
0x6000000000000007 0x3000000004000000           EMITF                     vso[0].xyzw    ,r7             
0x6000000000000000 0x2000000004000001           EMITF                     vso[1].xyz     ,r0             
0x60000000000008f4 0x000000000f000001           EMITF.ve                  vso[1].w       ,PDC_1F         
0xc300000000000000 0x0000000000000000           JUMP                      0              

