0x4b00000000000040 0x0000000000000000           MOVIMM                    r0             ,0x40           
0x48000000000008f0 0x0000001000000000           MOV                       r1             ,PDC_0          
0x48000000000000f0 0x00000f2000000000           MOV                       p2             ,p0             
__________________    .LABEL_0:
0x0740000000011000 0x0000802000000000    @p2    IADD.s                    r2             ,r1             ,cb0            
0x0a40000000200001 0x0000801000000000    @p2    IADDI.s                   r1             ,32             ,r1             
0x0a40000000010002 0x0000803000000000    @p2    IADDI.s                   r3             ,1              ,r2             
0x0a40000000020002 0x0000807000000000    @p2    IADDI.s                   r7             ,2              ,r2             
0x0a40000000030002 0x000080b000000000    @p2    IADDI.s                   r11            ,3              ,r2             
0x0a40000000040002 0x000080f000000000    @p2    IADDI.s                   r15            ,4              ,r2             
0x0a40000000050002 0x0000828000000000    @p2    IADDI.s                   r40            ,5              ,r2             
0x0a40000000060002 0x0000829000000000    @p2    IADDI.s                   r41            ,6              ,r2             
0x0a40000000070002 0x000082a000000000    @p2    IADDI.s                   r42            ,7              ,r2             
0x0a40000000080002 0x000082b000000000    @p2    IADDI.s                   r43            ,8              ,r2             
0x0a40000000090002 0x000082c000000000    @p2    IADDI.s                   r44            ,9              ,r2             
0x0a400000000a0002 0x000082d000000000    @p2    IADDI.s                   r45            ,10             ,r2             
0x0a400000000b0002 0x000082e000000000    @p2    IADDI.s                   r46            ,11             ,r2             
0x0a400000000c0002 0x000082f000000000    @p2    IADDI.s                   r47            ,12             ,r2             
0x0a400000000d0002 0x0000830000000000    @p2    IADDI.s                   r48            ,13             ,r2             
0x0a400000000e0002 0x0000831000000000    @p2    IADDI.s                   r49            ,14             ,r2             
0x0a400000000f0002 0x0000832000000000    @p2    IADDI.s                   r50            ,15             ,r2             
0x0a40000000100002 0x0000833000000000    @p2    IADDI.s                   r51            ,16             ,r2             
0x0a40000000110002 0x0000834000000000    @p2    IADDI.s                   r52            ,17             ,r2             
0x0a40000000120002 0x0000835000000000    @p2    IADDI.s                   r53            ,18             ,r2             
0x0a40000000130002 0x0000836000000000    @p2    IADDI.s                   r54            ,19             ,r2             
0x0a40000000140002 0x0000837000000000    @p2    IADDI.s                   r55            ,20             ,r2             
0x0a40000000150002 0x0000838000000000    @p2    IADDI.s                   r56            ,21             ,r2             
0x0a40000000160002 0x0000839000000000    @p2    IADDI.s                   r57            ,22             ,r2             
0x0a40000000170002 0x000083a000000000    @p2    IADDI.s                   r58            ,23             ,r2             
0x0a40000000180002 0x000083b000000000    @p2    IADDI.s                   r59            ,24             ,r2             
0x0a40000000190002 0x000083c000000000    @p2    IADDI.s                   r60            ,25             ,r2             
0x0a400000001a0002 0x000083d000000000    @p2    IADDI.s                   r61            ,26             ,r2             
0x0a400000001b0002 0x000083e000000000    @p2    IADDI.s                   r62            ,27             ,r2             
0x0a400000001c0002 0x000083f000000000    @p2    IADDI.s                   r63            ,28             ,r2             
0x0a400000001d0002 0x0000840000000000    @p2    IADDI.s                   r64            ,29             ,r2             
0x0a400000001e0002 0x0000841000000000    @p2    IADDI.s                   r65            ,30             ,r2             
0x0a400000001f0002 0x0000842000000000    @p2    IADDI.s                   r66            ,31             ,r2             
0x1740002000000002 0x1000802000000000    @p2    FX2FP.s.rne.rp1           r2             ,r2.32.0        
0x0a400000ffc00000 0x0000843000000000    @p2    IADDI.s                   r67            ,-64            ,r0             
0x0a400000ffc40000 0x0000844000000000    @p2    IADDI.s                   r68            ,-60            ,r0             
0x1740002000000007 0x0000807000000000    @p2    FX2FP.s.rne               r7             ,r7.32.0        
0x0a400000ffc80000 0x0000845000000000    @p2    IADDI.s                   r69            ,-56            ,r0             
0x174000200000000b 0x000080b000000000    @p2    FX2FP.s.rne               r11            ,r11.32.0       
0x0a400000ffcc0000 0x0000846000000000    @p2    IADDI.s                   r70            ,-52            ,r0             
0x174000200000000f 0x000080f000000000    @p2    FX2FP.s.rne               r15            ,r15.32.0       
0x0a400000ffd00000 0x0000847000000000    @p2    IADDI.s                   r71            ,-48            ,r0             
0x1740002000000028 0x3000828000000000    @p2    FX2FP.s.rne.rp3           r40            ,r40.32.0       
0x0a400000ffd40000 0x0000848000000000    @p2    IADDI.s                   r72            ,-44            ,r0             
0x0a400000ffd80000 0x0000849000000000    @p2    IADDI.s                   r73            ,-40            ,r0             
0x0a400000ffdc0000 0x000084a000000000    @p2    IADDI.s                   r74            ,-36            ,r0             
0x0a400000ffe00000 0x000084b000000000    @p2    IADDI.s                   r75            ,-32            ,r0             
0x174000200000002c 0x000082c000000000    @p2    FX2FP.s.rne               r44            ,r44.32.0       
0x0a400000ffe40000 0x000084c000000000    @p2    IADDI.s                   r76            ,-28            ,r0             
0x8400000000430002 0x0000800000000000    @p2    STP                       void           ,[r67]          ,r2.x           
0x174000200000002d 0x0000802000000000    @p2    FX2FP.s.rne               r2             ,r45.32.0       
0x0a400000ffe80000 0x000082d000000000    @p2    IADDI.s                   r45            ,-24            ,r0             
0x174000200000002e 0x000082e000000000    @p2    FX2FP.s.rne               r46            ,r46.32.0       
0x0a400000ffec0000 0x0000843000000000    @p2    IADDI.s                   r67            ,-20            ,r0             
0x8400000000440003 0x0000800000000000    @p2    STP                       void           ,[r68]          ,r3.x           
0x174000200000002f 0x0000803000000000    @p2    FX2FP.s.rne               r3             ,r47.32.0       
0x0a400000fff00000 0x000082f000000000    @p2    IADDI.s                   r47            ,-16            ,r0             
0x1740002000000030 0x0000830000000000    @p2    FX2FP.s.rne               r48            ,r48.32.0       
0x0a400000fff40000 0x0000844000000000    @p2    IADDI.s                   r68            ,-12            ,r0             
0x8400000000450007 0x0000800000000000    @p2    STP                       void           ,[r69]          ,r7.x           
0x1740002000000031 0x0000807000000000    @p2    FX2FP.s.rne               r7             ,r49.32.0       
0x0a400000fff80000 0x0000831000000000    @p2    IADDI.s                   r49            ,-8             ,r0             
0x1740002000000032 0x0000832000000000    @p2    FX2FP.s.rne               r50            ,r50.32.0       
0x0a400000fffc0000 0x0000845000000000    @p2    IADDI.s                   r69            ,-4             ,r0             
0x840000000046000b 0x0000800000000000    @p2    STP                       void           ,[r70]          ,r11.x          
0x1740002000000033 0x000080b000000000    @p2    FX2FP.s.rne               r11            ,r51.32.0       
0x840000000047000f 0x0000800000000000    @p2    STP                       void           ,[r71]          ,r15.x          
0x3940500000800001 0x00008f3000000000    @p2    ICMPI.s.ne                p3             ,128            ,r1             
0x8400000000480028 0x0000800000000000    @p2    STP                       void           ,[r72]          ,r40.x          
0x8400000000490029 0x0000800000000000    @p2    STP                       void           ,[r73]          ,r41.x          
0x84000000004a002a 0x0000800000000000    @p2    STP                       void           ,[r74]          ,r42.x          
0x84000000004b002b 0x0000800000000000    @p2    STP                       void           ,[r75]          ,r43.x          
0x84000000004c002c 0x0000800000000000    @p2    STP                       void           ,[r76]          ,r44.x          
0x84000000002d0002 0x0000800000000000    @p2    STP                       void           ,[r45]          ,r2.x           
0x840000000043002e 0x0000800000000000    @p2    STP                       void           ,[r67]          ,r46.x          
0x84000000002f0003 0x0000800000000000    @p2    STP                       void           ,[r47]          ,r3.x           
0x8400000000440030 0x0000800000000000    @p2    STP                       void           ,[r68]          ,r48.x          
0x8400000000310007 0x0000800000000000    @p2    STP                       void           ,[r49]          ,r7.x           
0x8400000000450032 0x0000800000000000    @p2    STP                       void           ,[r69]          ,r50.x          
0x840000000000000b 0x0000800000000000    @p2    STP                       void           ,[r0]           ,r11.x          
0x1740002000000034 0x0000802000000000    @p2    FX2FP.s.rne               r2             ,r52.32.0       
0x0a40000000040000 0x0000803000000000    @p2    IADDI.s                   r3             ,4              ,r0             
0x1740002000000035 0x0000807000000000    @p2    FX2FP.s.rne               r7             ,r53.32.0       
0x0a40000000080000 0x000080b000000000    @p2    IADDI.s                   r11            ,8              ,r0             
0x1740002000000036 0x000080f000000000    @p2    FX2FP.s.rne               r15            ,r54.32.0       
0x0a400000000c0000 0x0000828000000000    @p2    IADDI.s                   r40            ,12             ,r0             
0x1740002000000037 0x0000829000000000    @p2    FX2FP.s.rne               r41            ,r55.32.0       
0x0a40000000100000 0x000082a000000000    @p2    IADDI.s                   r42            ,16             ,r0             
0x1740002000000038 0x000082b000000000    @p2    FX2FP.s.rne               r43            ,r56.32.0       
0x0a40000000140000 0x000082c000000000    @p2    IADDI.s                   r44            ,20             ,r0             
0x1740002000000039 0x000082d000000000    @p2    FX2FP.s.rne               r45            ,r57.32.0       
0x0a40000000180000 0x000082e000000000    @p2    IADDI.s                   r46            ,24             ,r0             
0x174000200000003a 0x000082f000000000    @p2    FX2FP.s.rne               r47            ,r58.32.0       
0x0a400000001c0000 0x0000830000000000    @p2    IADDI.s                   r48            ,28             ,r0             
0x174000200000003b 0x0000831000000000    @p2    FX2FP.s.rne               r49            ,r59.32.0       
0x0a40000000200000 0x0000832000000000    @p2    IADDI.s                   r50            ,32             ,r0             
0x174000200000003c 0x0000833000000000    @p2    FX2FP.s.rne               r51            ,r60.32.0       
0x0a40000000240000 0x0000834000000000    @p2    IADDI.s                   r52            ,36             ,r0             
0x174000200000003d 0x0000835000000000    @p2    FX2FP.s.rne               r53            ,r61.32.0       
0x0a40000000280000 0x0000836000000000    @p2    IADDI.s                   r54            ,40             ,r0             
0x174000200000003e 0x0000837000000000    @p2    FX2FP.s.rne               r55            ,r62.32.0       
0x0a400000002c0000 0x0000838000000000    @p2    IADDI.s                   r56            ,44             ,r0             
0x174000200000003f 0x0000839000000000    @p2    FX2FP.s.rne               r57            ,r63.32.0       
0x0a40000000300000 0x000083a000000000    @p2    IADDI.s                   r58            ,48             ,r0             
0x1740002000000040 0x000083b000000000    @p2    FX2FP.s.rne               r59            ,r64.32.0       
0x0a40000000340000 0x000083c000000000    @p2    IADDI.s                   r60            ,52             ,r0             
0x1740002000000041 0x000083d000000000    @p2    FX2FP.s.rne               r61            ,r65.32.0       
0x0a40000000380000 0x000083e000000000    @p2    IADDI.s                   r62            ,56             ,r0             
0x1740002000000042 0x000083f000000000    @p2    FX2FP.s.rne               r63            ,r66.32.0       
0x0a400000003c0000 0x0000840000000000    @p2    IADDI.s                   r64            ,60             ,r0             
0x2f00000000f200f3 0x00000f3000000000           AND                       p3             ,p2             ,p3             
0x8400000000030002 0x0000800000000000    @p2    STP                       void           ,[r3]           ,r2.x           
0x84000000000b0007 0x0000800000000000    @p2    STP                       void           ,[r11]          ,r7.x           
0x840000000028000f 0x0000800000000000    @p2    STP                       void           ,[r40]          ,r15.x          
0x84000000002a0029 0x0000800000000000    @p2    STP                       void           ,[r42]          ,r41.x          
0x84000000002c002b 0x0000800000000000    @p2    STP                       void           ,[r44]          ,r43.x          
0x84000000002e002d 0x0000800000000000    @p2    STP                       void           ,[r46]          ,r45.x          
0x840000000030002f 0x0000800000000000    @p2    STP                       void           ,[r48]          ,r47.x          
0x8400000000320031 0x0000800000000000    @p2    STP                       void           ,[r50]          ,r49.x          
0x8400000000340033 0x0000800000000000    @p2    STP                       void           ,[r52]          ,r51.x          
0x8400000000360035 0x0000800000000000    @p2    STP                       void           ,[r54]          ,r53.x          
0x8400000000380037 0x0000800000000000    @p2    STP                       void           ,[r56]          ,r55.x          
0x84000000003a0039 0x0000800000000000    @p2    STP                       void           ,[r58]          ,r57.x          
0x84000000003c003b 0x0000800000000000    @p2    STP                       void           ,[r60]          ,r59.x          
0x84000000003e003d 0x0000800000000000    @p2    STP                       void           ,[r62]          ,r61.x          
0x840000000040003f 0x0000800000000000    @p2    STP                       void           ,[r64]          ,r63.x          
0xcc001001ff8200f3 0x0000c00000000000    @p3    B.ikeep.ds2               .LABEL_0       ,p3             
0x0a40000000800000 0x0000800000000000        @p2    IADDI.s               r0             ,128            ,r0             
0x48000000000000f3 0x00000f2000000000               MOV                   p2             ,p3             
0x4b0000000000007c 0x0000000000000000           MOVIMM                    r0             ,0x7c           
0x48000000000028f0 0x1000001000000000           MOV.rp1                   r1             ,PDC_0          
0x48000000000000f0 0x00000f2000000000           MOV                       p2             ,p0             
__________________    .LABEL_1:
0x0744000000010000 0x0000803000000000    @p2    IADD.s                    r3             ,r1             ,r0             
0x8800000000010000 0x0000800070000000    @p2    LDP                       r7.x           ,[r1]           ,void           
0x0a400000ff880003 0x000080b000000000    @p2    IADDI.s                   r11            ,-120           ,r3             
0x88000000000b0000 0x00008000b0000000    @p2    LDP                       r11.x          ,[r11]          ,void           
0x0a400000ff8c0003 0x000080f000000000    @p2    IADDI.s                   r15            ,-116           ,r3             
0x88000000000f0000 0x00008000f0000000    @p2    LDP                       r15.x          ,[r15]          ,void           
0x0a400000ff900003 0x0000828000000000    @p2    IADDI.s                   r40            ,-112           ,r3             
0x8800000000280000 0x0000800280000000    @p2    LDP                       r40.x          ,[r40]          ,void           
0x0a400000ff940003 0x0000829000000000    @p2    IADDI.s                   r41            ,-108           ,r3             
0x8800000000290000 0x0000800290000000    @p2    LDP                       r41.x          ,[r41]          ,void           
0x0a400000ff980003 0x000082a000000000    @p2    IADDI.s                   r42            ,-104           ,r3             
0x88000000002a0000 0x00008002a0000000    @p2    LDP                       r42.x          ,[r42]          ,void           
0x0a400000ff9c0003 0x000082b000000000    @p2    IADDI.s                   r43            ,-100           ,r3             
0x88000000002b0000 0x00008002b0000000    @p2    LDP                       r43.x          ,[r43]          ,void           
0x0a400000ffa00003 0x000082c000000000    @p2    IADDI.s                   r44            ,-96            ,r3             
0x88000000002c0000 0x00008002c0000000    @p2    LDP                       r44.x          ,[r44]          ,void           
0x0a400000ffa40003 0x000082d000000000    @p2    IADDI.s                   r45            ,-92            ,r3             
0x88000000002d0000 0x00008002d0000000    @p2    LDP                       r45.x          ,[r45]          ,void           
0x0a400000ffa80003 0x000082e000000000    @p2    IADDI.s                   r46            ,-88            ,r3             
0x88000000002e0000 0x00008002e0000000    @p2    LDP                       r46.x          ,[r46]          ,void           
0x0a400000ffac0003 0x000082f000000000    @p2    IADDI.s                   r47            ,-84            ,r3             
0x88000000002f0000 0x00008002f0000000    @p2    LDP                       r47.x          ,[r47]          ,void           
0x0a400000ffb00003 0x0000830000000000    @p2    IADDI.s                   r48            ,-80            ,r3             
0x8800000000300000 0x0000800300000000    @p2    LDP                       r48.x          ,[r48]          ,void           
0x0a400000ffb40003 0x0000831000000000    @p2    IADDI.s                   r49            ,-76            ,r3             
0x8800000000310000 0x0000800310000000    @p2    LDP                       r49.x          ,[r49]          ,void           
0x0a400000ffb80003 0x0000832000000000    @p2    IADDI.s                   r50            ,-72            ,r3             
0x8800000000320000 0x0000800320000000    @p2    LDP                       r50.x          ,[r50]          ,void           
0x0a400000ffbc0003 0x0000833000000000    @p2    IADDI.s                   r51            ,-68            ,r3             
0x8800000000330000 0x0000800330000000    @p2    LDP                       r51.x          ,[r51]          ,void           
0x0a400000ffc00003 0x0000834000000000    @p2    IADDI.s                   r52            ,-64            ,r3             
0x8800000000340000 0x0000800340000000    @p2    LDP                       r52.x          ,[r52]          ,void           
0x0a400000ffc40003 0x0000835000000000    @p2    IADDI.s                   r53            ,-60            ,r3             
0x8800000000350000 0x0000800350000000    @p2    LDP                       r53.x          ,[r53]          ,void           
0x0a400000ffc80003 0x0000836000000000    @p2    IADDI.s                   r54            ,-56            ,r3             
0x8800000000360000 0x0000800360000000    @p2    LDP                       r54.x          ,[r54]          ,void           
0x0a400000ffcc0003 0x0000837000000000    @p2    IADDI.s                   r55            ,-52            ,r3             
0x8800000000370000 0x0000800370000000    @p2    LDP                       r55.x          ,[r55]          ,void           
0x0a400000ffd00003 0x0000838000000000    @p2    IADDI.s                   r56            ,-48            ,r3             
0x8800000000380000 0x0000800380000000    @p2    LDP                       r56.x          ,[r56]          ,void           
0x0a400000ffd40003 0x0000839000000000    @p2    IADDI.s                   r57            ,-44            ,r3             
0x8800000000390000 0x0000800390000000    @p2    LDP                       r57.x          ,[r57]          ,void           
0x0a400000ffd80003 0x000083a000000000    @p2    IADDI.s                   r58            ,-40            ,r3             
0x88000000003a0000 0x00008003a0000000    @p2    LDP                       r58.x          ,[r58]          ,void           
0x0a400000ffdc0003 0x000083b000000000    @p2    IADDI.s                   r59            ,-36            ,r3             
0x88000000003b0000 0x00008003b0000000    @p2    LDP                       r59.x          ,[r59]          ,void           
0x0a400000ffe00003 0x000083c000000000    @p2    IADDI.s                   r60            ,-32            ,r3             
0x88000000003c0000 0x00008003c0000000    @p2    LDP                       r60.x          ,[r60]          ,void           
0x0a400000ffe40003 0x000083d000000000    @p2    IADDI.s                   r61            ,-28            ,r3             
0x88000000003d0000 0x00008003d0000000    @p2    LDP                       r61.x          ,[r61]          ,void           
0x0a400000ffe80003 0x000083e000000000    @p2    IADDI.s                   r62            ,-24            ,r3             
0x88000000003e0000 0x00008003e0000000    @p2    LDP                       r62.x          ,[r62]          ,void           
0x0a400000ffec0003 0x000083f000000000    @p2    IADDI.s                   r63            ,-20            ,r3             
0x88000000003f0000 0x00008003f0000000    @p2    LDP                       r63.x          ,[r63]          ,void           
0x0a400000fff00003 0x0000840000000000    @p2    IADDI.s                   r64            ,-16            ,r3             
0x8800000000400000 0x0000800400000000    @p2    LDP                       r64.x          ,[r64]          ,void           
0x0a400000fff40003 0x0000841000000000    @p2    IADDI.s                   r65            ,-12            ,r3             
0x8800000000410000 0x0000800410000000    @p2    LDP                       r65.x          ,[r65]          ,void           
0x0a400000fff80003 0x0000842000000000    @p2    IADDI.s                   r66            ,-8             ,r3             
0x8800000000420000 0x0000800420000000    @p2    LDP                       r66.x          ,[r66]          ,void           
0x0a400000fffc0003 0x0000843000000000    @p2    IADDI.s                   r67            ,-4             ,r3             
0x0304000000070002 0x0000802000000000    @p2    FADD                      r2             ,r7             ,r2             
0x8800000000430000 0x0000800070000000    @p2    LDP                       r7.x           ,[r67]          ,void           
0x03040000000b0002 0x0000802000000000    @p2    FADD                      r2             ,r11            ,r2             
0x8800000000030000 0x0000800030000000    @p2    LDP                       r3.x           ,[r3]           ,void           
0x03040000000f0002 0x0000802000000000    @p2    FADD                      r2             ,r15            ,r2             
0x0a40000000800001 0x0000801000000000    @p2    IADDI.s                   r1             ,128            ,r1             
0x0304000000280002 0x0000802000000000    @p2    FADD                      r2             ,r40            ,r2             
0x3940500002000001 0x00008f3000000000    @p2    ICMPI.s.ne                p3             ,512            ,r1             
0x0304000000290002 0x0000802000000000    @p2    FADD                      r2             ,r41            ,r2             
0x2f00000000f200f3 0x00000f3000000000           AND                       p3             ,p2             ,p3             
0x03040000002a0002 0x0000802000000000    @p2    FADD                      r2             ,r42            ,r2             
0x03040000002b0002 0x0004802000000000    @p2    FADD.dly1                 r2             ,r43            ,r2             
0x03040000002c0002 0x0004802000000000    @p2    FADD.dly1                 r2             ,r44            ,r2             
0x03040000002d0002 0x0004802000000000    @p2    FADD.dly1                 r2             ,r45            ,r2             
0x03040000002e0002 0x0004802000000000    @p2    FADD.dly1                 r2             ,r46            ,r2             
0x03040000002f0002 0x0004802000000000    @p2    FADD.dly1                 r2             ,r47            ,r2             
0x0304000000300002 0x0004802000000000    @p2    FADD.dly1                 r2             ,r48            ,r2             
0x0304000000310002 0x0004802000000000    @p2    FADD.dly1                 r2             ,r49            ,r2             
0x0304000000320002 0x0004802000000000    @p2    FADD.dly1                 r2             ,r50            ,r2             
0x0304000000330002 0x0004802000000000    @p2    FADD.dly1                 r2             ,r51            ,r2             
0x0304000000340002 0x0004802000000000    @p2    FADD.dly1                 r2             ,r52            ,r2             
0x0304000000350002 0x0004802000000000    @p2    FADD.dly1                 r2             ,r53            ,r2             
0x0304000000360002 0x0004802000000000    @p2    FADD.dly1                 r2             ,r54            ,r2             
0x0304000000370002 0x0004802000000000    @p2    FADD.dly1                 r2             ,r55            ,r2             
0x0304000000380002 0x0004802000000000    @p2    FADD.dly1                 r2             ,r56            ,r2             
0x0304000000390002 0x0004802000000000    @p2    FADD.dly1                 r2             ,r57            ,r2             
0x03040000003a0002 0x0004802000000000    @p2    FADD.dly1                 r2             ,r58            ,r2             
0x03040000003b0002 0x0004802000000000    @p2    FADD.dly1                 r2             ,r59            ,r2             
0x03040000003c0002 0x0004802000000000    @p2    FADD.dly1                 r2             ,r60            ,r2             
0x03040000003d0002 0x0004802000000000    @p2    FADD.dly1                 r2             ,r61            ,r2             
0x03040000003e0002 0x0004802000000000    @p2    FADD.dly1                 r2             ,r62            ,r2             
0x03040000003f0002 0x0004802000000000    @p2    FADD.dly1                 r2             ,r63            ,r2             
0x0304000000400002 0x0004802000000000    @p2    FADD.dly1                 r2             ,r64            ,r2             
0xcc002801ffa200f3 0x0000c00000000000    @p3    B.ikeep.ds5               .LABEL_1       ,p3             
0x0304000000410002 0x0000802000000000        @p2    FADD                  r2             ,r65            ,r2             
0x0304000000420002 0x0004802000000000        @p2    FADD.dly1             r2             ,r66            ,r2             
0x0304000000070002 0x0004802000000000        @p2    FADD.dly1             r2             ,r7             ,r2             
0x0304000000030002 0x0004802000000000        @p2    FADD.dly1             r2             ,r3             ,r2             
0x48000000000000f3 0x00000f2000000000               MOV                   p2             ,p3             
0x0940c00000031000 0x0000000000000000           IMULI.s.b32               r0             ,3              ,cb0            
0x0a400002001c0000 0x0000001000000000           IADDI.s                   r1             ,28             ,r0 << 2        
0x4800000000000801 0x2004028000000000           MOV.rp2.dly1              r40            ,r[r1]          
0x0a40000200200000 0x0000001000000000           IADDI.s                   r1             ,32             ,r0 << 2        
0x0304000000040028 0x2000003000000000           FADD.rp2                  r3             ,r4             ,r40            
0x4800000000000801 0x2000028000000000           MOV.rp2                   r40            ,r[r1]          
0x0a40000200240000 0x0000000000000000           IADDI.s                   r0             ,36             ,r0 << 2        
0x0304000000080028 0x2000007000000000           FADD.rp2                  r7             ,r8             ,r40            
0x4800000000000800 0x200000f000000000           MOV.rp2                   r15            ,r[r0]          
0x03040000000c000f 0x200000b000000000           FADD.rp2                  r11            ,r12            ,r15            
0x4800000000000008 0x100000e000000000           MOV.rp1                   r14            ,r8             
0x480000000000000b 0x2000010000000000           MOV.rp2                   r16            ,r11            
0x030000000002000b 0x86000ff007000003           FADD                      void           ,r2             ,r11            
                                               +EMITF                     vso[3].w       ,fwd            
0x4800000000000007 0x0000006000000000           MOV                       r6             ,r7             
0x4800000000000003 0x2000013000000000           MOV.rp2                   r19            ,r3             
0x6000000000000003 0x3000000004000000           EMITF                     vso[0].xyzw    ,r3             
0x600000000000000e 0x3000000004000001           EMITF                     vso[1].xyzw    ,r14            
0x6000000000000012 0x3000000004000002           EMITF                     vso[2].xyzw    ,r18            
0x6000000000000007 0x2000000004000003           EMITF                     vso[3].xyz     ,r7             
0x600000000000000c 0x100000000c000004           EMITF.ve                  vso[4].xy      ,r12            
0xc300000000000000 0x0000000000000000           JUMP                      0              

