0x3940400000001000 0x00000f3000000000           ICMPI.s.eq                p3             ,0              ,cb0            
0xcb001800001000f3 0x0000400000000000    @p1    BA.ikeep.ds3              .LABEL_0       ,p3             
0x4b00000000000002 0x0000000000000000               MOVIMM                r0             ,0x2            
0x48000000000008f0 0x0000002000000000               MOV                   r2             ,PDC_0          
0x48000000000080f3 0x00000f2000000000               MOV                   p2             ,~p3            
0x4b00000000000002 0x0000800000000000    @p2    MOVIMM                    r0             ,0x2            
0x4b00000000000000 0x1000803000000000    @p2    MOVIMM.rp1                r3             ,0x0            
0x48000000000008f0 0x0000805000000000    @p2    MOV                       r5             ,PDC_0          
__________________    .LABEL_1:
0x0744000000050000 0x0004800000000000    @p2    IADD.s.dly1               r0             ,r5             ,r0             
0x0a40000000010005 0x0000805000000000    @p2    IADDI.s                   r5             ,1              ,r5             
0x4800000000000000 0x0000801000000000    @p2    MOV                       r1             ,r0             
0x93c0000000030000 0x0000800011100000    @p2    SMP_LZ.it.is              r1.x           ,[r3.crp1]      ,t[r0]          ,s[r1]          ,theap[0]       ,sheap[0]       
0x2c00200010000005 0x00008f3000000000    @p2    ICMP.lt                   p3             ,cb0            ,r5             
0x2f00000000f200f3 0x00000f3000000000           AND                       p3             ,p2             ,p3             
0xcc001001fffa00f3 0x0000c00000000000    @p3    B.ikeep.ds2               .LABEL_1       ,p3             
0x0744000000010002 0x0000802000000000        @p2    IADD.s                r2             ,r1             ,r2             
0x48000000000000f3 0x00000f2000000000               MOV                   p2             ,p3             
__________________    .LABEL_0:
0x60000000000008f0 0x2000000004000000           EMITF                     vso[0].xyz     ,PDC_0          
0x6000000000000002 0x0000000004000002           EMITF                     vso[2].x       ,r2             
0x60000000000008f4 0x0000000007000000           EMITF                     vso[0].w       ,PDC_1F         
0x6000000000000000 0x000000000c000001           EMITF.ve                  vso[1].x       ,r0             
0xc300000000000000 0x0000000000000000           JUMP                      0              

