0x4b00000000000000 0x0000000000000000           MOVIMM                    r0             ,0x0            
0x8600000000000000 0x30000000100d0000           LD.llc                    r1.xyzw        ,[r0.x]         ,void           ,u[0]           
0x4b00000000000010 0x0000005000000000           MOVIMM                    r5             ,0x10           
0x4b00000000000020 0x0000006000000000           MOVIMM                    r6             ,0x20           
0x4b0000000000002c 0x0000007000000000           MOVIMM                    r7             ,0x2c           
0x4b00000000000030 0x0000008000000000           MOVIMM                    r8             ,0x30           
0x4b0000000000000a 0x0000009000000000           MOVIMM                    r9             ,0xa            
0x4b0000000000003c 0x000000a000000000           MOVIMM                    r10            ,0x3c           
0x4b00000000000014 0x000000b000000000           MOVIMM                    r11            ,0x14           
0x4800000000001001 0x100000c000000000           MOV.rp1                   r12            ,cb1            
0x4b00000000000034 0x000000e000000000           MOVIMM                    r14            ,0x34           
0x03000000000c1000 0x000000c000000000           FADD                      r12            ,r12            ,cb0            
0x030000001001000d 0x000000d000000000           FADD                      r13            ,cb1            ,r13            
0x4b00000000000040 0x000000f000000000           MOVIMM                    r15            ,0x40           
0x4b0000000000004c 0x0000010000000000           MOVIMM                    r16            ,0x4c           
0x4b00000000000044 0x0000011000000000           MOVIMM                    r17            ,0x44           
0x0a40000400401003 0x0000012000000000           IADDI.s                   r18            ,64             ,cb3 << 4       
0x4b0000003f800000 0x0000016000000000           MOVIMM                    r22            ,0x3f800000     
0x4b00000040400000 0x0000015000000000           MOVIMM                    r21            ,0x40400000     
0x4b00000040000000 0x0000014000000000           MOVIMM                    r20            ,0x40000000     
0x4b00000040800000 0x0000013000000000           MOVIMM                    r19            ,0x40800000     
0x0a40000400501003 0x0000017000000000           IADDI.s                   r23            ,80             ,cb3 << 4       
0x0a40000400601003 0x0000018000000000           IADDI.s                   r24            ,96             ,cb3 << 4       
0x0a40000400001003 0x0000019000000000           IADDI.s                   r25            ,0              ,cb3 << 4       
0x0a40000000908019 0x000401a000000000           IADDI.s.dly1              r26            ,144            ,-r25           
0x0a400000009c8019 0x0000019000000000           IADDI.s                   r25            ,156            ,-r25           
0x4800000000000004 0x000001b000000000           MOV                       r27            ,r4             
0x4800000000000003 0x000001c000000000           MOV                       r28            ,r3             
0x4800000000000002 0x000001d000000000           MOV                       r29            ,r2             
0x4800000000000001 0x000001e000000000           MOV                       r30            ,r1             
0x820000000000001b 0x30000000000c0010           ST.llc                    void           ,[r0.x]         ,r27.xyzw       ,u[1]           
0x8600000080050000 0x20000000000d0000           LD.llc                    r0.xyz         ,[r5.x.nlk]     ,void           ,u[0]           
0x4800000000000001 0x0000003000000000           MOV                       r3             ,r1             
0x4800000000000000 0x0000004000000000           MOV                       r4             ,r0             
0x8200000000050002 0x20000000000c0010           ST.llc                    void           ,[r5.x]         ,r2.xyz         ,u[1]           
0x8600000080060000 0x30000000000d0000           LD.llc                    r0.xyzw        ,[r6.x.nlk]     ,void           ,u[0]           
0x4800000000000000 0x0000004000000000           MOV                       r4             ,r0             
0x8200000000060003 0x10000000000c0010           ST.llc                    void           ,[r6.x]         ,r3.xy          ,u[1]           
0x8200000000070002 0x00000000000c0010           ST.llc                    void           ,[r7.x]         ,r2.x           ,u[1]           
0x8200000080080009 0x00000000000c0010           ST.llc                    void           ,[r8.x.nlk]     ,r9.x           ,u[1]           
0x82000000000a000b 0x00000000000c0010           ST.llc                    void           ,[r10.x]        ,r11.x          ,u[1]           
0x8600000000080000 0x30000000000d0000           LD.llc                    r0.xyzw        ,[r8.x]         ,void           ,u[0]           
0x4800000000000003 0x0000000000000000           MOV                       r0             ,r3             
0x82000000000e0000 0x10000000000c0010           ST.llc                    void           ,[r14.x]        ,r0.xy          ,u[1]           
0x82000000800f000d 0x00000000000c0010           ST.llc                    void           ,[r15.x.nlk]    ,r13.x          ,u[1]           
0x820000000010000c 0x00000000000c0010           ST.llc                    void           ,[r16.x]        ,r12.x          ,u[1]           
0x86000000000f0000 0x30000000000d0000           LD.llc                    r0.xyzw        ,[r15.x]        ,void           ,u[0]           
0x0304000000030000 0x0000001000000000           FADD                      r1             ,r3             ,r0             
0x0304000000000000 0x0000002000000000           FADD                      r2             ,r0             ,r0             
0x8200000000110001 0x10000000000c0010           ST.llc                    void           ,[r17.x]        ,r1.xy          ,u[1]           
0x8200000000120013 0x30000000000c0010           ST.llc                    void           ,[r18.x]        ,r19.xyzw       ,u[1]           
0x8600000080170000 0x30000000000d0000           LD.llc                    r0.xyzw        ,[r23.x.nlk]    ,void           ,u[0]           
0x4800000000000002 0x0000004000000000           MOV                       r4             ,r2             
0x4800000000000001 0x0000005000000000           MOV                       r5             ,r1             
0x4800000000000000 0x0000006000000000           MOV                       r6             ,r0             
0x8200000000170003 0x30000000000c0010           ST.llc                    void           ,[r23.x]        ,r3.xyzw        ,u[1]           
0x8600000080180000 0x10000000000d0000           LD.llc                    r0.xy          ,[r24.x.nlk]    ,void           ,u[0]           
0x4800000000000001 0x0000000000000000           MOV                       r0             ,r1             
0x4800000000002001 0x1000002000000000           MOV.rp1                   r2             ,r1.rp0         
0x8200000000180000 0x30000000000c0010           ST.llc                    void           ,[r24.x]        ,r0.xyzw        ,u[1]           
0x86000000801a0000 0x30000000000d0000           LD.llc                    r0.xyzw        ,[r26.x.nlk]    ,void           ,u[0]           
0x82000000001a0003 0x00000000000c0010           ST.llc                    void           ,[r26.x]        ,r3.x           ,u[1]           
0x8200000000190000 0x00000000000c0010           ST.llc                    void           ,[r25.x]        ,r0.x           ,u[1]           
0xc300000000000000 0x0000000000000000           JUMP                      0              

