0x4b00000000000010 0x00000e0000000000           MOVIMM                    sr0            ,0x10           
0x4b00000000010000 0x0000000000000000           MOVIMM                    r0             ,0x10000        
0x4b00000000010010 0x0000001000000000           MOVIMM                    r1             ,0x10010        
0x4b00000000000002 0x0000002000000000           MOVIMM                    r2             ,0x2            
0x4b00000000010020 0x0000003000000000           MOVIMM                    r3             ,0x10020        
0x4b00000000010030 0x0000004000000000           MOVIMM                    r4             ,0x10030        
0x4b00000000010040 0x0000005000000000           MOVIMM                    r5             ,0x10040        
0x4b00000000010050 0x0000006000000000           MOVIMM                    r6             ,0x10050        
0x4b00000000010060 0x0000007000000000           MOVIMM                    r7             ,0x10060        
0x4b00000000010070 0x0000008000000000           MOVIMM                    r8             ,0x10070        
0x48000000000008f0 0x0000009000000000           MOV                       r9             ,PDC_0          
0x48000000000008f8 0x000000a000000000           MOV                       r10            ,PDC_1I         
0x48000000000000f0 0x00000f2000000000           MOV                       p2             ,p0             
__________________    .LABEL_0:
0x0740000000000009 0x89408ff0b0f00000    @p2    IADD.s                    void           ,r0             ,r9             
                                               +SMP_LD                    r11.xyzw       ,[fwd]          ,t[0]           ,theap[0]       
0x0740000000010009 0x89408ff0f0f00000    @p2    IADD.s                    void           ,r1             ,r9             
                                               +SMP_LD                    r15.xyzw       ,[fwd]          ,t[0]           ,theap[0]       
0x0740000000030009 0x89408ff130f00000    @p2    IADD.s                    void           ,r3             ,r9             
                                               +SMP_LD                    r19.xyzw       ,[fwd]          ,t[0]           ,theap[0]       
0x48000000000000e0 0x0000817000000000    @p2    MOV                       r23            ,sr0            
0x0740000000040009 0x89408ff180f00000    @p2    IADD.s                    void           ,r4             ,r9             
                                               +SMP_LD                    r24.xyzw       ,[fwd]          ,t[0]           ,theap[0]       
0x0a400000fff10017 0x000081c000000000    @p2    IADDI.s                   r28            ,-15            ,r23            
0x0a400000fff20017 0x000081e000000000    @p2    IADDI.s                   r30            ,-14            ,r23            
0x480000000000001c 0x000081d000000000    @p2    MOV                       r29            ,r28            
0x0740000000050009 0x89408ff200f00000    @p2    IADD.s                    void           ,r5             ,r9             
                                               +SMP_LD                    r32.xyzw       ,[fwd]          ,t[0]           ,theap[0]       
0xbd0000200000001c 0x00008001c4000000    @p2    FX2DP.s.rne               r28            ,r28.32.0       
0x480000000000001e 0x000081f000000000    @p2    MOV                       r31            ,r30            
0x0a400000fff30017 0x0000824000000000    @p2    IADDI.s                   r36            ,-13            ,r23            
0xbd0000200000001e 0x00008001e4000000    @p2    FX2DP.s.rne               r30            ,r30.32.0       
0x4800000000000024 0x0000825000000000    @p2    MOV                       r37            ,r36            
0x0a400000fff40017 0x0000826000000000    @p2    IADDI.s                   r38            ,-12            ,r23            
0x0740000000060009 0x89408ff280f00000    @p2    IADD.s                    void           ,r6             ,r9             
                                               +SMP_LD                    r40.xyzw       ,[fwd]          ,t[0]           ,theap[0]       
0xbd00002000000024 0x0000800244000000    @p2    FX2DP.s.rne               r36            ,r36.32.0       
0x4800000000000026 0x0000827000000000    @p2    MOV                       r39            ,r38            
0xbd00002000000026 0x0000800264000000    @p2    FX2DP.s.rne               r38            ,r38.32.0       
0x0a400000fff50017 0x000082c000000000    @p2    IADDI.s                   r44            ,-11            ,r23            
0xb6000000001e000d 0x00008000d5000000    @p2    DCMP.ne                   r13            ,r30            ,r13            
0xb6000000001c000b 0x00008000b5000000    @p2    DCMP.ne                   r11            ,r28            ,r11            
0x480000000000002c 0x000082d000000000    @p2    MOV                       r45            ,r44            
0x0a400000fff60017 0x000080e000000000    @p2    IADDI.s                   r14            ,-10            ,r23            
0xbd0000200000002c 0x00008001c4000000    @p2    FX2DP.s.rne               r28            ,r44.32.0       
0xb60000000024000f 0x00008001e5000000    @p2    DCMP.ne                   r30            ,r36            ,r15            
0x0740000000070009 0x89408ff2c0f00000    @p2    IADD.s                    void           ,r7             ,r9             
                                               +SMP_LD                    r44.xyzw       ,[fwd]          ,t[0]           ,theap[0]       
0x480000000000000e 0x000080f000000000    @p2    MOV                       r15            ,r14            
0xb600000000260011 0x0000800105000000    @p2    DCMP.ne                   r16            ,r38            ,r17            
0x0a400000fff70017 0x0000811000000000    @p2    IADDI.s                   r17            ,-9             ,r23            
0xbd0000200000000e 0x00008000e4000000    @p2    FX2DP.s.rne               r14            ,r14.32.0       
0x4800000000000011 0x0000812000000000    @p2    MOV                       r18            ,r17            
0xbd00002000000011 0x0000800114000000    @p2    FX2DP.s.rne               r17            ,r17.32.0       
0x0a400000fff80017 0x0000824000000000    @p2    IADDI.s                   r36            ,-8             ,r23            
0x4800000000000010 0x00008f3000000000    @p2    MOV                       p3             ,r16            
0x4800000000000024 0x0000825000000000    @p2    MOV                       r37            ,r36            
0xbd00002000000024 0x0000800244000000    @p2    FX2DP.s.rne               r36            ,r36.32.0       
0xb6000000001c0013 0x0000800135000000    @p2    DCMP.ne                   r19            ,r28            ,r19            
0x0740000000080009 0x89408ff300f00000    @p2    IADD.s                    void           ,r8             ,r9             
                                               +SMP_LD                    r48.xyzw       ,[fwd]          ,t[0]           ,theap[0]       
0xb6000000000e0015 0x00008000e5000000    @p2    DCMP.ne                   r14            ,r14            ,r21            
0x0a400000fff90017 0x000080c000000000    @p2    IADDI.s                   r12            ,-7             ,r23            
0x0a400000fffa0017 0x000080f000000000    @p2    IADDI.s                   r15            ,-6             ,r23            
0x480000000000000d 0x00008f4000000000    @p2    MOV                       p4             ,r13            
0x480000000000000c 0x000080d000000000    @p2    MOV                       r13            ,r12            
0x480000000000000b 0x00008f5000000000    @p2    MOV                       p5             ,r11            
0x204000f50002000a 0x000080a000000000    @p2    SEL.s                     r10            ,p5             ,r2             ,r10            
0xbd0000200000000c 0x00008000b4000000    @p2    FX2DP.s.rne               r11            ,r12.32.0       
0x204000f40002000a 0x000080a000000000    @p2    SEL.s                     r10            ,p4             ,r2             ,r10            
0x480000000000000f 0x0000810000000000    @p2    MOV                       r16            ,r15            
0x480000000000001e 0x00008f4000000000    @p2    MOV                       p4             ,r30            
0x204000f40002000a 0x000080a000000000    @p2    SEL.s                     r10            ,p4             ,r2             ,r10            
0xbd0000200000000f 0x00008000f4000000    @p2    FX2DP.s.rne               r15            ,r15.32.0       
0x204000f30002000a 0x000080a000000000    @p2    SEL.s                     r10            ,p3             ,r2             ,r10            
0x0a400000fffb0017 0x000080d000000000    @p2    IADDI.s                   r13            ,-5             ,r23            
0x480000000000000e 0x00008f3000000000    @p2    MOV                       p3             ,r14            
0x480000000000000d 0x000080e000000000    @p2    MOV                       r14            ,r13            
0xb60000000024001a 0x0000800145000000    @p2    DCMP.ne                   r20            ,r36            ,r26            
0x0a400000fffc0017 0x0000815000000000    @p2    IADDI.s                   r21            ,-4             ,r23            
0xbd0000200000000d 0x00008000d4000000    @p2    FX2DP.s.rne               r13            ,r13.32.0       
0xb600000000110018 0x0000800115000000    @p2    DCMP.ne                   r17            ,r17            ,r24            
0x4800000000000015 0x0000816000000000    @p2    MOV                       r22            ,r21            
0x0a400000fffd0017 0x0000818000000000    @p2    IADDI.s                   r24            ,-3             ,r23            
0xbd00002000000015 0x0000800154000000    @p2    FX2DP.s.rne               r21            ,r21.32.0       
0x4800000000000018 0x0000819000000000    @p2    MOV                       r25            ,r24            
0xbd00002000000018 0x0000800194000000    @p2    FX2DP.s.rne               r25            ,r24.32.0       
0xb6000000000b0020 0x00008000b5000000    @p2    DCMP.ne                   r11            ,r11            ,r32            
0x0a400000fffe0017 0x000081b000000000    @p2    IADDI.s                   r27            ,-2             ,r23            
0x0a400000ffff0017 0x0000812000000000    @p2    IADDI.s                   r18            ,-1             ,r23            
0x480000000000001b 0x000081c000000000    @p2    MOV                       r28            ,r27            
0x4800000000000013 0x00008f4000000000    @p2    MOV                       p4             ,r19            
0xbd0000200000001b 0x00008001b4000000    @p2    FX2DP.s.rne               r27            ,r27.32.0       
0x204000f40002000a 0x000080a000000000    @p2    SEL.s                     r10            ,p4             ,r2             ,r10            
0xb6000000000f0022 0x00008000f5000000    @p2    DCMP.ne                   r15            ,r15            ,r34            
0x4800000000000012 0x0000813000000000    @p2    MOV                       r19            ,r18            
0xbd00002000000012 0x0000800124000000    @p2    FX2DP.s.rne               r18            ,r18.32.0       
0x204000f30002000a 0x000080a000000000    @p2    SEL.s                     r10            ,p3             ,r2             ,r10            
0xb6000000000d0028 0x00008000c5000000    @p2    DCMP.ne                   r12            ,r13            ,r40            
0x4800000000000017 0x0000818000000000    @p2    MOV                       r24            ,r23            
0x4800000000000011 0x00008f3000000000    @p2    MOV                       p3             ,r17            
0xbd00002000000017 0x00008000d4000000    @p2    FX2DP.s.rne               r13            ,r23.32.0       
0x204000f30002000a 0x000080a000000000    @p2    SEL.s                     r10            ,p3             ,r2             ,r10            
0xb60000000015002a 0x0000800105000000    @p2    DCMP.ne                   r16            ,r21            ,r42            
0x4800000000000014 0x00008f3000000000    @p2    MOV                       p3             ,r20            
0x204000f30002000a 0x000080a000000000    @p2    SEL.s                     r10            ,p3             ,r2             ,r10            
0xb60000000019002c 0x0000800145000000    @p2    DCMP.ne                   r20            ,r25            ,r44            
0x480000000000000b 0x00008f3000000000    @p2    MOV                       p3             ,r11            
0x204000f30002000a 0x000080a000000000    @p2    SEL.s                     r10            ,p3             ,r2             ,r10            
0xb6000000001b002e 0x0000800155000000    @p2    DCMP.ne                   r21            ,r27            ,r46            
0x480000000000000f 0x00008f3000000000    @p2    MOV                       p3             ,r15            
0x204000f30002000a 0x000080a000000000    @p2    SEL.s                     r10            ,p3             ,r2             ,r10            
0xb600000000120030 0x0000800115000000    @p2    DCMP.ne                   r17            ,r18            ,r48            
0x480000000000000c 0x00008f3000000000    @p2    MOV                       p3             ,r12            
0x204000f30002000a 0x000080a000000000    @p2    SEL.s                     r10            ,p3             ,r2             ,r10            
0xb6000000000d0032 0x00008000b5000000    @p2    DCMP.ne                   r11            ,r13            ,r50            
0x4800000000000010 0x00008f3000000000    @p2    MOV                       p3             ,r16            
0x204000f30002000a 0x000080a000000000    @p2    SEL.s                     r10            ,p3             ,r2             ,r10            
0x4800000000000014 0x00008f3000000000    @p2    MOV                       p3             ,r20            
0x204000f30002000a 0x000080a000000000    @p2    SEL.s                     r10            ,p3             ,r2             ,r10            
0x4800000000000015 0x00008f3000000000    @p2    MOV                       p3             ,r21            
0x204000f30002000a 0x000080a000000000    @p2    SEL.s                     r10            ,p3             ,r2             ,r10            
0x4800000000000011 0x00008f3000000000    @p2    MOV                       p3             ,r17            
0x204000f30002000a 0x000080a000000000    @p2    SEL.s                     r10            ,p3             ,r2             ,r10            
0x480000000000000b 0x00008f3000000000    @p2    MOV                       p3             ,r11            
0x3a40400008100140 0x00008f4000000000    @p2    LPCMPI.s.eq               p4             ,2064           ,lpc0.inc.16    
0x204000f30002000a 0x000080a000000000    @p2    SEL.s                     r10            ,p3             ,r2             ,r10            
0x2f00000000f280f4 0x00000f3000000000           AND                       p3             ,p2             ,~p4            
0xcc001001ff9600f3 0x0000c00000000000    @p3    B.ikeep.ds2               .LABEL_0       ,p3             
0x0a40000000800009 0x0000809000000000        @p2    IADDI.s               r9             ,128            ,r9             
0x48000000000000f3 0x00000f2000000000               MOV                   p2             ,p3             
0x600000000000000a 0x000000000c000000           EMITF.ve                  vso[0].x       ,r10            
0xc300000000000000 0x0000000000000000           JUMP                      0              

