0x02040000200f8011 0x1000000000000000           FMUL.rp1                  r0             ,r15.rp0        ,-r17           
0x02040000000e8011 0x0000002000000000           FMUL                      r2             ,r14            ,-r17           
0x02040000000f8010 0x0000003000000000           FMUL                      r3             ,r15            ,-r16           
0x012000002013000d 0x1000000000000000           MAD.crf3.rp1              r0             ,r0             ,r19.rp0        ,r13            
0x02040000000e8010 0x000000f000000000           FMUL                      r15            ,r14            ,-r16           
0x012000020012000d 0x0000002000000000           MAD.crf3                  r2             ,r2             ,r18            ,r13            
0x012000030013000c 0x0000003000000000           MAD.crf3                  r3             ,r3             ,r19            ,r12            
0x020400000000800a 0x000000e000000000           FMUL                      r14            ,r0             ,-r10           
0x0120000f0012000c 0x000000f000000000           MAD.crf3                  r15            ,r15            ,r18            ,r12            
0x02040000000d8010 0x000000d000000000           FMUL                      r13            ,r13            ,-r16           
0x0204000000018008 0x0000010000000000           FMUL                      r16            ,r1             ,-r8            
0x0204000000038009 0x0000012000000000           FMUL                      r18            ,r3             ,-r9            
0x0204000000028008 0x0000013000000000           FMUL                      r19            ,r2             ,-r8            
0x0120000e00010009 0x0000001000000000           MAD.crf3                  r1             ,r14            ,r1             ,r9             
0x0120000d0011000c 0x000000c000000000           MAD.crf3                  r12            ,r13            ,r17            ,r12            
0x012000100003000a 0x0000003000000000           MAD.crf3                  r3             ,r16            ,r3             ,r10            
0x0120001200000008 0x0000000000000000           MAD.crf3                  r0             ,r18            ,r0             ,r8             
0x01200013000f0009 0x0000008000000000           MAD.crf3                  r8             ,r19            ,r15            ,r9             
0x012000010002000b 0x000000d000000000           MAD.crf3                  r13            ,r1             ,r2             ,r11            
0x01200003000f800b 0x000000e000000000           MAD.crf3                  r14            ,r3             ,r15            ,-r11           
0x01200000000c000b 0x000000f000000000           MAD.crf3                  r15            ,r0             ,r12            ,r11            
0x01200008000c800a 0x0000010000000000           MAD.crf3                  r16            ,r8             ,r12            ,-r10           
0x04000000000d0004 0xb6000ff00c000000           DOT.rp3                   void           ,r13            ,r4             
                                               +EMITF.ve                  vso[0].x       ,fwd            
0xc300000000000000 0x0000000000000000           JUMP                      0              

