0x02040000200a800c 0x1000000000000000           FMUL.rp1                  r0             ,r10.rp0        ,-r12           
0x01200000200e0008 0x1000000000000000           MAD.crf3.rp1              r0             ,r0             ,r14.rp0        ,r8             
0x020400000009800c 0x0000002000000000           FMUL                      r2             ,r9             ,-r12           
0x0204000000008005 0x0000003000000000           FMUL                      r3             ,r0             ,-r5            
0x01200002000d0008 0x0000002000000000           MAD.crf3                  r2             ,r2             ,r13            ,r8             
0x0120000300010004 0x0000003000000000           MAD.crf3                  r3             ,r3             ,r1             ,r4             
0x02040000000e8005 0x0000007000000000           FMUL                      r7             ,r14            ,-r5            
0x0120000300020006 0x8a000ff030000000           MAD.crf3                  void           ,r3             ,r2             ,r6             
                                               +RCP                       r3             ,fwd            
0x020400000006800c 0x000000b000000000           FMUL                      r11            ,r6             ,-r12           
0x02040000000d8004 0x000000f000000000           FMUL                      r15            ,r13            ,-r4            
0x0204000000068009 0x0000010000000000           FMUL                      r16            ,r6             ,-r9            
0x02040000000a8004 0x0000011000000000           FMUL                      r17            ,r10            ,-r4            
0x0204000000058008 0x0000012000000000           FMUL                      r18            ,r5             ,-r8            
0x012000070006000d 0x0000007000000000           MAD.crf3                  r7             ,r7             ,r6             ,r13            
0x0120000b000e0004 0x000000b000000000           MAD.crf3                  r11            ,r11            ,r14            ,r4             
0x0120000f0005000c 0x000000c000000000           MAD.crf3                  r12            ,r15            ,r5             ,r12            
0x01200010000a0005 0x0000005000000000           MAD.crf3                  r5             ,r16            ,r10            ,r5             
0x0120001100060008 0x0000006000000000           MAD.crf3                  r6             ,r17            ,r6             ,r8             
0x0120001200090004 0x0000004000000000           MAD.crf3                  r4             ,r18            ,r9             ,r4             
0x0204000000030001 0x0000008000000000           FMUL                      r8             ,r3             ,r1             
0x0204000000038000 0x0000000000000000           FMUL                      r0             ,r3             ,-r0            
0x0204000000030002 0x000000d000000000           FMUL                      r13            ,r3             ,r2             
0x0204000000030007 0x0000009000000000           FMUL                      r9             ,r3             ,r7             
0x0204000000030005 0x000000a000000000           FMUL                      r10            ,r3             ,r5             
0x020400000003000b 0x0000001000000000           FMUL                      r1             ,r3             ,r11            
0x0200000000030006 0x86000ff006000001           FMUL                      void           ,r3             ,r6             
                                               +EMITF                     vso[1].z       ,fwd            
0x020000000003000c 0x86000ff005000002           FMUL                      void           ,r3             ,r12            
                                               +EMITF                     vso[2].y       ,fwd            
0x0200000000030004 0x86000ff006000002           FMUL                      void           ,r3             ,r4             
                                               +EMITF                     vso[2].z       ,fwd            
0x60000000000008f0 0x2000000004000003           EMITF                     vso[3].xyz     ,PDC_0          
0x60000000000008f0 0x2000000004000004           EMITF                     vso[4].xyz     ,PDC_0          
0x60000000000008f0 0x2000000004000005           EMITF                     vso[5].xyz     ,PDC_0          
0x60000000000008f0 0x2000000004000006           EMITF                     vso[6].xyz     ,PDC_0          
0x60000000000008f0 0x2000000004000007           EMITF                     vso[7].xyz     ,PDC_0          
0x60000000000008f0 0x2000000004000008           EMITF                     vso[8].xyz     ,PDC_0          
0x6000000000000008 0x2000000004000000           EMITF                     vso[0].xyz     ,r8             
0x6000000000000000 0x1000000004000001           EMITF                     vso[1].xy      ,r0             
0x600000000000000d 0x000000000c000002           EMITF.ve                  vso[2].x       ,r13            
0xc300000000000000 0x0000000000000000           JUMP                      0              

