0x02040000200e8010 0x1000000000000000           FMUL.rp1                  r0             ,r14.rp0        ,-r16           
0x02040000200f8010 0x1000002000000000           FMUL.rp1                  r2             ,r15.rp0        ,-r16           
0x012000002012000c 0x1000000000000000           MAD.crf3.rp1              r0             ,r0             ,r18.rp0        ,r12            
0x02040000000d8010 0x0000014000000000           FMUL                      r20            ,r13            ,-r16           
0x012000022013000c 0x1000002000000000           MAD.crf3.rp1              r2             ,r2             ,r19.rp0        ,r12            
0x0204000000008009 0x0000015000000000           FMUL                      r21            ,r0             ,-r9            
0x02040000000f8012 0x0000016000000000           FMUL                      r22            ,r15            ,-r18           
0x0204000020028009 0x1000017000000000           FMUL.rp1                  r23            ,r2.rp0         ,-r9            
0x012000140011000c 0x0000014000000000           MAD.crf3                  r20            ,r20            ,r17            ,r12            
0x0120001500010008 0x0000015000000000           MAD.crf3                  r21            ,r21            ,r1             ,r8             
0x012000160013000e 0x0000016000000000           MAD.crf3                  r22            ,r22            ,r19            ,r14            
0x0120001700030008 0x0000017000000000           MAD.crf3                  r23            ,r23            ,r3             ,r8             
0x012000150014000a 0x0000015000000000           MAD.crf3                  r21            ,r21            ,r20            ,r10            
0x020400000003800a 0x0000019000000000           FMUL                      r25            ,r3             ,-r10           
0x0120001820160008 0x1000018000000000           MAD.crf3.rp1              r24            ,r24            ,r22.rp0        ,r8             
0x0204000000078015 0x000001a000000000           FMUL                      r26            ,r7             ,-r21           
0x012000170014000b 0x0000017000000000           MAD.crf3                  r23            ,r23            ,r20            ,r11            
0x012000180000200b 0x1000018000000000           MAD.crf3.rp1              r24            ,r24            ,r0             ,r11.rp0        
0x0120001a00170006 0x000001a000000000           MAD.crf3                  r26            ,r26            ,r23            ,r6             
0x0120001a00058018 0x000401a000000000           MAD.crf3.dly1             r26            ,r26            ,r5             ,-r24           
0x02040000000b8012 0x000001b000000000           FMUL                      r27            ,r11            ,-r18           
0x02040000000a8011 0x000001c000000000           FMUL                      r28            ,r10            ,-r17           
0x02040000000b8010 0x000001d000000000           FMUL                      r29            ,r11            ,-r16           
0x02040000000b800e 0x000001e000000000           FMUL                      r30            ,r11            ,-r14           
0x02040000000b800d 0x000001f000000000           FMUL                      r31            ,r11            ,-r13           
0x02040000000b800c 0x0000020000000000           FMUL                      r32            ,r11            ,-r12           
0x02040000000a800c 0x0000021000000000           FMUL                      r33            ,r10            ,-r12           
0x02040000000b8011 0x000000b000000000           FMUL                      r11            ,r11            ,-r17           
0x0120001a00190004 0x8a000ff1a0000000           MAD.crf3                  void           ,r26            ,r25            ,r4             
                                               +RCP                       r26            ,fwd            
0x0120001b0013000a 0x000001b000000000           MAD.crf3                  r27            ,r27            ,r19            ,r10            
0x02040000000a8010 0x0000022000000000           FMUL                      r34            ,r10            ,-r16           
0x0120001c00120009 0x000001c000000000           MAD.crf3                  r28            ,r28            ,r18            ,r9             
0x02040000000a800d 0x0000023000000000           FMUL                      r35            ,r10            ,-r13           
0x0120001d00130008 0x000001d000000000           MAD.crf3                  r29            ,r29            ,r19            ,r8             
0x0120001e000f000a 0x000000a000000000           MAD.crf3                  r10            ,r30            ,r15            ,r10            
0x0120001f000f0009 0x000001e000000000           MAD.crf3                  r30            ,r31            ,r15            ,r9             
0x01200020000f0008 0x000000f000000000           MAD.crf3                  r15            ,r32            ,r15            ,r8             
0x01200021000e0008 0x000001f000000000           MAD.crf3                  r31            ,r33            ,r14            ,r8             
0x0120000b00130009 0x000000b000000000           MAD.crf3                  r11            ,r11            ,r19            ,r9             
0x0204000000098010 0x0000010000000000           FMUL                      r16            ,r9             ,-r16           
0x0120002200120008 0x0000012000000000           MAD.crf3                  r18            ,r34            ,r18            ,r8             
0x020400000009800c 0x000000c000000000           FMUL                      r12            ,r9             ,-r12           
0x01200023000e0009 0x0000009000000000           MAD.crf3                  r9             ,r35            ,r14            ,r9             
0x0204000000168005 0x000000e000000000           FMUL                      r14            ,r22            ,-r5            
0x0204000000028006 0x0000013000000000           FMUL                      r19            ,r2             ,-r6            
0x0204000000038004 0x0000020000000000           FMUL                      r32            ,r3             ,-r4            
0x0204000000008005 0x0000021000000000           FMUL                      r33            ,r0             ,-r5            
0x02040000000b8006 0x0000022000000000           FMUL                      r34            ,r11            ,-r6            
0x02040000001b8004 0x0000023000000000           FMUL                      r35            ,r27            ,-r4            
0x02040000001d8005 0x0000024000000000           FMUL                      r36            ,r29            ,-r5            
0x02040000001c8004 0x0000025000000000           FMUL                      r37            ,r28            ,-r4            
0x02040000000a8005 0x0000026000000000           FMUL                      r38            ,r10            ,-r5            
0x02040000000f8006 0x0000027000000000           FMUL                      r39            ,r15            ,-r6            
0x02040000001e8004 0x1000028000000000           FMUL.rp1                  r40            ,r30            ,-r4            
0x01200028000f0005 0x000000f000000000           MAD.crf3                  r15            ,r40            ,r15            ,r5             
0x0120001000110008 0x0000010000000000           MAD.crf3                  r16            ,r16            ,r17            ,r8             
0x0120000c000d0008 0x0000008000000000           MAD.crf3                  r8             ,r12            ,r13            ,r8             
0x0120000e00030006 0x0000003000000000           MAD.crf3                  r3             ,r14            ,r3             ,r6             
0x0120001300160004 0x000000c000000000           MAD.crf3                  r12            ,r19            ,r22            ,r4             
0x0120002000020005 0x0000002000000000           MAD.crf3                  r2             ,r32            ,r2             ,r5             
0x0120002100010004 0x000000d000000000           MAD.crf3                  r13            ,r33            ,r1             ,r4             
0x01200022001b0005 0x000000e000000000           MAD.crf3                  r14            ,r34            ,r27            ,r5             
0x01200023001d0006 0x0000011000000000           MAD.crf3                  r17            ,r35            ,r29            ,r6             
0x01200024000b0004 0x000000b000000000           MAD.crf3                  r11            ,r36            ,r11            ,r4             
0x0120002500120005 0x0000005000000000           MAD.crf3                  r5             ,r37            ,r18            ,r5             
0x01200026001e0006 0x0000013000000000           MAD.crf3                  r19            ,r38            ,r30            ,r6             
0x01200027000a0004 0x000000a000000000           MAD.crf3                  r10            ,r39            ,r10            ,r4             
0x0120002900090004 0x0000004000000000           MAD.crf3                  r4             ,r41            ,r9             ,r4             
0x0120000300018007 0x0000001000000000           MAD.crf3                  r1             ,r3             ,r1             ,-r7            
0x0120000c00000007 0x0000000000000000           MAD.crf3                  r0             ,r12            ,r0             ,r7             
0x0120000200148007 0x0000002000000000           MAD.crf3                  r2             ,r2             ,r20            ,-r7            
0x0120000d00140006 0x0000003000000000           MAD.crf3                  r3             ,r13            ,r20            ,r6             
0x0120000e001c0007 0x000000c000000000           MAD.crf3                  r12            ,r14            ,r28            ,r7             
0x0120001100128007 0x000000d000000000           MAD.crf3                  r13            ,r17            ,r18            ,-r7            
0x0120000b00100007 0x000000b000000000           MAD.crf3                  r11            ,r11            ,r16            ,r7             
0x0120000500108006 0x0000005000000000           MAD.crf3                  r5             ,r5             ,r16            ,-r6            
0x0120001300098007 0x0000009000000000           MAD.crf3                  r9             ,r19            ,r9             ,-r7            
0x0120000a001f0007 0x000000a000000000           MAD.crf3                  r10            ,r10            ,r31            ,r7             
0x0120000f00088007 0x0000007000000000           MAD.crf3                  r7             ,r15            ,r8             ,-r7            
0x0120000400080006 0x0000004000000000           MAD.crf3                  r4             ,r4             ,r8             ,r6             
0x02040000001a0019 0x000000e000000000           FMUL                      r14            ,r26            ,r25            
0x02040000001a8018 0x0000012000000000           FMUL                      r18            ,r26            ,-r24           
0x02040000001a0017 0x0000008000000000           FMUL                      r8             ,r26            ,r23            
0x02040000001a8015 0x0000016000000000           FMUL                      r22            ,r26            ,-r21           
0x02040000001a0001 0x000000f000000000           FMUL                      r15            ,r26            ,r1             
0x02040000001a000c 0x0000010000000000           FMUL                      r16            ,r26            ,r12            
0x02040000001a0009 0x0000011000000000           FMUL                      r17            ,r26            ,r9             
0x02040000001a0000 0x0000013000000000           FMUL                      r19            ,r26            ,r0             
0x02040000001a000d 0x0000014000000000           FMUL                      r20            ,r26            ,r13            
0x02040000001a000a 0x0000015000000000           FMUL                      r21            ,r26            ,r10            
0x02040000001a0002 0x0000009000000000           FMUL                      r9             ,r26            ,r2             
0x02040000001a000b 0x000000a000000000           FMUL                      r10            ,r26            ,r11            
0x02040000001a0007 0x000000b000000000           FMUL                      r11            ,r26            ,r7             
0x02040000001a0003 0x0000017000000000           FMUL                      r23            ,r26            ,r3             
0x02040000001a0005 0x0000018000000000           FMUL                      r24            ,r26            ,r5             
0x02040000001a0004 0x0000019000000000           FMUL                      r25            ,r26            ,r4             
0x60000000000008f0 0x3000000004000004           EMITF                     vso[4].xyzw    ,PDC_0          
0x60000000000008f0 0x3000000004000005           EMITF                     vso[5].xyzw    ,PDC_0          
0x60000000000008f0 0x3000000004000006           EMITF                     vso[6].xyzw    ,PDC_0          
0x60000000000008f0 0x3000000004000007           EMITF                     vso[7].xyzw    ,PDC_0          
0x60000000000008f0 0x3000000004000008           EMITF                     vso[8].xyzw    ,PDC_0          
0x60000000000008f0 0x3000000004000009           EMITF                     vso[9].xyzw    ,PDC_0          
0x60000000000008f0 0x300000000400000a           EMITF                     vso[10].xyzw   ,PDC_0          
0x60000000000008f0 0x300000000400000b           EMITF                     vso[11].xyzw   ,PDC_0          
0x600000000000000e 0x3000000004000000           EMITF                     vso[0].xyzw    ,r14            
0x6000000000000012 0x3000000004000001           EMITF                     vso[1].xyzw    ,r18            
0x6000000000000008 0x3000000004000002           EMITF                     vso[2].xyzw    ,r8             
0x6000000000000016 0x300000000c000003           EMITF.ve                  vso[3].xyzw    ,r22            
0xc300000000000000 0x0000000000000000           JUMP                      0              

