0x4800000000000024 0x100000a000000000           MOV.rp1                   r10            ,r36            
0x4800000000000026 0x1000012000000000           MOV.rp1                   r18            ,r38            
0xb1000000000a0004 0x0000000040000000           DMUL                      r4             ,r10            ,r4             
0xb100000000120006 0x0000000060000000           DMUL                      r6             ,r18            ,r6             
0xb100000000280008 0x0000000080000000           DMUL                      r8             ,r40            ,r8             
0x480000000000000c 0x300000a000000000           MOV.rp3                   r10            ,r12            
0x480000000000002c 0x100000e000000000           MOV.rp1                   r14            ,r44            
0x480000000000002e 0x1000012000000000           MOV.rp1                   r18            ,r46            
0x4800000000000034 0x100001a000000000           MOV.rp1                   r26            ,r52            
0x4800000000000036 0x1000022000000000           MOV.rp1                   r34            ,r54            
0x480000000000003c 0x3000024000000000           MOV.rp3                   r36            ,r60            
0xb1000000000e000a 0x00000000a0000000           DMUL                      r10            ,r14            ,r10            
0xb10000000012000c 0x00000000c0000000           DMUL                      r12            ,r18            ,r12            
0xb100000000300010 0x00000000e0000000           DMUL                      r14            ,r48            ,r16            
0xb1000000001a0014 0x0000000100000000           DMUL                      r16            ,r26            ,r20            
0xb100000000220016 0x0000000120000000           DMUL                      r18            ,r34            ,r22            
0xb100000000380018 0x0000000140000000           DMUL                      r20            ,r56            ,r24            
0xb10000000024001c 0x0000000160000000           DMUL                      r22            ,r36            ,r28            
0xb10000000026001e 0x0000000180000000           DMUL                      r24            ,r38            ,r30            
0xb100000000400020 0x00000001a0000000           DMUL                      r26            ,r64            ,r32            
0x6000000000000004 0x3000000004000000           EMITF                     vso[0].xyzw    ,r4             
0x6000000000000008 0x1000000004000001           EMITF                     vso[1].xy      ,r8             
0x600000000000000a 0x3000000004000002           EMITF                     vso[2].xyzw    ,r10            
0x600000000000000e 0x1000000004000003           EMITF                     vso[3].xy      ,r14            
0x6000000000000010 0x3000000004000004           EMITF                     vso[4].xyzw    ,r16            
0x6000000000000014 0x1000000004000005           EMITF                     vso[5].xy      ,r20            
0x6000000000000016 0x3000000004000006           EMITF                     vso[6].xyzw    ,r22            
0x600000000000001a 0x100000000c000007           EMITF.ve                  vso[7].xy      ,r26            
0xc300000000000000 0x0000000000000000           JUMP                      0              

