0x480000000000000c 0x300000a000000000           MOV.rp3                   r10            ,r12            
0xb1000000000a0004 0x0000000120000000           DMUL                      r18            ,r10            ,r4             
0xb1000000000a0006 0x0000000140000000           DMUL                      r20            ,r10            ,r6             
0xb1000000000a0008 0x00000000a0000000           DMUL                      r10            ,r10            ,r8             
0xb1000000000c0004 0x0000000160000000           DMUL                      r22            ,r12            ,r4             
0xb1000000000c0006 0x0000000180000000           DMUL                      r24            ,r12            ,r6             
0xb1000000000c0008 0x00000000c0000000           DMUL                      r12            ,r12            ,r8             
0xb100000000100004 0x0000000040000000           DMUL                      r4             ,r16            ,r4             
0xb100000000100006 0x0000000060000000           DMUL                      r6             ,r16            ,r6             
0xb100000000100008 0x0000000080000000           DMUL                      r8             ,r16            ,r8             
0x60000000000008f0 0x3000000004000000           EMITF                     vso[0].xyzw    ,PDC_0          
0x60000000000008f0 0x3000000004000001           EMITF                     vso[1].xyzw    ,PDC_0          
0x60000000000008f0 0x3000000004000002           EMITF                     vso[2].xyzw    ,PDC_0          
0x60000000000008f0 0x3000000004000003           EMITF                     vso[3].xyzw    ,PDC_0          
0x60000000000008f0 0x1000000004000004           EMITF                     vso[4].xy      ,PDC_0          
0x60000000000008f0 0x1000000004000005           EMITF                     vso[5].xy      ,PDC_0          
0x6000000000000012 0x3000000004000006           EMITF                     vso[6].xyzw    ,r18            
0x600000000000000a 0x1000000004000007           EMITF                     vso[7].xy      ,r10            
0x6000000000000016 0x3000000004000008           EMITF                     vso[8].xyzw    ,r22            
0x600000000000000c 0x1000000004000009           EMITF                     vso[9].xy      ,r12            
0x6000000000000004 0x300000000400000a           EMITF                     vso[10].xyzw   ,r4             
0x6000000000000008 0x100000000c00000b           EMITF.ve                  vso[11].xy     ,r8             
0xc300000000000000 0x0000000000000000           JUMP                      0              

