0x4800000000000004 0x1000000000000000           MOV.rp1                   r0             ,r4             
0x4800000000000014 0x100000a000000000           MOV.rp1                   r10            ,r20            
0x4800000000000006 0x1000012000000000           MOV.rp1                   r18            ,r6             
0x4800000000000016 0x1000004000000000           MOV.rp1                   r4             ,r22            
0x4800000000000008 0x100001a000000000           MOV.rp1                   r26            ,r8             
0x4800000000000018 0x1000022000000000           MOV.rp1                   r34            ,r24            
0x480000000000000c 0x1000002000000000           MOV.rp1                   r2             ,r12            
0x480000000000001c 0x100000c000000000           MOV.rp1                   r12            ,r28            
0x480000000000000e 0x1000014000000000           MOV.rp1                   r20            ,r14            
0x480000000000001e 0x1000006000000000           MOV.rp1                   r6             ,r30            
0x4800000000000010 0x100001c000000000           MOV.rp1                   r28            ,r16            
0x4800000000000020 0x1000024000000000           MOV.rp1                   r36            ,r32            
0x60000000000008f0 0x3000000004000000           EMITF                     vso[0].xyzw    ,PDC_0          
0x60000000000008f0 0x3000000004000001           EMITF                     vso[1].xyzw    ,PDC_0          
0x60000000000008f0 0x3000000004000002           EMITF                     vso[2].xyzw    ,PDC_0          
0x6000000000000000 0x3000000004000003           EMITF                     vso[3].xyzw    ,r0             
0x600000000000000a 0x3000000004000004           EMITF                     vso[4].xyzw    ,r10            
0x6000000000000012 0x3000000004000005           EMITF                     vso[5].xyzw    ,r18            
0x6000000000000004 0x3000000004000006           EMITF                     vso[6].xyzw    ,r4             
0x600000000000001a 0x3000000004000007           EMITF                     vso[7].xyzw    ,r26            
0x6000000000000022 0x300000000c000008           EMITF.ve                  vso[8].xyzw    ,r34            
0xc300000000000000 0x0000000000000000           JUMP                      0              

