0x4800000000000014 0x3000000000000000           MOV.rp3                   r0             ,r20            
0x4800000000000018 0x3000014000000000           MOV.rp3                   r20            ,r24            
0x4800000000000004 0x1000018000000000           MOV.rp1                   r24            ,r4             
0x4800000000000006 0x100001c000000000           MOV.rp1                   r28            ,r6             
0x4800000000000008 0x1000004000000000           MOV.rp1                   r4             ,r8             
0x480000000000000c 0x100001a000000000           MOV.rp1                   r26            ,r12            
0x480000000000000e 0x100001e000000000           MOV.rp1                   r30            ,r14            
0x4800000000000010 0x1000006000000000           MOV.rp1                   r6             ,r16            
0x4800000000000012 0x100000c000000000           MOV.rp1                   r12            ,r18            
0x60000000000008f0 0x2000000004000000           EMITF                     vso[0].xyz     ,PDC_0          
0x60000000000008f0 0x2000000004000001           EMITF                     vso[1].xyz     ,PDC_0          
0x60000000000008f0 0x2000000004000002           EMITF                     vso[2].xyz     ,PDC_0          
0x60000000000008f0 0x2000000004000003           EMITF                     vso[3].xyz     ,PDC_0          
0x6000000000000018 0x3000000004000004           EMITF                     vso[4].xyzw    ,r24            
0x6000000000000000 0x1000000004000005           EMITF                     vso[5].xy      ,r0             
0x600000000000001c 0x3000000004000006           EMITF                     vso[6].xyzw    ,r28            
0x6000000000000002 0x1000000004000007           EMITF                     vso[7].xy      ,r2             
0x6000000000000004 0x3000000004000008           EMITF                     vso[8].xyzw    ,r4             
0x6000000000000014 0x1000000004000009           EMITF                     vso[9].xy      ,r20            
0x600000000000000a 0x300000000400000a           EMITF                     vso[10].xyzw   ,r10            
0x6000000000000016 0x100000000c00000b           EMITF.ve                  vso[11].xy     ,r22            
0xc300000000000000 0x0000000000000000           JUMP                      0              

