0x4800000000000005 0x0000002000000000           MOV                       r2             ,r5             
0x4800000000000004 0x0000000000000000           MOV                       r0             ,r4             
0x4800000000000009 0x0000006000000000           MOV                       r6             ,r9             
0x4800000000000008 0x0000004000000000           MOV                       r4             ,r8             
0x480000000000000d 0x000000a000000000           MOV                       r10            ,r13            
0x480000000000000c 0x0000008000000000           MOV                       r8             ,r12            
0x4800000000000012 0x000000c000000000           MOV                       r12            ,r18            
0x4800000000000010 0x000000e000000000           MOV                       r14            ,r16            
0x4800000000000011 0x0000010000000000           MOV                       r16            ,r17            
0x4800000000000016 0x0000012000000000           MOV                       r18            ,r22            
0x4800000000000015 0x0000016000000000           MOV                       r22            ,r21            
0x4800000000000019 0x0000028000000000           MOV                       r40            ,r25            
0x480000000000001e 0x000002a000000000           MOV                       r42            ,r30            
0x480000000000001f 0x000002c000000000           MOV                       r44            ,r31            
0x480000000000001d 0x000001e000000000           MOV                       r30            ,r29            
0x4800000000000022 0x000002e000000000           MOV                       r46            ,r34            
0x4800000000000023 0x0000030000000000           MOV                       r48            ,r35            
0x4800000000000021 0x0000022000000000           MOV                       r34            ,r33            
0x4800000000000026 0x0000032000000000           MOV                       r50            ,r38            
0x4800000000000027 0x0000034000000000           MOV                       r52            ,r39            
0x4800000000000025 0x0000026000000000           MOV                       r38            ,r37            
0x4800000000000000 0x0000001000000000           MOV                       r1             ,r0             
0x4800000000000002 0x0000003000000000           MOV                       r3             ,r2             
0x4800000000000004 0x0000005000000000           MOV                       r5             ,r4             
0x4800000000000006 0x0000007000000000           MOV                       r7             ,r6             
0x4800000000000008 0x0000009000000000           MOV                       r9             ,r8             
0x480000000000000a 0x000000b000000000           MOV                       r11            ,r10            
0x480000000000000c 0x000000d000000000           MOV                       r13            ,r12            
0x480000000000000e 0x000000f000000000           MOV                       r15            ,r14            
0x4800000000000012 0x0000013000000000           MOV                       r19            ,r18            
0x4800000000000014 0x0000015000000000           MOV                       r21            ,r20            
0x4800000000000016 0x0000017000000000           MOV                       r23            ,r22            
0x480000000000001a 0x000001b000000000           MOV                       r27            ,r26            
0x4800000000000018 0x0000019000000000           MOV                       r25            ,r24            
0x4800000000000028 0x0000029000000000           MOV                       r41            ,r40            
0xbd00002000000000 0x1000000354000000           FX2DP.rp1.s.rne           r53            ,r0.32.0        
0xbd00002000000004 0x1000000040000000           FX2DP.rp1.rne             r4             ,r4.32.0        
0xbb00000000000008 0x1000000080000000           FP2DP.rp1                 r8             ,r8             
0xbd0000200000000c 0x00000000c4000000           FX2DP.s.rne               r12            ,r12.32.0       
0xbd0000200000000e 0x00000000e4000000           FX2DP.s.rne               r14            ,r14.32.0       
0xbd00002000000010 0x0000000104000000           FX2DP.s.rne               r16            ,r16.32.0       
0xbd00002000000012 0x0000000120000000           FX2DP.rne                 r18            ,r18.32.0       
0xbd00002000000014 0x0000000140000000           FX2DP.rne                 r20            ,r20.32.0       
0xbd00002000000016 0x0000000160000000           FX2DP.rne                 r22            ,r22.32.0       
0xbb0000000000001a 0x00000001a0000000           FP2DP                     r26            ,r26            
0xbb00000000000018 0x0000000390000000           FP2DP                     r57            ,r24            
0xbb00000000000028 0x00000003b0000000           FP2DP                     r59            ,r40            
0x480000000000002a 0x000002b000000000           MOV                       r43            ,r42            
0x480000000000002c 0x000002d000000000           MOV                       r45            ,r44            
0x6000000000000035 0x3000000004000004           EMITF                     vso[4].xyzw    ,r53            
0x480000000000001c 0x000001d000000000           MOV                       r29            ,r28            
0x480000000000001e 0x000001f000000000           MOV                       r31            ,r30            
0xbd0000200000002a 0x1000000284000000           FX2DP.rp1.s.rne           r40            ,r42.32.0       
0xbd0000200000001c 0x10000001c4000000           FX2DP.rp1.s.rne           r28            ,r28.32.0       
0x480000000000002e 0x000002f000000000           MOV                       r47            ,r46            
0x4800000000000030 0x0000031000000000           MOV                       r49            ,r48            
0x6000000000000004 0x3000000004000005           EMITF                     vso[5].xyzw    ,r4             
0x4800000000000020 0x0000021000000000           MOV                       r33            ,r32            
0x4800000000000022 0x0000023000000000           MOV                       r35            ,r34            
0xbd0000200000002e 0x1000000040000000           FX2DP.rp1.rne             r4             ,r46.32.0       
0xbd00002000000020 0x1000000200000000           FX2DP.rp1.rne             r32            ,r32.32.0       
0x4800000000000032 0x0000033000000000           MOV                       r51            ,r50            
0x4800000000000034 0x0000035000000000           MOV                       r53            ,r52            
0x6000000000000004 0x3000000004000001           EMITF                     vso[1].xyzw    ,r4             
0x4800000000000024 0x0000025000000000           MOV                       r37            ,r36            
0xbb00000000000032 0x1000000040000000           FP2DP.rp1                 r4             ,r50            
0x6000000000000020 0x3000000004000000           EMITF                     vso[0].xyzw    ,r32            
0x4800000000000026 0x0000027000000000           MOV                       r39            ,r38            
0xbb00000000000024 0x1000000200000000           FP2DP.rp1                 r32            ,r36            
0x6000000000000004 0x3000000004000003           EMITF                     vso[3].xyzw    ,r4             
0x6000000000000008 0x3000000004000006           EMITF                     vso[6].xyzw    ,r8             
0x600000000000000e 0x3000000004000007           EMITF                     vso[7].xyzw    ,r14            
0x600000000000000c 0x1000000004000008           EMITF                     vso[8].xy      ,r12            
0x6000000000000014 0x3000000004000009           EMITF                     vso[9].xyzw    ,r20            
0x6000000000000020 0x3000000004000002           EMITF                     vso[2].xyzw    ,r32            
0x6000000000000012 0x100000000400000a           EMITF                     vso[10].xy     ,r18            
0x6000000000000039 0x300000000400000b           EMITF                     vso[11].xyzw   ,r57            
0x600000000000001a 0x100000000400000c           EMITF                     vso[12].xy     ,r26            
0x600000000000001c 0x300000000400000d           EMITF                     vso[13].xyzw   ,r28            
0x6000000000000028 0x300000000c00000e           EMITF.ve                  vso[14].xyzw   ,r40            
0xc300000000000000 0x0000000000000000           JUMP                      0              

