0x4800000000000021 0x0000002000000000           MOV                       r2             ,r33            
0x4800000000000020 0x0000000000000000           MOV                       r0             ,r32            
0x4800000000000025 0x0000021000000000           MOV                       r33            ,r37            
0x4800000000000024 0x000001f000000000           MOV                       r31            ,r36            
0x4800000000000015 0x000001b000000000           MOV                       r27            ,r21            
0x480000000000001a 0x0000023000000000           MOV                       r35            ,r26            
0x4800000000000018 0x0000025000000000           MOV                       r37            ,r24            
0x480000000000001e 0x0000027000000000           MOV                       r39            ,r30            
0x480000000000001c 0x0000029000000000           MOV                       r41            ,r28            
0x4800000000000006 0x000002b000000000           MOV                       r43            ,r6             
0x4800000000000007 0x000002d000000000           MOV                       r45            ,r7             
0x4800000000000005 0x0000006000000000           MOV                       r6             ,r5             
0x480000000000000a 0x000002f000000000           MOV                       r47            ,r10            
0x480000000000000b 0x0000031000000000           MOV                       r49            ,r11            
0x4800000000000009 0x000000a000000000           MOV                       r10            ,r9             
0x480000000000000e 0x0000033000000000           MOV                       r51            ,r14            
0x480000000000000f 0x0000035000000000           MOV                       r53            ,r15            
0x480000000000000d 0x000000e000000000           MOV                       r14            ,r13            
0x4800000000000012 0x0000037000000000           MOV                       r55            ,r18            
0x4800000000000013 0x0000039000000000           MOV                       r57            ,r19            
0x4800000000000011 0x0000012000000000           MOV                       r18            ,r17            
0x4800000000000000 0x0000001000000000           MOV                       r1             ,r0             
0x4800000000000002 0x0000003000000000           MOV                       r3             ,r2             
0x480000000000001f 0x0000020000000000           MOV                       r32            ,r31            
0x4800000000000021 0x0000022000000000           MOV                       r34            ,r33            
0x4800000000000016 0x0000017000000000           MOV                       r23            ,r22            
0x4800000000000014 0x0000015000000000           MOV                       r21            ,r20            
0x480000000000001b 0x000001c000000000           MOV                       r28            ,r27            
0x4800000000000019 0x000001a000000000           MOV                       r26            ,r25            
0x4800000000000023 0x0000024000000000           MOV                       r36            ,r35            
0x4800000000000025 0x0000026000000000           MOV                       r38            ,r37            
0x4800000000000027 0x0000028000000000           MOV                       r40            ,r39            
0x4800000000000029 0x000002a000000000           MOV                       r42            ,r41            
0x480000000000001d 0x000001e000000000           MOV                       r30            ,r29            
0xbb00000000000000 0x10000003a0000000           FP2DP.rp1                 r58            ,r0             
0xbb0000000000001f 0x10000001f0000000           FP2DP.rp1                 r31            ,r31            
0xbb00000000000016 0x0000000160000000           FP2DP                     r22            ,r22            
0xbb00000000000014 0x00000003e0000000           FP2DP                     r62            ,r20            
0xbb0000000000001b 0x0000000400000000           FP2DP                     r64            ,r27            
0xbb00000000000019 0x0000000420000000           FP2DP                     r66            ,r25            
0xbb00000000000023 0x0000000440000000           FP2DP                     r68            ,r35            
0xbb00000000000025 0x0000000180000000           FP2DP                     r24            ,r37            
0xbb00000000000027 0x0000000130000000           FP2DP                     r19            ,r39            
0xbb00000000000029 0x00000001a0000000           FP2DP                     r26            ,r41            
0xbb0000000000001d 0x00000001c0000000           FP2DP                     r28            ,r29            
0x480000000000002b 0x000002c000000000           MOV                       r44            ,r43            
0x480000000000002d 0x000002e000000000           MOV                       r46            ,r45            
0xbb0000000000002b 0x1000000230000000           FP2DP.rp1                 r35            ,r43            
0x6000000000000013 0x1000000004000004           EMITF                     vso[4].xy      ,r19            
0x4800000000000004 0x0000005000000000           MOV                       r5             ,r4             
0x4800000000000006 0x0000007000000000           MOV                       r7             ,r6             
0xbb00000000000004 0x1000000040000000           FP2DP.rp1                 r4             ,r4             
0x480000000000002f 0x0000030000000000           MOV                       r48            ,r47            
0x4800000000000031 0x0000032000000000           MOV                       r50            ,r49            
0x600000000000003a 0x300000000400000d           EMITF                     vso[13].xyzw   ,r58            
0xbb0000000000002f 0x1000000270000000           FP2DP.rp1                 r39            ,r47            
0x4800000000000008 0x0000009000000000           MOV                       r9             ,r8             
0x480000000000000a 0x000000b000000000           MOV                       r11            ,r10            
0xbb00000000000008 0x1000000080000000           FP2DP.rp1                 r8             ,r8             
0x4800000000000033 0x0000034000000000           MOV                       r52            ,r51            
0x4800000000000035 0x0000036000000000           MOV                       r54            ,r53            
0x600000000000001f 0x300000000400000e           EMITF                     vso[14].xyzw   ,r31            
0xbb00000000000033 0x10000001e0000000           FP2DP.rp1                 r30            ,r51            
0x480000000000000c 0x000000d000000000           MOV                       r13            ,r12            
0x480000000000000e 0x000000f000000000           MOV                       r15            ,r14            
0xbb0000000000000c 0x10000000c0000000           FP2DP.rp1                 r12            ,r12            
0x4800000000000037 0x0000038000000000           MOV                       r56            ,r55            
0x4800000000000039 0x000003a000000000           MOV                       r58            ,r57            
0x600000000000003e 0x3000000004000000           EMITF                     vso[0].xyzw    ,r62            
0x6000000000000016 0x3000000004000001           EMITF                     vso[1].xyzw    ,r22            
0x4800000000000010 0x0000011000000000           MOV                       r17            ,r16            
0x4800000000000012 0x0000013000000000           MOV                       r19            ,r18            
0xbb00000000000037 0x1000000140000000           FP2DP.rp1                 r20            ,r55            
0xbb00000000000010 0x1000000100000000           FP2DP.rp1                 r16            ,r16            
0x6000000000000042 0x3000000004000002           EMITF                     vso[2].xyzw    ,r66            
0x600000000000001a 0x3000000004000003           EMITF                     vso[3].xyzw    ,r26            
0x6000000000000004 0x3000000004000005           EMITF                     vso[5].xyzw    ,r4             
0x6000000000000023 0x3000000004000006           EMITF                     vso[6].xyzw    ,r35            
0x6000000000000008 0x3000000004000007           EMITF                     vso[7].xyzw    ,r8             
0x6000000000000027 0x3000000004000008           EMITF                     vso[8].xyzw    ,r39            
0x600000000000000c 0x3000000004000009           EMITF                     vso[9].xyzw    ,r12            
0x600000000000001e 0x300000000400000a           EMITF                     vso[10].xyzw   ,r30            
0x6000000000000010 0x300000000400000b           EMITF                     vso[11].xyzw   ,r16            
0x6000000000000014 0x300000000c00000c           EMITF.ve                  vso[12].xyzw   ,r20            
0xc300000000000000 0x0000000000000000           JUMP                      0              

