0x4800000000000036 0x0000000000000000           MOV                       r0             ,r54            
0x4800000000000034 0x0000002000000000           MOV                       r2             ,r52            
0x4800000000000035 0x0000006000000000           MOV                       r6             ,r53            
0x4800000000000039 0x000000a000000000           MOV                       r10            ,r57            
0x480000000000003a 0x000000e000000000           MOV                       r14            ,r58            
0x4800000000000038 0x0000012000000000           MOV                       r18            ,r56            
0x480000000000002e 0x0000034000000000           MOV                       r52            ,r46            
0x480000000000002f 0x0000036000000000           MOV                       r54            ,r47            
0x480000000000002d 0x000002e000000000           MOV                       r46            ,r45            
0x4800000000000032 0x0000038000000000           MOV                       r56            ,r50            
0x4800000000000033 0x000003a000000000           MOV                       r58            ,r51            
0x4800000000000031 0x0000032000000000           MOV                       r50            ,r49            
0x4800000000000015 0x0000016000000000           MOV                       r22            ,r21            
0x4800000000000019 0x000001a000000000           MOV                       r26            ,r25            
0x480000000000001d 0x000001e000000000           MOV                       r30            ,r29            
0x4800000000000022 0x000003c000000000           MOV                       r60            ,r34            
0x4800000000000023 0x000003e000000000           MOV                       r62            ,r35            
0x4800000000000021 0x0000022000000000           MOV                       r34            ,r33            
0x4800000000000026 0x0000040000000000           MOV                       r64            ,r38            
0x4800000000000027 0x0000042000000000           MOV                       r66            ,r39            
0x4800000000000025 0x0000026000000000           MOV                       r38            ,r37            
0x480000000000002a 0x0000044000000000           MOV                       r68            ,r42            
0x480000000000002b 0x0000046000000000           MOV                       r70            ,r43            
0x4800000000000029 0x000002a000000000           MOV                       r42            ,r41            
0x4800000000000005 0x000004a000000000           MOV                       r74            ,r5             
0x4800000000000004 0x0000048000000000           MOV                       r72            ,r4             
0x4800000000000009 0x000004e000000000           MOV                       r78            ,r9             
0x4800000000000008 0x000004c000000000           MOV                       r76            ,r8             
0x480000000000000d 0x0000052000000000           MOV                       r82            ,r13            
0x480000000000000c 0x0000050000000000           MOV                       r80            ,r12            
0x4800000000000011 0x0000056000000000           MOV                       r86            ,r17            
0x4800000000000010 0x0000054000000000           MOV                       r84            ,r16            
0x4800000000000000 0x0000001000000000           MOV                       r1             ,r0             
0xbb00000000000000 0x0000000040000000           FP2DP                     r4             ,r0             
0x60000000000008f0 0x3000000004000011           EMITF                     vso[17].xyzw   ,PDC_0          
0x60000000000008f0 0x3000000004000012           EMITF                     vso[18].xyzw   ,PDC_0          
0x60000000000008f0 0x3000000004000013           EMITF                     vso[19].xyzw   ,PDC_0          
0x60000000000008f0 0x3000000004000014           EMITF                     vso[20].xyzw   ,PDC_0          
0x60000000000008f0 0x3000000004000015           EMITF                     vso[21].xyzw   ,PDC_0          
0x60000000000008f0 0x3000000004000016           EMITF                     vso[22].xyzw   ,PDC_0          
0x4800000000000002 0x0000003000000000           MOV                       r3             ,r2             
0xbb00000000000002 0x0000000570000000           FP2DP                     r87            ,r2             
0x4800000000000006 0x0000007000000000           MOV                       r7             ,r6             
0xbb00000000000006 0x0000000590000000           FP2DP                     r89            ,r6             
0x480000000000000a 0x000000b000000000           MOV                       r11            ,r10            
0xbb0000000000000a 0x0000000080000000           FP2DP                     r8             ,r10            
0x480000000000000e 0x000000f000000000           MOV                       r15            ,r14            
0xbb0000000000000e 0x00000000a0000000           FP2DP                     r10            ,r14            
0x4800000000000012 0x0000013000000000           MOV                       r19            ,r18            
0x6000000000000057 0x3000000004000017           EMITF                     vso[23].xyzw   ,r87            
0xbb00000000000012 0x0000000060000000           FP2DP                     r6             ,r18            
0x4800000000000034 0x0000035000000000           MOV                       r53            ,r52            
0x4800000000000036 0x0000037000000000           MOV                       r55            ,r54            
0xbb00000000000034 0x10000000c0000000           FP2DP.rp1                 r12            ,r52            
0x480000000000002c 0x000002d000000000           MOV                       r45            ,r44            
0x480000000000002e 0x000002f000000000           MOV                       r47            ,r46            
0x6000000000000004 0x3000000004000018           EMITF                     vso[24].xyzw   ,r4             
0xbb0000000000002c 0x1000000040000000           FP2DP.rp1                 r4             ,r44            
0x4800000000000038 0x0000039000000000           MOV                       r57            ,r56            
0x480000000000003a 0x000003b000000000           MOV                       r59            ,r58            
0xbb00000000000038 0x1000000100000000           FP2DP.rp1                 r16            ,r56            
0x4800000000000030 0x0000031000000000           MOV                       r49            ,r48            
0x4800000000000032 0x0000033000000000           MOV                       r51            ,r50            
0x6000000000000008 0x3000000004000019           EMITF                     vso[25].xyzw   ,r8             
0xbb00000000000030 0x1000000080000000           FP2DP.rp1                 r8             ,r48            
0x4800000000000014 0x0000015000000000           MOV                       r21            ,r20            
0x4800000000000016 0x0000017000000000           MOV                       r23            ,r22            
0xbb00000000000014 0x1000000140000000           FP2DP.rp1                 r20            ,r20            
0x4800000000000018 0x0000019000000000           MOV                       r25            ,r24            
0x480000000000001a 0x000001b000000000           MOV                       r27            ,r26            
0x6000000000000004 0x3000000004000000           EMITF                     vso[0].xyzw    ,r4             
0xbb00000000000018 0x1000000040000000           FP2DP.rp1                 r4             ,r24            
0x480000000000001c 0x000001d000000000           MOV                       r29            ,r28            
0x480000000000001e 0x000001f000000000           MOV                       r31            ,r30            
0xbb0000000000001c 0x1000000180000000           FP2DP.rp1                 r24            ,r28            
0x480000000000003c 0x000003d000000000           MOV                       r61            ,r60            
0x480000000000003e 0x000003f000000000           MOV                       r63            ,r62            
0x600000000000000c 0x3000000004000001           EMITF                     vso[1].xyzw    ,r12            
0xbb0000000000003c 0x10000000c0000000           FP2DP.rp1                 r12            ,r60            
0x4800000000000020 0x0000021000000000           MOV                       r33            ,r32            
0x4800000000000022 0x0000023000000000           MOV                       r35            ,r34            
0xbb00000000000020 0x10000001c0000000           FP2DP.rp1                 r28            ,r32            
0x4800000000000040 0x0000041000000000           MOV                       r65            ,r64            
0x4800000000000042 0x0000043000000000           MOV                       r67            ,r66            
0x6000000000000008 0x3000000004000002           EMITF                     vso[2].xyzw    ,r8             
0xbb00000000000040 0x1000000080000000           FP2DP.rp1                 r8             ,r64            
0x4800000000000024 0x0000025000000000           MOV                       r37            ,r36            
0x4800000000000026 0x0000027000000000           MOV                       r39            ,r38            
0xbb00000000000024 0x1000000200000000           FP2DP.rp1                 r32            ,r36            
0x4800000000000044 0x0000045000000000           MOV                       r69            ,r68            
0x4800000000000046 0x0000047000000000           MOV                       r71            ,r70            
0x6000000000000010 0x3000000004000003           EMITF                     vso[3].xyzw    ,r16            
0xbb00000000000044 0x1000000100000000           FP2DP.rp1                 r16            ,r68            
0x4800000000000028 0x0000029000000000           MOV                       r41            ,r40            
0x480000000000002a 0x000002b000000000           MOV                       r43            ,r42            
0xbb00000000000028 0x1000000240000000           FP2DP.rp1                 r36            ,r40            
0x4800000000000048 0x0000049000000000           MOV                       r73            ,r72            
0x480000000000004a 0x000004b000000000           MOV                       r75            ,r74            
0x6000000000000014 0x3000000004000004           EMITF                     vso[4].xyzw    ,r20            
0xbb00000000000048 0x1000000140000000           FP2DP.rp1                 r20            ,r72            
0x480000000000004c 0x000004d000000000           MOV                       r77            ,r76            
0x480000000000004e 0x000004f000000000           MOV                       r79            ,r78            
0xbb0000000000004c 0x1000000280000000           FP2DP.rp1                 r40            ,r76            
0x4800000000000050 0x0000051000000000           MOV                       r81            ,r80            
0x6000000000000004 0x3000000004000005           EMITF                     vso[5].xyzw    ,r4             
0x6000000000000018 0x3000000004000006           EMITF                     vso[6].xyzw    ,r24            
0x4800000000000052 0x0000053000000000           MOV                       r83            ,r82            
0x4800000000000054 0x0000055000000000           MOV                       r85            ,r84            
0x4800000000000056 0x0000057000000000           MOV                       r87            ,r86            
0xbb00000000000050 0x1000000040000000           FP2DP.rp1                 r4             ,r80            
0xbb00000000000054 0x1000000180000000           FP2DP.rp1                 r24            ,r84            
0x600000000000001c 0x3000000004000007           EMITF                     vso[7].xyzw    ,r28            
0x600000000000000c 0x3000000004000008           EMITF                     vso[8].xyzw    ,r12            
0x6000000000000020 0x3000000004000009           EMITF                     vso[9].xyzw    ,r32            
0x6000000000000008 0x300000000400000a           EMITF                     vso[10].xyzw   ,r8             
0x6000000000000024 0x300000000400000b           EMITF                     vso[11].xyzw   ,r36            
0x6000000000000010 0x300000000400000c           EMITF                     vso[12].xyzw   ,r16            
0x6000000000000014 0x300000000400000d           EMITF                     vso[13].xyzw   ,r20            
0x6000000000000028 0x300000000400000e           EMITF                     vso[14].xyzw   ,r40            
0x6000000000000004 0x300000000400000f           EMITF                     vso[15].xyzw   ,r4             
0x6000000000000018 0x300000000c000010           EMITF.ve                  vso[16].xyzw   ,r24            
0xc300000000000000 0x0000000000000000           JUMP                      0              

