0x4800000000000014 0x1000006000000000           MOV.rp1                   r6             ,r20            
0x4800000000000016 0x1000009000000000           MOV.rp1                   r9             ,r22            
0x4800000000000018 0x3000012000000000           MOV.rp3                   r18            ,r24            
0xb200000008f04010 0x00000000f0000000           DADD                      r15            ,PDC_0          ,|r16|          
0xb200000008f04006 0x0000000160000000           DADD                      r22            ,PDC_0          ,|r6|           
0xb200000008f04009 0x0000000180000000           DADD                      r24            ,PDC_0          ,|r9|           
0xb200000008f04012 0x0000000110000000           DADD                      r17            ,PDC_0          ,|r18|          
0xb200000008f04014 0x0000000130000000           DADD                      r19            ,PDC_0          ,|r20|          
0x0a4000000000400c 0xa600000004000002           IADDI.s.rp2               r0             ,0              ,|r12|          
                                               +EMITF                     vso[2].xyz     ,fwd            
0x600000000000000f 0x1000000004000003           EMITF                     vso[3].xy      ,r15            
0x6000000000000016 0x3000000004000004           EMITF                     vso[4].xyzw    ,r22            
0x0300000008f0401c 0x86000ff004000006           FADD                      void           ,PDC_0          ,|r28|          
                                               +EMITF                     vso[6].x       ,fwd            
0x6000000000000011 0x3000000004000005           EMITF                     vso[5].xyzw    ,r17            
0x0300000008f04004 0x96000ff004000000           FADD.rp1                  void           ,PDC_0          ,|r4|           
                                               +EMITF                     vso[0].xy      ,fwd            
0x0a40000000004008 0x86000ff00c000001           IADDI.s                   void           ,0              ,|r8|           
                                               +EMITF.ve                  vso[1].x       ,fwd            
0xc300000000000000 0x0000000000000000           JUMP                      0              

