0x4800000000000014 0x100000a000000000           MOV.rp1                   r10            ,r20            
0x4800000000000016 0x100000e000000000           MOV.rp1                   r14            ,r22            
0x4800000000000018 0x3000012000000000           MOV.rp3                   r18            ,r24            
0xb4000000000c0004 0x0000000040000000           DMAX                      r4             ,r12            ,r4             
0xb4000000000c0006 0x0000000060000000           DMAX                      r6             ,r12            ,r6             
0xb4000000000c0008 0x0000000080000000           DMAX                      r8             ,r12            ,r8             
0xb4000000001c000a 0x00000000a0000000           DMAX                      r10            ,r28            ,r10            
0xb4000000001c000e 0x00000000c0000000           DMAX                      r12            ,r28            ,r14            
0xb4000000001c0012 0x00000000e0000000           DMAX                      r14            ,r28            ,r18            
0xb4000000001c0014 0x0000000120000000           DMAX                      r18            ,r28            ,r20            
0xb500000000100004 0x0000000040000000           DMIN                      r4             ,r16            ,r4             
0xb500000000100006 0x0000000060000000           DMIN                      r6             ,r16            ,r6             
0xb500000000100008 0x0000000080000000           DMIN                      r8             ,r16            ,r8             
0xb50000000020000a 0x00000000a0000000           DMIN                      r10            ,r32            ,r10            
0xb50000000020000c 0x00000000c0000000           DMIN                      r12            ,r32            ,r12            
0xb50000000020000e 0x00000000e0000000           DMIN                      r14            ,r32            ,r14            
0xb500000000200012 0x0000000100000000           DMIN                      r16            ,r32            ,r18            
0x6000000000000004 0x3000000004000000           EMITF                     vso[0].xyzw    ,r4             
0x6000000000000008 0x1000000004000001           EMITF                     vso[1].xy      ,r8             
0x600000000000000a 0x3000000004000002           EMITF                     vso[2].xyzw    ,r10            
0x600000000000000e 0x300000000c000003           EMITF.ve                  vso[3].xyzw    ,r14            
0xc300000000000000 0x0000000000000000           JUMP                      0              

