0xbe0000000000000c 0x0000000122000000           DRND.rni                  r18            ,r12            
0xbe0000000000000e 0x0000000142000000           DRND.rni                  r20            ,r14            
0xbe00000000000010 0x0000000162000000           DRND.rni                  r22            ,r16            
0xbe00000000000004 0x0000000182000000           DRND.rni                  r24            ,r4             
0xbe00000000000006 0x00000001a2000000           DRND.rni                  r26            ,r6             
0xbe00000000000008 0x00000001c2000000           DRND.rni                  r28            ,r8             
0xbe0000000000000a 0x00000001e2000000           DRND.rni                  r30            ,r10            
0xb20000008012000c 0x00000000c0000000           DADD                      r12            ,-r18           ,r12            
0xb20000008014000e 0x00000000e0000000           DADD                      r14            ,-r20           ,r14            
0xb200000080160010 0x0000000100000000           DADD                      r16            ,-r22           ,r16            
0xb200000080180004 0x0000000040000000           DADD                      r4             ,-r24           ,r4             
0xb2000000801a0006 0x0000000060000000           DADD                      r6             ,-r26           ,r6             
0xb2000000801c0008 0x0000000080000000           DADD                      r8             ,-r28           ,r8             
0xb2000000801e000a 0x00000000a0000000           DADD                      r10            ,-r30           ,r10            
0x60000000000008f0 0x1000000004000000           EMITF                     vso[0].xy      ,PDC_0          
0x60000000000008f0 0x0000000004000005           EMITF                     vso[5].x       ,PDC_0          
0x600000000000000c 0x3000000004000001           EMITF                     vso[1].xyzw    ,r12            
0x6000000000000010 0x1000000004000002           EMITF                     vso[2].xy      ,r16            
0x6000000000000004 0x3000000004000003           EMITF                     vso[3].xyzw    ,r4             
0x6000000000000008 0x300000000c000004           EMITF.ve                  vso[4].xyzw    ,r8             
0xc300000000000000 0x0000000000000000           JUMP                      0              

