0x4800000000000012 0x100000e000000000           MOV.rp1                   r14            ,r18            
0x4800000000000014 0x3000012000000000           MOV.rp3                   r18            ,r20            
0xb800000000000006 0x00000001a0000000           DFREXP                    r26            ,r6             
0xb80000000000000a 0x00000001d0000000           DFREXP                    r29            ,r10            
0xb80000000000000c 0x00000000a0000000           DFREXP                    r10            ,r12            
0xb80000000000000e 0x0000000200000000           DFREXP                    r32            ,r14            
0xb800000000000012 0x0000000230000000           DFREXP                    r35            ,r18            
0xb800000000000014 0x0000000120000000           DFREXP                    r18            ,r20            
0xb800000000000004 0x0000000040000000           DFREXP                    r4             ,r4             
0xb800000000000008 0x0000000270000000           DFREXP                    r39            ,r8             
0xb800000000000010 0x00000002c0000000           DFREXP                    r44            ,r16            
0xb800000000000018 0x00000000d0000000           DFREXP                    r13            ,r24            
0x480000000000001c 0x0000007000000000           MOV                       r7             ,r28            
0x480000000000001f 0x000002a000000000           MOV                       r42            ,r31            
0x480000000000000c 0x000002b000000000           MOV                       r43            ,r12            
0x4800000000000022 0x000002f000000000           MOV                       r47            ,r34            
0x4800000000000025 0x0000030000000000           MOV                       r48            ,r37            
0x4800000000000014 0x0000031000000000           MOV                       r49            ,r20            
0x6000000000000006 0x1000000004000002           EMITF                     vso[2].xy      ,r6             
0x6000000000000029 0x2000000004000003           EMITF                     vso[3].xyz     ,r41            
0x600000000000002e 0x3000000004000004           EMITF                     vso[4].xyzw    ,r46            
0x480000000000001a 0x1000006000000000           MOV.rp1                   r6             ,r26            
0x480000000000001d 0x1000029000000000           MOV.rp1                   r41            ,r29            
0x4800000000000020 0x100002e000000000           MOV.rp1                   r46            ,r32            
0x4800000000000012 0x1000025000000000           MOV.rp1                   r37            ,r18            
0x60000000000008f0 0x0000000004000000           EMITF                     vso[0].x       ,PDC_0          
0x60000000000008f0 0x0000000004000005           EMITF                     vso[5].x       ,PDC_0          
0x60000000000008f0 0x1000000004000007           EMITF                     vso[7].xy      ,PDC_0          
0x60000000000008f0 0x2000000004000009           EMITF                     vso[9].xyz     ,PDC_0          
0x60000000000008f0 0x300000000400000c           EMITF                     vso[12].xyzw   ,PDC_0          
0x600000000000000f 0x0000000004000001           EMITF                     vso[1].x       ,r15            
0x600000000000000d 0x1000000004000006           EMITF                     vso[6].xy      ,r13            
0x6000000000000004 0x3000000004000008           EMITF                     vso[8].xyzw    ,r4             
0x6000000000000027 0x300000000400000a           EMITF                     vso[10].xyzw   ,r39            
0x600000000000000a 0x100000000400000b           EMITF                     vso[11].xy     ,r10            
0x600000000000002c 0x300000000400000d           EMITF                     vso[13].xyzw   ,r44            
0x6000000000000023 0x300000000c00000e           EMITF.ve                  vso[14].xyzw   ,r35            
0xc300000000000000 0x0000000000000000           JUMP                      0              

