0x4800000000000020 0x1000006000000000           MOV.rp1                   r6             ,r32            
0x4800000000000022 0x100000e000000000           MOV.rp1                   r14            ,r34            
0x4800000000000014 0x3000012000000000           MOV.rp3                   r18            ,r20            
0x4800000000000018 0x3000016000000000           MOV.rp3                   r22            ,r24            
0xb400000000040006 0x00000001e0000000           DMAX                      r30            ,r4             ,r6             
0xb40000000004000e 0x0000000200000000           DMAX                      r32            ,r4             ,r14            
0xb400000000100008 0x0000000040000000           DMAX                      r4             ,r16            ,r8             
0xb40000000010000a 0x0000000060000000           DMAX                      r6             ,r16            ,r10            
0xb40000000010000c 0x0000000080000000           DMAX                      r8             ,r16            ,r12            
0xb4000000001c0012 0x00000000a0000000           DMAX                      r10            ,r28            ,r18            
0xb4000000001c0014 0x00000000c0000000           DMAX                      r12            ,r28            ,r20            
0xb4000000001c0016 0x00000000e0000000           DMAX                      r14            ,r28            ,r22            
0xb4000000001c0018 0x0000000100000000           DMAX                      r16            ,r28            ,r24            
0x60000000000008f0 0x1000000004000000           EMITF                     vso[0].xy      ,PDC_0          
0x60000000000008f0 0x2000000004000001           EMITF                     vso[1].xyz     ,PDC_0          
0x60000000000008f0 0x2000000004000002           EMITF                     vso[2].xyz     ,PDC_0          
0x60000000000008f0 0x3000000004000003           EMITF                     vso[3].xyzw    ,PDC_0          
0x60000000000008f0 0x3000000004000004           EMITF                     vso[4].xyzw    ,PDC_0          
0x60000000000008f0 0x000000000400000a           EMITF                     vso[10].x      ,PDC_0          
0x600000000000001e 0x3000000004000005           EMITF                     vso[5].xyzw    ,r30            
0x6000000000000004 0x3000000004000006           EMITF                     vso[6].xyzw    ,r4             
0x6000000000000008 0x1000000004000007           EMITF                     vso[7].xy      ,r8             
0x600000000000000a 0x3000000004000008           EMITF                     vso[8].xyzw    ,r10            
0x600000000000000e 0x300000000c000009           EMITF.ve                  vso[9].xyzw    ,r14            
0xc300000000000000 0x0000000000000000           JUMP                      0              

