0x60000000000008f0 0x1000000004000005           EMITF                     vso[5].xy      ,PDC_0          
0x60000000000008f0 0x2000000004000006           EMITF                     vso[6].xyz     ,PDC_0          
0x60000000000008f0 0x2000000004000007           EMITF                     vso[7].xyz     ,PDC_0          
0x480000000000000c 0x1000006000000000           MOV.rp1                   r6             ,r12            
0x480000000000000e 0x300000a000000000           MOV.rp3                   r10            ,r14            
0x4800000000000012 0x300000e000000000           MOV.rp3                   r14            ,r18            
0x4800000000000016 0x1000012000000000           MOV.rp1                   r18            ,r22            
0x480000000000001c 0x3000014000000000           MOV.rp3                   r20            ,r28            
0x4800000000000024 0x300001a000000000           MOV.rp3                   r26            ,r36            
0x4800000000000028 0x100001e000000000           MOV.rp1                   r30            ,r40            
0x480000000000002a 0x3000022000000000           MOV.rp3                   r34            ,r42            
0x480000000000002e 0x3000026000000000           MOV.rp3                   r38            ,r46            
0x4800000000000032 0x300002a000000000           MOV.rp3                   r42            ,r50            
0x4800000000000036 0x300002e000000000           MOV.rp3                   r46            ,r54            
0x480000000000003a 0x1000032000000000           MOV.rp1                   r50            ,r58            
0xb500000000080004 0x0000000040000000           DMIN                      r4             ,r8             ,r4             
0xb5000000000c0006 0x0000000060000000           DMIN                      r6             ,r12            ,r6             
0xb5000000000e000a 0x0000000080000000           DMIN                      r8             ,r14            ,r10            
0xb500000000140010 0x00000000a0000000           DMIN                      r10            ,r20            ,r16            
0xb500000000160012 0x00000000c0000000           DMIN                      r12            ,r22            ,r18            
0xb500000000200018 0x00000000e0000000           DMIN                      r14            ,r32            ,r24            
0xb50000000024001a 0x0000000100000000           DMIN                      r16            ,r36            ,r26            
0xb50000000026001c 0x0000000120000000           DMIN                      r18            ,r38            ,r28            
0xb50000000028001e 0x0000000140000000           DMIN                      r20            ,r40            ,r30            
0xb5000000002a0022 0x0000000160000000           DMIN                      r22            ,r42            ,r34            
0xb5000000003c002c 0x0000000180000000           DMIN                      r24            ,r60            ,r44            
0xb5000000003c002e 0x00000001a0000000           DMIN                      r26            ,r60            ,r46            
0xb5000000003c0030 0x00000001c0000000           DMIN                      r28            ,r60            ,r48            
0xb5000000003c0032 0x00000001e0000000           DMIN                      r30            ,r60            ,r50            
0x6000000000000004 0x100000000400000a           EMITF                     vso[10].xy     ,r4             
0x6000000000000006 0x3000000004000000           EMITF                     vso[0].xyzw    ,r6             
0x600000000000000a 0x3000000004000001           EMITF                     vso[1].xyzw    ,r10            
0x600000000000000e 0x1000000004000002           EMITF                     vso[2].xy      ,r14            
0x6000000000000010 0x3000000004000003           EMITF                     vso[3].xyzw    ,r16            
0x6000000000000014 0x3000000004000004           EMITF                     vso[4].xyzw    ,r20            
0x6000000000000018 0x3000000004000008           EMITF                     vso[8].xyzw    ,r24            
0x600000000000001c 0x300000000c000009           EMITF.ve                  vso[9].xyzw    ,r28            
0xc300000000000000 0x0000000000000000           JUMP                      0              

