0x28042000001c0020 0x00000f2000000000           FCMP.lt                   p2             ,r28            ,r32            
0x28042000002c0030 0x00000f3000000000           FCMP.lt                   p3             ,r44            ,r48            
0x28042000003c0040 0x00000f4000000000           FCMP.lt                   p4             ,r60            ,r64            
0x28042000001d0021 0x00000f5000000000           FCMP.lt                   p5             ,r29            ,r33            
0x204000f200180014 0x0000000000000000           SEL.s                     r0             ,p2             ,r24            ,r20            
0x28042000002d0031 0x00000f2000000000           FCMP.lt                   p2             ,r45            ,r49            
0x28042000002e0032 0x00000f6000000000           FCMP.lt                   p6             ,r46            ,r50            
0x204000f300280024 0x0000005000000000           SEL.s                     r5             ,p3             ,r40            ,r36            
0x28042000003d0041 0x00000f3000000000           FCMP.lt                   p3             ,r61            ,r65            
0x204000f400380034 0x0000009000000000           SEL.s                     r9             ,p4             ,r56            ,r52            
0x28042000003e0042 0x00000f4000000000           FCMP.lt                   p4             ,r62            ,r66            
0x204000f500190015 0x86000ff005000000           SEL.s                     void           ,p5             ,r25            ,r21            
                                               +EMITF                     vso[0].y       ,fwd            
0x28042000003f0043 0x00000f5000000000           FCMP.lt                   p5             ,r63            ,r67            
0x204000f200290025 0x86000ff005000001           SEL.s                     void           ,p2             ,r41            ,r37            
                                               +EMITF                     vso[1].y       ,fwd            
0x28042000000c0010 0x00000f2000000000           FCMP.lt                   p2             ,r12            ,r16            
0x204000f6002a0026 0x86000ff006000001           SEL.s                     void           ,p6             ,r42            ,r38            
                                               +EMITF                     vso[1].z       ,fwd            
0x204000f300390035 0x86000ff005000002           SEL.s                     void           ,p3             ,r57            ,r53            
                                               +EMITF                     vso[2].y       ,fwd            
0x204000f4003a0036 0x86000ff006000002           SEL.s                     void           ,p4             ,r58            ,r54            
                                               +EMITF                     vso[2].z       ,fwd            
0x204000f5003b0037 0x86000ff007000002           SEL.s                     void           ,p5             ,r59            ,r55            
                                               +EMITF                     vso[2].w       ,fwd            
0x6000000000000000 0x0000000004000000           EMITF                     vso[0].x       ,r0             
0x6000000000000005 0x0000000004000001           EMITF                     vso[1].x       ,r5             
0x6000000000000009 0x0000000004000002           EMITF                     vso[2].x       ,r9             
0x204000f200080004 0x86000ff00c000003           SEL.s                     void           ,p2             ,r8             ,r4             
                                               +EMITF.ve                  vso[3].x       ,fwd            
0xc300000000000000 0x0000000000000000           JUMP                      0              

