0x4b00000000000000 0x000000e000000000           MOVIMM                    r14            ,0x0            
0x480000000000000e 0x000400f000000000           MOV.dly1                  r15            ,r14            
0xb60000000018000e 0x0000000002000000           DCMP.lt                   r0             ,r24            ,r14            
0xb6000000000e0018 0x0000000012000000           DCMP.lt                   r1             ,r14            ,r24            
0xb60000000004000e 0x0000000022000000           DCMP.lt                   r2             ,r4             ,r14            
0xb60000000006000e 0x0000000182000000           DCMP.lt                   r24            ,r6             ,r14            
0xb6000000000e0004 0x0000000032000000           DCMP.lt                   r3             ,r14            ,r4             
0xb6000000000e0006 0x0000000042000000           DCMP.lt                   r4             ,r14            ,r6             
0x480000000000000e 0x0000005000000000           MOV                       r5             ,r14            
0x4800000000000000 0x00000f6000000000           MOV                       p6             ,r0             
0x4b0000003ff00000 0x0000006000000000           MOVIMM                    r6             ,0x3ff00000     
0x4800000000000001 0x00000f2000000000           MOV                       p2             ,r1             
0x4800000000000002 0x00000f3000000000           MOV                       p3             ,r2             
0x4800000000000018 0x00000f4000000000           MOV                       p4             ,r24            
0x4800000000000003 0x00000f5000000000           MOV                       p5             ,r3             
0x4800000000000008 0x1000007000000000           MOV.rp1                   r7             ,r8             
0x204000f60005000e 0x0000018000000000           SEL.s                     r24            ,p6             ,r5             ,r14            
0x204000f20005000e 0x000001a000000000           SEL.s                     r26            ,p2             ,r5             ,r14            
0x204000f30005000e 0x000001c000000000           SEL.s                     r28            ,p3             ,r5             ,r14            
0x204000f40005000e 0x000001e000000000           SEL.s                     r30            ,p4             ,r5             ,r14            
0x204000f50005000e 0x0000020000000000           SEL.s                     r32            ,p5             ,r5             ,r14            
0x204000f60006000f 0x0000019000000000           SEL.s                     r25            ,p6             ,r6             ,r15            
0x4800000000000004 0x00000f6000000000           MOV                       p6             ,r4             
0x204000f60005000e 0x0000004000000000           SEL.s                     r4             ,p6             ,r5             ,r14            
0x204000f20006000f 0x000001b000000000           SEL.s                     r27            ,p2             ,r6             ,r15            
0x204000f30006000f 0x000001d000000000           SEL.s                     r29            ,p3             ,r6             ,r15            
0x204000f40006000f 0x000001f000000000           SEL.s                     r31            ,p4             ,r6             ,r15            
0x204000f50006000f 0x0000021000000000           SEL.s                     r33            ,p5             ,r6             ,r15            
0x204000f60006000f 0x0000005000000000           SEL.s                     r5             ,p6             ,r6             ,r15            
0xb2000000801a0018 0x00000000e0000000           DADD                      r14            ,-r26           ,r24            
0xb20000008020001c 0x0000000180000000           DADD                      r24            ,-r32           ,r28            
0xb20000008004001e 0x00000001a0000000           DADD                      r26            ,-r4            ,r30            
0xb200000008f04007 0x0000000040000000           DADD                      r4             ,PDC_0          ,|r7|           
0xb200000008f0400a 0x0000000060000000           DADD                      r6             ,PDC_0          ,|r10|          
0xb200000008f0400c 0x0000000080000000           DADD                      r8             ,PDC_0          ,|r12|          
0xb200000008f04010 0x00000000a0000000           DADD                      r10            ,PDC_0          ,|r16|          
0xb200000008f04012 0x00000000c0000000           DADD                      r12            ,PDC_0          ,|r18|          
0xb200000008f04014 0x0000000100000000           DADD                      r16            ,PDC_0          ,|r20|          
0xb200000008f04016 0x0000000120000000           DADD                      r18            ,PDC_0          ,|r22|          
0x60000000000008f0 0x0000000004000004           EMITF                     vso[4].x       ,PDC_0          
0x60000000000008f0 0x1000000004000005           EMITF                     vso[5].xy      ,PDC_0          
0x60000000000008f0 0x2000000004000006           EMITF                     vso[6].xyz     ,PDC_0          
0x60000000000008f0 0x3000000004000007           EMITF                     vso[7].xyzw    ,PDC_0          
0x6000000000000018 0x3000000004000009           EMITF                     vso[9].xyzw    ,r24            
0x6000000000000004 0x3000000004000000           EMITF                     vso[0].xyzw    ,r4             
0x6000000000000008 0x1000000004000001           EMITF                     vso[1].xy      ,r8             
0x600000000000000a 0x3000000004000002           EMITF                     vso[2].xyzw    ,r10            
0x6000000000000010 0x3000000004000003           EMITF                     vso[3].xyzw    ,r16            
0x600000000000000e 0x100000000c000008           EMITF.ve                  vso[8].xy      ,r14            
0xc300000000000000 0x0000000000000000           JUMP                      0              

