0x4800000000000008 0x1000006000000000           MOV.rp1                   r6             ,r8             
0xb200000080100006 0x0000000140000000           DADD                      r20            ,-r16           ,r6             
0xb200000080100004 0x0000000060000000           DADD                      r6             ,-r16           ,r4             
0x480000000000000a 0x1000004000000000           MOV.rp1                   r4             ,r10            
0xb200000080100004 0x00000000e0000000           DADD                      r14            ,-r16           ,r4             
0xb20000008010000c 0x0000000080000000           DADD                      r8             ,-r16           ,r12            
0x3300002c07ff0015 0x0000001000000000           ANDI                      r1             ,0x7ff          ,r21 >> 20      
0x3300002c07ff0007 0x0000000000000000           ANDI                      r0             ,0x7ff          ,r7 >> 20       
0x0744000080000001 0x0004016000000000           IADD.s.dly1               r22            ,-r0            ,r1             
0x3940000002ff0016 0x00040f4000000000           ICMPI.s.gt.dly1           p4             ,767            ,r22            
0xcb001000000a80f4 0x0000400000000000    @p1    BA.ikeep.ds2              .LABEL_0       ,~p4            
0x48000000000000f4 0x00000f2000000000               MOV                   p2             ,p4             
0x48000000000080f4 0x00000f3000000000               MOV                   p3             ,~p4            
0x48000000000000f2 0x00000f4000000000           MOV                       p4             ,p2             
0xb800000000000006 0x00010000a0000000    @p4    DFREXP                    r10            ,r6             
0x0a4000000080000c 0x0001000000000000    @p4    IADDI.s                   r0             ,128            ,r12            
0xb70000000000000a 0x0001000100000000    @p4    DLDEXP                    r16            ,r0             ,r10            
0xcb001000002400f4 0x0000400000000000    @p1    BA.ikeep.ds2              .LABEL_1       ,p4             
0x4800000000000014 0x1001012000000000        @p4    MOV.rp1               r18            ,r20            
0x48000000000008f9 0x00010f2000000000        @p4    MOV                   p2             ,PDC_1IN        
__________________    .LABEL_0:
0x48000000000000f3 0x00000f5000000000           MOV                       p5             ,p3             
0x3300002c07ff0007 0x0001402000000000    @p5    ANDI                      r2             ,0x7ff          ,r7 >> 20       
0x3940000000350001 0x00014f3000000000    @p5    ICMPI.s.gt                p3             ,53             ,r1             
0x3940500000000002 0x00014f4000000000    @p5    ICMPI.s.ne                p4             ,0              ,r2             
0x2f00000000f300f4 0x00014f6000000000    @p5    AND                       p6             ,p3             ,p4             
0x2f00000000f600f5 0x00000f7000000000           AND                       p7             ,p6             ,p5             
0xcb002000000d00f7 0x0000400000000000    @p1    BA.ikeep.ds4              .LABEL_2       ,p7             
0x4b00000000000000 0x00000f3000000000               MOVIMM                p3             ,0x0            
0x4b00000000000000 0x00000f4000000000               MOVIMM                p4             ,0x0            
0x2f00000000f580f6 0x00014f4000000000        @p5    AND                   p4             ,p5             ,~p6            
0x2f00000000f500f6 0x00014f3000000000        @p5    AND                   p3             ,p5             ,p6             
0xb800000000000006 0x00010000a0000000    @p4    DFREXP                    r10            ,r6             
0xb800000000000014 0x0001000170000000    @p4    DFREXP                    r23            ,r20            
0x0a4000000080000c 0x0001000000000000    @p4    IADDI.s                   r0             ,128            ,r12            
0xb70000000000000a 0x0001000100000000    @p4    DLDEXP                    r16            ,r0             ,r10            
0x0a40000000800019 0x0001000000000000    @p4    IADDI.s                   r0             ,128            ,r25            
0xb700000000000017 0x0001000120000000    @p4    DLDEXP                    r18            ,r0             ,r23            
0xcb000800001000f4 0x0000400000000000    @p1    BA.ikeep.ds1              .LABEL_1       ,p4             
0x48000000000008f0 0x00010f2000000000        @p4    MOV                   p2             ,PDC_0          
__________________    .LABEL_2:
0x48000000000000f3 0x00000f4000000000           MOV                       p4             ,p3             
0x4b00000000000000 0x00000f3000000000           MOVIMM                    p3             ,0x0            
0x3940200007fe0000 0x00010f5000000000    @p4    ICMPI.s.lt                p5             ,2046           ,r0             
0x4800000000000006 0x1001010000000000    @p4    MOV.rp1                   r16            ,r6             
0x4800000000000014 0x1001012000000000    @p4    MOV.rp1                   r18            ,r20            
0x48000000000008f0 0x00010f2000000000    @p4    MOV                       p2             ,PDC_0          
0x2f00000000f480f5 0x00010f3000000000    @p4    AND                       p3             ,p4             ,~p5            
0xb800000000000006 0x0000c000a0000000    @p3    DFREXP                    r10            ,r6             
0xb800000000000014 0x0000c00170000000    @p3    DFREXP                    r23            ,r20            
0x0a400000ff80000c 0x0000c00000000000    @p3    IADDI.s                   r0             ,-128           ,r12            
0xb70000000000000a 0x0000c00100000000    @p3    DLDEXP                    r16            ,r0             ,r10            
0x0a400000ff800019 0x0000c00000000000    @p3    IADDI.s                   r0             ,-128           ,r25            
0xb700000000000017 0x0000c00120000000    @p3    DLDEXP                    r18            ,r0             ,r23            
0x48000000000008f0 0x0000cf2000000000    @p3    MOV                       p2             ,PDC_0          
__________________    .LABEL_1:
0x4b0000007fffffff 0x0000003000000000           MOVIMM                    r3             ,0x7fffffff     
0x4b000000000fffff 0x0000000000000000           MOVIMM                    r0             ,0xfffff        
0x2f04000000030015 0x0000017000000000           AND                       r23            ,r3             ,r21            
0x2f04000000030007 0x0000002000000000           AND                       r2             ,r3             ,r7             
0x4b0000007ff00000 0x0000001000000000           MOVIMM                    r1             ,0x7ff00000     
0x2f04000000000015 0x0000004000000000           AND                       r4             ,r0             ,r21            
0x2f04000000000007 0x0000005000000000           AND                       r5             ,r0             ,r7             
0x3104000000010017 0x000000a000000000           XOR                       r10            ,r1             ,r23            
0x3104000000010002 0x000000b000000000           XOR                       r11            ,r1             ,r2             
0x3300002c07ff0015 0x000000c000000000           ANDI                      r12            ,0x7ff          ,r21 >> 20      
0x3004000000040014 0x0000004000000000           OR                        r4             ,r4             ,r20            
0x3300002c07ff0007 0x000000d000000000           ANDI                      r13            ,0x7ff          ,r7 >> 20       
0x3004000000050006 0x0000005000000000           OR                        r5             ,r5             ,r6             
0x3004000000020017 0x0000002000000000           OR                        r2             ,r2             ,r23            
0x3004000000060014 0x0000019000000000           OR                        r25            ,r6             ,r20            
0x30040000000a0014 0x000000a000000000           OR                        r10            ,r10            ,r20            
0x30040000000b0006 0x0000018000000000           OR                        r24            ,r11            ,r6             
0x3940400007ff000c 0x00000f3000000000           ICMPI.s.eq                p3             ,2047           ,r12            
0x3940500000000004 0x00000f4000000000           ICMPI.s.ne                p4             ,0              ,r4             
0x3940400007ff000d 0x00000f5000000000           ICMPI.s.eq                p5             ,2047           ,r13            
0x3940500000000005 0x00000f6000000000           ICMPI.s.ne                p6             ,0              ,r5             
0x3004000000020019 0x0000002000000000           OR                        r2             ,r2             ,r25            
0x4b00000000000000 0x0000004000000000           MOVIMM                    r4             ,0x0            
0x2f00000000f400f3 0x00000f3000000000           AND                       p3             ,p4             ,p3             
0x2f00000000f600f5 0x00000f4000000000           AND                       p4             ,p6             ,p5             
0x300400000018000a 0x0000005000000000           OR                        r5             ,r24            ,r10            
0x3940400000000002 0x00000f5000000000           ICMPI.s.eq                p5             ,0              ,r2             
0x3000000000f400f3 0x00000f3000000000           OR                        p3             ,p4             ,p3             
0x3940400000000005 0x00000f4000000000           ICMPI.s.eq                p4             ,0              ,r5             
0x3000000000f500f3 0x00000f3000000000           OR                        p3             ,p5             ,p3             
0x4800000000000004 0x000000a000000000           MOV                       r10            ,r4             
0x3000000000f400f3 0x00000f4000000000           OR                        p4             ,p4             ,p3             
0xcb002800005800f4 0x0000400000000000    @p1    BA.ikeep.ds5              .LABEL_3       ,p4             
0x4b000000800fffff 0x0000002000000000               MOVIMM                r2             ,0x800fffff     
0x4b0000003ff00000 0x0000005000000000               MOVIMM                r5             ,0x3ff00000     
0x4b0000007ff80000 0x000000b000000000               MOVIMM                r11            ,0x7ff80000     
0x480000000000000a 0x100000c000000000               MOV.rp1               r12            ,r10            
0x48000000000080f4 0x00000f3000000000               MOV                   p3             ,~p4            
0x48000000000000f3 0x00000f4000000000           MOV                       p4             ,p3             
0x3104000000070015 0x000100a000000000    @p4    XOR                       r10            ,r7             ,r21            
0x3004000000170014 0x000100c000000000    @p4    OR                        r12            ,r23            ,r20            
0x0a0000210000000a 0x000100a000000000    @p4    IADDI                     r10            ,0x0            ,r10 >> 31      
0x3940400000000018 0x00010f3000000000    @p4    ICMPI.s.eq                p3             ,0              ,r24            
0x394040000000000c 0x00010f5000000000    @p4    ICMPI.s.eq                p5             ,0              ,r12            
0x39402000fbcd0016 0x00010f7000000000    @p4    ICMPI.s.lt                p7             ,-1075          ,r22            
0x3000000000f500f3 0x00010f3000000000    @p4    OR                        p3             ,p5             ,p3             
0x4b00000080000000 0x000100c000000000    @p4    MOVIMM                    r12            ,0x80000000     
0x4800000000002004 0x1001014000000000    @p4    MOV.rp1                   r20            ,r4.rp0         
0x3000000000f700f3 0x00010f5000000000    @p4    OR                        p5             ,p7             ,p3             
0x2f00000000f500f4 0x00000f7000000000           AND                       p7             ,p5             ,p4             
0xcb002800004600f7 0x0000400000000000    @p1    BA.ikeep.ds5              .LABEL_3       ,p7             
0x480000000000000a 0x00010f6000000000        @p4    MOV                   p6             ,r10            
0x4b00000000000000 0x00000f3000000000               MOVIMM                p3             ,0x0            
0x204000f6000c0004 0x000100d000000000        @p4    SEL.s                 r13            ,p6             ,r12            ,r4             
0x204000f600140015 0x000100c000000000        @p4    SEL.s                 r12            ,p6             ,r20            ,r21            
0x2f00000000f480f5 0x00010f3000000000        @p4    AND                   p3             ,p4             ,~p5            
0xb800000000000010 0x0000c00140000000    @p3    DFREXP                    r20            ,r16            
0x3300002c07ff0011 0x0000c0a000000000    @p3    ANDI                      r10            ,0x7ff          ,r17 >> 20      
0x48000000000008f8 0x0000c17000000000    @p3    MOV                       r23            ,PDC_1I         
0x39000000077f000a 0x0000cf5000000000    @p3    ICMPI.gt                  p5             ,0x77f          ,r10            
0x48000000000008f0 0x0000c18000000000    @p3    MOV                       r24            ,PDC_0          
0x4b000000fff00000 0x0000c0a000000000    @p3    MOVIMM                    r10            ,0xfff00000     
0x0a400000ff800016 0x0000c0c000000000    @p3    IADDI.s                   r12            ,-128           ,r22            
0x4800000000000004 0x0000c16000000000    @p3    MOV                       r22            ,r4             
0xb7000000000c0014 0x0000c00140000000    @p3    DLDEXP                    r20            ,r12            ,r20            
0x4800000000000004 0x0000c0c000000000    @p3    MOV                       r12            ,r4             
0x4b00000000000000 0x00000f4000000000           MOVIMM                    p4             ,0x0            
0x204000f6000a0001 0x0000c0d000000000    @p3    SEL.s                     r13            ,p6             ,r10            ,r1             
0x204000f60016000c 0x0000c0c000000000    @p3    SEL.s                     r12            ,p6             ,r22            ,r12            
0x204000f500150011 0x0000c15000000000    @p3    SEL.s                     r21            ,p5             ,r21            ,r17            
0x204000f500140010 0x0000c14000000000    @p3    SEL.s                     r20            ,p5             ,r20            ,r16            
0x2f04000000020015 0x0000c0a000000000    @p3    AND                       r10            ,r2             ,r21            
0x4800000000000014 0x0000c19000000000    @p3    MOV                       r25            ,r20            
0x300400000005000a 0x0000c1a000000000    @p3    OR                        r26            ,r5             ,r10            
0xb900000000000019 0x0000c00194000000    @p3    DP2FP.ov.rne              r25            ,r25            
0x0a00002c00000015 0x0000c0a000000000    @p3    IADDI                     r10            ,0x0            ,r21 >> 20      
0x2f04000000008015 0x0000c16000000000    @p3    AND                       r22            ,r0             ,~r21           
0x3004000000168014 0x0004c16000000000    @p3    OR.dly1                   r22            ,r22            ,~r20           
0x3940400000000016 0x0004cf6000000000    @p3    ICMPI.s.eq.dly1           p6             ,0              ,r22            
0xa000000000000019 0x0000c00190000000    @p3    RCP                       r25            ,r25            
0x4800000000000019 0x0000c1a000000000    @p3    MOV                       r26            ,r25            
0xbb00000000000019 0x0000c00190000000    @p3    FP2DP                     r25            ,r25            
0x0a00002c0000001a 0x0000c16000000000    @p3    IADDI                     r22            ,0x0            ,r26 >> 20      
0x2f0400000002001a 0x0000c1a000000000    @p3    AND                       r26            ,r2             ,r26            
0x07440000800a0016 0x0000c0a000000000    @p3    IADD.s                    r10            ,-r10           ,r22            
0x0a40000003ff000a 0x0004c0a000000000    @p3    IADDI.s.dly1              r10            ,1023           ,r10            
0x3300000007ff000a 0x0004c0a000000000    @p3    ANDI.dly1                 r10            ,0x7ff          ,r10            
0x30040014001a000a 0x0004c1a000000000    @p3    OR.dly1                   r26            ,r26            ,r10 << 20      
0xb000000400198014 0x0000c001b0000000    @p3    DFMA                      r27            ,r4             ,r25            ,-r20           
0xb00000190019001b 0x0000c00190000000    @p3    DFMA                      r25            ,r25            ,r25            ,r27            
0xb000000400198014 0x0000c00140000000    @p3    DFMA                      r20            ,r4             ,r25            ,-r20           
0xb000001900190014 0x0000c00140000000    @p3    DFMA                      r20            ,r25            ,r25            ,r20            
0x0804000000170014 0x1000c16000000000    @p3    IADDC                     r22            ,r23            ,r20            
0x204000f600160014 0x0000c14000000000    @p3    SEL.s                     r20            ,p6             ,r22            ,r20            
0x204000f600170015 0x0000c15000000000    @p3    SEL.s                     r21            ,p6             ,r23            ,r21            
0xb800000000000014 0x0000c00160000000    @p3    DFREXP                    r22            ,r20            
0x0a400000ff800018 0x0000c0a000000000    @p3    IADDI.s                   r10            ,-128           ,r24            
0xb7000000000a0016 0x0000c00160000000    @p3    DLDEXP                    r22            ,r10            ,r22            
0x204000f500160014 0x0000c14000000000    @p3    SEL.s                     r20            ,p5             ,r22            ,r20            
0x204000f500170015 0x0000c15000000000    @p3    SEL.s                     r21            ,p5             ,r23            ,r21            
0xb000000400148010 0x0000c00160000000    @p3    DFMA                      r22            ,r4             ,r20            ,-r16           
0xb000001400160014 0x0000c00140000000    @p3    DFMA                      r20            ,r20            ,r22            ,r20            
0xb000000400148010 0x0000c00160000000    @p3    DFMA                      r22            ,r4             ,r20            ,-r16           
0xb000001400160014 0x0000c00140000000    @p3    DFMA                      r20            ,r20            ,r22            ,r20            
0xb100000000140012 0x0000c00160000000    @p3    DMUL                      r22            ,r20            ,r18            
0xb000001200168010 0x0000c00100000000    @p3    DFMA                      r16            ,r18            ,r22            ,-r16           
0xb000001600140010 0x0000c00100000000    @p3    DFMA                      r16            ,r22            ,r20            ,r16            
0xb800000000000010 0x0000c00120000000    @p3    DFREXP                    r18            ,r16            
0x0a40000000800014 0x0000c0a000000000    @p3    IADDI.s                   r10            ,128            ,r20            
0xb7000000000a0012 0x0000c00120000000    @p3    DLDEXP                    r18            ,r10            ,r18            
0x204000f200130011 0x0000c11000000000    @p3    SEL.s                     r17            ,p2             ,r19            ,r17            
0x204000f200120010 0x0000c10000000000    @p3    SEL.s                     r16            ,p2             ,r18            ,r16            
0x2f04000000000011 0x0000c0a000000000    @p3    AND                       r10            ,r0             ,r17            
0x3300002c07ff0011 0x0000c12000000000    @p3    ANDI                      r18            ,0x7ff          ,r17 >> 20      
0x30040000000a0010 0x0000c0a000000000    @p3    OR                        r10            ,r10            ,r16            
0x3940400007ff0012 0x0000cf2000000000    @p3    ICMPI.s.eq                p2             ,2047           ,r18            
0x394050000000000a 0x0000cf5000000000    @p3    ICMPI.s.ne                p5             ,0              ,r10            
0x2f00000000f500f2 0x0000cf2000000000    @p3    AND                       p2             ,p5             ,p2             
0x2f00000000f380f2 0x0000cf4000000000    @p3    AND                       p4             ,p3             ,~p2            
0x4800000000000010 0x100100c000000000    @p4    MOV.rp1                   r12            ,r16            
__________________    .LABEL_3:
0x3300002c07ff000f 0x0000010000000000           ANDI                      r16            ,0x7ff          ,r15 >> 20      
0x3300002c07ff0007 0x000000a000000000           ANDI                      r10            ,0x7ff          ,r7 >> 20       
0x07440000800a0010 0x0004016000000000           IADD.s.dly1               r22            ,-r10           ,r16            
0x3940000002ff0016 0x00040f4000000000           ICMPI.s.gt.dly1           p4             ,767            ,r22            
0xcb001000002500f4 0x0000400000000000    @p1    BA.ikeep.ds2              .LABEL_4       ,p4             
0x48000000000080f4 0x00000f2000000000               MOV                   p2             ,~p4            
0x48000000000000f4 0x00000f3000000000               MOV                   p3             ,p4             
0x48000000000000f2 0x00000f5000000000           MOV                       p5             ,p2             
0x3300002c07ff0007 0x0001411000000000    @p5    ANDI                      r17            ,0x7ff          ,r7 >> 20       
0x3940000000350010 0x00014f2000000000    @p5    ICMPI.s.gt                p2             ,53             ,r16            
0x3940500000000011 0x00014f4000000000    @p5    ICMPI.s.ne                p4             ,0              ,r17            
0x2f00000000f200f4 0x00014f6000000000    @p5    AND                       p6             ,p2             ,p4             
0x2f00000080f600f5 0x00000f7000000000           AND                       p7             ,~p6            ,p5             
0xcb002000001400f7 0x0000400000000000    @p1    BA.ikeep.ds4              .LABEL_5       ,p7             
0x4b00000000000000 0x00000f4000000000               MOVIMM                p4             ,0x0            
0x4b00000000000000 0x00000f2000000000               MOVIMM                p2             ,0x0            
0x2f00000000f500f6 0x00014f2000000000        @p5    AND                   p2             ,p5             ,p6             
0x2f00000000f580f6 0x00014f4000000000        @p5    AND                   p4             ,p5             ,~p6            
0x48000000000000f2 0x00000f5000000000           MOV                       p5             ,p2             
0x4b00000000000000 0x00000f6000000000           MOVIMM                    p6             ,0x0            
0x3940200007fe000a 0x00014f7000000000    @p5    ICMPI.s.lt                p7             ,2046           ,r10            
0x4800000000000006 0x1001412000000000    @p5    MOV.rp1                   r18            ,r6             
0x480000000000000e 0x1001414000000000    @p5    MOV.rp1                   r20            ,r14            
0x2f00000000f580f7 0x00014f6000000000    @p5    AND                       p6             ,p5             ,~p7            
0xb800000000000006 0x0001800100000000    @p6    DFREXP                    r16            ,r6             
0xb80000000000000e 0x0001800170000000    @p6    DFREXP                    r23            ,r14            
0x0a400000ff800012 0x000180a000000000    @p6    IADDI.s                   r10            ,-128           ,r18            
0xb7000000000a0010 0x0001800120000000    @p6    DLDEXP                    r18            ,r10            ,r16            
0x0a400000ff800019 0x000180a000000000    @p6    IADDI.s                   r10            ,-128           ,r25            
0xb7000000000a0017 0x0001800140000000    @p6    DLDEXP                    r20            ,r10            ,r23            
0xcb001000001000f5 0x0000400000000000    @p1    BA.ikeep.ds2              .LABEL_6       ,p5             
0x48000000000008f0 0x00014f2000000000        @p5    MOV                   p2             ,PDC_0          
0x48000000000008f0 0x00018f2000000000        @p6    MOV                   p2             ,PDC_0          
__________________    .LABEL_5:
0xb800000000000006 0x0001000100000000    @p4    DFREXP                    r16            ,r6             
0xb80000000000000e 0x0001000170000000    @p4    DFREXP                    r23            ,r14            
0x0a40000000800012 0x000100a000000000    @p4    IADDI.s                   r10            ,128            ,r18            
0xb7000000000a0010 0x0001000120000000    @p4    DLDEXP                    r18            ,r10            ,r16            
0x0a40000000800019 0x000100a000000000    @p4    IADDI.s                   r10            ,128            ,r25            
0xb7000000000a0017 0x0001000140000000    @p4    DLDEXP                    r20            ,r10            ,r23            
0xcb000800000700f4 0x0000400000000000    @p1    BA.ikeep.ds1              .LABEL_6       ,p4             
0x48000000000008f0 0x00010f2000000000        @p4    MOV                   p2             ,PDC_0          
__________________    .LABEL_4:
0xb800000000000006 0x0000c00100000000    @p3    DFREXP                    r16            ,r6             
0x480000000000000e 0x1000c14000000000    @p3    MOV.rp1                   r20            ,r14            
0x48000000000008f9 0x0000cf2000000000    @p3    MOV                       p2             ,PDC_1IN        
0x0a40000000800012 0x0000c0a000000000    @p3    IADDI.s                   r10            ,128            ,r18            
0xb7000000000a0010 0x0000c00120000000    @p3    DLDEXP                    r18            ,r10            ,r16            
__________________    .LABEL_6:
0x2f0400000003000f 0x0000017000000000           AND                       r23            ,r3             ,r15            
0x2f04000000030007 0x000000a000000000           AND                       r10            ,r3             ,r7             
0x2f0400000000000f 0x0000010000000000           AND                       r16            ,r0             ,r15            
0x2f04000000000007 0x0000011000000000           AND                       r17            ,r0             ,r7             
0x3104000000010017 0x0000018000000000           XOR                       r24            ,r1             ,r23            
0x310400000001000a 0x0000019000000000           XOR                       r25            ,r1             ,r10            
0x3300002c07ff000f 0x000001a000000000           ANDI                      r26            ,0x7ff          ,r15 >> 20      
0x300400000010000e 0x0000010000000000           OR                        r16            ,r16            ,r14            
0x3300002c07ff0007 0x000001b000000000           ANDI                      r27            ,0x7ff          ,r7 >> 20       
0x3004000000110006 0x0000011000000000           OR                        r17            ,r17            ,r6             
0x30040000000a0017 0x000000a000000000           OR                        r10            ,r10            ,r23            
0x300400000006000e 0x000001c000000000           OR                        r28            ,r6             ,r14            
0x300400000018000e 0x000001d000000000           OR                        r29            ,r24            ,r14            
0x3004000000190006 0x0000018000000000           OR                        r24            ,r25            ,r6             
0x3940400007ff001a 0x00000f3000000000           ICMPI.s.eq                p3             ,2047           ,r26            
0x3940500000000010 0x00000f4000000000           ICMPI.s.ne                p4             ,0              ,r16            
0x3940400007ff001b 0x00000f5000000000           ICMPI.s.eq                p5             ,2047           ,r27            
0x3940500000000011 0x00000f6000000000           ICMPI.s.ne                p6             ,0              ,r17            
0x30040000000a001c 0x000000a000000000           OR                        r10            ,r10            ,r28            
0x2f00000000f400f3 0x00000f3000000000           AND                       p3             ,p4             ,p3             
0x2f00000000f600f5 0x00000f4000000000           AND                       p4             ,p6             ,p5             
0x300400000018001d 0x0000010000000000           OR                        r16            ,r24            ,r29            
0x394040000000000a 0x00000f5000000000           ICMPI.s.eq                p5             ,0              ,r10            
0x3000000000f400f3 0x00000f3000000000           OR                        p3             ,p4             ,p3             
0x3940400000000010 0x00000f4000000000           ICMPI.s.eq                p4             ,0              ,r16            
0x3000000000f500f3 0x00000f3000000000           OR                        p3             ,p5             ,p3             
0x3000000000f400f3 0x00000f4000000000           OR                        p4             ,p4             ,p3             
0xcb001800005600f4 0x0000400000000000    @p1    BA.ikeep.ds3              .LABEL_7       ,p4             
0x4800000000000004 0x000000a000000000               MOV                   r10            ,r4             
0x480000000000000a 0x1004010000000000               MOV.rp1.dly1          r16            ,r10            
0x48000000000080f4 0x00000f3000000000               MOV                   p3             ,~p4            
0x48000000000000f3 0x00000f4000000000           MOV                       p4             ,p3             
0x310400000007000f 0x000100a000000000    @p4    XOR                       r10            ,r7             ,r15            
0x300400000017000e 0x000100e000000000    @p4    OR                        r14            ,r23            ,r14            
0x0a0000210000000a 0x000100a000000000    @p4    IADDI                     r10            ,0x0            ,r10 >> 31      
0x3940400000000018 0x00010f3000000000    @p4    ICMPI.s.eq                p3             ,0              ,r24            
0x394040000000000e 0x00010f5000000000    @p4    ICMPI.s.eq                p5             ,0              ,r14            
0x39402000fbcd0016 0x00010f7000000000    @p4    ICMPI.s.lt                p7             ,-1075          ,r22            
0x3000000000f500f3 0x00010f3000000000    @p4    OR                        p3             ,p5             ,p3             
0x4b00000080000000 0x000100e000000000    @p4    MOVIMM                    r14            ,0x80000000     
0x4800000000002004 0x100100f000000000    @p4    MOV.rp1                   r15            ,r4.rp0         
0x3000000000f700f3 0x00010f5000000000    @p4    OR                        p5             ,p7             ,p3             
0x2f00000000f500f4 0x00000f7000000000           AND                       p7             ,p5             ,p4             
0xcb002800004600f7 0x0000400000000000    @p1    BA.ikeep.ds5              .LABEL_7       ,p7             
0x480000000000000a 0x00010f6000000000        @p4    MOV                   p6             ,r10            
0x4b00000000000000 0x00000f3000000000               MOVIMM                p3             ,0x0            
0x204000f6000e0004 0x0001011000000000        @p4    SEL.s                 r17            ,p6             ,r14            ,r4             
0x204000f6000f0010 0x0001010000000000        @p4    SEL.s                 r16            ,p6             ,r15            ,r16            
0x2f00000000f480f5 0x00010f3000000000        @p4    AND                   p3             ,p4             ,~p5            
0xb800000000000012 0x0000c000e0000000    @p3    DFREXP                    r14            ,r18            
0x3300002c07ff0013 0x0000c0a000000000    @p3    ANDI                      r10            ,0x7ff          ,r19 >> 20      
0x48000000000008f8 0x0000c16000000000    @p3    MOV                       r22            ,PDC_1I         
0x39000000077f000a 0x0000cf5000000000    @p3    ICMPI.gt                  p5             ,0x77f          ,r10            
0x48000000000008f0 0x0000c17000000000    @p3    MOV                       r23            ,PDC_0          
0x4b000000fff00000 0x0000c0a000000000    @p3    MOVIMM                    r10            ,0xfff00000     
0x0a400000ff800010 0x0000c10000000000    @p3    IADDI.s                   r16            ,-128           ,r16            
0x4800000000000004 0x0000c18000000000    @p3    MOV                       r24            ,r4             
0xb70000000010000e 0x0000c000e0000000    @p3    DLDEXP                    r14            ,r16            ,r14            
0x4800000000000004 0x0000c10000000000    @p3    MOV                       r16            ,r4             
0x4b00000000000000 0x00000f4000000000           MOVIMM                    p4             ,0x0            
0x204000f6000a0001 0x0000c11000000000    @p3    SEL.s                     r17            ,p6             ,r10            ,r1             
0x204000f600180010 0x0000c10000000000    @p3    SEL.s                     r16            ,p6             ,r24            ,r16            
0x204000f5000f0013 0x0000c0f000000000    @p3    SEL.s                     r15            ,p5             ,r15            ,r19            
0x204000f5000e0012 0x0000c0e000000000    @p3    SEL.s                     r14            ,p5             ,r14            ,r18            
0x2f0400000002000f 0x0000c0a000000000    @p3    AND                       r10            ,r2             ,r15            
0x480000000000000e 0x0000c18000000000    @p3    MOV                       r24            ,r14            
0x300400000005000a 0x0000c19000000000    @p3    OR                        r25            ,r5             ,r10            
0xb900000000000018 0x0000c00184000000    @p3    DP2FP.ov.rne              r24            ,r24            
0x0a00002c0000000f 0x0000c0a000000000    @p3    IADDI                     r10            ,0x0            ,r15 >> 20      
0x2f0400000000800f 0x0000c19000000000    @p3    AND                       r25            ,r0             ,~r15           
0x300400000019800e 0x0004c19000000000    @p3    OR.dly1                   r25            ,r25            ,~r14           
0x3940400000000019 0x0004cf6000000000    @p3    ICMPI.s.eq.dly1           p6             ,0              ,r25            
0xa000000000000018 0x0000c00180000000    @p3    RCP                       r24            ,r24            
0x4800000000000018 0x0000c19000000000    @p3    MOV                       r25            ,r24            
0xbb00000000000018 0x0000c00180000000    @p3    FP2DP                     r24            ,r24            
0x0a00002c00000019 0x0000c1a000000000    @p3    IADDI                     r26            ,0x0            ,r25 >> 20      
0x2f04000000020019 0x0000c19000000000    @p3    AND                       r25            ,r2             ,r25            
0x07440000800a001a 0x0000c0a000000000    @p3    IADD.s                    r10            ,-r10           ,r26            
0x0a40000003ff000a 0x0004c0a000000000    @p3    IADDI.s.dly1              r10            ,1023           ,r10            
0x3300000007ff000a 0x0004c0a000000000    @p3    ANDI.dly1                 r10            ,0x7ff          ,r10            
0x300400140019000a 0x0004c19000000000    @p3    OR.dly1                   r25            ,r25            ,r10 << 20      
0xb00000040018800e 0x0000c001a0000000    @p3    DFMA                      r26            ,r4             ,r24            ,-r14           
0xb00000180018001a 0x0000c00180000000    @p3    DFMA                      r24            ,r24            ,r24            ,r26            
0xb00000040018800e 0x0000c000e0000000    @p3    DFMA                      r14            ,r4             ,r24            ,-r14           
0xb00000180018000e 0x0000c000e0000000    @p3    DFMA                      r14            ,r24            ,r24            ,r14            
0x080400000016000e 0x1000c16000000000    @p3    IADDC                     r22            ,r22            ,r14            
0x204000f60016000e 0x0000c0e000000000    @p3    SEL.s                     r14            ,p6             ,r22            ,r14            
0x204000f60017000f 0x0000c0f000000000    @p3    SEL.s                     r15            ,p6             ,r23            ,r15            
0xb80000000000000e 0x0000c00160000000    @p3    DFREXP                    r22            ,r14            
0x0a400000ff800018 0x0000c0a000000000    @p3    IADDI.s                   r10            ,-128           ,r24            
0xb7000000000a0016 0x0000c00160000000    @p3    DLDEXP                    r22            ,r10            ,r22            
0x204000f50016000e 0x0000c0e000000000    @p3    SEL.s                     r14            ,p5             ,r22            ,r14            
0x204000f50017000f 0x0000c0f000000000    @p3    SEL.s                     r15            ,p5             ,r23            ,r15            
0xb0000004000e8012 0x0000c00160000000    @p3    DFMA                      r22            ,r4             ,r14            ,-r18           
0xb000000e0016000e 0x0000c000e0000000    @p3    DFMA                      r14            ,r14            ,r22            ,r14            
0xb0000004000e8012 0x0000c00160000000    @p3    DFMA                      r22            ,r4             ,r14            ,-r18           
0xb000000e0016000e 0x0000c000e0000000    @p3    DFMA                      r14            ,r14            ,r22            ,r14            
0xb1000000000e0014 0x0000c00160000000    @p3    DMUL                      r22            ,r14            ,r20            
0xb000001400168012 0x0000c00120000000    @p3    DFMA                      r18            ,r20            ,r22            ,-r18           
0xb0000016000e0012 0x0000c000e0000000    @p3    DFMA                      r14            ,r22            ,r14            ,r18            
0xb80000000000000e 0x0000c00120000000    @p3    DFREXP                    r18            ,r14            
0x0a40000000800014 0x0000c0a000000000    @p3    IADDI.s                   r10            ,128            ,r20            
0xb7000000000a0012 0x0000c00120000000    @p3    DLDEXP                    r18            ,r10            ,r18            
0x204000f20013000f 0x0000c0f000000000    @p3    SEL.s                     r15            ,p2             ,r19            ,r15            
0x204000f20012000e 0x0000c0e000000000    @p3    SEL.s                     r14            ,p2             ,r18            ,r14            
0x2f0400000000000f 0x0000c0a000000000    @p3    AND                       r10            ,r0             ,r15            
0x3300002c07ff000f 0x0000c12000000000    @p3    ANDI                      r18            ,0x7ff          ,r15 >> 20      
0x30040000000a000e 0x0000c0a000000000    @p3    OR                        r10            ,r10            ,r14            
0x3940400007ff0012 0x0000cf2000000000    @p3    ICMPI.s.eq                p2             ,2047           ,r18            
0x394050000000000a 0x0000cf5000000000    @p3    ICMPI.s.ne                p5             ,0              ,r10            
0x2f00000000f500f2 0x0000cf2000000000    @p3    AND                       p2             ,p5             ,p2             
0x2f00000000f380f2 0x0000cf4000000000    @p3    AND                       p4             ,p3             ,~p2            
0x480000000000000e 0x1001010000000000    @p4    MOV.rp1                   r16            ,r14            
__________________    .LABEL_7:
0x3300002c07ff0009 0x000000e000000000           ANDI                      r14            ,0x7ff          ,r9 >> 20       
0x3300002c07ff0007 0x000000a000000000           ANDI                      r10            ,0x7ff          ,r7 >> 20       
0x07440000800a000e 0x0004014000000000           IADD.s.dly1               r20            ,-r10           ,r14            
0x3940000002ff0014 0x00040f4000000000           ICMPI.s.gt.dly1           p4             ,767            ,r20            
0xcb001000002500f4 0x0000400000000000    @p1    BA.ikeep.ds2              .LABEL_8       ,p4             
0x48000000000080f4 0x00000f2000000000               MOV                   p2             ,~p4            
0x48000000000000f4 0x00000f3000000000               MOV                   p3             ,p4             
0x48000000000000f2 0x00000f5000000000           MOV                       p5             ,p2             
0x3300002c07ff0007 0x000140f000000000    @p5    ANDI                      r15            ,0x7ff          ,r7 >> 20       
0x394000000035000e 0x00014f2000000000    @p5    ICMPI.s.gt                p2             ,53             ,r14            
0x394050000000000f 0x00014f4000000000    @p5    ICMPI.s.ne                p4             ,0              ,r15            
0x2f00000000f200f4 0x00014f6000000000    @p5    AND                       p6             ,p2             ,p4             
0x2f00000080f600f5 0x00000f7000000000           AND                       p7             ,~p6            ,p5             
0xcb002000001400f7 0x0000400000000000    @p1    BA.ikeep.ds4              .LABEL_9       ,p7             
0x4b00000000000000 0x00000f4000000000               MOVIMM                p4             ,0x0            
0x4b00000000000000 0x00000f2000000000               MOVIMM                p2             ,0x0            
0x2f00000000f500f6 0x00014f2000000000        @p5    AND                   p2             ,p5             ,p6             
0x2f00000000f580f6 0x00014f4000000000        @p5    AND                   p4             ,p5             ,~p6            
0x48000000000000f2 0x00000f5000000000           MOV                       p5             ,p2             
0x4b00000000000000 0x00000f6000000000           MOVIMM                    p6             ,0x0            
0x3940200007fe000a 0x00014f7000000000    @p5    ICMPI.s.lt                p7             ,2046           ,r10            
0x4800000000000006 0x100140e000000000    @p5    MOV.rp1                   r14            ,r6             
0x4800000000000008 0x1001412000000000    @p5    MOV.rp1                   r18            ,r8             
0x2f00000000f580f7 0x00014f6000000000    @p5    AND                       p6             ,p5             ,~p7            
0xb800000000000006 0x0001800150000000    @p6    DFREXP                    r21            ,r6             
0xb800000000000008 0x0001800180000000    @p6    DFREXP                    r24            ,r8             
0x0a400000ff800017 0x000180a000000000    @p6    IADDI.s                   r10            ,-128           ,r23            
0xb7000000000a0015 0x00018000e0000000    @p6    DLDEXP                    r14            ,r10            ,r21            
0x0a400000ff80001a 0x000180a000000000    @p6    IADDI.s                   r10            ,-128           ,r26            
0xb7000000000a0018 0x0001800120000000    @p6    DLDEXP                    r18            ,r10            ,r24            
0xcb001000001000f5 0x0000400000000000    @p1    BA.ikeep.ds2              .LABEL_10      ,p5             
0x48000000000008f0 0x00014f2000000000        @p5    MOV                   p2             ,PDC_0          
0x48000000000008f0 0x00018f2000000000        @p6    MOV                   p2             ,PDC_0          
__________________    .LABEL_9:
0xb800000000000006 0x0001000150000000    @p4    DFREXP                    r21            ,r6             
0xb800000000000008 0x0001000180000000    @p4    DFREXP                    r24            ,r8             
0x0a40000000800017 0x000100a000000000    @p4    IADDI.s                   r10            ,128            ,r23            
0xb7000000000a0015 0x00010000e0000000    @p4    DLDEXP                    r14            ,r10            ,r21            
0x0a4000000080001a 0x000100a000000000    @p4    IADDI.s                   r10            ,128            ,r26            
0xb7000000000a0018 0x0001000120000000    @p4    DLDEXP                    r18            ,r10            ,r24            
0xcb000800000700f4 0x0000400000000000    @p1    BA.ikeep.ds1              .LABEL_10      ,p4             
0x48000000000008f0 0x00010f2000000000        @p4    MOV                   p2             ,PDC_0          
__________________    .LABEL_8:
0xb800000000000006 0x0000c00150000000    @p3    DFREXP                    r21            ,r6             
0x4800000000000008 0x1000c12000000000    @p3    MOV.rp1                   r18            ,r8             
0x48000000000008f9 0x0000cf2000000000    @p3    MOV                       p2             ,PDC_1IN        
0x0a40000000800017 0x0000c0a000000000    @p3    IADDI.s                   r10            ,128            ,r23            
0xb7000000000a0015 0x0000c000e0000000    @p3    DLDEXP                    r14            ,r10            ,r21            
__________________    .LABEL_10:
0x2f04000000030009 0x0000015000000000           AND                       r21            ,r3             ,r9             
0x2f04000000030007 0x0000003000000000           AND                       r3             ,r3             ,r7             
0x2f04000000000009 0x000000a000000000           AND                       r10            ,r0             ,r9             
0x2f04000000000007 0x0000016000000000           AND                       r22            ,r0             ,r7             
0x3104000000010015 0x0000017000000000           XOR                       r23            ,r1             ,r21            
0x3104000000010003 0x0000018000000000           XOR                       r24            ,r1             ,r3             
0x3300002c07ff0009 0x0000019000000000           ANDI                      r25            ,0x7ff          ,r9 >> 20       
0x30040000000a0008 0x000000a000000000           OR                        r10            ,r10            ,r8             
0x3300002c07ff0007 0x000001a000000000           ANDI                      r26            ,0x7ff          ,r7 >> 20       
0x3004000000160006 0x0000016000000000           OR                        r22            ,r22            ,r6             
0x3004000000030015 0x000001b000000000           OR                        r27            ,r3             ,r21            
0x3004000000060008 0x000001c000000000           OR                        r28            ,r6             ,r8             
0x3004000000170008 0x0000017000000000           OR                        r23            ,r23            ,r8             
0x3004000000180006 0x0000003000000000           OR                        r3             ,r24            ,r6             
0x3940400007ff0019 0x00000f3000000000           ICMPI.s.eq                p3             ,2047           ,r25            
0x394050000000000a 0x00000f4000000000           ICMPI.s.ne                p4             ,0              ,r10            
0x3940400007ff001a 0x00000f5000000000           ICMPI.s.eq                p5             ,2047           ,r26            
0x3940500000000016 0x00000f6000000000           ICMPI.s.ne                p6             ,0              ,r22            
0x30040000001b001c 0x0000006000000000           OR                        r6             ,r27            ,r28            
0x2f00000000f400f3 0x00000f3000000000           AND                       p3             ,p4             ,p3             
0x2f00000000f600f5 0x00000f4000000000           AND                       p4             ,p6             ,p5             
0x3004000000030017 0x000000a000000000           OR                        r10            ,r3             ,r23            
0x3940400000000006 0x00000f5000000000           ICMPI.s.eq                p5             ,0              ,r6             
0x3000000000f400f3 0x00000f3000000000           OR                        p3             ,p4             ,p3             
0x394040000000000a 0x00000f4000000000           ICMPI.s.eq                p4             ,0              ,r10            
0x3000000000f500f3 0x00000f3000000000           OR                        p3             ,p5             ,p3             
0x3000000000f400f3 0x00000f4000000000           OR                        p4             ,p4             ,p3             
0xcb001000005400f4 0x0000400000000000    @p1    BA.ikeep.ds2              .LABEL_11      ,p4             
0x4800000000000004 0x000000a000000000               MOV                   r10            ,r4             
0x48000000000080f4 0x00000f3000000000               MOV                   p3             ,~p4            
0x48000000000000f3 0x00000f4000000000           MOV                       p4             ,p3             
0x3104000000070009 0x0001006000000000    @p4    XOR                       r6             ,r7             ,r9             
0x3004000000150008 0x0001007000000000    @p4    OR                        r7             ,r21            ,r8             
0x0a00002100000006 0x0001006000000000    @p4    IADDI                     r6             ,0x0            ,r6 >> 31       
0x3940400000000003 0x00010f3000000000    @p4    ICMPI.s.eq                p3             ,0              ,r3             
0x3940400000000007 0x00010f5000000000    @p4    ICMPI.s.eq                p5             ,0              ,r7             
0x39402000fbcd0014 0x00010f7000000000    @p4    ICMPI.s.lt                p7             ,-1075          ,r20            
0x3000000000f500f3 0x00010f3000000000    @p4    OR                        p3             ,p5             ,p3             
0x4b00000080000000 0x0001003000000000    @p4    MOVIMM                    r3             ,0x80000000     
0x4800000000002004 0x1001007000000000    @p4    MOV.rp1                   r7             ,r4.rp0         
0x3000000000f700f3 0x00010f5000000000    @p4    OR                        p5             ,p7             ,p3             
0x2f00000000f500f4 0x00000f7000000000           AND                       p7             ,p5             ,p4             
0xcb002800004500f7 0x0000400000000000    @p1    BA.ikeep.ds5              .LABEL_11      ,p7             
0x4800000000000006 0x00010f6000000000        @p4    MOV                   p6             ,r6             
0x4b00000000000000 0x00000f3000000000               MOVIMM                p3             ,0x0            
0x204000f600030004 0x000100b000000000        @p4    SEL.s                 r11            ,p6             ,r3             ,r4             
0x204000f600070008 0x000100a000000000        @p4    SEL.s                 r10            ,p6             ,r7             ,r8             
0x2f00000000f480f5 0x00010f3000000000        @p4    AND                   p3             ,p4             ,~p5            
0xb80000000000000e 0x0000c00060000000    @p3    DFREXP                    r6             ,r14            
0x3300002c07ff000f 0x0000c03000000000    @p3    ANDI                      r3             ,0x7ff          ,r15 >> 20      
0x48000000000008f8 0x0000c14000000000    @p3    MOV                       r20            ,PDC_1I         
0x39000000077f0003 0x0000cf5000000000    @p3    ICMPI.gt                  p5             ,0x77f          ,r3             
0x48000000000008f0 0x0000c15000000000    @p3    MOV                       r21            ,PDC_0          
0x4b000000fff00000 0x0000c03000000000    @p3    MOVIMM                    r3             ,0xfff00000     
0x0a400000ff800008 0x0000c08000000000    @p3    IADDI.s                   r8             ,-128           ,r8             
0xb700000000080006 0x0000c00060000000    @p3    DLDEXP                    r6             ,r8             ,r6             
0x4800000000002004 0x1000c08000000000    @p3    MOV.rp1                   r8             ,r4.rp0         
0x4b00000000000000 0x00000f4000000000           MOVIMM                    p4             ,0x0            
0x204000f600030001 0x0000c0b000000000    @p3    SEL.s                     r11            ,p6             ,r3             ,r1             
0x204000f600090008 0x0000c0a000000000    @p3    SEL.s                     r10            ,p6             ,r9             ,r8             
0x204000f50007000f 0x0000c07000000000    @p3    SEL.s                     r7             ,p5             ,r7             ,r15            
0x204000f50006000e 0x0000c06000000000    @p3    SEL.s                     r6             ,p5             ,r6             ,r14            
0x2f04000000020007 0x0000c01000000000    @p3    AND                       r1             ,r2             ,r7             
0x4800000000000006 0x0000c08000000000    @p3    MOV                       r8             ,r6             
0x3004000000050001 0x0000c09000000000    @p3    OR                        r9             ,r5             ,r1             
0xb900000000000008 0x0000c00084000000    @p3    DP2FP.ov.rne              r8             ,r8             
0x0a00002c00000007 0x0000c01000000000    @p3    IADDI                     r1             ,0x0            ,r7 >> 20       
0x2f04000000008007 0x0000c03000000000    @p3    AND                       r3             ,r0             ,~r7            
0x3004000000038006 0x0004c03000000000    @p3    OR.dly1                   r3             ,r3             ,~r6            
0x3940400000000003 0x0004cf6000000000    @p3    ICMPI.s.eq.dly1           p6             ,0              ,r3             
0xa000000000000008 0x0000c00080000000    @p3    RCP                       r8             ,r8             
0x4800000000000008 0x0000c09000000000    @p3    MOV                       r9             ,r8             
0xbb00000000000008 0x0000c00080000000    @p3    FP2DP                     r8             ,r8             
0x0a00002c00000009 0x0000c03000000000    @p3    IADDI                     r3             ,0x0            ,r9 >> 20       
0x2f04000000020009 0x0000c02000000000    @p3    AND                       r2             ,r2             ,r9             
0x0744000080010003 0x0000c01000000000    @p3    IADD.s                    r1             ,-r1            ,r3             
0x0a40000003ff0001 0x0004c01000000000    @p3    IADDI.s.dly1              r1             ,1023           ,r1             
0x3300000007ff0001 0x0004c01000000000    @p3    ANDI.dly1                 r1             ,0x7ff          ,r1             
0x3004001400020001 0x0004c09000000000    @p3    OR.dly1                   r9             ,r2             ,r1 << 20       
0xb000000400088006 0x0000c00160000000    @p3    DFMA                      r22            ,r4             ,r8             ,-r6            
0xb000000800080016 0x0000c00080000000    @p3    DFMA                      r8             ,r8             ,r8             ,r22            
0xb000000400088006 0x0000c00060000000    @p3    DFMA                      r6             ,r4             ,r8             ,-r6            
0xb000000800080006 0x0000c00060000000    @p3    DFMA                      r6             ,r8             ,r8             ,r6             
0x0804000000140006 0x1000c01000000000    @p3    IADDC                     r1             ,r20            ,r6             
0x204000f600010006 0x0000c06000000000    @p3    SEL.s                     r6             ,p6             ,r1             ,r6             
0x204000f600020007 0x0000c07000000000    @p3    SEL.s                     r7             ,p6             ,r2             ,r7             
0xb800000000000006 0x0000c00140000000    @p3    DFREXP                    r20            ,r6             
0x0a400000ff800016 0x0000c01000000000    @p3    IADDI.s                   r1             ,-128           ,r22            
0xb700000000010014 0x0000c00080000000    @p3    DLDEXP                    r8             ,r1             ,r20            
0x204000f500080006 0x0000c06000000000    @p3    SEL.s                     r6             ,p5             ,r8             ,r6             
0x204000f500090007 0x0000c07000000000    @p3    SEL.s                     r7             ,p5             ,r9             ,r7             
0xb00000040006800e 0x0000c00080000000    @p3    DFMA                      r8             ,r4             ,r6             ,-r14           
0xb000000600080006 0x0000c00060000000    @p3    DFMA                      r6             ,r6             ,r8             ,r6             
0xb00000040006800e 0x0000c00080000000    @p3    DFMA                      r8             ,r4             ,r6             ,-r14           
0xb000000600080006 0x0000c00060000000    @p3    DFMA                      r6             ,r6             ,r8             ,r6             
0xb100000000060012 0x0000c00080000000    @p3    DMUL                      r8             ,r6             ,r18            
0xb00000120008800e 0x0000c000e0000000    @p3    DFMA                      r14            ,r18            ,r8             ,-r14           
0xb00000080006000e 0x0000c00060000000    @p3    DFMA                      r6             ,r8             ,r6             ,r14            
0xb800000000000006 0x0000c00120000000    @p3    DFREXP                    r18            ,r6             
0x0a40000000800014 0x0000c01000000000    @p3    IADDI.s                   r1             ,128            ,r20            
0xb700000000010012 0x0000c00080000000    @p3    DLDEXP                    r8             ,r1             ,r18            
0x204000f200090007 0x0000c02000000000    @p3    SEL.s                     r2             ,p2             ,r9             ,r7             
0x204000f200080006 0x0000c01000000000    @p3    SEL.s                     r1             ,p2             ,r8             ,r6             
0x2f04000000000002 0x0000c00000000000    @p3    AND                       r0             ,r0             ,r2             
0x3300002c07ff0002 0x0000c03000000000    @p3    ANDI                      r3             ,0x7ff          ,r2 >> 20       
0x3004000000000001 0x0000c00000000000    @p3    OR                        r0             ,r0             ,r1             
0x3940400007ff0003 0x0000cf2000000000    @p3    ICMPI.s.eq                p2             ,2047           ,r3             
0x3940500000000000 0x0000cf5000000000    @p3    ICMPI.s.ne                p5             ,0              ,r0             
0x2f00000000f500f2 0x0000cf2000000000    @p3    AND                       p2             ,p5             ,p2             
0x2f00000000f380f2 0x0000cf4000000000    @p3    AND                       p4             ,p3             ,~p2            
0x4800000000000001 0x100100a000000000    @p4    MOV.rp1                   r10            ,r1             
__________________    .LABEL_11:
0xb30000000004000c 0x0000000060000000           DCLAMP                    r6             ,r4             ,r12            
0xb300000000040010 0x0000000080000000           DCLAMP                    r8             ,r4             ,r16            
0xb30000000004000a 0x00000000a0000000           DCLAMP                    r10            ,r4             ,r10            
0x4b00000040000000 0x0000005000000000           MOVIMM                    r5             ,0x40000000     
0x60000000000008f0 0x0000000004000000           EMITF                     vso[0].x       ,PDC_0          
0x60000000000008f0 0x1000000004000001           EMITF                     vso[1].xy      ,PDC_0          
0xb100000000040006 0x00000000c0000000           DMUL                      r12            ,r4             ,r6             
0xb100000000040008 0x00000000e0000000           DMUL                      r14            ,r4             ,r8             
0xb10000000004000a 0x0000000100000000           DMUL                      r16            ,r4             ,r10            
0x4b00000040080000 0x0000005000000000           MOVIMM                    r5             ,0x40080000     
0x60000000000008f0 0x3000000004000002           EMITF                     vso[2].xyzw    ,PDC_0          
0x60000000000008f0 0x3000000004000003           EMITF                     vso[3].xyzw    ,PDC_0          
0xb20000000004800c 0x00000000c0000000           DADD                      r12            ,r4             ,-r12           
0xb20000000004800e 0x00000000e0000000           DADD                      r14            ,r4             ,-r14           
0xb200000000048010 0x0000000040000000           DADD                      r4             ,r4             ,-r16           
0x60000000000008f0 0x1000000004000004           EMITF                     vso[4].xy      ,PDC_0          
0x60000000000008f0 0x3000000004000005           EMITF                     vso[5].xyzw    ,PDC_0          
0x60000000000008f0 0x3000000004000006           EMITF                     vso[6].xyzw    ,PDC_0          
0xb1000000000c0006 0x00000000c0000000           DMUL                      r12            ,r12            ,r6             
0xb1000000000e0008 0x00000000e0000000           DMUL                      r14            ,r14            ,r8             
0xb10000000004000a 0x0000000040000000           DMUL                      r4             ,r4             ,r10            
0x60000000000008f0 0x0000000004000007           EMITF                     vso[7].x       ,PDC_0          
0xb1000000000c0006 0x0000000060000000           DMUL                      r6             ,r12            ,r6             
0xb1000000000e0008 0x0000000080000000           DMUL                      r8             ,r14            ,r8             
0xb10000000004000a 0x0000000040000000           DMUL                      r4             ,r4             ,r10            
0x6000000000000006 0x3000000004000008           EMITF                     vso[8].xyzw    ,r6             
0x6000000000000004 0x100000000c000009           EMITF.ve                  vso[9].xy      ,r4             
0xc300000000000000 0x0000000000000000           JUMP                      0              

