0x4800000000000014 0x1000006000000000           MOV.rp1                   r6             ,r20            
0x4800000000000018 0x100000a000000000           MOV.rp1                   r10            ,r24            
0x4800000000000016 0x1000012000000000           MOV.rp1                   r18            ,r22            
0x480000000000001a 0x1000014000000000           MOV.rp1                   r20            ,r26            
0xb6000000001c0004 0x0000000001000000           DCMP.ge                   r0             ,r28            ,r4             
0xb60000000008000c 0x0000000011000000           DCMP.ge                   r1             ,r8             ,r12            
0xb600000000080010 0x0000000021000000           DCMP.ge                   r2             ,r8             ,r16            
0xb60000000006000a 0x0000000031000000           DCMP.ge                   r3             ,r6             ,r10            
0xb60000000008000e 0x0000000041000000           DCMP.ge                   r4             ,r8             ,r14            
0xb600000000120014 0x0000000051000000           DCMP.ge                   r5             ,r18            ,r20            
0x4b00000000000000 0x0000006000000000           MOVIMM                    r6             ,0x0            
0x4800000000000000 0x00000f2000000000           MOV                       p2             ,r0             
0x4800000000000006 0x0000000000000000           MOV                       r0             ,r6             
0x4b0000003ff00000 0x0000007000000000           MOVIMM                    r7             ,0x3ff00000     
0x4800000000000001 0x00000f3000000000           MOV                       p3             ,r1             
0x4800000000000002 0x00000f4000000000           MOV                       p4             ,r2             
0x4800000000000003 0x00000f5000000000           MOV                       p5             ,r3             
0x204000f200060000 0x0000001000000000           SEL.s                     r1             ,p2             ,r6             ,r0             
0x204000f300060000 0x0000008000000000           SEL.s                     r8             ,p3             ,r6             ,r0             
0x4800000000000004 0x00000f6000000000           MOV                       p6             ,r4             
0x204000f400060000 0x0000003000000000           SEL.s                     r3             ,p4             ,r6             ,r0             
0x204000f500060000 0x000000c000000000           SEL.s                     r12            ,p5             ,r6             ,r0             
0x204000f200070006 0x0000002000000000           SEL.s                     r2             ,p2             ,r7             ,r6             
0x4800000000000005 0x00000f2000000000           MOV                       p2             ,r5             
0x204000f300070006 0x0000009000000000           SEL.s                     r9             ,p3             ,r7             ,r6             
0x204000f600070006 0x000000b000000000           SEL.s                     r11            ,p6             ,r7             ,r6             
0x204000f600060000 0x000000a000000000           SEL.s                     r10            ,p6             ,r6             ,r0             
0x204000f400070006 0x0000004000000000           SEL.s                     r4             ,p4             ,r7             ,r6             
0x204000f500070006 0x86000ff005000001           SEL.s                     void           ,p5             ,r7             ,r6             
                                               +EMITF                     vso[1].y       ,fwd            
0x204000f200070006 0x86000ff007000001           SEL.s                     void           ,p2             ,r7             ,r6             
                                               +EMITF                     vso[1].w       ,fwd            
0x204000f200060000 0x86000ff006000001           SEL.s                     void           ,p2             ,r6             ,r0             
                                               +EMITF                     vso[1].z       ,fwd            
0x60000000000008f0 0x0000000004000000           EMITF                     vso[0].x       ,PDC_0          
0x60000000000008f0 0x1000000004000002           EMITF                     vso[2].xy      ,PDC_0          
0x60000000000008f0 0x3000000004000003           EMITF                     vso[3].xyzw    ,PDC_0          
0x60000000000008f0 0x3000000004000004           EMITF                     vso[4].xyzw    ,PDC_0          
0x60000000000008f0 0x1000000004000005           EMITF                     vso[5].xy      ,PDC_0          
0x60000000000008f0 0x2000000004000006           EMITF                     vso[6].xyz     ,PDC_0          
0x60000000000008f0 0x3000000004000007           EMITF                     vso[7].xyzw    ,PDC_0          
0x600000000000000c 0x0000000004000001           EMITF                     vso[1].x       ,r12            
0x6000000000000001 0x1000000004000008           EMITF                     vso[8].xy      ,r1             
0x6000000000000008 0x3000000004000009           EMITF                     vso[9].xyzw    ,r8             
0x6000000000000003 0x100000000c00000a           EMITF.ve                  vso[10].xy     ,r3             
0xc300000000000000 0x0000000000000000           JUMP                      0              

