0x07400000000c0008 0xb600000004000002           IADD.s.rp3                r0             ,r12            ,r8             
                                               +EMITF                     vso[2].xyzw    ,fwd            
0x0740000000040010 0x8600004004000001           IADD.s                    r4             ,r4             ,r16            
                                               +EMITF                     vso[1].x       ,fwd            
0x2c04200000080000 0x00000f2000000000           ICMP.lt                   p2             ,r8             ,r0             
0x2c04200000090001 0x00000f3000000000           ICMP.lt                   p3             ,r9             ,r1             
0x2c042000000a0002 0x00000f4000000000           ICMP.lt                   p4             ,r10            ,r2             
0x2c042000000b0003 0x00000f5000000000           ICMP.lt                   p5             ,r11            ,r3             
0x33000000000100f2 0x86000ff004000000           ANDI                      void           ,0x1            ,p2             
                                               +EMITF                     vso[0].x       ,fwd            
0x2c04200000100004 0x00000f2000000000           ICMP.lt                   p2             ,r16            ,r4             
0x33000000000100f3 0x86000ff005000000           ANDI                      void           ,0x1            ,p3             
                                               +EMITF                     vso[0].y       ,fwd            
0x33000000000100f4 0x86000ff006000000           ANDI                      void           ,0x1            ,p4             
                                               +EMITF                     vso[0].z       ,fwd            
0x33000000000100f5 0x86000ff007000000           ANDI                      void           ,0x1            ,p5             
                                               +EMITF                     vso[0].w       ,fwd            
0x33000000000100f2 0x86000ff00c000003           ANDI                      void           ,0x1            ,p2             
                                               +EMITF.ve                  vso[3].x       ,fwd            
0xc300000000000000 0x0000000000000000           JUMP                      0              

