0x0a40000000004008 0x0000000000000000           IADDI.s                   r0             ,0              ,|r8|           
0x0a40000000004004 0x0000001000000000           IADDI.s                   r1             ,0              ,|r4|           
0x33000000ffff0000 0x1000002000000000           ANDI.rp1                  r2             ,0xffff         ,r0             
0x0a00003000000000 0x1000000000000000           IADDI.rp1                 r0             ,0x0            ,r0 >> 16       
0x0644c00000030002 0x0000005000000000           IMUL.s.b32                r5             ,r3             ,r2             
0x0644c00000010002 0x0000002000000000           IMUL.s.b32                r2             ,r1             ,r2             
0x0744001000050002 0x0000006000000000           IADD.s                    r6             ,r5             ,r2 << 16       
0x0644c00000030000 0x0000003000000000           IMUL.s.b32                r3             ,r3             ,r0             
0x2c04200000050006 0x00000f2000000000           ICMP.lt                   p2             ,r5             ,r6             
0x0644c00000010000 0x0000000000000000           IMUL.s.b32                r0             ,r1             ,r0             
0x33000000000100f2 0x0000001000000000           ANDI                      r1             ,0x1            ,p2             
0x0744001000060003 0x0000005000000000           IADD.s                    r5             ,r6             ,r3 << 16       
0x0744000000010000 0x0000000000000000           IADD.s                    r0             ,r1             ,r0             
0x0a00003000000002 0x1000001000000000           IADDI.rp1                 r1             ,0x0            ,r2 >> 16       
0x2c04200000060005 0x00000f2000000000           ICMP.lt                   p2             ,r6             ,r5             
0x0744000000010000 0x0000000000000000           IADD.s                    r0             ,r1             ,r0             
0x33000000000100f2 0x0000001000000000           ANDI                      r1             ,0x1            ,p2             
0x0744000000010000 0x0004000000000000           IADD.s.dly1               r0             ,r1             ,r0             
0x3100000008f90005 0x0000001000000000           XOR                       r1             ,PDC_1IN        ,r5             
0x0a40000000008005 0x0000003000000000           IADDI.s                   r3             ,0              ,-r5            
0x0744000000020000 0x0000000000000000           IADD.s                    r0             ,r2             ,r0             
0x2c04200000010003 0x00000f2000000000           ICMP.lt                   p2             ,r1             ,r3             
0x3100000008f90000 0x0000001000000000           XOR                       r1             ,PDC_1IN        ,r0             
0x33000000000100f2 0x0000002000000000           ANDI                      r2             ,0x1            ,p2             
0x3940200000000004 0x00000f2000000000           ICMPI.s.lt                p2             ,0              ,r4             
0x3940200000000008 0x00000f3000000000           ICMPI.s.lt                p3             ,0              ,r8             
0x0744000000020001 0x0000001000000000           IADD.s                    r1             ,r2             ,r1             
0x0644c00000040008 0x0000002000000000           IMUL.s.b32                r2             ,r4             ,r8             
0x3100000000f200f3 0x00000f2000000000           XOR                       p2             ,p2             ,p3             
0x6000000000000002 0x0000000004000000           EMITF                     vso[0].x       ,r2             
0x204000f200010000 0x86000ff00c000001           SEL.s                     void           ,p2             ,r1             ,r0             
                                               +EMITF.ve                  vso[1].x       ,fwd            
0xc300000000000000 0x0000000000000000           JUMP                      0              

