0x5b00000000000000 0x1000000044300000           ILD                       r4.xy          ,v[0][0]        
0x5b00000000010000 0x1000000064300000           ILD                       r6.xy          ,v[0][1]        
0x4b00000000000000 0x0000008000000000           MOVIMM                    r8             ,0x0            
0x4b000000bfe40000 0x0000009000000000           MOVIMM                    r9             ,0xbfe40000     
0x5b00000000020000 0x000000000c300000           ILD.e                     r0.x           ,v[0][2].x      
0x4b000000bf800000 0x1000001000000000           MOVIMM.rp1                r1             ,0xbf800000     
0x4b000000bf800000 0x0000003000000000           MOVIMM                    r3             ,0xbf800000     
0xb600000000040008 0x00000000a4000000           DCMP.eq                   r10            ,r4             ,r8             
0x4b000000bfe00000 0x0000009000000000           MOVIMM                    r9             ,0xbfe00000     
0xb600000000060008 0x0000000084000000           DCMP.eq                   r8             ,r6             ,r8             
0x3940500000010000 0x00000f2000000000           ICMPI.s.ne                p2             ,1              ,r0             
0x2f0400000008000a 0x0000008000000000           AND                       r8             ,r8             ,r10            
0x3300000000010008 0x0004008000000000           ANDI.dly1                 r8             ,0x1            ,r8             
0x204000f200000008 0x8604000004400003           SEL.s.dly1                r0             ,p2             ,r0             ,r8             
                                               +EMITF                     s0[3].x        ,fwd            
0x60000000000008f0 0x0000000004400002           EMITF                     s0[2].x        ,PDC_0          
0x6000000000000004 0x1000000004400001           EMITF                     s0[1].xy       ,r4             
0x6000000000000006 0x1000000004400002           EMITF                     s0[2].xy       ,r6             
0x6000000000000001 0x1000000004400000           EMITF                     s0[0].xy       ,r1             
0x60000000000008f0 0x0000000006400000           EMITF                     s0[0].z        ,PDC_0          
0x60000000000008f4 0x000000000f400000           EMITF.ve                  s0[0].w        ,PDC_1F         
0x6000000000000004 0x1000000004400001           EMITF                     s0[1].xy       ,r4             
0x6000000000000006 0x1000000004400002           EMITF                     s0[2].xy       ,r6             
0x6000000000000003 0x0000000004400000           EMITF                     s0[0].x        ,r3             
0x60000000000008f4 0x0000000005400000           EMITF                     s0[0].y        ,PDC_1F         
0x60000000000008f0 0x0000000006400000           EMITF                     s0[0].z        ,PDC_0          
0x60000000000008f4 0x0000000007400000           EMITF                     s0[0].w        ,PDC_1F         
0x6000000000000000 0x000000000c400003           EMITF.ve                  s0[3].x        ,r0             
0x6000000000000004 0x1000000004400001           EMITF                     s0[1].xy       ,r4             
0x6000000000000006 0x1000000004400002           EMITF                     s0[2].xy       ,r6             
0x60000000000008f4 0x0000000004400000           EMITF                     s0[0].x        ,PDC_1F         
0x6000000000000003 0x0000000005400000           EMITF                     s0[0].y        ,r3             
0x60000000000008f0 0x0000000006400000           EMITF                     s0[0].z        ,PDC_0          
0x60000000000008f4 0x0000000007400000           EMITF                     s0[0].w        ,PDC_1F         
0x6000000000000000 0x000000000c400003           EMITF.ve                  s0[3].x        ,r0             
0x6000000000000004 0x1000000004400001           EMITF                     s0[1].xy       ,r4             
0x6000000000000006 0x1000000004400002           EMITF                     s0[2].xy       ,r6             
0x60000000000008f4 0x1000000004400000           EMITF                     s0[0].xy       ,PDC_1F         
0x60000000000008f0 0x0000000006400000           EMITF                     s0[0].z        ,PDC_0          
0x60000000000008f4 0x0000000007400000           EMITF                     s0[0].w        ,PDC_1F         
0x6000000000000000 0x000000000c420003           EMITF.ve.cut              s0[3].x        ,r0             
0xc300000000000000 0x0000000000000000           JUMP                      0              

