0x3940400000001000 0x00000f3000000000           ICMPI.s.eq                p3             ,0              ,cb0            
0xcb001800002000f3 0x0000400000000000    @p1    BA.ikeep.ds3              .LABEL_0       ,p3             
0x48000000000080f3 0x00000f2000000000               MOV                   p2             ,~p3            
0x48000000000000f3 0x00000f4000000000               MOV                   p4             ,p3             
0x23000001001200f4 0x0000012000000000               BFI.ogl               r18            ,r18.0          ,p4.1           
0x48000000000000f2 0x00000f3000000000           MOV                       p3             ,p2             
0x3940500000011000 0x0000cf4000000000    @p3    ICMPI.s.ne                p4             ,1              ,cb0            
0x2f00000000f400f3 0x00000f5000000000           AND                       p5             ,p4             ,p3             
0xcb00280000a300f5 0x0000400000000000    @p1    BA.ikeep.ds5              .LABEL_1       ,p5             
0x0940c00000060004 0x0000c00000000000        @p3    IMULI.s.b32           r0             ,6              ,r4             
0x0a40000000020000 0x0000c00000000000        @p3    IADDI.s               r0             ,2              ,r0             
0x4b00000000000000 0x00000f2000000000               MOVIMM                p2             ,0x0            
0x1740002000000000 0x0000c00000000000        @p3    FX2FP.s.rne           r0             ,r0.32.0        
0x2f00000000f380f4 0x0000cf2000000000        @p3    AND                   p2             ,p3             ,~p4            
0x48000000000000f2 0x00000f6000000000           MOV                       p6             ,p2             
0x0a40000000020004 0x0001801000000000    @p6    IADDI.s                   r1             ,2              ,r4             
0x3940400000011000 0x00018f3000000000    @p6    ICMPI.s.eq                p3             ,1              ,cb0            
0x1740002000000001 0x8a018ff010000000    @p6    FX2FP.s.rne               void           ,r1.32.0        
                                               +RCP                       r1             ,fwd            
0x3940400000011000 0x00018f4000000000    @p6    ICMPI.s.eq                p4             ,1              ,cb0            
0x3940500000001000 0x00018f5000000000    @p6    ICMPI.s.ne                p5             ,0              ,cb0            
__________________    .LABEL_2:
0x48000000000000f2 0x00000f7000000000           MOV                       p7             ,p2             
0x0204000000010000 0x0001c00000000000    @p7    FMUL                      r0             ,r1             ,r0             
0x4b00000000000000 0x00000f6000000000           MOVIMM                    p6             ,0x0            
0x2800300008f40000 0x0001cf8000000000    @p7    FCMP.le                   p8             ,PDC_1F         ,r0             
0x2f00000000f780f8 0x0001cf6000000000    @p7    AND                       p6             ,p7             ,~p8            
0x2f00000000f780f6 0x00000f8000000000           AND                       p8             ,p7             ,~p6            
0xcb000000009100f8 0x0000400000000000    @p1    BA.ikeep                  .LABEL_1       ,p8             
0x3000000000f300f4 0x00018f7000000000    @p6    OR                        p7             ,p3             ,p4             
0x2f00000000f700f5 0x00018f7000000000    @p6    AND                       p7             ,p7             ,p5             
0x2f00000000f600f7 0x00000f8000000000           AND                       p8             ,p6             ,p7             
0xcc001001fff600f8 0x0000400000000000    @p1    B.ikeep.ds2               .LABEL_2       ,p8             
0x48000000000000f8 0x00000f2000000000               MOV                   p2             ,p8             
0x48000000000000f7 0x00018f3000000000        @p6    MOV                   p3             ,p7             
__________________    .LABEL_0:
0x0a00000000000012 0x00040f2000000000           IADDI.dly1                p2             ,0x0            ,r18            
0x48000000000000f2 0x00000f4000000000           MOV                       p4             ,p2             
0x0a40000000010004 0x0001001000000000    @p4    IADDI.s                   r1             ,1              ,r4             
0x0a40000000020004 0x0001002000000000    @p4    IADDI.s                   r2             ,2              ,r4             
0x0a40000000030004 0x0001003000000000    @p4    IADDI.s                   r3             ,3              ,r4             
0x4800000000000004 0x00010f5000000000    @p4    MOV                       p5             ,r4             
0x3200000000028012 0x0000012000000000           NORI                      r18            ,0x2            ,~r18           
0x4b00000000000000 0x00000f2000000000           MOVIMM                    p2             ,0x0            
0x2f00000000f500f4 0x00000f6000000000           AND                       p6             ,p5             ,p4             
0xcb002800004400f6 0x0000400000000000    @p1    BA.ikeep.ds5              .LABEL_3       ,p6             
0x1740002000000004 0x0001000000000000        @p4    FX2FP.s.rne           r0             ,r4.32.0        
0x1740002000000001 0x2001001000000000        @p4    FX2FP.s.rne.rp2       r1             ,r1.32.0        
0x2f00000000f480f5 0x00010f2000000000        @p4    AND                   p2             ,p4             ,~p5            
0x2f00000000f400f5 0x00010f3000000000        @p4    AND                   p3             ,p4             ,p5             
0x23000041001200f3 0x0001012000000000        @p4    BFI.ogl               r18            ,r18.1          ,p3.1           
0x3940000000000004 0x00008f5000000000    @p2    ICMPI.s.gt                p5             ,0              ,r4             
0x3940400000011001 0x00008f3000000000    @p2    ICMPI.s.eq                p3             ,1              ,cb1            
0x23000081001200f3 0x0000812000000000    @p2    BFI.ogl                   r18            ,r18.2          ,p3.1           
0x0a00003e00000012 0x00048f3000000000    @p2    IADDI.dly1                p3             ,0x0            ,r18 >> 2       
0x2f00000000f300f5 0x00008f5000000000    @p2    AND                       p5             ,p3             ,p5             
0x2f00000080f500f2 0x00000f7000000000           AND                       p7             ,~p5            ,p2             
0xcb001000007100f7 0x0000400000000000    @p1    BA.ikeep.ds2              .LABEL_4       ,p7             
0x4b00000000000000 0x00000f6000000000               MOVIMM                p6             ,0x0            
0x2f00000000f200f5 0x00008f6000000000        @p2    AND                   p6             ,p2             ,p5             
0x48000000000000f6 0x00000f2000000000           MOV                       p2             ,p6             
0x48000000000028f0 0x3000806000000000    @p2    MOV.rp3                   r6             ,PDC_0          
0x48000000000008f8 0x0000805000000000    @p2    MOV                       r5             ,PDC_1I         
0x48000000000028f0 0x300080a000000000    @p2    MOV.rp3                   r10            ,PDC_0          
0x3940500000001001 0x00008f3000000000    @p2    ICMPI.s.ne                p3             ,0              ,cb1            
0x230000c1001200f3 0x0000812000000000    @p2    BFI.ogl                   r18            ,r18.3          ,p3.1           
0x3940400000031003 0x00008f8000000000    @p2    ICMPI.s.eq                p8             ,3              ,cb3            
0x3940400000021003 0x00008f9000000000    @p2    ICMPI.s.eq                p9             ,2              ,cb3            
0x3940400000031002 0x00008fa000000000    @p2    ICMPI.s.eq                p10            ,3              ,cb2            
0x3940400000021002 0x00008fb000000000    @p2    ICMPI.s.eq                p11            ,2              ,cb2            
__________________    .LABEL_5:
0x48000000000000f6 0x00000f2000000000           MOV                       p2             ,p6             
0x0200000028f60000 0x300080e000000000    @p2    FMUL.rp3                  r14            ,PDC_4F         ,r0             
0x0200000028f30000 0x3000800000000000    @p2    FMUL.rp3                  r0             ,PDC_050F       ,r0             
0x204000fa000e0009 0x0000809000000000    @p2    SEL.s                     r9             ,p10            ,r14            ,r9             
0x204000fa000f0008 0x0000808000000000    @p2    SEL.s                     r8             ,p10            ,r15            ,r8             
0x204000fa00100007 0x0000807000000000    @p2    SEL.s                     r7             ,p10            ,r16            ,r7             
0x204000fa00110006 0x0000806000000000    @p2    SEL.s                     r6             ,p10            ,r17            ,r6             
0x204000fb00000009 0x0000809000000000    @p2    SEL.s                     r9             ,p11            ,r0             ,r9             
0x204000fb00010008 0x0000808000000000    @p2    SEL.s                     r8             ,p11            ,r1             ,r8             
0x204000fb00020007 0x0000807000000000    @p2    SEL.s                     r7             ,p11            ,r2             ,r7             
0x204000fb00030006 0x0000806000000000    @p2    SEL.s                     r6             ,p11            ,r3             ,r6             
0x0200000008f60009 0x0000800000000000    @p2    FMUL                      r0             ,PDC_4F         ,r9             
0x0200000008f60008 0x0000801000000000    @p2    FMUL                      r1             ,PDC_4F         ,r8             
0x0200000008f60007 0x0000802000000000    @p2    FMUL                      r2             ,PDC_4F         ,r7             
0x0200000008f60006 0x0000803000000000    @p2    FMUL                      r3             ,PDC_4F         ,r6             
0x0200000008f30009 0x000080e000000000    @p2    FMUL                      r14            ,PDC_050F       ,r9             
0x0200000008f30008 0x000080f000000000    @p2    FMUL                      r15            ,PDC_050F       ,r8             
0x0200000008f30007 0x0000810000000000    @p2    FMUL                      r16            ,PDC_050F       ,r7             
0x0200000008f30006 0x0000811000000000    @p2    FMUL                      r17            ,PDC_050F       ,r6             
0x204000f80000000d 0x0000800000000000    @p2    SEL.s                     r0             ,p8             ,r0             ,r13            
0x204000f80001000c 0x0000801000000000    @p2    SEL.s                     r1             ,p8             ,r1             ,r12            
0x204000f80002000b 0x0000802000000000    @p2    SEL.s                     r2             ,p8             ,r2             ,r11            
0x204000f80003000a 0x0000803000000000    @p2    SEL.s                     r3             ,p8             ,r3             ,r10            
0x204000f9000e0000 0x0000800000000000    @p2    SEL.s                     r0             ,p9             ,r14            ,r0             
0x204000f9000f0001 0x0000801000000000    @p2    SEL.s                     r1             ,p9             ,r15            ,r1             
0x204000f900100002 0x0000802000000000    @p2    SEL.s                     r2             ,p9             ,r16            ,r2             
0x204000f900110003 0x0000803000000000    @p2    SEL.s                     r3             ,p9             ,r17            ,r3             
0x4800000000000002 0x000080b000000000    @p2    MOV                       r11            ,r2             
0x4800000000000003 0x000080a000000000    @p2    MOV                       r10            ,r3             
0x0a00003e00000012 0x00008f3000000000    @p2    IADDI                     p3             ,0x0            ,r18 >> 2       
0x3000000000f500f3 0x00008f3000000000    @p2    OR                        p3             ,p5             ,p3             
0x0a00003d00000012 0x00008f4000000000    @p2    IADDI                     p4             ,0x0            ,r18 >> 3       
0x2f00000000f300f4 0x00008f3000000000    @p2    AND                       p3             ,p3             ,p4             
0x2c44200000040005 0x00008f4000000000    @p2    ICMP.s.lt                 p4             ,r4             ,r5             
0x2f00000000f300f4 0x00008f7000000000    @p2    AND                       p7             ,p3             ,p4             
0x200000f400f300f5 0x00008f3000000000    @p2    SEL                       p3             ,p4             ,p3             ,p5             
0x2f00000000f200f7 0x00000f4000000000           AND                       p4             ,p2             ,p7             
0xcc002801ffdb00f4 0x0000400000000000    @p1    B.ikeep.ds5               .LABEL_5       ,p4             
0x4800000000000001 0x000080c000000000        @p2    MOV                   r12            ,r1             
0x4800000000000000 0x000080d000000000        @p2    MOV                   r13            ,r0             
0x0a40000000010005 0x0000805000000000        @p2    IADDI.s               r5             ,1              ,r5             
0x48000000000000f4 0x00000f6000000000               MOV                   p6             ,p4             
0x48000000000000f3 0x00008f5000000000        @p2    MOV                   p5             ,p3             
__________________    .LABEL_3:
0x0a00003f00000012 0x00040f2000000000           IADDI.dly1                p2             ,0x0            ,r18 >> 1       
0x48000000000000f2 0x00000f3000000000           MOV                       p3             ,p2             
0x3300000000010004 0x0000c05000000000    @p3    ANDI                      r5             ,0x1            ,r4             
0x3940400000000005 0x0004cf4000000000    @p3    ICMPI.s.eq.dly1           p4             ,0              ,r5             
0x2f00000000f400f3 0x00000f5000000000           AND                       p5             ,p4             ,p3             
0xcb001000003400f5 0x0000400000000000    @p1    BA.ikeep.ds2              .LABEL_4       ,p5             
0x4b00000000000000 0x00000f2000000000               MOVIMM                p2             ,0x0            
0x2f00000000f380f4 0x0000cf2000000000        @p3    AND                   p2             ,p3             ,~p4            
0x0a40000100000004 0x0000804000000000    @p2    IADDI.s                   r4             ,0              ,r4 << 1        
0x3940200000010004 0x00048f4000000000    @p2    ICMPI.s.lt.dly1           p4             ,1              ,r4             
0x2f00000000f400f2 0x00000f5000000000           AND                       p5             ,p4             ,p2             
0xcb001000002e00f5 0x0000400000000000    @p1    BA.ikeep.ds2              .LABEL_4       ,p5             
0x4b00000000000000 0x00000f3000000000               MOVIMM                p3             ,0x0            
0x2f00000000f280f4 0x00008f3000000000        @p2    AND                   p3             ,p2             ,~p4            
0x48000000000000f3 0x00000f7000000000           MOV                       p7             ,p3             
0x3940400000031002 0x0001cf4000000000    @p7    ICMPI.s.eq                p4             ,3              ,cb2            
0x48000000000028f0 0x3001c05000000000    @p7    MOV.rp3                   r5             ,PDC_0          
0x48000000000028f0 0x3001c09000000000    @p7    MOV.rp3                   r9             ,PDC_0          
0x3940400000021002 0x0001cf5000000000    @p7    ICMPI.s.eq                p5             ,2              ,cb2            
0x3940400000031003 0x0001cf6000000000    @p7    ICMPI.s.eq                p6             ,3              ,cb3            
0x3940400000021003 0x0001cf2000000000    @p7    ICMPI.s.eq                p2             ,2              ,cb3            
__________________    .LABEL_6:
0x48000000000000f3 0x00000f7000000000           MOV                       p7             ,p3             
0x0200000028f60000 0x3001c0d000000000    @p7    FMUL.rp3                  r13            ,PDC_4F         ,r0             
0x0200000028f30000 0x3001c00000000000    @p7    FMUL.rp3                  r0             ,PDC_050F       ,r0             
0x204000f6000d0008 0x0001c08000000000    @p7    SEL.s                     r8             ,p6             ,r13            ,r8             
0x204000f6000e0007 0x0001c07000000000    @p7    SEL.s                     r7             ,p6             ,r14            ,r7             
0x204000f6000f0006 0x0001c06000000000    @p7    SEL.s                     r6             ,p6             ,r15            ,r6             
0x204000f600100005 0x0001c05000000000    @p7    SEL.s                     r5             ,p6             ,r16            ,r5             
0x204000f200000008 0x0001c08000000000    @p7    SEL.s                     r8             ,p2             ,r0             ,r8             
0x204000f200010007 0x0001c07000000000    @p7    SEL.s                     r7             ,p2             ,r1             ,r7             
0x204000f200020006 0x0001c06000000000    @p7    SEL.s                     r6             ,p2             ,r2             ,r6             
0x204000f200030005 0x0001c05000000000    @p7    SEL.s                     r5             ,p2             ,r3             ,r5             
0x0200000008f60008 0x0001c00000000000    @p7    FMUL                      r0             ,PDC_4F         ,r8             
0x0200000008f60007 0x0001c01000000000    @p7    FMUL                      r1             ,PDC_4F         ,r7             
0x0200000008f60006 0x0001c02000000000    @p7    FMUL                      r2             ,PDC_4F         ,r6             
0x0200000008f60005 0x0001c03000000000    @p7    FMUL                      r3             ,PDC_4F         ,r5             
0x0a400000ffff0004 0x0001c04000000000    @p7    IADDI.s                   r4             ,-1             ,r4             
0x0200000008f30008 0x0001c0d000000000    @p7    FMUL                      r13            ,PDC_050F       ,r8             
0x0200000008f30007 0x0001c0e000000000    @p7    FMUL                      r14            ,PDC_050F       ,r7             
0x0200000008f30006 0x0001c0f000000000    @p7    FMUL                      r15            ,PDC_050F       ,r6             
0x0200000008f30005 0x0001c10000000000    @p7    FMUL                      r16            ,PDC_050F       ,r5             
0x204000f40000000c 0x0001c00000000000    @p7    SEL.s                     r0             ,p4             ,r0             ,r12            
0x204000f40001000b 0x0001c01000000000    @p7    SEL.s                     r1             ,p4             ,r1             ,r11            
0x204000f40002000a 0x0001c02000000000    @p7    SEL.s                     r2             ,p4             ,r2             ,r10            
0x204000f400030009 0x0001c03000000000    @p7    SEL.s                     r3             ,p4             ,r3             ,r9             
0x204000f5000d0000 0x0001c00000000000    @p7    SEL.s                     r0             ,p5             ,r13            ,r0             
0x204000f5000e0001 0x0001c01000000000    @p7    SEL.s                     r1             ,p5             ,r14            ,r1             
0x204000f5000f0002 0x0001c02000000000    @p7    SEL.s                     r2             ,p5             ,r15            ,r2             
0x204000f500100003 0x0001c03000000000    @p7    SEL.s                     r3             ,p5             ,r16            ,r3             
0x3940500000000004 0x0001cf8000000000    @p7    ICMPI.s.ne                p8             ,0              ,r4             
0x2f00000000f700f8 0x00000f8000000000           AND                       p8             ,p7             ,p8             
0xcc002801ffe200f8 0x0001c00000000000    @p7    B.ikeep.ds5               .LABEL_6       ,p8             
0x4800000000000002 0x0001c0a000000000        @p7    MOV                   r10            ,r2             
0x4800000000000003 0x0001c09000000000        @p7    MOV                   r9             ,r3             
0x4800000000000001 0x0001c0b000000000        @p7    MOV                   r11            ,r1             
0x48000000000000f8 0x00000f3000000000               MOV                   p3             ,p8             
0x4800000000000000 0x0001c0c000000000        @p7    MOV                   r12            ,r0             
__________________    .LABEL_4:
0x0a00000000000012 0x00000f2000000000           IADDI                     p2             ,0x0            ,r18            
0x0304000000010000 0x0000800000000000    @p2    FADD                      r0             ,r1             ,r0             
0x0304000000020000 0x0004800000000000    @p2    FADD.dly1                 r0             ,r2             ,r0             
0x0304000000030000 0x0004800000000000    @p2    FADD.dly1                 r0             ,r3             ,r0             
__________________    .LABEL_1:
0x6000000000000000 0x000400000c000000           EMITF.dly1.ve             vso[0].x       ,r0             
0xc300000000000000 0x0000000000000000           JUMP                      0              

