0x5c00000000000007 0x0000000004000000           ILD_SGV                   r0.x           ,lid            
0x5c00000000000003 0x000000001c000000           ILD_SGV.e                 r1.x           ,gidwarp0       
0x0744000000000001 0x0000000000000000           IADD.s                    r0             ,r0             ,r1             
0x3940000000010000 0x00040f8000000000           ICMPI.s.gt.dly1           p8             ,1              ,r0             
0xcb001000001400f8 0x0000400000000000    @p1    BA.ikeep.ds2              .LABEL_0       ,p8             
0x48000000000080f8 0x00000f7000000000               MOV                   p7             ,~p8            
0x48000000000000f8 0x00000f5000000000               MOV                   p5             ,p8             
0x48000000000000f7 0x00000f8000000000           MOV                       p8             ,p7             
0x3940400000000000 0x00020f9000000000    @p8    ICMPI.s.eq                p9             ,0              ,r0             
0x2f00000000f900f8 0x00000fa000000000           AND                       p10            ,p9             ,p8             
0xcb001800001c00fa 0x0000400000000000    @p1    BA.ikeep.ds3              .LABEL_1       ,p10            
0x4b00000000000000 0x00000f7000000000               MOVIMM                p7             ,0x0            
0x2f00000000f880f9 0x00020f7000000000        @p8    AND                   p7             ,p8             ,~p9            
0x2f00000000f800f9 0x00020f3000000000        @p8    AND                   p3             ,p8             ,p9             
0x3940400000010000 0x0001cf8000000000    @p7    ICMPI.s.eq                p8             ,1              ,r0             
0x2f00000000f700f8 0x0001cf6000000000    @p7    AND                       p6             ,p7             ,p8             
0x4800000000001004 0x1001804000000000    @p6    MOV.rp1                   r4             ,cb4            
0x4b0000009999999a 0x0001806000000000    @p6    MOVIMM                    r6             ,0x9999999a     
0x4b0000003fc99999 0x0001807000000000    @p6    MOVIMM                    r7             ,0x3fc99999     
0xb200000000060004 0x0001800040000000    @p6    DADD                      r4             ,r6             ,r4             
0xbe00000000000004 0x0001800041000000    @p6    DRND.rpi                  r4             ,r4             
0x4b00000000000000 0x0001800000000000    @p6    MOVIMM                    r0             ,0x0            
0x8200000000000004 0x10018000000c0010    @p6    ST.llc                    void           ,[r0.x]         ,r4.xy          ,u[1]           
0xcb000000001f00f7 0x0000400000000000    @p1    BA.ikeep                  .LABEL_2       ,p7             
__________________    .LABEL_0:
0x48000000000000f5 0x00000f6000000000           MOV                       p6             ,p5             
0x3940400000020000 0x00018f7000000000    @p6    ICMPI.s.eq                p7             ,2              ,r0             
0x2f00000000f700f6 0x00000f8000000000           AND                       p8             ,p7             ,p6             
0xcb001800001300f8 0x0000400000000000    @p1    BA.ikeep.ds3              .LABEL_3       ,p8             
0x4b00000000000000 0x00000f5000000000               MOVIMM                p5             ,0x0            
0x2f00000000f680f7 0x00018f5000000000        @p6    AND                   p5             ,p6             ,~p7            
0x2f00000000f600f7 0x00018f2000000000        @p6    AND                   p2             ,p6             ,p7             
0x3940400000030000 0x00014f6000000000    @p5    ICMPI.s.eq                p6             ,3              ,r0             
0x2f00000000f500f6 0x00014f4000000000    @p5    AND                       p4             ,p5             ,p6             
0x4800000000001008 0x3001004000000000    @p4    MOV.rp3                   r4             ,cb8            
0xb400000000060004 0x0001000040000000    @p4    DMAX                      r4             ,r6             ,r4             
0x4b00000000000000 0x0001000000000000    @p4    MOVIMM                    r0             ,0x0            
0x8200000000000004 0x10010000000c0030    @p4    ST.llc                    void           ,[r0.x]         ,r4.xy          ,u[3]           
0xcb000000001100f5 0x0000400000000000    @p1    BA.ikeep                  .LABEL_2       ,p5             
__________________    .LABEL_1:
0x4800000000001000 0x1000c04000000000    @p3    MOV.rp1                   r4             ,cb0            
0x4b0000009999999a 0x0000c06000000000    @p3    MOVIMM                    r6             ,0x9999999a     
0x4b0000003fb99999 0x0000c07000000000    @p3    MOVIMM                    r7             ,0x3fb99999     
0xb200000000060004 0x0000c00040000000    @p3    DADD                      r4             ,r6             ,r4             
0xbe00000000000004 0x0000c00042000000    @p3    DRND.rni                  r4             ,r4             
0x4b00000000000000 0x0000c00000000000    @p3    MOVIMM                    r0             ,0x0            
0x8200000000000004 0x1000c000000c0000    @p3    ST.llc                    void           ,[r0.x]         ,r4.xy          ,u[0]           
0xcb000000000900f3 0x0000400000000000    @p1    BA.ikeep                  .LABEL_2       ,p3             
__________________    .LABEL_3:
0x4800000000001008 0x1000804000000000    @p2    MOV.rp1                   r4             ,cb8            
0x4b0000009999999a 0x0000806000000000    @p2    MOVIMM                    r6             ,0x9999999a     
0x4b0000003fb99999 0x0000807000000000    @p2    MOVIMM                    r7             ,0x3fb99999     
0xb200000000060004 0x0000800040000000    @p2    DADD                      r4             ,r6             ,r4             
0x4b00000000000000 0x0000806000000000    @p2    MOVIMM                    r6             ,0x0            
0x4b0000003ff00000 0x0000807000000000    @p2    MOVIMM                    r7             ,0x3ff00000     
0xb500000000060004 0x0000800040000000    @p2    DMIN                      r4             ,r6             ,r4             
0x8200000000060004 0x10008000000c0020    @p2    ST.llc                    void           ,[r6.x]         ,r4.xy          ,u[2]           
__________________    .LABEL_2:
0xc300000000000000 0x0000000000000000           JUMP                      0              

